[ 2017-11-27T09:50:06+08:00 ] 127.0.0.1 /ChildrenPlatform/api.php/Api/User/userLogin?telephone=17640410053&password=Lovekn082
SQL: SHOW COLUMNS FROM `user` [ RunTime:0.1021s ]
SQL: SELECT `u_id` FROM `user` WHERE `telephone` = '17640410053' AND `password` = '3bacf64b98960bc21cd77a14e72d2013' LIMIT 1   [ RunTime:0.0014s ]

[ 2017-11-27T09:50:11+08:00 ] 127.0.0.1 /ChildrenPlatform/api.php/Api/User/userLogin?telephone=17640410053&password=Lovekn082
SQL: SHOW COLUMNS FROM `user` [ RunTime:0.0398s ]
SQL: SELECT `u_id` FROM `user` WHERE `telephone` = '17640410053' AND `password` = '3bacf64b98960bc21cd77a14e72d2013' LIMIT 1   [ RunTime:0.0007s ]

[ 2017-11-27T09:50:21+08:00 ] 127.0.0.1 /ChildrenPlatform/api.php/Api/User/userLogin?telephone=17640410053&password=Lovekn082
SQL: SHOW COLUMNS FROM `user` [ RunTime:0.0732s ]
SQL: SELECT `u_id` FROM `user` WHERE `telephone` = '17640410053' AND `password` = '3bacf64b98960bc21cd77a14e72d2013' LIMIT 1   [ RunTime:0.0007s ]

[ 2017-11-27T09:50:29+08:00 ] 127.0.0.1 /ChildrenPlatform/api.php/Api/User/userLogin?telephone=17640410053&password=Lovekn0827
SQL: SHOW COLUMNS FROM `user` [ RunTime:0.0588s ]
SQL: SELECT `u_id` FROM `user` WHERE `telephone` = '17640410053' AND `password` = '675e192c556ac6a22abdcc8e57c25935' LIMIT 1   [ RunTime:0.0005s ]
SQL: SHOW COLUMNS FROM `u_information` [ RunTime:0.1097s ]
SQL: SELECT * FROM `u_information` WHERE ( u_id=963 )  [ RunTime:0.0015s ]

[ 2017-11-27T10:14:27+08:00 ] 127.0.0.1 /ChildrenPlatform/api.php/Api/User/userLogin?telephone=17640410053&password=Lovekn0827
SQL: SHOW COLUMNS FROM `user` [ RunTime:0.0422s ]
SQL: SELECT `u_id` FROM `user` WHERE `telephone` = '17640410053' AND `password` = '675e192c556ac6a22abdcc8e57c25935' LIMIT 1   [ RunTime:0.0006s ]
SQL: SHOW COLUMNS FROM `u_information` [ RunTime:0.0209s ]
SQL: SELECT * FROM `u_information` WHERE ( u_id=963 )  [ RunTime:0.0003s ]

[ 2017-11-27T10:14:39+08:00 ] 127.0.0.1 /ChildrenPlatform/api.php/Api/User/userLogin?telephone=17640410053&password=Lovekn082
SQL: SHOW COLUMNS FROM `user` [ RunTime:0.0354s ]
SQL: SELECT `u_id` FROM `user` WHERE `telephone` = '17640410053' AND `password` = '3bacf64b98960bc21cd77a14e72d2013' LIMIT 1   [ RunTime:0.0004s ]

[ 2017-11-27T10:15:12+08:00 ] 127.0.0.1 /ChildrenPlatform/api.php/Api/User/userLogin?telephone=17640410053&password=Lovekn0827
SQL: SHOW COLUMNS FROM `user` [ RunTime:0.0391s ]
SQL: SELECT `u_id` FROM `user` WHERE `telephone` = '17640410053' AND `password` = '675e192c556ac6a22abdcc8e57c25935' LIMIT 1   [ RunTime:0.0008s ]
SQL: SHOW COLUMNS FROM `u_information` [ RunTime:0.0328s ]
SQL: SELECT * FROM `u_information` WHERE ( u_id=963 ) LIMIT 1   [ RunTime:0.0008s ]

[ 2017-11-27T10:15:29+08:00 ] 127.0.0.1 /ChildrenPlatform/api.php/Api/User/userLogin?telephone=17640410053&password=Lovekn0827
SQL: SHOW COLUMNS FROM `user` [ RunTime:0.0386s ]
SQL: SELECT `u_id` FROM `user` WHERE `telephone` = '17640410053' AND `password` = '675e192c556ac6a22abdcc8e57c25935' LIMIT 1   [ RunTime:0.0006s ]
SQL: SHOW COLUMNS FROM `u_information` [ RunTime:0.0209s ]
SQL: SELECT * FROM `u_information` WHERE ( u_id=963 ) LIMIT 1   [ RunTime:0.0003s ]

[ 2017-11-27T10:15:56+08:00 ] 127.0.0.1 /ChildrenPlatform/api.php/Api/User/userLogin?telephone=17640410053&password=Lovekn0827
SQL: SHOW COLUMNS FROM `user` [ RunTime:0.0351s ]
SQL: SELECT `u_id` FROM `user` WHERE `telephone` = '17640410053' AND `password` = '675e192c556ac6a22abdcc8e57c25935' LIMIT 1   [ RunTime:0.0005s ]
SQL: SHOW COLUMNS FROM `u_information` [ RunTime:0.0235s ]
SQL: SELECT * FROM `u_information` WHERE ( u_id=963 ) LIMIT 1   [ RunTime:0.0005s ]

[ 2017-11-27T10:20:15+08:00 ] 127.0.0.1 /ChildrenPlatform/api.php/Api/User/userLogin?telephone=17640410053&password=Lovekn0827
SQL: SHOW COLUMNS FROM `user` [ RunTime:0.0530s ]
SQL: SELECT `u_id` FROM `user` WHERE `telephone` = '17640410053' AND `password` = '675e192c556ac6a22abdcc8e57c25935' LIMIT 1   [ RunTime:0.0008s ]
SQL: SHOW COLUMNS FROM `u_information` [ RunTime:0.0288s ]
SQL: SELECT * FROM `u_information` WHERE ( u_id=963 ) LIMIT 1   [ RunTime:0.0004s ]

[ 2017-11-27T10:22:39+08:00 ] 127.0.0.1 /ChildrenPlatform/api.php/Api/User/userLogin?telephone=17640410053&password=Lovekn0827
SQL: SHOW COLUMNS FROM `user` [ RunTime:0.0413s ]
SQL: SELECT `u_id` FROM `user` WHERE `telephone` = '17640410053' AND `password` = '675e192c556ac6a22abdcc8e57c25935' LIMIT 1   [ RunTime:0.0007s ]
SQL: SHOW COLUMNS FROM `u_information` [ RunTime:0.0205s ]
SQL: SELECT * FROM `u_information` WHERE ( u_id=963 ) LIMIT 1   [ RunTime:0.0004s ]

[ 2017-11-27T16:02:57+08:00 ] 127.0.0.1 /ChildrenPlatform/api.php/Api/Home/comp
SQL: SHOW COLUMNS FROM `items` [ RunTime:0.0449s ]
SQL: SELECT * FROM `items` ORDER BY hint desc  [ RunTime:0.0011s ]

[ 2017-11-27T17:24:47+08:00 ] 127.0.0.1 /ChildrenPlatform/api.php/Api/Home/comp
SQL: SHOW COLUMNS FROM `items` [ RunTime:0.0330s ]
ERR: SQLSTATE[23000]: Integrity constraint violation: 1052 Column 'm_id' in on clause is ambiguous

[ 2017-11-27T17:24:57+08:00 ] 127.0.0.1 /ChildrenPlatform/api.php/Api/Home/comp
SQL: SHOW COLUMNS FROM `items` [ RunTime:0.0479s ]
ERR: SQLSTATE[23000]: Integrity constraint violation: 1052 Column 'm_id' in on clause is ambiguous

[ 2017-11-27T17:26:22+08:00 ] 127.0.0.1 /ChildrenPlatform/api.php/Api/Home/comp
SQL: SHOW COLUMNS FROM `items` [ RunTime:0.0432s ]
ERR: SQLSTATE[42S22]: Column not found: 1054 Unknown column 'I.m_id' in 'on clause'

[ 2017-11-27T17:26:37+08:00 ] 127.0.0.1 /ChildrenPlatform/api.php/Api/Home/comp
SQL: SHOW COLUMNS FROM `items` [ RunTime:0.0391s ]
SQL: SELECT * FROM items _i ORDER BY hint desc  [ RunTime:0.0009s ]

[ 2017-11-27T17:26:43+08:00 ] 127.0.0.1 /ChildrenPlatform/api.php/Api/Home/comp
SQL: SHOW COLUMNS FROM `items` [ RunTime:0.0356s ]
SQL: SELECT * FROM items _i ORDER BY hint desc  [ RunTime:0.0010s ]

[ 2017-11-27T17:29:25+08:00 ] 127.0.0.1 /ChildrenPlatform/api.php/Api/Home/comp
SQL: SHOW COLUMNS FROM `items` [ RunTime:0.0179s ]
SQL: SELECT * FROM items _i ORDER BY hint desc  [ RunTime:0.0008s ]
SQL: SHOW COLUMNS FROM `maintype` [ RunTime:0.0176s ]
NOTIC: [8] Undefined offset: 0 E:\wamp\www\ChildrenPlatform\ThinkPHP\Library\Think\Model.class.php 第 222 行.
SQL: SELECT `type` FROM `maintype` WHERE ( m_id = 2 ) LIMIT 1   [ RunTime:0.0005s ]
NOTIC: [8] Undefined offset: 0 E:\wamp\www\ChildrenPlatform\ThinkPHP\Library\Think\Model.class.php 第 222 行.
SQL: SELECT `type` FROM `maintype` WHERE ( m_id = 2 ) LIMIT 1   [ RunTime:0.0004s ]
NOTIC: [8] Undefined offset: 0 E:\wamp\www\ChildrenPlatform\ThinkPHP\Library\Think\Model.class.php 第 222 行.
SQL: SELECT `type` FROM `maintype` WHERE ( m_id = 2 ) LIMIT 1   [ RunTime:0.0004s ]
NOTIC: [8] Undefined offset: 0 E:\wamp\www\ChildrenPlatform\ThinkPHP\Library\Think\Model.class.php 第 222 行.
SQL: SELECT `type` FROM `maintype` WHERE ( m_id = 2 ) LIMIT 1   [ RunTime:0.0004s ]
NOTIC: [8] Undefined offset: 0 E:\wamp\www\ChildrenPlatform\ThinkPHP\Library\Think\Model.class.php 第 222 行.
SQL: SELECT `type` FROM `maintype` WHERE ( m_id = 2 ) LIMIT 1   [ RunTime:0.0004s ]
NOTIC: [8] Undefined offset: 0 E:\wamp\www\ChildrenPlatform\ThinkPHP\Library\Think\Model.class.php 第 222 行.
SQL: SELECT `type` FROM `maintype` WHERE ( m_id = 2 ) LIMIT 1   [ RunTime:0.0004s ]
NOTIC: [8] Undefined offset: 0 E:\wamp\www\ChildrenPlatform\ThinkPHP\Library\Think\Model.class.php 第 222 行.
SQL: SELECT `type` FROM `maintype` WHERE ( m_id = 2 ) LIMIT 1   [ RunTime:0.0003s ]
NOTIC: [8] Undefined offset: 0 E:\wamp\www\ChildrenPlatform\ThinkPHP\Library\Think\Model.class.php 第 222 行.
SQL: SELECT `type` FROM `maintype` WHERE ( m_id = 4 ) LIMIT 1   [ RunTime:0.0003s ]
NOTIC: [8] Undefined offset: 0 E:\wamp\www\ChildrenPlatform\ThinkPHP\Library\Think\Model.class.php 第 222 行.
SQL: SELECT `type` FROM `maintype` WHERE ( m_id = 1 ) LIMIT 1   [ RunTime:0.0003s ]
NOTIC: [8] Undefined offset: 0 E:\wamp\www\ChildrenPlatform\ThinkPHP\Library\Think\Model.class.php 第 222 行.
SQL: SELECT `type` FROM `maintype` WHERE ( m_id = 2 ) LIMIT 1   [ RunTime:0.0003s ]
NOTIC: [8] Undefined offset: 0 E:\wamp\www\ChildrenPlatform\ThinkPHP\Library\Think\Model.class.php 第 222 行.
SQL: SELECT `type` FROM `maintype` WHERE ( m_id = 4 ) LIMIT 1   [ RunTime:0.0003s ]
NOTIC: [8] Undefined offset: 0 E:\wamp\www\ChildrenPlatform\ThinkPHP\Library\Think\Model.class.php 第 222 行.
SQL: SELECT `type` FROM `maintype` WHERE ( m_id = 2 ) LIMIT 1   [ RunTime:0.0003s ]

[ 2017-11-27T17:30:50+08:00 ] 127.0.0.1 /ChildrenPlatform/api.php/Api/Home/comp
SQL: SHOW COLUMNS FROM `items` [ RunTime:0.0365s ]
SQL: SELECT * FROM items _i ORDER BY hint desc  [ RunTime:0.0009s ]
SQL: SHOW COLUMNS FROM `maintype` [ RunTime:0.0195s ]
NOTIC: [8] Undefined offset: 0 E:\wamp\www\ChildrenPlatform\ThinkPHP\Library\Think\Model.class.php 第 222 行.
SQL: SELECT `type` FROM `maintype` WHERE ( m_id = 2 ) LIMIT 1   [ RunTime:0.0003s ]
SQL: SHOW COLUMNS FROM `2lvtype` [ RunTime:0.0124s ]
NOTIC: [8] Undefined offset: 0 E:\wamp\www\ChildrenPlatform\ThinkPHP\Library\Think\Model.class.php 第 222 行.
SQL: SELECT `type` FROM `2lvtype` WHERE ( s_id = 8 ) LIMIT 1   [ RunTime:0.0002s ]
NOTIC: [8] Undefined offset: 0 E:\wamp\www\ChildrenPlatform\ThinkPHP\Library\Think\Model.class.php 第 222 行.
SQL: SELECT `type` FROM `maintype` WHERE ( m_id = 2 ) LIMIT 1   [ RunTime:0.0002s ]
NOTIC: [8] Undefined offset: 0 E:\wamp\www\ChildrenPlatform\ThinkPHP\Library\Think\Model.class.php 第 222 行.
SQL: SELECT `type` FROM `2lvtype` WHERE ( s_id = 8 ) LIMIT 1   [ RunTime:0.0002s ]
NOTIC: [8] Undefined offset: 0 E:\wamp\www\ChildrenPlatform\ThinkPHP\Library\Think\Model.class.php 第 222 行.
SQL: SELECT `type` FROM `maintype` WHERE ( m_id = 2 ) LIMIT 1   [ RunTime:0.0002s ]
NOTIC: [8] Undefined offset: 0 E:\wamp\www\ChildrenPlatform\ThinkPHP\Library\Think\Model.class.php 第 222 行.
SQL: SELECT `type` FROM `2lvtype` WHERE ( s_id = 8 ) LIMIT 1   [ RunTime:0.0002s ]
NOTIC: [8] Undefined offset: 0 E:\wamp\www\ChildrenPlatform\ThinkPHP\Library\Think\Model.class.php 第 222 行.
SQL: SELECT `type` FROM `maintype` WHERE ( m_id = 2 ) LIMIT 1   [ RunTime:0.0002s ]
NOTIC: [8] Undefined offset: 0 E:\wamp\www\ChildrenPlatform\ThinkPHP\Library\Think\Model.class.php 第 222 行.
SQL: SELECT `type` FROM `2lvtype` WHERE ( s_id = 7 ) LIMIT 1   [ RunTime:0.0001s ]
NOTIC: [8] Undefined offset: 0 E:\wamp\www\ChildrenPlatform\ThinkPHP\Library\Think\Model.class.php 第 222 行.
SQL: SELECT `type` FROM `maintype` WHERE ( m_id = 2 ) LIMIT 1   [ RunTime:0.0001s ]
NOTIC: [8] Undefined offset: 0 E:\wamp\www\ChildrenPlatform\ThinkPHP\Library\Think\Model.class.php 第 222 行.
SQL: SELECT `type` FROM `2lvtype` WHERE ( s_id = 6 ) LIMIT 1   [ RunTime:0.0002s ]
NOTIC: [8] Undefined offset: 0 E:\wamp\www\ChildrenPlatform\ThinkPHP\Library\Think\Model.class.php 第 222 行.
SQL: SELECT `type` FROM `maintype` WHERE ( m_id = 2 ) LIMIT 1   [ RunTime:0.0003s ]
NOTIC: [8] Undefined offset: 0 E:\wamp\www\ChildrenPlatform\ThinkPHP\Library\Think\Model.class.php 第 222 行.
SQL: SELECT `type` FROM `2lvtype` WHERE ( s_id = 8 ) LIMIT 1   [ RunTime:0.0002s ]
NOTIC: [8] Undefined offset: 0 E:\wamp\www\ChildrenPlatform\ThinkPHP\Library\Think\Model.class.php 第 222 行.
SQL: SELECT `type` FROM `maintype` WHERE ( m_id = 2 ) LIMIT 1   [ RunTime:0.0002s ]
NOTIC: [8] Undefined offset: 0 E:\wamp\www\ChildrenPlatform\ThinkPHP\Library\Think\Model.class.php 第 222 行.
SQL: SELECT `type` FROM `2lvtype` WHERE ( s_id = 9 ) LIMIT 1   [ RunTime:0.0002s ]
NOTIC: [8] Undefined offset: 0 E:\wamp\www\ChildrenPlatform\ThinkPHP\Library\Think\Model.class.php 第 222 行.
SQL: SELECT `type` FROM `maintype` WHERE ( m_id = 4 ) LIMIT 1   [ RunTime:0.0002s ]
NOTIC: [8] Undefined offset: 0 E:\wamp\www\ChildrenPlatform\ThinkPHP\Library\Think\Model.class.php 第 222 行.
SQL: SELECT `type` FROM `2lvtype` WHERE ( s_id = 13 ) LIMIT 1   [ RunTime:0.0002s ]
NOTIC: [8] Undefined offset: 0 E:\wamp\www\ChildrenPlatform\ThinkPHP\Library\Think\Model.class.php 第 222 行.
SQL: SELECT `type` FROM `maintype` WHERE ( m_id = 1 ) LIMIT 1   [ RunTime:0.0002s ]
NOTIC: [8] Undefined offset: 0 E:\wamp\www\ChildrenPlatform\ThinkPHP\Library\Think\Model.class.php 第 222 行.
SQL: SELECT `type` FROM `2lvtype` WHERE ( s_id = 1 ) LIMIT 1   [ RunTime:0.0002s ]
NOTIC: [8] Undefined offset: 0 E:\wamp\www\ChildrenPlatform\ThinkPHP\Library\Think\Model.class.php 第 222 行.
SQL: SELECT `type` FROM `maintype` WHERE ( m_id = 2 ) LIMIT 1   [ RunTime:0.0002s ]
NOTIC: [8] Undefined offset: 0 E:\wamp\www\ChildrenPlatform\ThinkPHP\Library\Think\Model.class.php 第 222 行.
SQL: SELECT `type` FROM `2lvtype` WHERE ( s_id = 8 ) LIMIT 1   [ RunTime:0.0002s ]
NOTIC: [8] Undefined offset: 0 E:\wamp\www\ChildrenPlatform\ThinkPHP\Library\Think\Model.class.php 第 222 行.
SQL: SELECT `type` FROM `maintype` WHERE ( m_id = 4 ) LIMIT 1   [ RunTime:0.0002s ]
NOTIC: [8] Undefined offset: 0 E:\wamp\www\ChildrenPlatform\ThinkPHP\Library\Think\Model.class.php 第 222 行.
SQL: SELECT `type` FROM `2lvtype` WHERE ( s_id = 13 ) LIMIT 1   [ RunTime:0.0002s ]
NOTIC: [8] Undefined offset: 0 E:\wamp\www\ChildrenPlatform\ThinkPHP\Library\Think\Model.class.php 第 222 行.
SQL: SELECT `type` FROM `maintype` WHERE ( m_id = 2 ) LIMIT 1   [ RunTime:0.0002s ]
NOTIC: [8] Undefined offset: 0 E:\wamp\www\ChildrenPlatform\ThinkPHP\Library\Think\Model.class.php 第 222 行.
SQL: SELECT `type` FROM `2lvtype` WHERE ( s_id = 6 ) LIMIT 1   [ RunTime:0.0002s ]

[ 2017-11-27T17:31:29+08:00 ] 127.0.0.1 /ChildrenPlatform/api.php/Api/Home/comp
SQL: SHOW COLUMNS FROM `items` [ RunTime:0.0353s ]
SQL: SELECT * FROM items _i ORDER BY hint desc  [ RunTime:0.0008s ]
SQL: SHOW COLUMNS FROM `maintype` [ RunTime:0.0178s ]
NOTIC: [8] Undefined offset: 0 E:\wamp\www\ChildrenPlatform\ThinkPHP\Library\Think\Model.class.php 第 222 行.
SQL: SELECT `type` FROM `maintype` WHERE ( m_id = 2 ) LIMIT 1   [ RunTime:0.0005s ]
SQL: SHOW COLUMNS FROM `2lvtype` [ RunTime:0.0179s ]
NOTIC: [8] Undefined offset: 0 E:\wamp\www\ChildrenPlatform\ThinkPHP\Library\Think\Model.class.php 第 222 行.
SQL: SELECT `type` FROM `2lvtype` WHERE ( s_id = 8 ) LIMIT 1   [ RunTime:0.0004s ]
NOTIC: [8] Undefined offset: 0 E:\wamp\www\ChildrenPlatform\ThinkPHP\Library\Think\Model.class.php 第 222 行.
SQL: SELECT `type` FROM `maintype` WHERE ( m_id = 2 ) LIMIT 1   [ RunTime:0.0004s ]
NOTIC: [8] Undefined offset: 0 E:\wamp\www\ChildrenPlatform\ThinkPHP\Library\Think\Model.class.php 第 222 行.
SQL: SELECT `type` FROM `2lvtype` WHERE ( s_id = 8 ) LIMIT 1   [ RunTime:0.0004s ]
NOTIC: [8] Undefined offset: 0 E:\wamp\www\ChildrenPlatform\ThinkPHP\Library\Think\Model.class.php 第 222 行.
SQL: SELECT `type` FROM `maintype` WHERE ( m_id = 2 ) LIMIT 1   [ RunTime:0.0004s ]
NOTIC: [8] Undefined offset: 0 E:\wamp\www\ChildrenPlatform\ThinkPHP\Library\Think\Model.class.php 第 222 行.
SQL: SELECT `type` FROM `2lvtype` WHERE ( s_id = 8 ) LIMIT 1   [ RunTime:0.0003s ]
NOTIC: [8] Undefined offset: 0 E:\wamp\www\ChildrenPlatform\ThinkPHP\Library\Think\Model.class.php 第 222 行.
SQL: SELECT `type` FROM `maintype` WHERE ( m_id = 2 ) LIMIT 1   [ RunTime:0.0004s ]
NOTIC: [8] Undefined offset: 0 E:\wamp\www\ChildrenPlatform\ThinkPHP\Library\Think\Model.class.php 第 222 行.
SQL: SELECT `type` FROM `2lvtype` WHERE ( s_id = 7 ) LIMIT 1   [ RunTime:0.0004s ]
NOTIC: [8] Undefined offset: 0 E:\wamp\www\ChildrenPlatform\ThinkPHP\Library\Think\Model.class.php 第 222 行.
SQL: SELECT `type` FROM `maintype` WHERE ( m_id = 2 ) LIMIT 1   [ RunTime:0.0004s ]
NOTIC: [8] Undefined offset: 0 E:\wamp\www\ChildrenPlatform\ThinkPHP\Library\Think\Model.class.php 第 222 行.
SQL: SELECT `type` FROM `2lvtype` WHERE ( s_id = 6 ) LIMIT 1   [ RunTime:0.0004s ]
NOTIC: [8] Undefined offset: 0 E:\wamp\www\ChildrenPlatform\ThinkPHP\Library\Think\Model.class.php 第 222 行.
SQL: SELECT `type` FROM `maintype` WHERE ( m_id = 2 ) LIMIT 1   [ RunTime:0.0004s ]
NOTIC: [8] Undefined offset: 0 E:\wamp\www\ChildrenPlatform\ThinkPHP\Library\Think\Model.class.php 第 222 行.
SQL: SELECT `type` FROM `2lvtype` WHERE ( s_id = 8 ) LIMIT 1   [ RunTime:0.0004s ]
NOTIC: [8] Undefined offset: 0 E:\wamp\www\ChildrenPlatform\ThinkPHP\Library\Think\Model.class.php 第 222 行.
SQL: SELECT `type` FROM `maintype` WHERE ( m_id = 2 ) LIMIT 1   [ RunTime:0.0004s ]
NOTIC: [8] Undefined offset: 0 E:\wamp\www\ChildrenPlatform\ThinkPHP\Library\Think\Model.class.php 第 222 行.
SQL: SELECT `type` FROM `2lvtype` WHERE ( s_id = 9 ) LIMIT 1   [ RunTime:0.0004s ]
NOTIC: [8] Undefined offset: 0 E:\wamp\www\ChildrenPlatform\ThinkPHP\Library\Think\Model.class.php 第 222 行.
SQL: SELECT `type` FROM `maintype` WHERE ( m_id = 4 ) LIMIT 1   [ RunTime:0.0004s ]
NOTIC: [8] Undefined offset: 0 E:\wamp\www\ChildrenPlatform\ThinkPHP\Library\Think\Model.class.php 第 222 行.
SQL: SELECT `type` FROM `2lvtype` WHERE ( s_id = 13 ) LIMIT 1   [ RunTime:0.0003s ]
NOTIC: [8] Undefined offset: 0 E:\wamp\www\ChildrenPlatform\ThinkPHP\Library\Think\Model.class.php 第 222 行.
SQL: SELECT `type` FROM `maintype` WHERE ( m_id = 1 ) LIMIT 1   [ RunTime:0.0003s ]
NOTIC: [8] Undefined offset: 0 E:\wamp\www\ChildrenPlatform\ThinkPHP\Library\Think\Model.class.php 第 222 行.
SQL: SELECT `type` FROM `2lvtype` WHERE ( s_id = 1 ) LIMIT 1   [ RunTime:0.0002s ]
NOTIC: [8] Undefined offset: 0 E:\wamp\www\ChildrenPlatform\ThinkPHP\Library\Think\Model.class.php 第 222 行.
SQL: SELECT `type` FROM `maintype` WHERE ( m_id = 2 ) LIMIT 1   [ RunTime:0.0002s ]
NOTIC: [8] Undefined offset: 0 E:\wamp\www\ChildrenPlatform\ThinkPHP\Library\Think\Model.class.php 第 222 行.
SQL: SELECT `type` FROM `2lvtype` WHERE ( s_id = 8 ) LIMIT 1   [ RunTime:0.0002s ]
NOTIC: [8] Undefined offset: 0 E:\wamp\www\ChildrenPlatform\ThinkPHP\Library\Think\Model.class.php 第 222 行.
SQL: SELECT `type` FROM `maintype` WHERE ( m_id = 4 ) LIMIT 1   [ RunTime:0.0002s ]
NOTIC: [8] Undefined offset: 0 E:\wamp\www\ChildrenPlatform\ThinkPHP\Library\Think\Model.class.php 第 222 行.
SQL: SELECT `type` FROM `2lvtype` WHERE ( s_id = 13 ) LIMIT 1   [ RunTime:0.0002s ]
NOTIC: [8] Undefined offset: 0 E:\wamp\www\ChildrenPlatform\ThinkPHP\Library\Think\Model.class.php 第 222 行.
SQL: SELECT `type` FROM `maintype` WHERE ( m_id = 2 ) LIMIT 1   [ RunTime:0.0002s ]
NOTIC: [8] Undefined offset: 0 E:\wamp\www\ChildrenPlatform\ThinkPHP\Library\Think\Model.class.php 第 222 行.
SQL: SELECT `type` FROM `2lvtype` WHERE ( s_id = 6 ) LIMIT 1   [ RunTime:0.0002s ]

