[ 2018-05-16T08:25:09+08:00 ] 192.168.191.3 /ChildrenPlatform/api.php/Api/Home/type?id=2
SQL: SHOW COLUMNS FROM `commodity` [ RunTime:0.0700s ]
SQL: SELECT * FROM `commodity` WHERE ( type_id = 2 ) ORDER BY hintNum desc  [ RunTime:0.0023s ]
SQL: SHOW COLUMNS FROM `type` [ RunTime:0.0457s ]
NOTIC: [8] Undefined offset: 0 F:\wamp\www\ChildrenPlatform\ThinkPHP\Library\Think\Model.class.php 第 222 行.
SQL: SELECT `name` FROM `type` WHERE ( type_id = 2 ) LIMIT 1   [ RunTime:0.0007s ]
SQL: SHOW COLUMNS FROM `subsettype` [ RunTime:0.0302s ]
NOTIC: [8] Undefined offset: 0 F:\wamp\www\ChildrenPlatform\ThinkPHP\Library\Think\Model.class.php 第 222 行.
SQL: SELECT `name` FROM `subsettype` WHERE ( subsetType_id = 8 ) LIMIT 1   [ RunTime:0.0006s ]
NOTIC: [8] Undefined offset: 0 F:\wamp\www\ChildrenPlatform\ThinkPHP\Library\Think\Model.class.php 第 222 行.
SQL: SELECT `name` FROM `type` WHERE ( type_id = 2 ) LIMIT 1   [ RunTime:0.0006s ]
NOTIC: [8] Undefined offset: 0 F:\wamp\www\ChildrenPlatform\ThinkPHP\Library\Think\Model.class.php 第 222 行.
SQL: SELECT `name` FROM `subsettype` WHERE ( subsetType_id = 8 ) LIMIT 1   [ RunTime:0.0005s ]
NOTIC: [8] Undefined offset: 0 F:\wamp\www\ChildrenPlatform\ThinkPHP\Library\Think\Model.class.php 第 222 行.
SQL: SELECT `name` FROM `type` WHERE ( type_id = 2 ) LIMIT 1   [ RunTime:0.0005s ]
NOTIC: [8] Undefined offset: 0 F:\wamp\www\ChildrenPlatform\ThinkPHP\Library\Think\Model.class.php 第 222 行.
SQL: SELECT `name` FROM `subsettype` WHERE ( subsetType_id = 8 ) LIMIT 1   [ RunTime:0.0005s ]
NOTIC: [8] Undefined offset: 0 F:\wamp\www\ChildrenPlatform\ThinkPHP\Library\Think\Model.class.php 第 222 行.
SQL: SELECT `name` FROM `type` WHERE ( type_id = 2 ) LIMIT 1   [ RunTime:0.0005s ]
NOTIC: [8] Undefined offset: 0 F:\wamp\www\ChildrenPlatform\ThinkPHP\Library\Think\Model.class.php 第 222 行.
SQL: SELECT `name` FROM `subsettype` WHERE ( subsetType_id = 6 ) LIMIT 1   [ RunTime:0.0007s ]
NOTIC: [8] Undefined offset: 0 F:\wamp\www\ChildrenPlatform\ThinkPHP\Library\Think\Model.class.php 第 222 行.
SQL: SELECT `name` FROM `type` WHERE ( type_id = 2 ) LIMIT 1   [ RunTime:0.0006s ]
NOTIC: [8] Undefined offset: 0 F:\wamp\www\ChildrenPlatform\ThinkPHP\Library\Think\Model.class.php 第 222 行.
SQL: SELECT `name` FROM `subsettype` WHERE ( subsetType_id = 8 ) LIMIT 1   [ RunTime:0.0006s ]
NOTIC: [8] Undefined offset: 0 F:\wamp\www\ChildrenPlatform\ThinkPHP\Library\Think\Model.class.php 第 222 行.
SQL: SELECT `name` FROM `type` WHERE ( type_id = 2 ) LIMIT 1   [ RunTime:0.0005s ]
NOTIC: [8] Undefined offset: 0 F:\wamp\www\ChildrenPlatform\ThinkPHP\Library\Think\Model.class.php 第 222 行.
SQL: SELECT `name` FROM `subsettype` WHERE ( subsetType_id = 9 ) LIMIT 1   [ RunTime:0.0005s ]
NOTIC: [8] Undefined offset: 0 F:\wamp\www\ChildrenPlatform\ThinkPHP\Library\Think\Model.class.php 第 222 行.
SQL: SELECT `name` FROM `type` WHERE ( type_id = 2 ) LIMIT 1   [ RunTime:0.0005s ]
NOTIC: [8] Undefined offset: 0 F:\wamp\www\ChildrenPlatform\ThinkPHP\Library\Think\Model.class.php 第 222 行.
SQL: SELECT `name` FROM `subsettype` WHERE ( subsetType_id = 8 ) LIMIT 1   [ RunTime:0.0005s ]
NOTIC: [8] Undefined offset: 0 F:\wamp\www\ChildrenPlatform\ThinkPHP\Library\Think\Model.class.php 第 222 行.
SQL: SELECT `name` FROM `type` WHERE ( type_id = 2 ) LIMIT 1   [ RunTime:0.0005s ]
NOTIC: [8] Undefined offset: 0 F:\wamp\www\ChildrenPlatform\ThinkPHP\Library\Think\Model.class.php 第 222 行.
SQL: SELECT `name` FROM `subsettype` WHERE ( subsetType_id = 6 ) LIMIT 1   [ RunTime:0.0006s ]

[ 2018-05-16T08:25:09+08:00 ] 192.168.191.3 /ChildrenPlatform/api.php/Api/Home/type?id=4
SQL: SHOW COLUMNS FROM `commodity` [ RunTime:0.0718s ]
SQL: SELECT * FROM `commodity` WHERE ( type_id = 4 ) ORDER BY hintNum desc  [ RunTime:0.0021s ]
SQL: SHOW COLUMNS FROM `type` [ RunTime:0.0509s ]
NOTIC: [8] Undefined offset: 0 F:\wamp\www\ChildrenPlatform\ThinkPHP\Library\Think\Model.class.php 第 222 行.
SQL: SELECT `name` FROM `type` WHERE ( type_id = 4 ) LIMIT 1   [ RunTime:0.0006s ]
SQL: SHOW COLUMNS FROM `subsettype` [ RunTime:0.0371s ]
NOTIC: [8] Undefined offset: 0 F:\wamp\www\ChildrenPlatform\ThinkPHP\Library\Think\Model.class.php 第 222 行.
SQL: SELECT `name` FROM `subsettype` WHERE ( subsetType_id = 13 ) LIMIT 1   [ RunTime:0.0006s ]
NOTIC: [8] Undefined offset: 0 F:\wamp\www\ChildrenPlatform\ThinkPHP\Library\Think\Model.class.php 第 222 行.
SQL: SELECT `name` FROM `type` WHERE ( type_id = 4 ) LIMIT 1   [ RunTime:0.0006s ]
NOTIC: [8] Undefined offset: 0 F:\wamp\www\ChildrenPlatform\ThinkPHP\Library\Think\Model.class.php 第 222 行.
SQL: SELECT `name` FROM `subsettype` WHERE ( subsetType_id = 13 ) LIMIT 1   [ RunTime:0.0007s ]
NOTIC: [8] Undefined offset: 0 F:\wamp\www\ChildrenPlatform\ThinkPHP\Library\Think\Model.class.php 第 222 行.
SQL: SELECT `name` FROM `type` WHERE ( type_id = 4 ) LIMIT 1   [ RunTime:0.0006s ]
NOTIC: [8] Undefined offset: 0 F:\wamp\www\ChildrenPlatform\ThinkPHP\Library\Think\Model.class.php 第 222 行.
SQL: SELECT `name` FROM `subsettype` WHERE ( subsetType_id = 13 ) LIMIT 1   [ RunTime:0.0006s ]
NOTIC: [8] Undefined offset: 0 F:\wamp\www\ChildrenPlatform\ThinkPHP\Library\Think\Model.class.php 第 222 行.
SQL: SELECT `name` FROM `type` WHERE ( type_id = 4 ) LIMIT 1   [ RunTime:0.0005s ]
NOTIC: [8] Undefined offset: 0 F:\wamp\www\ChildrenPlatform\ThinkPHP\Library\Think\Model.class.php 第 222 行.
SQL: SELECT `name` FROM `subsettype` WHERE ( subsetType_id = 13 ) LIMIT 1   [ RunTime:0.0006s ]
NOTIC: [8] Undefined offset: 0 F:\wamp\www\ChildrenPlatform\ThinkPHP\Library\Think\Model.class.php 第 222 行.
SQL: SELECT `name` FROM `type` WHERE ( type_id = 4 ) LIMIT 1   [ RunTime:0.0006s ]
NOTIC: [8] Undefined offset: 0 F:\wamp\www\ChildrenPlatform\ThinkPHP\Library\Think\Model.class.php 第 222 行.
SQL: SELECT `name` FROM `subsettype` WHERE ( subsetType_id = 14 ) LIMIT 1   [ RunTime:0.0008s ]

[ 2018-05-16T08:25:09+08:00 ] 192.168.191.3 /ChildrenPlatform/api.php/Api/Home/type?id=1
SQL: SHOW COLUMNS FROM `commodity` [ RunTime:0.0715s ]
SQL: SELECT * FROM `commodity` WHERE ( type_id = 1 ) ORDER BY hintNum desc  [ RunTime:0.0025s ]
SQL: SHOW COLUMNS FROM `type` [ RunTime:0.0498s ]
NOTIC: [8] Undefined offset: 0 F:\wamp\www\ChildrenPlatform\ThinkPHP\Library\Think\Model.class.php 第 222 行.
SQL: SELECT `name` FROM `type` WHERE ( type_id = 1 ) LIMIT 1   [ RunTime:0.0006s ]
SQL: SHOW COLUMNS FROM `subsettype` [ RunTime:0.0320s ]
NOTIC: [8] Undefined offset: 0 F:\wamp\www\ChildrenPlatform\ThinkPHP\Library\Think\Model.class.php 第 222 行.
SQL: SELECT `name` FROM `subsettype` WHERE ( subsetType_id = 3 ) LIMIT 1   [ RunTime:0.0008s ]
NOTIC: [8] Undefined offset: 0 F:\wamp\www\ChildrenPlatform\ThinkPHP\Library\Think\Model.class.php 第 222 行.
SQL: SELECT `name` FROM `type` WHERE ( type_id = 1 ) LIMIT 1   [ RunTime:0.0005s ]
NOTIC: [8] Undefined offset: 0 F:\wamp\www\ChildrenPlatform\ThinkPHP\Library\Think\Model.class.php 第 222 行.
SQL: SELECT `name` FROM `subsettype` WHERE ( subsetType_id = 3 ) LIMIT 1   [ RunTime:0.0006s ]
NOTIC: [8] Undefined offset: 0 F:\wamp\www\ChildrenPlatform\ThinkPHP\Library\Think\Model.class.php 第 222 行.
SQL: SELECT `name` FROM `type` WHERE ( type_id = 1 ) LIMIT 1   [ RunTime:0.0006s ]
NOTIC: [8] Undefined offset: 0 F:\wamp\www\ChildrenPlatform\ThinkPHP\Library\Think\Model.class.php 第 222 行.
SQL: SELECT `name` FROM `subsettype` WHERE ( subsetType_id = 1 ) LIMIT 1   [ RunTime:0.0005s ]
NOTIC: [8] Undefined offset: 0 F:\wamp\www\ChildrenPlatform\ThinkPHP\Library\Think\Model.class.php 第 222 行.
SQL: SELECT `name` FROM `type` WHERE ( type_id = 1 ) LIMIT 1   [ RunTime:0.0008s ]
NOTIC: [8] Undefined offset: 0 F:\wamp\www\ChildrenPlatform\ThinkPHP\Library\Think\Model.class.php 第 222 行.
SQL: SELECT `name` FROM `subsettype` WHERE ( subsetType_id = 4 ) LIMIT 1   [ RunTime:0.0006s ]
NOTIC: [8] Undefined offset: 0 F:\wamp\www\ChildrenPlatform\ThinkPHP\Library\Think\Model.class.php 第 222 行.
SQL: SELECT `name` FROM `type` WHERE ( type_id = 1 ) LIMIT 1   [ RunTime:0.0006s ]
NOTIC: [8] Undefined offset: 0 F:\wamp\www\ChildrenPlatform\ThinkPHP\Library\Think\Model.class.php 第 222 行.
SQL: SELECT `name` FROM `subsettype` WHERE ( subsetType_id = 2 ) LIMIT 1   [ RunTime:0.0006s ]
NOTIC: [8] Undefined offset: 0 F:\wamp\www\ChildrenPlatform\ThinkPHP\Library\Think\Model.class.php 第 222 行.
SQL: SELECT `name` FROM `type` WHERE ( type_id = 1 ) LIMIT 1   [ RunTime:0.0006s ]
NOTIC: [8] Undefined offset: 0 F:\wamp\www\ChildrenPlatform\ThinkPHP\Library\Think\Model.class.php 第 222 行.
SQL: SELECT `name` FROM `subsettype` WHERE ( subsetType_id = 3 ) LIMIT 1   [ RunTime:0.0005s ]
NOTIC: [8] Undefined offset: 0 F:\wamp\www\ChildrenPlatform\ThinkPHP\Library\Think\Model.class.php 第 222 行.
SQL: SELECT `name` FROM `type` WHERE ( type_id = 1 ) LIMIT 1   [ RunTime:0.0006s ]
NOTIC: [8] Undefined offset: 0 F:\wamp\www\ChildrenPlatform\ThinkPHP\Library\Think\Model.class.php 第 222 行.
SQL: SELECT `name` FROM `subsettype` WHERE ( subsetType_id = 4 ) LIMIT 1   [ RunTime:0.0008s ]
NOTIC: [8] Undefined offset: 0 F:\wamp\www\ChildrenPlatform\ThinkPHP\Library\Think\Model.class.php 第 222 行.
SQL: SELECT `name` FROM `type` WHERE ( type_id = 1 ) LIMIT 1   [ RunTime:0.0006s ]
NOTIC: [8] Undefined offset: 0 F:\wamp\www\ChildrenPlatform\ThinkPHP\Library\Think\Model.class.php 第 222 行.
SQL: SELECT `name` FROM `subsettype` WHERE ( subsetType_id = 2 ) LIMIT 1   [ RunTime:0.0006s ]

[ 2018-05-16T08:25:09+08:00 ] 192.168.191.3 /ChildrenPlatform/api.php/Api/Home/type?id=1
SQL: SHOW COLUMNS FROM `commodity` [ RunTime:0.0616s ]
SQL: SELECT * FROM `commodity` WHERE ( type_id = 1 ) ORDER BY hintNum desc  [ RunTime:0.0021s ]
SQL: SHOW COLUMNS FROM `type` [ RunTime:0.0515s ]
NOTIC: [8] Undefined offset: 0 F:\wamp\www\ChildrenPlatform\ThinkPHP\Library\Think\Model.class.php 第 222 行.
SQL: SELECT `name` FROM `type` WHERE ( type_id = 1 ) LIMIT 1   [ RunTime:0.0006s ]
SQL: SHOW COLUMNS FROM `subsettype` [ RunTime:0.0380s ]
NOTIC: [8] Undefined offset: 0 F:\wamp\www\ChildrenPlatform\ThinkPHP\Library\Think\Model.class.php 第 222 行.
SQL: SELECT `name` FROM `subsettype` WHERE ( subsetType_id = 3 ) LIMIT 1   [ RunTime:0.0005s ]
NOTIC: [8] Undefined offset: 0 F:\wamp\www\ChildrenPlatform\ThinkPHP\Library\Think\Model.class.php 第 222 行.
SQL: SELECT `name` FROM `type` WHERE ( type_id = 1 ) LIMIT 1   [ RunTime:0.0007s ]
NOTIC: [8] Undefined offset: 0 F:\wamp\www\ChildrenPlatform\ThinkPHP\Library\Think\Model.class.php 第 222 行.
SQL: SELECT `name` FROM `subsettype` WHERE ( subsetType_id = 3 ) LIMIT 1   [ RunTime:0.0005s ]
NOTIC: [8] Undefined offset: 0 F:\wamp\www\ChildrenPlatform\ThinkPHP\Library\Think\Model.class.php 第 222 行.
SQL: SELECT `name` FROM `type` WHERE ( type_id = 1 ) LIMIT 1   [ RunTime:0.0007s ]
NOTIC: [8] Undefined offset: 0 F:\wamp\www\ChildrenPlatform\ThinkPHP\Library\Think\Model.class.php 第 222 行.
SQL: SELECT `name` FROM `subsettype` WHERE ( subsetType_id = 1 ) LIMIT 1   [ RunTime:0.0006s ]
NOTIC: [8] Undefined offset: 0 F:\wamp\www\ChildrenPlatform\ThinkPHP\Library\Think\Model.class.php 第 222 行.
SQL: SELECT `name` FROM `type` WHERE ( type_id = 1 ) LIMIT 1   [ RunTime:0.0006s ]
NOTIC: [8] Undefined offset: 0 F:\wamp\www\ChildrenPlatform\ThinkPHP\Library\Think\Model.class.php 第 222 行.
SQL: SELECT `name` FROM `subsettype` WHERE ( subsetType_id = 4 ) LIMIT 1   [ RunTime:0.0006s ]
NOTIC: [8] Undefined offset: 0 F:\wamp\www\ChildrenPlatform\ThinkPHP\Library\Think\Model.class.php 第 222 行.
SQL: SELECT `name` FROM `type` WHERE ( type_id = 1 ) LIMIT 1   [ RunTime:0.0006s ]
NOTIC: [8] Undefined offset: 0 F:\wamp\www\ChildrenPlatform\ThinkPHP\Library\Think\Model.class.php 第 222 行.
SQL: SELECT `name` FROM `subsettype` WHERE ( subsetType_id = 2 ) LIMIT 1   [ RunTime:0.0007s ]
NOTIC: [8] Undefined offset: 0 F:\wamp\www\ChildrenPlatform\ThinkPHP\Library\Think\Model.class.php 第 222 行.
SQL: SELECT `name` FROM `type` WHERE ( type_id = 1 ) LIMIT 1   [ RunTime:0.0005s ]
NOTIC: [8] Undefined offset: 0 F:\wamp\www\ChildrenPlatform\ThinkPHP\Library\Think\Model.class.php 第 222 行.
SQL: SELECT `name` FROM `subsettype` WHERE ( subsetType_id = 3 ) LIMIT 1   [ RunTime:0.0006s ]
NOTIC: [8] Undefined offset: 0 F:\wamp\www\ChildrenPlatform\ThinkPHP\Library\Think\Model.class.php 第 222 行.
SQL: SELECT `name` FROM `type` WHERE ( type_id = 1 ) LIMIT 1   [ RunTime:0.0007s ]
NOTIC: [8] Undefined offset: 0 F:\wamp\www\ChildrenPlatform\ThinkPHP\Library\Think\Model.class.php 第 222 行.
SQL: SELECT `name` FROM `subsettype` WHERE ( subsetType_id = 4 ) LIMIT 1   [ RunTime:0.0007s ]
NOTIC: [8] Undefined offset: 0 F:\wamp\www\ChildrenPlatform\ThinkPHP\Library\Think\Model.class.php 第 222 行.
SQL: SELECT `name` FROM `type` WHERE ( type_id = 1 ) LIMIT 1   [ RunTime:0.0007s ]
NOTIC: [8] Undefined offset: 0 F:\wamp\www\ChildrenPlatform\ThinkPHP\Library\Think\Model.class.php 第 222 行.
SQL: SELECT `name` FROM `subsettype` WHERE ( subsetType_id = 2 ) LIMIT 1   [ RunTime:0.0005s ]

[ 2018-05-16T08:25:09+08:00 ] 192.168.191.3 /ChildrenPlatform/api.php/Api/Home/comp
SQL: SHOW COLUMNS FROM `commodity` [ RunTime:0.0718s ]
SQL: SELECT * FROM `commodity` ORDER BY hintNum desc  [ RunTime:0.0031s ]
SQL: SHOW COLUMNS FROM `type` [ RunTime:0.0492s ]
NOTIC: [8] Undefined offset: 0 F:\wamp\www\ChildrenPlatform\ThinkPHP\Library\Think\Model.class.php 第 222 行.
SQL: SELECT `name` FROM `type` WHERE ( type_id = 2 ) LIMIT 1   [ RunTime:0.0005s ]
SQL: SHOW COLUMNS FROM `subsettype` [ RunTime:0.0372s ]
NOTIC: [8] Undefined offset: 0 F:\wamp\www\ChildrenPlatform\ThinkPHP\Library\Think\Model.class.php 第 222 行.
SQL: SELECT `name` FROM `subsettype` WHERE ( subsetType_id = 8 ) LIMIT 1   [ RunTime:0.0006s ]
NOTIC: [8] Undefined offset: 0 F:\wamp\www\ChildrenPlatform\ThinkPHP\Library\Think\Model.class.php 第 222 行.
SQL: SELECT `name` FROM `type` WHERE ( type_id = 2 ) LIMIT 1   [ RunTime:0.0005s ]
NOTIC: [8] Undefined offset: 0 F:\wamp\www\ChildrenPlatform\ThinkPHP\Library\Think\Model.class.php 第 222 行.
SQL: SELECT `name` FROM `subsettype` WHERE ( subsetType_id = 8 ) LIMIT 1   [ RunTime:0.0006s ]
NOTIC: [8] Undefined offset: 0 F:\wamp\www\ChildrenPlatform\ThinkPHP\Library\Think\Model.class.php 第 222 行.
SQL: SELECT `name` FROM `type` WHERE ( type_id = 3 ) LIMIT 1   [ RunTime:0.0006s ]
NOTIC: [8] Undefined offset: 0 F:\wamp\www\ChildrenPlatform\ThinkPHP\Library\Think\Model.class.php 第 222 行.
SQL: SELECT `name` FROM `subsettype` WHERE ( subsetType_id = 12 ) LIMIT 1   [ RunTime:0.0006s ]
NOTIC: [8] Undefined offset: 0 F:\wamp\www\ChildrenPlatform\ThinkPHP\Library\Think\Model.class.php 第 222 行.
SQL: SELECT `name` FROM `type` WHERE ( type_id = 2 ) LIMIT 1   [ RunTime:0.0005s ]
NOTIC: [8] Undefined offset: 0 F:\wamp\www\ChildrenPlatform\ThinkPHP\Library\Think\Model.class.php 第 222 行.
SQL: SELECT `name` FROM `subsettype` WHERE ( subsetType_id = 8 ) LIMIT 1   [ RunTime:0.0006s ]
NOTIC: [8] Undefined offset: 0 F:\wamp\www\ChildrenPlatform\ThinkPHP\Library\Think\Model.class.php 第 222 行.
SQL: SELECT `name` FROM `type` WHERE ( type_id = 3 ) LIMIT 1   [ RunTime:0.0006s ]
NOTIC: [8] Undefined offset: 0 F:\wamp\www\ChildrenPlatform\ThinkPHP\Library\Think\Model.class.php 第 222 行.
SQL: SELECT `name` FROM `subsettype` WHERE ( subsetType_id = 12 ) LIMIT 1   [ RunTime:0.0007s ]
NOTIC: [8] Undefined offset: 0 F:\wamp\www\ChildrenPlatform\ThinkPHP\Library\Think\Model.class.php 第 222 行.
SQL: SELECT `name` FROM `type` WHERE ( type_id = 3 ) LIMIT 1   [ RunTime:0.0007s ]
NOTIC: [8] Undefined offset: 0 F:\wamp\www\ChildrenPlatform\ThinkPHP\Library\Think\Model.class.php 第 222 行.
SQL: SELECT `name` FROM `subsettype` WHERE ( subsetType_id = 11 ) LIMIT 1   [ RunTime:0.0006s ]
NOTIC: [8] Undefined offset: 0 F:\wamp\www\ChildrenPlatform\ThinkPHP\Library\Think\Model.class.php 第 222 行.
SQL: SELECT `name` FROM `type` WHERE ( type_id = 3 ) LIMIT 1   [ RunTime:0.0007s ]
NOTIC: [8] Undefined offset: 0 F:\wamp\www\ChildrenPlatform\ThinkPHP\Library\Think\Model.class.php 第 222 行.
SQL: SELECT `name` FROM `subsettype` WHERE ( subsetType_id = 10 ) LIMIT 1   [ RunTime:0.0006s ]
NOTIC: [8] Undefined offset: 0 F:\wamp\www\ChildrenPlatform\ThinkPHP\Library\Think\Model.class.php 第 222 行.
SQL: SELECT `name` FROM `type` WHERE ( type_id = 1 ) LIMIT 1   [ RunTime:0.0007s ]
NOTIC: [8] Undefined offset: 0 F:\wamp\www\ChildrenPlatform\ThinkPHP\Library\Think\Model.class.php 第 222 行.
SQL: SELECT `name` FROM `subsettype` WHERE ( subsetType_id = 3 ) LIMIT 1   [ RunTime:0.0004s ]
NOTIC: [8] Undefined offset: 0 F:\wamp\www\ChildrenPlatform\ThinkPHP\Library\Think\Model.class.php 第 222 行.
SQL: SELECT `name` FROM `type` WHERE ( type_id = 2 ) LIMIT 1   [ RunTime:0.0003s ]
NOTIC: [8] Undefined offset: 0 F:\wamp\www\ChildrenPlatform\ThinkPHP\Library\Think\Model.class.php 第 222 行.
SQL: SELECT `name` FROM `subsettype` WHERE ( subsetType_id = 6 ) LIMIT 1   [ RunTime:0.0005s ]
NOTIC: [8] Undefined offset: 0 F:\wamp\www\ChildrenPlatform\ThinkPHP\Library\Think\Model.class.php 第 222 行.
SQL: SELECT `name` FROM `type` WHERE ( type_id = 1 ) LIMIT 1   [ RunTime:0.0004s ]
NOTIC: [8] Undefined offset: 0 F:\wamp\www\ChildrenPlatform\ThinkPHP\Library\Think\Model.class.php 第 222 行.
SQL: SELECT `name` FROM `subsettype` WHERE ( subsetType_id = 3 ) LIMIT 1   [ RunTime:0.0004s ]
NOTIC: [8] Undefined offset: 0 F:\wamp\www\ChildrenPlatform\ThinkPHP\Library\Think\Model.class.php 第 222 行.
SQL: SELECT `name` FROM `type` WHERE ( type_id = 2 ) LIMIT 1   [ RunTime:0.0003s ]
NOTIC: [8] Undefined offset: 0 F:\wamp\www\ChildrenPlatform\ThinkPHP\Library\Think\Model.class.php 第 222 行.
SQL: SELECT `name` FROM `subsettype` WHERE ( subsetType_id = 8 ) LIMIT 1   [ RunTime:0.0003s ]
NOTIC: [8] Undefined offset: 0 F:\wamp\www\ChildrenPlatform\ThinkPHP\Library\Think\Model.class.php 第 222 行.
SQL: SELECT `name` FROM `type` WHERE ( type_id = 2 ) LIMIT 1   [ RunTime:0.0002s ]
NOTIC: [8] Undefined offset: 0 F:\wamp\www\ChildrenPlatform\ThinkPHP\Library\Think\Model.class.php 第 222 行.
SQL: SELECT `name` FROM `subsettype` WHERE ( subsetType_id = 9 ) LIMIT 1   [ RunTime:0.0002s ]
NOTIC: [8] Undefined offset: 0 F:\wamp\www\ChildrenPlatform\ThinkPHP\Library\Think\Model.class.php 第 222 行.
SQL: SELECT `name` FROM `type` WHERE ( type_id = 3 ) LIMIT 1   [ RunTime:0.0002s ]
NOTIC: [8] Undefined offset: 0 F:\wamp\www\ChildrenPlatform\ThinkPHP\Library\Think\Model.class.php 第 222 行.
SQL: SELECT `name` FROM `subsettype` WHERE ( subsetType_id = 16 ) LIMIT 1   [ RunTime:0.0002s ]
NOTIC: [8] Undefined offset: 0 F:\wamp\www\ChildrenPlatform\ThinkPHP\Library\Think\Model.class.php 第 222 行.
SQL: SELECT `name` FROM `type` WHERE ( type_id = 4 ) LIMIT 1   [ RunTime:0.0002s ]
NOTIC: [8] Undefined offset: 0 F:\wamp\www\ChildrenPlatform\ThinkPHP\Library\Think\Model.class.php 第 222 行.
SQL: SELECT `name` FROM `subsettype` WHERE ( subsetType_id = 13 ) LIMIT 1   [ RunTime:0.0002s ]
NOTIC: [8] Undefined offset: 0 F:\wamp\www\ChildrenPlatform\ThinkPHP\Library\Think\Model.class.php 第 222 行.
SQL: SELECT `name` FROM `type` WHERE ( type_id = 1 ) LIMIT 1   [ RunTime:0.0002s ]
NOTIC: [8] Undefined offset: 0 F:\wamp\www\ChildrenPlatform\ThinkPHP\Library\Think\Model.class.php 第 222 行.
SQL: SELECT `name` FROM `subsettype` WHERE ( subsetType_id = 1 ) LIMIT 1   [ RunTime:0.0002s ]
NOTIC: [8] Undefined offset: 0 F:\wamp\www\ChildrenPlatform\ThinkPHP\Library\Think\Model.class.php 第 222 行.
SQL: SELECT `name` FROM `type` WHERE ( type_id = 1 ) LIMIT 1   [ RunTime:0.0002s ]
NOTIC: [8] Undefined offset: 0 F:\wamp\www\ChildrenPlatform\ThinkPHP\Library\Think\Model.class.php 第 222 行.
SQL: SELECT `name` FROM `subsettype` WHERE ( subsetType_id = 4 ) LIMIT 1   [ RunTime:0.0002s ]
NOTIC: [8] Undefined offset: 0 F:\wamp\www\ChildrenPlatform\ThinkPHP\Library\Think\Model.class.php 第 222 行.
SQL: SELECT `name` FROM `type` WHERE ( type_id = 2 ) LIMIT 1   [ RunTime:0.0002s ]
NOTIC: [8] Undefined offset: 0 F:\wamp\www\ChildrenPlatform\ThinkPHP\Library\Think\Model.class.php 第 222 行.
SQL: SELECT `name` FROM `subsettype` WHERE ( subsetType_id = 8 ) LIMIT 1   [ RunTime:0.0002s ]
NOTIC: [8] Undefined offset: 0 F:\wamp\www\ChildrenPlatform\ThinkPHP\Library\Think\Model.class.php 第 222 行.
SQL: SELECT `name` FROM `type` WHERE ( type_id = 4 ) LIMIT 1   [ RunTime:0.0002s ]
NOTIC: [8] Undefined offset: 0 F:\wamp\www\ChildrenPlatform\ThinkPHP\Library\Think\Model.class.php 第 222 行.
SQL: SELECT `name` FROM `subsettype` WHERE ( subsetType_id = 13 ) LIMIT 1   [ RunTime:0.0002s ]
NOTIC: [8] Undefined offset: 0 F:\wamp\www\ChildrenPlatform\ThinkPHP\Library\Think\Model.class.php 第 222 行.
SQL: SELECT `name` FROM `type` WHERE ( type_id = 3 ) LIMIT 1   [ RunTime:0.0002s ]
NOTIC: [8] Undefined offset: 0 F:\wamp\www\ChildrenPlatform\ThinkPHP\Library\Think\Model.class.php 第 222 行.
SQL: SELECT `name` FROM `subsettype` WHERE ( subsetType_id = 16 ) LIMIT 1   [ RunTime:0.0002s ]
NOTIC: [8] Undefined offset: 0 F:\wamp\www\ChildrenPlatform\ThinkPHP\Library\Think\Model.class.php 第 222 行.
SQL: SELECT `name` FROM `type` WHERE ( type_id = 3 ) LIMIT 1   [ RunTime:0.0002s ]
NOTIC: [8] Undefined offset: 0 F:\wamp\www\ChildrenPlatform\ThinkPHP\Library\Think\Model.class.php 第 222 行.
SQL: SELECT `name` FROM `subsettype` WHERE ( subsetType_id = 12 ) LIMIT 1   [ RunTime:0.0002s ]
NOTIC: [8] Undefined offset: 0 F:\wamp\www\ChildrenPlatform\ThinkPHP\Library\Think\Model.class.php 第 222 行.
SQL: SELECT `name` FROM `type` WHERE ( type_id = 4 ) LIMIT 1   [ RunTime:0.0002s ]
NOTIC: [8] Undefined offset: 0 F:\wamp\www\ChildrenPlatform\ThinkPHP\Library\Think\Model.class.php 第 222 行.
SQL: SELECT `name` FROM `subsettype` WHERE ( subsetType_id = 13 ) LIMIT 1   [ RunTime:0.0002s ]
NOTIC: [8] Undefined offset: 0 F:\wamp\www\ChildrenPlatform\ThinkPHP\Library\Think\Model.class.php 第 222 行.
SQL: SELECT `name` FROM `type` WHERE ( type_id = 1 ) LIMIT 1   [ RunTime:0.0002s ]
NOTIC: [8] Undefined offset: 0 F:\wamp\www\ChildrenPlatform\ThinkPHP\Library\Think\Model.class.php 第 222 行.
SQL: SELECT `name` FROM `subsettype` WHERE ( subsetType_id = 2 ) LIMIT 1   [ RunTime:0.0002s ]
NOTIC: [8] Undefined offset: 0 F:\wamp\www\ChildrenPlatform\ThinkPHP\Library\Think\Model.class.php 第 222 行.
SQL: SELECT `name` FROM `type` WHERE ( type_id = 2 ) LIMIT 1   [ RunTime:0.0002s ]
NOTIC: [8] Undefined offset: 0 F:\wamp\www\ChildrenPlatform\ThinkPHP\Library\Think\Model.class.php 第 222 行.
SQL: SELECT `name` FROM `subsettype` WHERE ( subsetType_id = 6 ) LIMIT 1   [ RunTime:0.0002s ]
NOTIC: [8] Undefined offset: 0 F:\wamp\www\ChildrenPlatform\ThinkPHP\Library\Think\Model.class.php 第 222 行.
SQL: SELECT `name` FROM `type` WHERE ( type_id = 4 ) LIMIT 1   [ RunTime:0.0002s ]
NOTIC: [8] Undefined offset: 0 F:\wamp\www\ChildrenPlatform\ThinkPHP\Library\Think\Model.class.php 第 222 行.
SQL: SELECT `name` FROM `subsettype` WHERE ( subsetType_id = 13 ) LIMIT 1   [ RunTime:0.0002s ]
NOTIC: [8] Undefined offset: 0 F:\wamp\www\ChildrenPlatform\ThinkPHP\Library\Think\Model.class.php 第 222 行.
SQL: SELECT `name` FROM `type` WHERE ( type_id = 1 ) LIMIT 1   [ RunTime:0.0002s ]
NOTIC: [8] Undefined offset: 0 F:\wamp\www\ChildrenPlatform\ThinkPHP\Library\Think\Model.class.php 第 222 行.
SQL: SELECT `name` FROM `subsettype` WHERE ( subsetType_id = 3 ) LIMIT 1   [ RunTime:0.0002s ]
NOTIC: [8] Undefined offset: 0 F:\wamp\www\ChildrenPlatform\ThinkPHP\Library\Think\Model.class.php 第 222 行.
SQL: SELECT `name` FROM `type` WHERE ( type_id = 4 ) LIMIT 1   [ RunTime:0.0002s ]
NOTIC: [8] Undefined offset: 0 F:\wamp\www\ChildrenPlatform\ThinkPHP\Library\Think\Model.class.php 第 222 行.
SQL: SELECT `name` FROM `subsettype` WHERE ( subsetType_id = 14 ) LIMIT 1   [ RunTime:0.0002s ]
NOTIC: [8] Undefined offset: 0 F:\wamp\www\ChildrenPlatform\ThinkPHP\Library\Think\Model.class.php 第 222 行.
SQL: SELECT `name` FROM `type` WHERE ( type_id = 1 ) LIMIT 1   [ RunTime:0.0002s ]
NOTIC: [8] Undefined offset: 0 F:\wamp\www\ChildrenPlatform\ThinkPHP\Library\Think\Model.class.php 第 222 行.
SQL: SELECT `name` FROM `subsettype` WHERE ( subsetType_id = 4 ) LIMIT 1   [ RunTime:0.0002s ]
NOTIC: [8] Undefined offset: 0 F:\wamp\www\ChildrenPlatform\ThinkPHP\Library\Think\Model.class.php 第 222 行.
SQL: SELECT `name` FROM `type` WHERE ( type_id = 1 ) LIMIT 1   [ RunTime:0.0002s ]
NOTIC: [8] Undefined offset: 0 F:\wamp\www\ChildrenPlatform\ThinkPHP\Library\Think\Model.class.php 第 222 行.
SQL: SELECT `name` FROM `subsettype` WHERE ( subsetType_id = 2 ) LIMIT 1   [ RunTime:0.0002s ]

[ 2018-05-16T08:25:11+08:00 ] 192.168.191.3 /ChildrenPlatform/api.php/Api/Collect/IsCollect?commodity_id=22&user_id=3
SQL: SHOW COLUMNS FROM `collect` [ RunTime:0.0727s ]
SQL: SELECT `state` FROM `collect` WHERE `commodity_id` = 22 AND `user_id` = 3 LIMIT 1   [ RunTime:0.0007s ]

[ 2018-05-16T08:25:11+08:00 ] 192.168.191.3 /ChildrenPlatform/api.php/Api/Collect/IsCollect?commodity_id=22&user_id=3
SQL: SHOW COLUMNS FROM `collect` [ RunTime:0.0754s ]
SQL: SELECT `state` FROM `collect` WHERE `commodity_id` = 22 AND `user_id` = 3 LIMIT 1   [ RunTime:0.0010s ]

[ 2018-05-16T08:25:11+08:00 ] 192.168.191.3 /ChildrenPlatform/api.php/Api/Commodity/CommodityDetail?commodity_id=22
SQL: SHOW COLUMNS FROM `commodity` [ RunTime:0.0772s ]
SQL: SELECT * FROM `commodity` WHERE ( commodity_id = 22 ) LIMIT 1   [ RunTime:0.0009s ]
SQL: SHOW COLUMNS FROM `type` [ RunTime:0.0317s ]
SQL: SELECT `name` FROM `type` WHERE ( type_id = 2 ) LIMIT 1   [ RunTime:0.0005s ]
SQL: SHOW COLUMNS FROM `subsettype` [ RunTime:0.0273s ]
SQL: SELECT `name` FROM `subsettype` WHERE ( subsettype_id = 8 ) LIMIT 1   [ RunTime:0.0006s ]

[ 2018-05-16T08:25:11+08:00 ] 192.168.191.3 /ChildrenPlatform/api.php/Api/Commodity/CommodityIntro?commodity_id=22
SQL: SHOW COLUMNS FROM `commodity` [ RunTime:0.0799s ]
SQL: SHOW COLUMNS FROM `company` [ RunTime:0.0317s ]
SQL: SHOW COLUMNS FROM `follow` [ RunTime:0.0296s ]
SQL: SELECT * FROM `commodity` WHERE ( commodity_id = 22 ) LIMIT 1   [ RunTime:0.0008s ]
SQL: SELECT COUNT(*) AS tp_count FROM `follow` WHERE ( company_id = 4 ) LIMIT 1   [ RunTime:0.0006s ]
SQL: SELECT `name` FROM `company` WHERE ( company_id = 4 ) LIMIT 1   [ RunTime:0.0006s ]
SQL: SELECT `image` FROM `company` WHERE ( company_id = 4 ) LIMIT 1   [ RunTime:0.0005s ]

[ 2018-05-16T08:25:11+08:00 ] 192.168.191.3 /ChildrenPlatform/api.php/Api/Commodity/CommodityIntro?commodity_id=22
SQL: SHOW COLUMNS FROM `commodity` [ RunTime:0.0816s ]
SQL: SHOW COLUMNS FROM `company` [ RunTime:0.0335s ]
SQL: SHOW COLUMNS FROM `follow` [ RunTime:0.0288s ]
SQL: SELECT * FROM `commodity` WHERE ( commodity_id = 22 ) LIMIT 1   [ RunTime:0.0007s ]
SQL: SELECT COUNT(*) AS tp_count FROM `follow` WHERE ( company_id = 4 ) LIMIT 1   [ RunTime:0.0005s ]
SQL: SELECT `name` FROM `company` WHERE ( company_id = 4 ) LIMIT 1   [ RunTime:0.0006s ]
SQL: SELECT `image` FROM `company` WHERE ( company_id = 4 ) LIMIT 1   [ RunTime:0.0006s ]

[ 2018-05-16T08:25:11+08:00 ] 192.168.191.3 /ChildrenPlatform/api.php/Api/Commodity/CommodityDetail?commodity_id=22
SQL: SHOW COLUMNS FROM `commodity` [ RunTime:0.0720s ]
SQL: SELECT * FROM `commodity` WHERE ( commodity_id = 22 ) LIMIT 1   [ RunTime:0.0009s ]
SQL: SHOW COLUMNS FROM `type` [ RunTime:0.0316s ]
SQL: SELECT `name` FROM `type` WHERE ( type_id = 2 ) LIMIT 1   [ RunTime:0.0006s ]
SQL: SHOW COLUMNS FROM `subsettype` [ RunTime:0.0269s ]
SQL: SELECT `name` FROM `subsettype` WHERE ( subsettype_id = 8 ) LIMIT 1   [ RunTime:0.0005s ]

[ 2018-05-16T08:25:13+08:00 ] 192.168.191.3 /ChildrenPlatform/api.php/Api/Follow/IfFollow?company_id=4&user_id=3
SQL: SHOW COLUMNS FROM `follow` [ RunTime:0.0328s ]
SQL: SELECT * FROM `follow` WHERE `company_id` = 4 AND `user_id` = 3 LIMIT 1   [ RunTime:0.0015s ]

[ 2018-05-16T08:25:13+08:00 ] 192.168.191.3 /ChildrenPlatform/api.php/Api/Follow/IfFollow?company_id=4&user_id=3
SQL: SHOW COLUMNS FROM `follow` [ RunTime:0.0254s ]
SQL: SELECT * FROM `follow` WHERE `company_id` = 4 AND `user_id` = 3 LIMIT 1   [ RunTime:0.0015s ]

[ 2018-05-16T08:25:14+08:00 ] 192.168.191.3 /ChildrenPlatform/api.php/Api/Comment/CommodityComment?commodity_id=22
SQL: SHOW COLUMNS FROM `comment` [ RunTime:0.0163s ]
SQL: SELECT * FROM `comment` WHERE ( commodity_id = 22 )  [ RunTime:0.0013s ]
SQL: SHOW COLUMNS FROM `userinfor` [ RunTime:0.0159s ]
SQL: SELECT `username` FROM `userinfor` WHERE ( user_id = 3 ) LIMIT 1   [ RunTime:0.0010s ]
SQL: SELECT `image` FROM `userinfor` WHERE ( user_id = 3 ) LIMIT 1   [ RunTime:0.0009s ]
SQL: SELECT `username` FROM `userinfor` WHERE ( user_id = 3 ) LIMIT 1   [ RunTime:0.0009s ]
SQL: SELECT `image` FROM `userinfor` WHERE ( user_id = 3 ) LIMIT 1   [ RunTime:0.0009s ]
SQL: SELECT `username` FROM `userinfor` WHERE ( user_id = 3 ) LIMIT 1   [ RunTime:0.0009s ]
SQL: SELECT `image` FROM `userinfor` WHERE ( user_id = 3 ) LIMIT 1   [ RunTime:0.0006s ]
SQL: SELECT `username` FROM `userinfor` WHERE ( user_id = 3 ) LIMIT 1   [ RunTime:0.0006s ]
SQL: SELECT `image` FROM `userinfor` WHERE ( user_id = 3 ) LIMIT 1   [ RunTime:0.0006s ]
SQL: SELECT `username` FROM `userinfor` WHERE ( user_id = 3 ) LIMIT 1   [ RunTime:0.0006s ]
SQL: SELECT `image` FROM `userinfor` WHERE ( user_id = 3 ) LIMIT 1   [ RunTime:0.0006s ]
SQL: SELECT `username` FROM `userinfor` WHERE ( user_id = 3 ) LIMIT 1   [ RunTime:0.0006s ]
SQL: SELECT `image` FROM `userinfor` WHERE ( user_id = 3 ) LIMIT 1   [ RunTime:0.0006s ]
SQL: SELECT `username` FROM `userinfor` WHERE ( user_id = 3 ) LIMIT 1   [ RunTime:0.0006s ]
SQL: SELECT `image` FROM `userinfor` WHERE ( user_id = 3 ) LIMIT 1   [ RunTime:0.0006s ]
SQL: SELECT `username` FROM `userinfor` WHERE ( user_id = 3 ) LIMIT 1   [ RunTime:0.0006s ]
SQL: SELECT `image` FROM `userinfor` WHERE ( user_id = 3 ) LIMIT 1   [ RunTime:0.0006s ]
SQL: SELECT `username` FROM `userinfor` WHERE ( user_id = 3 ) LIMIT 1   [ RunTime:0.0006s ]
SQL: SELECT `image` FROM `userinfor` WHERE ( user_id = 3 ) LIMIT 1   [ RunTime:0.0006s ]
SQL: SELECT `username` FROM `userinfor` WHERE ( user_id = 3 ) LIMIT 1   [ RunTime:0.0006s ]
SQL: SELECT `image` FROM `userinfor` WHERE ( user_id = 3 ) LIMIT 1   [ RunTime:0.0006s ]
SQL: SELECT `username` FROM `userinfor` WHERE ( user_id = 3 ) LIMIT 1   [ RunTime:0.0006s ]
SQL: SELECT `image` FROM `userinfor` WHERE ( user_id = 3 ) LIMIT 1   [ RunTime:0.0005s ]

[ 2018-05-16T08:25:23+08:00 ] 192.168.191.3 /ChildrenPlatform/api.php/Api/Collect/IsCollect?commodity_id=22&user_id=3
SQL: SHOW COLUMNS FROM `collect` [ RunTime:0.0357s ]
SQL: SELECT `state` FROM `collect` WHERE `commodity_id` = 22 AND `user_id` = 3 LIMIT 1   [ RunTime:0.0012s ]

[ 2018-05-16T08:25:23+08:00 ] 192.168.191.3 /ChildrenPlatform/api.php/Api/Commodity/CommodityIntro?commodity_id=22
SQL: SHOW COLUMNS FROM `commodity` [ RunTime:0.0267s ]
SQL: SHOW COLUMNS FROM `company` [ RunTime:0.0175s ]
SQL: SHOW COLUMNS FROM `follow` [ RunTime:0.0167s ]
SQL: SELECT * FROM `commodity` WHERE ( commodity_id = 22 ) LIMIT 1   [ RunTime:0.0009s ]
SQL: SELECT COUNT(*) AS tp_count FROM `follow` WHERE ( company_id = 4 ) LIMIT 1   [ RunTime:0.0006s ]
SQL: SELECT `name` FROM `company` WHERE ( company_id = 4 ) LIMIT 1   [ RunTime:0.0006s ]
SQL: SELECT `image` FROM `company` WHERE ( company_id = 4 ) LIMIT 1   [ RunTime:0.0005s ]

[ 2018-05-16T08:25:24+08:00 ] 192.168.191.3 /ChildrenPlatform/api.php/Api/Follow/IfFollow?company_id=4&user_id=3
SQL: SHOW COLUMNS FROM `follow` [ RunTime:0.0232s ]
SQL: SELECT * FROM `follow` WHERE `company_id` = 4 AND `user_id` = 3 LIMIT 1   [ RunTime:0.0012s ]

[ 2018-05-16T08:25:26+08:00 ] 192.168.191.3 /ChildrenPlatform/api.php/Api/Comment/CommodityComment?commodity_id=22
SQL: SHOW COLUMNS FROM `comment` [ RunTime:0.0240s ]
SQL: SELECT * FROM `comment` WHERE ( commodity_id = 22 )  [ RunTime:0.0014s ]
SQL: SHOW COLUMNS FROM `userinfor` [ RunTime:0.0130s ]
SQL: SELECT `username` FROM `userinfor` WHERE ( user_id = 3 ) LIMIT 1   [ RunTime:0.0006s ]
SQL: SELECT `image` FROM `userinfor` WHERE ( user_id = 3 ) LIMIT 1   [ RunTime:0.0006s ]
SQL: SELECT `username` FROM `userinfor` WHERE ( user_id = 3 ) LIMIT 1   [ RunTime:0.0006s ]
SQL: SELECT `image` FROM `userinfor` WHERE ( user_id = 3 ) LIMIT 1   [ RunTime:0.0006s ]
SQL: SELECT `username` FROM `userinfor` WHERE ( user_id = 3 ) LIMIT 1   [ RunTime:0.0006s ]
SQL: SELECT `image` FROM `userinfor` WHERE ( user_id = 3 ) LIMIT 1   [ RunTime:0.0006s ]
SQL: SELECT `username` FROM `userinfor` WHERE ( user_id = 3 ) LIMIT 1   [ RunTime:0.0006s ]
SQL: SELECT `image` FROM `userinfor` WHERE ( user_id = 3 ) LIMIT 1   [ RunTime:0.0006s ]
SQL: SELECT `username` FROM `userinfor` WHERE ( user_id = 3 ) LIMIT 1   [ RunTime:0.0006s ]
SQL: SELECT `image` FROM `userinfor` WHERE ( user_id = 3 ) LIMIT 1   [ RunTime:0.0007s ]
SQL: SELECT `username` FROM `userinfor` WHERE ( user_id = 3 ) LIMIT 1   [ RunTime:0.0007s ]
SQL: SELECT `image` FROM `userinfor` WHERE ( user_id = 3 ) LIMIT 1   [ RunTime:0.0007s ]
SQL: SELECT `username` FROM `userinfor` WHERE ( user_id = 3 ) LIMIT 1   [ RunTime:0.0006s ]
SQL: SELECT `image` FROM `userinfor` WHERE ( user_id = 3 ) LIMIT 1   [ RunTime:0.0007s ]
SQL: SELECT `username` FROM `userinfor` WHERE ( user_id = 3 ) LIMIT 1   [ RunTime:0.0006s ]
SQL: SELECT `image` FROM `userinfor` WHERE ( user_id = 3 ) LIMIT 1   [ RunTime:0.0006s ]
SQL: SELECT `username` FROM `userinfor` WHERE ( user_id = 3 ) LIMIT 1   [ RunTime:0.0006s ]
SQL: SELECT `image` FROM `userinfor` WHERE ( user_id = 3 ) LIMIT 1   [ RunTime:0.0004s ]
SQL: SELECT `username` FROM `userinfor` WHERE ( user_id = 3 ) LIMIT 1   [ RunTime:0.0004s ]
SQL: SELECT `image` FROM `userinfor` WHERE ( user_id = 3 ) LIMIT 1   [ RunTime:0.0004s ]
SQL: SELECT `username` FROM `userinfor` WHERE ( user_id = 3 ) LIMIT 1   [ RunTime:0.0004s ]
SQL: SELECT `image` FROM `userinfor` WHERE ( user_id = 3 ) LIMIT 1   [ RunTime:0.0004s ]

