[ 2018-03-27T20:54:36+08:00 ] 192.168.43.220 /ChildrenPlatform/api.php/Api/Home/type?id=2
SQL: SHOW COLUMNS FROM `items` [ RunTime:0.1650s ]
SQL: SELECT * FROM `items` WHERE ( m_id = 2 ) ORDER BY hint desc  [ RunTime:0.0376s ]
SQL: SHOW COLUMNS FROM `maintype` [ RunTime:0.0653s ]
NOTIC: [8] Undefined offset: 0 E:\wamp\www\ChildrenPlatform\ThinkPHP\Library\Think\Model.class.php 第 222 行.
SQL: SELECT `type` FROM `maintype` WHERE ( m_id = 2 ) LIMIT 1   [ RunTime:0.0003s ]
SQL: SHOW COLUMNS FROM `2lvtype` [ RunTime:0.0749s ]
NOTIC: [8] Undefined offset: 0 E:\wamp\www\ChildrenPlatform\ThinkPHP\Library\Think\Model.class.php 第 222 行.
SQL: SELECT `type` FROM `2lvtype` WHERE ( s_id = 8 ) LIMIT 1   [ RunTime:0.0002s ]
NOTIC: [8] Undefined offset: 0 E:\wamp\www\ChildrenPlatform\ThinkPHP\Library\Think\Model.class.php 第 222 行.
SQL: SELECT `type` FROM `maintype` WHERE ( m_id = 2 ) LIMIT 1   [ RunTime:0.0003s ]
NOTIC: [8] Undefined offset: 0 E:\wamp\www\ChildrenPlatform\ThinkPHP\Library\Think\Model.class.php 第 222 行.
SQL: SELECT `type` FROM `2lvtype` WHERE ( s_id = 8 ) LIMIT 1   [ RunTime:0.0003s ]
NOTIC: [8] Undefined offset: 0 E:\wamp\www\ChildrenPlatform\ThinkPHP\Library\Think\Model.class.php 第 222 行.
SQL: SELECT `type` FROM `maintype` WHERE ( m_id = 2 ) LIMIT 1   [ RunTime:0.0003s ]
NOTIC: [8] Undefined offset: 0 E:\wamp\www\ChildrenPlatform\ThinkPHP\Library\Think\Model.class.php 第 222 行.
SQL: SELECT `type` FROM `2lvtype` WHERE ( s_id = 8 ) LIMIT 1   [ RunTime:0.0003s ]
NOTIC: [8] Undefined offset: 0 E:\wamp\www\ChildrenPlatform\ThinkPHP\Library\Think\Model.class.php 第 222 行.
SQL: SELECT `type` FROM `maintype` WHERE ( m_id = 2 ) LIMIT 1   [ RunTime:0.0003s ]
NOTIC: [8] Undefined offset: 0 E:\wamp\www\ChildrenPlatform\ThinkPHP\Library\Think\Model.class.php 第 222 行.
SQL: SELECT `type` FROM `2lvtype` WHERE ( s_id = 7 ) LIMIT 1   [ RunTime:0.0003s ]
NOTIC: [8] Undefined offset: 0 E:\wamp\www\ChildrenPlatform\ThinkPHP\Library\Think\Model.class.php 第 222 行.
SQL: SELECT `type` FROM `maintype` WHERE ( m_id = 2 ) LIMIT 1   [ RunTime:0.0003s ]
NOTIC: [8] Undefined offset: 0 E:\wamp\www\ChildrenPlatform\ThinkPHP\Library\Think\Model.class.php 第 222 行.
SQL: SELECT `type` FROM `2lvtype` WHERE ( s_id = 6 ) LIMIT 1   [ RunTime:0.0003s ]
NOTIC: [8] Undefined offset: 0 E:\wamp\www\ChildrenPlatform\ThinkPHP\Library\Think\Model.class.php 第 222 行.
SQL: SELECT `type` FROM `maintype` WHERE ( m_id = 2 ) LIMIT 1   [ RunTime:0.0003s ]
NOTIC: [8] Undefined offset: 0 E:\wamp\www\ChildrenPlatform\ThinkPHP\Library\Think\Model.class.php 第 222 行.
SQL: SELECT `type` FROM `2lvtype` WHERE ( s_id = 8 ) LIMIT 1   [ RunTime:0.0003s ]
NOTIC: [8] Undefined offset: 0 E:\wamp\www\ChildrenPlatform\ThinkPHP\Library\Think\Model.class.php 第 222 行.
SQL: SELECT `type` FROM `maintype` WHERE ( m_id = 2 ) LIMIT 1   [ RunTime:0.0003s ]
NOTIC: [8] Undefined offset: 0 E:\wamp\www\ChildrenPlatform\ThinkPHP\Library\Think\Model.class.php 第 222 行.
SQL: SELECT `type` FROM `2lvtype` WHERE ( s_id = 9 ) LIMIT 1   [ RunTime:0.0003s ]
NOTIC: [8] Undefined offset: 0 E:\wamp\www\ChildrenPlatform\ThinkPHP\Library\Think\Model.class.php 第 222 行.
SQL: SELECT `type` FROM `maintype` WHERE ( m_id = 2 ) LIMIT 1   [ RunTime:0.0002s ]
NOTIC: [8] Undefined offset: 0 E:\wamp\www\ChildrenPlatform\ThinkPHP\Library\Think\Model.class.php 第 222 行.
SQL: SELECT `type` FROM `2lvtype` WHERE ( s_id = 8 ) LIMIT 1   [ RunTime:0.0003s ]
NOTIC: [8] Undefined offset: 0 E:\wamp\www\ChildrenPlatform\ThinkPHP\Library\Think\Model.class.php 第 222 行.
SQL: SELECT `type` FROM `maintype` WHERE ( m_id = 2 ) LIMIT 1   [ RunTime:0.0002s ]
NOTIC: [8] Undefined offset: 0 E:\wamp\www\ChildrenPlatform\ThinkPHP\Library\Think\Model.class.php 第 222 行.
SQL: SELECT `type` FROM `2lvtype` WHERE ( s_id = 6 ) LIMIT 1   [ RunTime:0.0003s ]

ffset: 0 E:\wamp\www\ChildrenPlatform\ThinkPHP\Library\Think\Model.class.php 第 222 行.
SQL: SELECT `type` FROM `maintype` WHERE ( m_id = 2 ) LIMIT 1   [ RunTime:0.0003s ]
NOTIC: [8] Undefined offset: 0 E:\wamp\www\ChildrenPlatform\ThinkPHP\Library\Think\Model.class.php 第 222 行.
SQL: SELECT `type` FROM `2lvtype` WHERE ( s_id = 6 ) LIMIT 1   [ RunTime:0.0003s ]
NOTIC: [8] Undefined offset: 0 E:\wamp\www\ChildrenPlatform\ThinkPHP\Library\Think\Model.class.php 第 222 行.
SQL: SELECT `type` FROM `maintype` WHERE ( m_id = 1 ) LIMIT 1   [ RunTime:0.0003s ]
NOTIC: [8] Undefined offset: 0 E:\wamp\www\ChildrenPlatform\ThinkPHP\Library\Think\Model.class.php 第 222 行.
SQL: SELECT `type` FROM `2lvtype` WHERE ( s_id = 3 ) LIMIT 1   [ RunTime:0.0003s ]
NOTIC: [8] Undefined offset: 0 E:\wamp\www\ChildrenPlatform\ThinkPHP\Library\Think\Model.class.php 第 222 行.
SQL: SELECT `type` FROM `maintype` WHERE ( m_id = 2 ) LIMIT 1   [ RunTime:0.0003s ]
NOTIC: [8] Undefined offset: 0 E:\wamp\www\ChildrenPlatform\ThinkPHP\Library\Think\Model.class.php 第 222 行.
SQL: SELECT `type` FROM `2lvtype` WHERE ( s_id = 8 ) LIMIT 1   [ RunTime:0.0002s ]
NOTIC: [8] Undefined offset: 0 E:\wamp\www\ChildrenPlatform\ThinkPHP\Library\Think\Model.class.php 第 222 行.
SQL: SELECT `type` FROM `maintype` WHERE ( m_id = 2 ) LIMIT 1   [ RunTime:0.0002s ]
NOTIC: [8] Undefined offset: 0 E:\wamp\www\ChildrenPlatform\ThinkPHP\Library\Think\Model.class.php 第 222 行.
SQL: SELECT `type` FROM `2lvtype` WHERE ( s_id = 9 ) LIMIT 1   [ RunTime:0.0003s ]
NOTIC: [8] Undefined offset: 0 E:\wamp\www\ChildrenPlatform\ThinkPHP\Library\Think\Model.class.php 第 222 行.
SQL: SELECT `type` FROM `maintype` WHERE ( m_id = 3 ) LIMIT 1   [ RunTime:0.0002s ]
NOTIC: [8] Undefined offset: 0 E:\wamp\www\ChildrenPlatform\ThinkPHP\Library\Think\Model.class.php 第 222 行.
SQL: SELECT `type` FROM `2lvtype` WHERE ( s_id = 16 ) LIMIT 1   [ RunTime:0.0003s ]
NOTIC: [8] Undefined offset: 0 E:\wamp\www\ChildrenPlatform\ThinkPHP\Library\Think\Model.class.php 第 222 行.
SQL: SELECT `type` FROM `maintype` WHERE ( m_id = 4 ) LIMIT 1   [ RunTime:0.0003s ]
NOTIC: [8] Undefined offset: 0 E:\wamp\www\ChildrenPlatform\ThinkPHP\Library\Think\Model.class.php 第 222 行.
SQL: SELECT `type` FROM `2lvtype` WHERE ( s_id = 13 ) LIMIT 1   [ RunTime:0.0003s ]
NOTIC: [8] Undefined offset: 0 E:\wamp\www\ChildrenPlatform\ThinkPHP\Library\Think\Model.class.php 第 222 行.
SQL: SELECT `type` FROM `maintype` WHERE ( m_id = 1 ) LIMIT 1   [ RunTime:0.0003s ]
NOTIC: [8] Undefined offset: 0 E:\wamp\www\ChildrenPlatform\ThinkPHP\Library\Think\Model.class.php 第 222 行.
SQL: SELECT `type` FROM `2lvtype` WHERE ( s_id = 1 ) LIMIT 1   [ RunTime:0.0003s ]
NOTIC: [8] Undefined offset: 0 E:\wamp\www\ChildrenPlatform\ThinkPHP\Library\Think\Model.class.php 第 222 行.
SQL: SELECT `type` FROM `maintype` WHERE ( m_id = 1 ) LIMIT 1   [ RunTime:0.0003s ]
NOTIC: [8] Undefined offset: 0 E:\wamp\www\ChildrenPlatform\ThinkPHP\Library\Think\Model.class.php 第 222 行.
SQL: SELECT `type` FROM `2lvtype` WHERE ( s_id = 4 ) LIMIT 1   [ RunTime:0.0003s ]
NOTIC: [8] Undefined offset: 0 E:\wamp\www\ChildrenPlatform\ThinkPHP\Library\Think\Model.class.php 第 222 行.
SQL: SELECT `type` FROM `maintype` WHERE ( m_id = 2 ) LIMIT 1   [ RunTime:0.0003s ]
NOTIC: [8] Undefined offset: 0 E:\wamp\www\ChildrenPlatform\ThinkPHP\Library\Think\Model.class.php 第 222 行.
SQL: SELECT `type` FROM `2lvtype` WHERE ( s_id = 8 ) LIMIT 1   [ RunTime:0.0003s ]
NOTIC: [8] Undefined offset: 0 E:\wamp\www\ChildrenPlatform\ThinkPHP\Library\Think\Model.class.php 第 222 行.
SQL: SELECT `type` FROM `maintype` WHERE ( m_id = 4 ) LIMIT 1   [ RunTime:0.0003s ]
NOTIC: [8] Undefined offset: 0 E:\wamp\www\ChildrenPlatform\ThinkPHP\Library\Think\Model.class.php 第 222 行.
SQL: SELECT `type` FROM `2lvtype` WHERE ( s_id = 13 ) LIMIT 1   [ RunTime:0.0003s ]
NOTIC: [8] Undefined offset: 0 E:\wamp\www\ChildrenPlatform\ThinkPHP\Library\Think\Model.class.php 第 222 行.
SQL: SELECT `type` FROM `maintype` WHERE ( m_id = 3 ) LIMIT 1   [ RunTime:0.0004s ]
NOTIC: [8] Undefined offset: 0 E:\wamp\www\ChildrenPlatform\ThinkPHP\Library\Think\Model.class.php 第 222 行.
SQL: SELECT `type` FROM `2lvtype` WHERE ( s_id = 16 ) LIMIT 1   [ RunTime:0.0004s ]
NOTIC: [8] Undefined offset: 0 E:\wamp\www\ChildrenPlatform\ThinkPHP\Library\Think\Model.class.php 第 222 行.
SQL: SELECT `type` FROM `maintype` WHERE ( m_id = 3 ) LIMIT 1   [ RunTime:0.0003s ]
NOTIC: [8] Undefined offset: 0 E:\wamp\www\ChildrenPlatform\ThinkPHP\Library\Think\Model.class.php 第 222 行.
SQL: SELECT `type` FROM `2lvtype` WHERE ( s_id = 12 ) LIMIT 1   [ RunTime:0.0003s ]
NOTIC: [8] Undefined offset: 0 E:\wamp\www\ChildrenPlatform\ThinkPHP\Library\Think\Model.class.php 第 222 行.
SQL: SELECT `type` FROM `maintype` WHERE ( m_id = 4 ) LIMIT 1   [ RunTime:0.0003s ]
NOTIC: [8] Undefined offset: 0 E:\wamp\www\ChildrenPlatform\ThinkPHP\Library\Think\Model.class.php 第 222 行.
SQL: SELECT `type` FROM `2lvtype` WHERE ( s_id = 13 ) LIMIT 1   [ RunTime:0.0004s ]
NOTIC: [8] Undefined offset: 0 E:\wamp\www\ChildrenPlatform\ThinkPHP\Library\Think\Model.class.php 第 222 行.
SQL: SELECT `type` FROM `maintype` WHERE ( m_id = 1 ) LIMIT 1   [ RunTime:0.0003s ]
NOTIC: [8] Undefined offset: 0 E:\wamp\www\ChildrenPlatform\ThinkPHP\Library\Think\Model.class.php 第 222 行.
SQL: SELECT `type` FROM `2lvtype` WHERE ( s_id = 2 ) LIMIT 1   [ RunTime:0.0003s ]
NOTIC: [8] Undefined offset: 0 E:\wamp\www\ChildrenPlatform\ThinkPHP\Library\Think\Model.class.php 第 222 行.
SQL: SELECT `type` FROM `maintype` WHERE ( m_id = 2 ) LIMIT 1   [ RunTime:0.0003s ]
NOTIC: [8] Undefined offset: 0 E:\wamp\www\ChildrenPlatform\ThinkPHP\Library\Think\Model.class.php 第 222 行.
SQL: SELECT `type` FROM `2lvtype` WHERE ( s_id = 6 ) LIMIT 1   [ RunTime:0.0003s ]
NOTIC: [8] Undefined offset: 0 E:\wamp\www\ChildrenPlatform\ThinkPHP\Library\Think\Model.class.php 第 222 行.
SQL: SELECT `type` FROM `maintype` WHERE ( m_id = 4 ) LIMIT 1   [ RunTime:0.0003s ]
NOTIC: [8] Undefined offset: 0 E:\wamp\www\ChildrenPlatform\ThinkPHP\Library\Think\Model.class.php 第 222 行.
SQL: SELECT `type` FROM `2lvtype` WHERE ( s_id = 13 ) LIMIT 1   [ RunTime:0.0003s ]
NOTIC: [8] Undefined offset: 0 E:\wamp\www\ChildrenPlatform\ThinkPHP\Library\Think\Model.class.php 第 222 行.
SQL: SELECT `type` FROM `maintype` WHERE ( m_id = 1 ) LIMIT 1   [ RunTime:0.0003s ]
NOTIC: [8] Undefined offset: 0 E:\wamp\www\ChildrenPlatform\ThinkPHP\Library\Think\Model.class.php 第 222 行.
SQL: SELECT `type` FROM `2lvtype` WHERE ( s_id = 3 ) LIMIT 1   [ RunTime:0.0003s ]
NOTIC: [8] Undefined offset: 0 E:\wamp\www\ChildrenPlatform\ThinkPHP\Library\Think\Model.class.php 第 222 行.
SQL: SELECT `type` FROM `maintype` WHERE ( m_id = 4 ) LIMIT 1   [ RunTime:0.0003s ]
NOTIC: [8] Undefined offset: 0 E:\wamp\www\ChildrenPlatform\ThinkPHP\Library\Think\Model.class.php 第 222 行.
SQL: SELECT `type` FROM `2lvtype` WHERE ( s_id = 14 ) LIMIT 1   [ RunTime:0.0003s ]

[ 2018-03-27T20:54:36+08:00 ] 192.168.43.220 /ChildrenPlatform/api.php/Api/Home/type?id=3
SQL: SHOW COLUMNS FROM `items` [ RunTime:0.1605s ]
SQL: SELECT * FROM `items` WHERE ( m_id = 3 ) ORDER BY hint desc  [ RunTime:0.0372s ]
SQL: SHOW COLUMNS FROM `maintype` [ RunTime:0.0583s ]
NOTIC: [8] Undefined offset: 0 E:\wamp\www\ChildrenPlatform\ThinkPHP\Library\Think\Model.class.php 第 222 行.
SQL: SELECT `type` FROM `maintype` WHERE ( m_id = 3 ) LIMIT 1   [ RunTime:0.0004s ]
SQL: SHOW COLUMNS FROM `2lvtype` [ RunTime:0.0765s ]
NOTIC: [8] Undefined offset: 0 E:\wamp\www\ChildrenPlatform\ThinkPHP\Library\Think\Model.class.php 第 222 行.
SQL: SELECT `type` FROM `2lvtype` WHERE ( s_id = 12 ) LIMIT 1   [ RunTime:0.0003s ]
NOTIC: [8] Undefined offset: 0 E:\wamp\www\ChildrenPlatform\ThinkPHP\Library\Think\Model.class.php 第 222 行.
SQL: SELECT `type` FROM `maintype` WHERE ( m_id = 3 ) LIMIT 1   [ RunTime:0.0003s ]
NOTIC: [8] Undefined offset: 0 E:\wamp\www\ChildrenPlatform\ThinkPHP\Library\Think\Model.class.php 第 222 行.
SQL: SELECT `type` FROM `2lvtype` WHERE ( s_id = 12 ) LIMIT 1   [ RunTime:0.0003s ]
NOTIC: [8] Undefined offset: 0 E:\wamp\www\ChildrenPlatform\ThinkPHP\Library\Think\Model.class.php 第 222 行.
SQL: SELECT `type` FROM `maintype` WHERE ( m_id = 3 ) LIMIT 1   [ RunTime:0.0003s ]
NOTIC: [8] Undefined offset: 0 E:\wamp\www\ChildrenPlatform\ThinkPHP\Library\Think\Model.class.php 第 222 行.
SQL: SELECT `type` FROM `2lvtype` WHERE ( s_id = 11 ) LIMIT 1   [ RunTime:0.0002s ]
NOTIC: [8] Undefined offset: 0 E:\wamp\www\ChildrenPlatform\ThinkPHP\Library\Think\Model.class.php 第 222 行.
SQL: SELECT `type` FROM `maintype` WHERE ( m_id = 3 ) LIMIT 1   [ RunTime:0.0003s ]
NOTIC: [8] Undefined offset: 0 E:\wamp\www\ChildrenPlatform\ThinkPHP\Library\Think\Model.class.php 第 222 行.
SQL: SELECT `type` FROM `2lvtype` WHERE ( s_id = 10 ) LIMIT 1   [ RunTime:0.0003s ]
NOTIC: [8] Undefined offset: 0 E:\wamp\www\ChildrenPlatform\ThinkPHP\Library\Think\Model.class.php 第 222 行.
SQL: SELECT `type` FROM `maintype` WHERE ( m_id = 3 ) LIMIT 1   [ RunTime:0.0003s ]
NOTIC: [8] Undefined offset: 0 E:\wamp\www\ChildrenPlatform\ThinkPHP\Library\Think\Model.class.php 第 222 行.
SQL: SELECT `type` FROM `2lvtype` WHERE ( s_id = 16 ) LIMIT 1   [ RunTime:0.0003s ]
NOTIC: [8] Undefined offset: 0 E:\wamp\www\ChildrenPlatform\ThinkPHP\Library\Think\Model.class.php 第 222 行.
SQL: SELECT `type` FROM `maintype` WHERE ( m_id = 3 ) LIMIT 1   [ RunTime:0.0003s ]
NOTIC: [8] Undefined offset: 0 E:\wamp\www\ChildrenPlatform\ThinkPHP\Library\Think\Model.class.php 第 222 行.
SQL: SELECT `type` FROM `2lvtype` WHERE ( s_id = 16 ) LIMIT 1   [ RunTime:0.0003s ]
NOTIC: [8] Undefined offset: 0 E:\wamp\www\ChildrenPlatform\ThinkPHP\Library\Think\Model.class.php 第 222 行.
SQL: SELECT `type` FROM `maintype` WHERE ( m_id = 3 ) LIMIT 1   [ RunTime:0.0003s ]
NOTIC: [8] Undefined offset: 0 E:\wamp\www\ChildrenPlatform\ThinkPHP\Library\Think\Model.class.php 第 222 行.
SQL: SELECT `type` FROM `2lvtype` WHERE ( s_id = 12 ) LIMIT 1   [ RunTime:0.0003s ]

[ 2018-03-27T20:56:07+08:00 ] 192.168.43.220 /ChildrenPlatform/api.php/Api/user/userLogin?telephone=17640410053&password=Lovekn0827
SQL: SHOW COLUMNS FROM `user` [ RunTime:0.0989s ]
SQL: SELECT `u_id` FROM `user` WHERE `telephone` = '17640410053' AND `password` = '675e192c556ac6a22abdcc8e57c25935' LIMIT 1   [ RunTime:0.0197s ]
NOTIC: [2] Illegal offset type in isset or empty E:\wamp\www\ChildrenPlatform\ThinkPHP\Library\Think\Model.class.php 第 445 行.
SQL: UPDATE `user` SET `num`=num+1 WHERE ( u_id = 2405 ) [ RunTime:0.1411s ]
SQL: SHOW COLUMNS FROM `u_information` [ RunTime:0.0997s ]
SQL: SELECT * FROM `u_information` WHERE ( u_id=2405 ) LIMIT 1   [ RunTime:0.0008s ]

[ 2018-03-27T20:56:08+08:00 ] 192.168.43.220 /ChildrenPlatform/api.php/Api/User/userInformation?id=2405
SQL: SHOW COLUMNS FROM `u_information` [ RunTime:0.0225s ]
SQL: SELECT * FROM `u_information` WHERE ( u_id = 2405 ) LIMIT 1   [ RunTime:0.0004s ]
SQL: SHOW COLUMNS FROM `collect` [ RunTime:0.0401s ]
SQL: SELECT COUNT(*) AS tp_count FROM `collect` WHERE ( u_id = 2405 ) LIMIT 1   [ RunTime:0.0540s ]

[ 2018-03-27T20:56:25+08:00 ] 192.168.43.220 /ChildrenPlatform/api.php/Api/User/userCollect?id=2405
SQL: SHOW COLUMNS FROM `collect` [ RunTime:0.0190s ]
SQL: SELECT `f_id` FROM `collect` WHERE `u_id` = 2405 AND `state` = 1  [ RunTime:0.0004s ]
SQL: SHOW COLUMNS FROM `items` [ RunTime:0.0200s ]
SQL: SELECT * FROM `items` WHERE ( f_id = 15 ) LIMIT 1   [ RunTime:0.0005s ]
SQL: SHOW COLUMNS FROM `comment` [ RunTime:0.0267s ]
SQL: SELECT COUNT(*) AS tp_count FROM `comment` WHERE ( f_id = 15 ) LIMIT 1   [ RunTime:0.0291s ]
SQL: SELECT * FROM `items` WHERE ( f_id = 23 ) LIMIT 1   [ RunTime:0.0004s ]
SQL: SELECT COUNT(*) AS tp_count FROM `comment` WHERE ( f_id = 23 ) LIMIT 1   [ RunTime:0.0003s ]
SQL: SELECT * FROM `items` WHERE ( f_id = 22 ) LIMIT 1   [ RunTime:0.0003s ]
SQL: SELECT COUNT(*) AS tp_count FROM `comment` WHERE ( f_id = 22 ) LIMIT 1   [ RunTime:0.0003s ]
SQL: SELECT * FROM `items` WHERE ( f_id = 36 ) LIMIT 1   [ RunTime:0.0003s ]
SQL: SELECT COUNT(*) AS tp_count FROM `comment` WHERE ( f_id = 36 ) LIMIT 1   [ RunTime:0.0002s ]
SQL: SELECT * FROM `items` WHERE ( f_id = 31 ) LIMIT 1   [ RunTime:0.0003s ]
SQL: SELECT COUNT(*) AS tp_count FROM `comment` WHERE ( f_id = 31 ) LIMIT 1   [ RunTime:0.0002s ]
SQL: SELECT * FROM `items` WHERE ( f_id = 40 ) LIMIT 1   [ RunTime:0.0003s ]
SQL: SELECT COUNT(*) AS tp_count FROM `comment` WHERE ( f_id = 40 ) LIMIT 1   [ RunTime:0.0003s ]
SQL: SELECT * FROM `items` WHERE ( f_id = 38 ) LIMIT 1   [ RunTime:0.0003s ]
SQL: SELECT COUNT(*) AS tp_count FROM `comment` WHERE ( f_id = 38 ) LIMIT 1   [ RunTime:0.0002s ]

[ 2018-03-27T20:56:25+08:00 ] 192.168.43.220 /ChildrenPlatform/api.php/Api/User/userCollect?id=2405
SQL: SHOW COLUMNS FROM `collect` [ RunTime:0.0122s ]
SQL: SELECT `f_id` FROM `collect` WHERE `u_id` = 2405 AND `state` = 1  [ RunTime:0.0006s ]
SQL: SHOW COLUMNS FROM `items` [ RunTime:0.0249s ]
SQL: SELECT * FROM `items` WHERE ( f_id = 15 ) LIMIT 1   [ RunTime:0.0005s ]
SQL: SHOW COLUMNS FROM `comment` [ RunTime:0.0371s ]
SQL: SELECT COUNT(*) AS tp_count FROM `comment` WHERE ( f_id = 15 ) LIMIT 1   [ RunTime:0.0299s ]
SQL: SELECT * FROM `items` WHERE ( f_id = 23 ) LIMIT 1   [ RunTime:0.0004s ]
SQL: SELECT COUNT(*) AS tp_count FROM `comment` WHERE ( f_id = 23 ) LIMIT 1   [ RunTime:0.0003s ]
SQL: SELECT * FROM `items` WHERE ( f_id = 22 ) LIMIT 1   [ RunTime:0.0003s ]
SQL: SELECT COUNT(*) AS tp_count FROM `comment` WHERE ( f_id = 22 ) LIMIT 1   [ RunTime:0.0002s ]
SQL: SELECT * FROM `items` WHERE ( f_id = 36 ) LIMIT 1   [ RunTime:0.0003s ]
SQL: SELECT COUNT(*) AS tp_count FROM `comment` WHERE ( f_id = 36 ) LIMIT 1   [ RunTime:0.0002s ]
SQL: SELECT * FROM `items` WHERE ( f_id = 31 ) LIMIT 1   [ RunTime:0.0003s ]
SQL: SELECT COUNT(*) AS tp_count FROM `comment` WHERE ( f_id = 31 ) LIMIT 1   [ RunTime:0.0002s ]
SQL: SELECT * FROM `items` WHERE ( f_id = 40 ) LIMIT 1   [ RunTime:0.0003s ]
SQL: SELECT COUNT(*) AS tp_count FROM `comment` WHERE ( f_id = 40 ) LIMIT 1   [ RunTime:0.0003s ]
SQL: SELECT * FROM `items` WHERE ( f_id = 38 ) LIMIT 1   [ RunTime:0.0003s ]
SQL: SELECT COUNT(*) AS tp_count FROM `comment` WHERE ( f_id = 38 ) LIMIT 1   [ RunTime:0.0002s ]

[ 2018-03-27T20:56:35+08:00 ] 192.168.43.220 /ChildrenPlatform/api.php/Api/User/userInformation?id=2405
SQL: SHOW COLUMNS FROM `u_information` [ RunTime:0.0441s ]
SQL: SELECT * FROM `u_information` WHERE ( u_id = 2405 ) LIMIT 1   [ RunTime:0.0005s ]
SQL: SHOW COLUMNS FROM `collect` [ RunTime:0.0136s ]
SQL: SELECT COUNT(*) AS tp_count FROM `collect` WHERE ( u_id = 2405 ) LIMIT 1   [ RunTime:0.0003s ]

[ 2018-03-27T20:56:35+08:00 ] 192.168.43.220 /ChildrenPlatform/api.php/Api/User/userInformation?id=2405
SQL: SHOW COLUMNS FROM `u_information` [ RunTime:0.0147s ]
SQL: SELECT * FROM `u_information` WHERE ( u_id = 2405 ) LIMIT 1   [ RunTime:0.0004s ]
SQL: SHOW COLUMNS FROM `collect` [ RunTime:0.0132s ]
SQL: SELECT COUNT(*) AS tp_count FROM `collect` WHERE ( u_id = 2405 ) LIMIT 1   [ RunTime:0.0004s ]

[ 2018-03-27T20:57:54+08:00 ] 192.168.43.220 /ChildrenPlatform/api.php/Api/User/userInformation?id=2405
SQL: SHOW COLUMNS FROM `u_information` [ RunTime:0.0399s ]
SQL: SELECT * FROM `u_information` WHERE ( u_id = 2405 ) LIMIT 1   [ RunTime:0.0004s ]
SQL: SHOW COLUMNS FROM `collect` [ RunTime:0.0152s ]
SQL: SELECT COUNT(*) AS tp_count FROM `collect` WHERE ( u_id = 2405 ) LIMIT 1   [ RunTime:0.0004s ]

[ 2018-03-27T20:57:55+08:00 ] 192.168.43.220 /ChildrenPlatform/api.php/Api/User/userInformation?id=2405
SQL: SHOW COLUMNS FROM `u_information` [ RunTime:0.0346s ]
SQL: SELECT * FROM `u_information` WHERE ( u_id = 2405 ) LIMIT 1   [ RunTime:0.0004s ]
SQL: SHOW COLUMNS FROM `collect` [ RunTime:0.0136s ]
SQL: SELECT COUNT(*) AS tp_count FROM `collect` WHERE ( u_id = 2405 ) LIMIT 1   [ RunTime:0.0003s ]

[ 2018-03-27T20:58:04+08:00 ] 192.168.43.220 /ChildrenPlatform/api.php/Api/Home/comp
SQL: SHOW COLUMNS FROM `items` [ RunTime:0.0223s ]
SQL: SELECT * FROM `items` ORDER BY hint desc  [ RunTime:0.0008s ]
SQL: SHOW COLUMNS FROM `maintype` [ RunTime:0.0683s ]
NOTIC: [8] Undefined offset: 0 E:\wamp\www\ChildrenPlatform\ThinkPHP\Library\Think\Model.class.php 第 222 行.
SQL: SELECT `type` FROM `maintype` WHERE ( m_id = 2 ) LIMIT 1   [ RunTime:0.0004s ]
SQL: SHOW COLUMNS FROM `2lvtype` [ RunTime:0.1653s ]
NOTIC: [8] Undefined offset: 0 E:\wamp\www\ChildrenPlatform\ThinkPHP\Library\Think\Model.class.php 第 222 行.
SQL: SELECT `type` FROM `2lvtype` WHERE ( s_id = 8 ) LIMIT 1   [ RunTime:0.0004s ]
NOTIC: [8] Undefined offset: 0 E:\wamp\www\ChildrenPlatform\ThinkPHP\Library\Think\Model.class.php 第 222 行.
SQL: SELECT `type` FROM `maintype` WHERE ( m_id = 2 ) LIMIT 1   [ RunTime:0.0003s ]
NOTIC: [8] Undefined offset: 0 E:\wamp\www\ChildrenPlatform\ThinkPHP\Library\Think\Model.class.php 第 222 行.
SQL: SELECT `type` FROM `2lvtype` WHERE ( s_id = 8 ) LIMIT 1   [ RunTime:0.0004s ]
NOTIC: [8] Undefined offset: 0 E:\wamp\www\ChildrenPlatform\ThinkPHP\Library\Think\Model.class.php 第 222 行.
SQL: SELECT `type` FROM `maintype` WHERE ( m_id = 3 ) LIMIT 1   [ RunTime:0.0003s ]
NOTIC: [8] Undefined offset: 0 E:\wamp\www\ChildrenPlatform\ThinkPHP\Library\Think\Model.class.php 第 222 行.
SQL: SELECT `type` FROM `2lvtype` WHERE ( s_id = 12 ) LIMIT 1   [ RunTime:0.0004s ]
NOTIC: [8] Undefined offset: 0 E:\wamp\www\ChildrenPlatform\ThinkPHP\Library\Think\Model.class.php 第 222 行.
SQL: SELECT `type` FROM `maintype` WHERE ( m_id = 2 ) LIMIT 1   [ RunTime:0.0004s ]
NOTIC: [8] Undefined offset: 0 E:\wamp\www\ChildrenPlatform\ThinkPHP\Library\Think\Model.class.php 第 222 行.
SQL: SELECT `type` FROM `2lvtype` WHERE ( s_id = 8 ) LIMIT 1   [ RunTime:0.0005s ]
NOTIC: [8] Undefined offset: 0 E:\wamp\www\ChildrenPlatform\ThinkPHP\Library\Think\Model.class.php 第 222 行.
SQL: SELECT `type` FROM `maintype` WHERE ( m_id = 3 ) LIMIT 1   [ RunTime:0.0004s ]
NOTIC: [8] Undefined offset: 0 E:\wamp\www\ChildrenPlatform\ThinkPHP\Library\Think\Model.class.php 第 222 行.
SQL: SELECT `type` FROM `2lvtype` WHERE ( s_id = 12 ) LIMIT 1   [ RunTime:0.0004s ]
NOTIC: [8] Undefined offset: 0 E:\wamp\www\ChildrenPlatform\ThinkPHP\Library\Think\Model.class.php 第 222 行.
SQL: SELECT `type` FROM `maintype` WHERE ( m_id = 3 ) LIMIT 1   [ RunTime:0.0003s ]
NOTIC: [8] Undefined offset: 0 E:\wamp\www\ChildrenPlatform\ThinkPHP\Library\Think\Model.class.php 第 222 行.
SQL: SELECT `type` FROM `2lvtype` WHERE ( s_id = 11 ) LIMIT 1   [ RunTime:0.0003s ]
NOTIC: [8] Undefined offset: 0 E:\wamp\www\ChildrenPlatform\ThinkPHP\Library\Think\Model.class.php 第 222 行.
SQL: SELECT `type` FROM `maintype` WHERE ( m_id = 2 ) LIMIT 1   [ RunTime:0.0004s ]
NOTIC: [8] Undefined offset: 0 E:\wamp\www\ChildrenPlatform\ThinkPHP\Library\Think\Model.class.php 第 222 行.
SQL: SELECT `type` FROM `2lvtype` WHERE ( s_id = 7 ) LIMIT 1   [ RunTime:0.0004s ]
NOTIC: [8] Undefined offset: 0 E:\wamp\www\ChildrenPlatform\ThinkPHP\Library\Think\Model.class.php 第 222 行.
SQL: SELECT `type` FROM `maintype` WHERE ( m_id = 3 ) LIMIT 1   [ RunTime:0.0004s ]
NOTIC: [8] Undefined offset: 0 E:\wamp\www\ChildrenPlatform\ThinkPHP\Library\Think\Model.class.php 第 222 行.
SQL: SELECT `type` FROM `2lvtype` WHERE ( s_id = 10 ) LIMIT 1   [ RunTime:0.0004s ]
NOTIC: [8] Undefined offset: 0 E:\wamp\www\ChildrenPlatform\ThinkPHP\Library\Think\Model.class.php 第 222 行.
SQL: SELECT `type` FROM `maintype` WHERE ( m_id = 1 ) LIMIT 1   [ RunTime:0.0003s ]
NOTIC: [8] Undefined offset: 0 E:\wamp\www\ChildrenPlatform\ThinkPHP\Library\Think\Model.class.php 第 222 行.
SQL: SELECT `type` FROM `2lvtype` WHERE ( s_id = 3 ) LIMIT 1   [ RunTime:0.0003s ]
NOTIC: [8] Undefined offset: 0 E:\wamp\www\ChildrenPlatform\ThinkPHP\Library\Think\Model.class.php 第 222 行.
SQL: SELECT `type` FROM `maintype` WHERE ( m_id = 2 ) LIMIT 1   [ RunTime:0.0003s ]
NOTIC: [8] Undefined offset: 0 E:\wamp\www\ChildrenPlatform\ThinkPHP\Library\Think\Model.class.php 第 222 行.
SQL: SELECT `type` FROM `2lvtype` WHERE ( s_id = 6 ) LIMIT 1   [ RunTime:0.0004s ]
NOTIC: [8] Undefined offset: 0 E:\wamp\www\ChildrenPlatform\ThinkPHP\Library\Think\Model.class.php 第 222 行.
SQL: SELECT `type` FROM `maintype` WHERE ( m_id = 1 ) LIMIT 1   [ RunTime:0.0004s ]
NOTIC: [8] Undefined offset: 0 E:\wamp\www\ChildrenPlatform\ThinkPHP\Library\Think\Model.class.php 第 222 行.
SQL: SELECT `type` FROM `2lvtype` WHERE ( s_id = 3 ) LIMIT 1   [ RunTime:0.0004s ]
NOTIC: [8] Undefined offset: 0 E:\wamp\www\ChildrenPlatform\ThinkPHP\Library\Think\Model.class.php 第 222 行.
SQL: SELECT `type` FROM `maintype` WHERE ( m_id = 2 ) LIMIT 1   [ RunTime:0.0004s ]
NOTIC: [8] Undefined offset: 0 E:\wamp\www\ChildrenPlatform\ThinkPHP\Library\Think\Model.class.php 第 222 行.
SQL: SELECT `type` FROM `2lvtype` WHERE ( s_id = 8 ) LIMIT 1   [ RunTime:0.0004s ]
NOTIC: [8] Undefined offset: 0 E:\wamp\www\ChildrenPlatform\ThinkPHP\Library\Think\Model.class.php 第 222 行.
SQL: SELECT `type` FROM `maintype` WHERE ( m_id = 2 ) LIMIT 1   [ RunTime:0.0004s ]
NOTIC: [8] Undefined offset: 0 E:\wamp\www\ChildrenPlatform\ThinkPHP\Library\Think\Model.class.php 第 222 行.
SQL: SELECT `type` FROM `2lvtype` WHERE ( s_id = 9 ) LIMIT 1   [ RunTime:0.0004s ]
NOTIC: [8] Undefined offset: 0 E:\wamp\www\ChildrenPlatform\ThinkPHP\Library\Think\Model.class.php 第 222 行.
SQL: SELECT `type` FROM `maintype` WHERE ( m_id = 3 ) LIMIT 1   [ RunTime:0.0003s ]
NOTIC: [8] Undefined offset: 0 E:\wamp\www\ChildrenPlatform\ThinkPHP\Library\Think\Model.class.php 第 222 行.
SQL: SELECT `type` FROM `2lvtype` WHERE ( s_id = 16 ) LIMIT 1   [ RunTime:0.0003s ]
NOTIC: [8] Undefined offset: 0 E:\wamp\www\ChildrenPlatform\ThinkPHP\Library\Think\Model.class.php 第 222 行.
SQL: SELECT `type` FROM `maintype` WHERE ( m_id = 4 ) LIMIT 1   [ RunTime:0.0003s ]
NOTIC: [8] Undefined offset: 0 E:\wamp\www\ChildrenPlatform\ThinkPHP\Library\Think\Model.class.php 第 222 行.
SQL: SELECT `type` FROM `2lvtype` WHERE ( s_id = 13 ) LIMIT 1   [ RunTime:0.0004s ]
NOTIC: [8] Undefined offset: 0 E:\wamp\www\ChildrenPlatform\ThinkPHP\Library\Think\Model.class.php 第 222 行.
SQL: SELECT `type` FROM `maintype` WHERE ( m_id = 1 ) LIMIT 1   [ RunTime:0.0004s ]
NOTIC: [8] Undefined offset: 0 E:\wamp\www\ChildrenPlatform\ThinkPHP\Library\Think\Model.class.php 第 222 行.
SQL: SELECT `type` FROM `2lvtype` WHERE ( s_id = 1 ) LIMIT 1   [ RunTime:0.0003s ]
NOTIC: [8] Undefined offset: 0 E:\wamp\www\ChildrenPlatform\ThinkPHP\Library\Think\Model.class.php 第 222 行.
SQL: SELECT `type` FROM `maintype` WHERE ( m_id = 1 ) LIMIT 1   [ RunTime:0.0003s ]
NOTIC: [8] Undefined offset: 0 E:\wamp\www\ChildrenPlatform\ThinkPHP\Library\Think\Model.class.php 第 222 行.
SQL: SELECT `type` FROM `2lvtype` WHERE ( s_id = 4 ) LIMIT 1   [ RunTime:0.0002s ]
NOTIC: [8] Undefined offset: 0 E:\wamp\www\ChildrenPlatform\ThinkPHP\Library\Think\Model.class.php 第 222 行.
SQL: SELECT `type` FROM `maintype` WHERE ( m_id = 2 ) LIMIT 1   [ RunTime:0.0002s ]
NOTIC: [8] Undefined offset: 0 E:\wamp\www\ChildrenPlatform\ThinkPHP\Library\Think\Model.class.php 第 222 行.
SQL: SELECT `type` FROM `2lvtype` WHERE ( s_id = 8 ) LIMIT 1   [ RunTime:0.0003s ]
NOTIC: [8] Undefined offset: 0 E:\wamp\www\ChildrenPlatform\ThinkPHP\Library\Think\Model.class.php 第 222 行.
SQL: SELECT `type` FROM `maintype` WHERE ( m_id = 4 ) LIMIT 1   [ RunTime:0.0003s ]
NOTIC: [8] Undefined offset: 0 E:\wamp\www\ChildrenPlatform\ThinkPHP\Library\Think\Model.class.php 第 222 行.
SQL: SELECT `type` FROM `2lvtype` WHERE ( s_id = 13 ) LIMIT 1   [ RunTime:0.0003s ]
NOTIC: [8] Undefined offset: 0 E:\wamp\www\ChildrenPlatform\ThinkPHP\Library\Think\Model.class.php 第 222 行.
SQL: SELECT `type` FROM `maintype` WHERE ( m_id = 3 ) LIMIT 1   [ RunTime:0.0003s ]
NOTIC: [8] Undefined offset: 0 E:\wamp\www\ChildrenPlatform\ThinkPHP\Library\Think\Model.class.php 第 222 行.
SQL: SELECT `type` FROM `2lvtype` WHERE ( s_id = 16 ) LIMIT 1   [ RunTime:0.0005s ]
NOTIC: [8] Undefined offset: 0 E:\wamp\www\ChildrenPlatform\ThinkPHP\Library\Think\Model.class.php 第 222 行.
SQL: SELECT `type` FROM `maintype` WHERE ( m_id = 3 ) LIMIT 1   [ RunTime:0.0003s ]
NOTIC: [8] Undefined offset: 0 E:\wamp\www\ChildrenPlatform\ThinkPHP\Library\Think\Model.class.php 第 222 行.
SQL: SELECT `type` FROM `2lvtype` WHERE ( s_id = 12 ) LIMIT 1   [ RunTime:0.0003s ]
NOTIC: [8] Undefined offset: 0 E:\wamp\www\ChildrenPlatform\ThinkPHP\Library\Think\Model.class.php 第 222 行.
SQL: SELECT `type` FROM `maintype` WHERE ( m_id = 4 ) LIMIT 1   [ RunTime:0.0003s ]
NOTIC: [8] Undefined offset: 0 E:\wamp\www\ChildrenPlatform\ThinkPHP\Library\Think\Model.class.php 第 222 行.
SQL: SELECT `type` FROM `2lvtype` WHERE ( s_id = 13 ) LIMIT 1   [ RunTime:0.0003s ]
NOTIC: [8] Undefined offset: 0 E:\wamp\www\ChildrenPlatform\ThinkPHP\Library\Think\Model.class.php 第 222 行.
SQL: SELECT `type` FROM `maintype` WHERE ( m_id = 1 ) LIMIT 1   [ RunTime:0.0004s ]
NOTIC: [8] Undefined offset: 0 E:\wamp\www\ChildrenPlatform\ThinkPHP\Library\Think\Model.class.php 第 222 行.
SQL: SELECT `type` FROM `2lvtype` WHERE ( s_id = 2 ) LIMIT 1   [ RunTime:0.0004s ]
NOTIC: [8] Undefined offset: 0 E:\wamp\www\ChildrenPlatform\ThinkPHP\Library\Think\Model.class.php 第 222 行.
SQL: SELECT `type` FROM `maintype` WHERE ( m_id = 2 ) LIMIT 1   [ RunTime:0.0003s ]
NOTIC: [8] Undefined offset: 0 E:\wamp\www\ChildrenPlatform\ThinkPHP\Library\Think\Model.class.php 第 222 行.
SQL: SELECT `type` FROM `2lvtype` WHERE ( s_id = 6 ) LIMIT 1   [ RunTime:0.0003s ]
NOTIC: [8] Undefined offset: 0 E:\wamp\www\ChildrenPlatform\ThinkPHP\Library\Think\Model.class.php 第 222 行.
SQL: SELECT `type` FROM `maintype` WHERE ( m_id = 4 ) LIMIT 1   [ RunTime:0.0003s ]
NOTIC: [8] Undefined offset: 0 E:\wamp\www\ChildrenPlatform\ThinkPHP\Library\Think\Model.class.php 第 222 行.
SQL: SELECT `type` FROM `2lvtype` WHERE ( s_id = 13 ) LIMIT 1   [ RunTime:0.0003s ]
NOTIC: [8] Undefined offset: 0 E:\wamp\www\ChildrenPlatform\ThinkPHP\Library\Think\Model.class.php 第 222 行.
SQL: SELECT `type` FROM `maintype` WHERE ( m_id = 1 ) LIMIT 1   [ RunTime:0.0003s ]
NOTIC: [8] Undefined offset: 0 E:\wamp\www\ChildrenPlatform\ThinkPHP\Library\Think\Model.class.php 第 222 行.
SQL: SELECT `type` FROM `2lvtype` WHERE ( s_id = 3 ) LIMIT 1   [ RunTime:0.0003s ]
NOTIC: [8] Undefined offset: 0 E:\wamp\www\ChildrenPlatform\ThinkPHP\Library\Think\Model.class.php 第 222 行.
SQL: SELECT `type` FROM `maintype` WHERE ( m_id = 4 ) LIMIT 1   [ RunTime:0.0003s ]
NOTIC: [8] Undefined offset: 0 E:\wamp\www\ChildrenPlatform\ThinkPHP\Library\Think\Model.class.php 第 222 行.
SQL: SELECT `type` FROM `2lvtype` WHERE ( s_id = 14 ) LIMIT 1   [ RunTime:0.0003s ]

[ 2018-03-27T20:58:04+08:00 ] 192.168.43.220 /ChildrenPlatform/api.php/Api/Home/type?id=2
SQL: SHOW COLUMNS FROM `items` [ RunTime:0.0673s ]
SQL: SELECT * FROM `items` WHERE ( m_id = 2 ) ORDER BY hint desc  [ RunTime:0.0008s ]
SQL: SHOW COLUMNS FROM `maintype` [ RunTime:0.1584s ]
NOTIC: [8] Undefined offset: 0 E:\wamp\www\ChildrenPlatform\ThinkPHP\Library\Think\Model.class.php 第 222 行.
SQL: SELECT `type` FROM `maintype` WHERE ( m_id = 2 ) LIMIT 1   [ RunTime:0.0004s ]
SQL: SHOW COLUMNS FROM `2lvtype` [ RunTime:0.0769s ]
NOTIC: [8] Undefined offset: 0 E:\wamp\www\ChildrenPlatform\ThinkPHP\Library\Think\Model.class.php 第 222 行.
SQL: SELECT `type` FROM `2lvtype` WHERE ( s_id = 8 ) LIMIT 1   [ RunTime:0.0003s ]
NOTIC: [8] Undefined offset: 0 E:\wamp\www\ChildrenPlatform\ThinkPHP\Library\Think\Model.class.php 第 222 行.
SQL: SELECT `type` FROM `maintype` WHERE ( m_id = 2 ) LIMIT 1   [ RunTime:0.0003s ]
NOTIC: [8] Undefined offset: 0 E:\wamp\www\ChildrenPlatform\ThinkPHP\Library\Think\Model.class.php 第 222 行.
SQL: SELECT `type` FROM `2lvtype` WHERE ( s_id = 8 ) LIMIT 1   [ RunTime:0.0003s ]
NOTIC: [8] Undefined offset: 0 E:\wamp\www\ChildrenPlatform\ThinkPHP\Library\Think\Model.class.php 第 222 行.
SQL: SELECT `type` FROM `maintype` WHERE ( m_id = 2 ) LIMIT 1   [ RunTime:0.0002s ]
NOTIC: [8] Undefined offset: 0 E:\wamp\www\ChildrenPlatform\ThinkPHP\Library\Think\Model.class.php 第 222 行.
SQL: SELECT `type` FROM `2lvtype` WHERE ( s_id = 8 ) LIMIT 1   [ RunTime:0.0003s ]
NOTIC: [8] Undefined offset: 0 E:\wamp\www\ChildrenPlatform\ThinkPHP\Library\Think\Model.class.php 第 222 行.
SQL: SELECT `type` FROM `maintype` WHERE ( m_id = 2 ) LIMIT 1   [ RunTime:0.0003s ]
NOTIC: [8] Undefined offset: 0 E:\wamp\www\ChildrenPlatform\ThinkPHP\Library\Think\Model.class.php 第 222 行.
SQL: SELECT `type` FROM `2lvtype` WHERE ( s_id = 7 ) LIMIT 1   [ RunTime:0.0003s ]
NOTIC: [8] Undefined offset: 0 E:\wamp\www\ChildrenPlatform\ThinkPHP\Library\Think\Model.class.php 第 222 行.
SQL: SELECT `type` FROM `maintype` WHERE ( m_id = 2 ) LIMIT 1   [ RunTime:0.0003s ]
NOTIC: [8] Undefined offset: 0 E:\wamp\www\ChildrenPlatform\ThinkPHP\Library\Think\Model.class.php 第 222 行.
SQL: SELECT `type` FROM `2lvtype` WHERE ( s_id = 6 ) LIMIT 1   [ RunTime:0.0003s ]
NOTIC: [8] Undefined offset: 0 E:\wamp\www\ChildrenPlatform\ThinkPHP\Library\Think\Model.class.php 第 222 行.
SQL: SELECT `type` FROM `maintype` WHERE ( m_id = 2 ) LIMIT 1   [ RunTime:0.0004s ]
NOTIC: [8] Undefined offset: 0 E:\wamp\www\ChildrenPlatform\ThinkPHP\Library\Think\Model.class.php 第 222 行.
SQL: SELECT `type` FROM `2lvtype` WHERE ( s_id = 8 ) LIMIT 1   [ RunTime:0.0003s ]
NOTIC: [8] Undefined offset: 0 E:\wamp\www\ChildrenPlatform\ThinkPHP\Library\Think\Model.class.php 第 222 行.
SQL: SELECT `type` FROM `maintype` WHERE ( m_id = 2 ) LIMIT 1   [ RunTime:0.0004s ]
NOTIC: [8] Undefined offset: 0 E:\wamp\www\ChildrenPlatform\ThinkPHP\Library\Think\Model.class.php 第 222 行.
SQL: SELECT `type` FROM `2lvtype` WHERE ( s_id = 9 ) LIMIT 1   [ RunTime:0.0005s ]
NOTIC: [8] Undefined offset: 0 E:\wamp\www\ChildrenPlatform\ThinkPHP\Library\Think\Model.class.php 第 222 行.
SQL: SELECT `type` FROM `maintype` WHERE ( m_id = 2 ) LIMIT 1   [ RunTime:0.0003s ]
NOTIC: [8] Undefined offset: 0 E:\wamp\www\ChildrenPlatform\ThinkPHP\Library\Think\Model.class.php 第 222 行.
SQL: SELECT `type` FROM `2lvtype` WHERE ( s_id = 8 ) LIMIT 1   [ RunTime:0.0003s ]
NOTIC: [8] Undefined offset: 0 E:\wamp\www\ChildrenPlatform\ThinkPHP\Library\Think\Model.class.php 第 222 行.
SQL: SELECT `type` FROM `maintype` WHERE ( m_id = 2 ) LIMIT 1   [ RunTime:0.0003s ]
NOTIC: [8] Undefined offset: 0 E:\wamp\www\ChildrenPlatform\ThinkPHP\Library\Think\Model.class.php 第 222 行.
SQL: SELECT `type` FROM `2lvtype` WHERE ( s_id = 6 ) LIMIT 1   [ RunTime:0.0005s ]

[ 2018-03-27T20:58:04+08:00 ] 192.168.43.220 /ChildrenPlatform/api.php/Api/Home/type?id=1
SQL: SHOW COLUMNS FROM `items` [ RunTime:0.0768s ]
SQL: SELECT * FROM `items` WHERE ( m_id = 1 ) ORDER BY hint desc  [ RunTime:0.0009s ]
SQL: SHOW COLUMNS FROM `maintype` [ RunTime:0.1608s ]
NOTIC: [8] Undefined offset: 0 E:\wamp\www\ChildrenPlatform\ThinkPHP\Library\Think\Model.class.php 第 222 行.
SQL: SELECT `type` FROM `maintype` WHERE ( m_id = 1 ) LIMIT 1   [ RunTime:0.0004s ]
SQL: SHOW COLUMNS FROM `2lvtype` [ RunTime:0.0695s ]
NOTIC: [8] Undefined offset: 0 E:\wamp\www\ChildrenPlatform\ThinkPHP\Library\Think\Model.class.php 第 222 行.
SQL: SELECT `type` FROM `2lvtype` WHERE ( s_id = 3 ) LIMIT 1   [ RunTime:0.0003s ]
NOTIC: [8] Undefined offset: 0 E:\wamp\www\ChildrenPlatform\ThinkPHP\Library\Think\Model.class.php 第 222 行.
SQL: SELECT `type` FROM `maintype` WHERE ( m_id = 1 ) LIMIT 1   [ RunTime:0.0004s ]
NOTIC: [8] Undefined offset: 0 E:\wamp\www\ChildrenPlatform\ThinkPHP\Library\Think\Model.class.php 第 222 行.
SQL: SELECT `type` FROM `2lvtype` WHERE ( s_id = 3 ) LIMIT 1   [ RunTime:0.0004s ]
NOTIC: [8] Undefined offset: 0 E:\wamp\www\ChildrenPlatform\ThinkPHP\Library\Think\Model.class.php 第 222 行.
SQL: SELECT `type` FROM `maintype` WHERE ( m_id = 1 ) LIMIT 1   [ RunTime:0.0003s ]
NOTIC: [8] Undefined offset: 0 E:\wamp\www\ChildrenPlatform\ThinkPHP\Library\Think\Model.class.php 第 222 行.
SQL: SELECT `type` FROM `2lvtype` WHERE ( s_id = 1 ) LIMIT 1   [ RunTime:0.0003s ]
NOTIC: [8] Undefined offset: 0 E:\wamp\www\ChildrenPlatform\ThinkPHP\Library\Think\Model.class.php 第 222 行.
SQL: SELECT `type` FROM `maintype` WHERE ( m_id = 1 ) LIMIT 1   [ RunTime:0.0003s ]
NOTIC: [8] Undefined offset: 0 E:\wamp\www\ChildrenPlatform\ThinkPHP\Library\Think\Model.class.php 第 222 行.
SQL: SELECT `type` FROM `2lvtype` WHERE ( s_id = 4 ) LIMIT 1   [ RunTime:0.0003s ]
NOTIC: [8] Undefined offset: 0 E:\wamp\www\ChildrenPlatform\ThinkPHP\Library\Think\Model.class.php 第 222 行.
SQL: SELECT `type` FROM `maintype` WHERE ( m_id = 1 ) LIMIT 1   [ RunTime:0.0003s ]
NOTIC: [8] Undefined offset: 0 E:\wamp\www\ChildrenPlatform\ThinkPHP\Library\Think\Model.class.php 第 222 行.
SQL: SELECT `type` FROM `2lvtype` WHERE ( s_id = 2 ) LIMIT 1   [ RunTime:0.0004s ]
NOTIC: [8] Undefined offset: 0 E:\wamp\www\ChildrenPlatform\ThinkPHP\Library\Think\Model.class.php 第 222 行.
SQL: SELECT `type` FROM `maintype` WHERE ( m_id = 1 ) LIMIT 1   [ RunTime:0.0006s ]
NOTIC: [8] Undefined offset: 0 E:\wamp\www\ChildrenPlatform\ThinkPHP\Library\Think\Model.class.php 第 222 行.
SQL: SELECT `type` FROM `2lvtype` WHERE ( s_id = 3 ) LIMIT 1   [ RunTime:0.0006s ]

[ 2018-03-27T20:58:04+08:00 ] 192.168.43.220 /ChildrenPlatform/api.php/Api/Home/type?id=4
SQL: SHOW COLUMNS FROM `items` [ RunTime:0.0717s ]
SQL: SELECT * FROM `items` WHERE ( m_id = 4 ) ORDER BY hint desc  [ RunTime:0.0006s ]
SQL: SHOW COLUMNS FROM `maintype` [ RunTime:0.1634s ]
NOTIC: [8] Undefined offset: 0 E:\wamp\www\ChildrenPlatform\ThinkPHP\Library\Think\Model.class.php 第 222 行.
SQL: SELECT `type` FROM `maintype` WHERE ( m_id = 4 ) LIMIT 1   [ RunTime:0.0003s ]
SQL: SHOW COLUMNS FROM `2lvtype` [ RunTime:0.0576s ]
NOTIC: [8] Undefined offset: 0 E:\wamp\www\ChildrenPlatform\ThinkPHP\Library\Think\Model.class.php 第 222 行.
SQL: SELECT `type` FROM `2lvtype` WHERE ( s_id = 13 ) LIMIT 1   [ RunTime:0.0003s ]
NOTIC: [8] Undefined offset: 0 E:\wamp\www\ChildrenPlatform\ThinkPHP\Library\Think\Model.class.php 第 222 行.
SQL: SELECT `type` FROM `maintype` WHERE ( m_id = 4 ) LIMIT 1   [ RunTime:0.0003s ]
NOTIC: [8] Undefined offset: 0 E:\wamp\www\ChildrenPlatform\ThinkPHP\Library\Think\Model.class.php 第 222 行.
SQL: SELECT `type` FROM `2lvtype` WHERE ( s_id = 13 ) LIMIT 1   [ RunTime:0.0003s ]
NOTIC: [8] Undefined offset: 0 E:\wamp\www\ChildrenPlatform\ThinkPHP\Library\Think\Model.class.php 第 222 行.
SQL: SELECT `type` FROM `maintype` WHERE ( m_id = 4 ) LIMIT 1   [ RunTime:0.0003s ]
NOTIC: [8] Undefined offset: 0 E:\wamp\www\ChildrenPlatform\ThinkPHP\Library\Think\Model.class.php 第 222 行.
SQL: SELECT `type` FROM `2lvtype` WHERE ( s_id = 13 ) LIMIT 1   [ RunTime:0.0009s ]
NOTIC: [8] Undefined offset: 0 E:\wamp\www\ChildrenPlatform\ThinkPHP\Library\Think\Model.class.php 第 222 行.
SQL: SELECT `type` FROM `maintype` WHERE ( m_id = 4 ) LIMIT 1   [ RunTime:0.0003s ]
NOTIC: [8] Undefined offset: 0 E:\wamp\www\ChildrenPlatform\ThinkPHP\Library\Think\Model.class.php 第 222 行.
SQL: SELECT `type` FROM `2lvtype` WHERE ( s_id = 13 ) LIMIT 1   [ RunTime:0.0013s ]
NOTIC: [8] Undefined offset: 0 E:\wamp\www\ChildrenPlatform\ThinkPHP\Library\Think\Model.class.php 第 222 行.
SQL: SELECT `type` FROM `maintype` WHERE ( m_id = 4 ) LIMIT 1   [ RunTime:0.0004s ]
NOTIC: [8] Undefined offset: 0 E:\wamp\www\ChildrenPlatform\ThinkPHP\Library\Think\Model.class.php 第 222 行.
SQL: SELECT `type` FROM `2lvtype` WHERE ( s_id = 14 ) LIMIT 1   [ RunTime:0.0003s ]

[ 2018-03-27T20:58:04+08:00 ] 192.168.43.220 /ChildrenPlatform/api.php/Api/Home/type?id=3
SQL: SHOW COLUMNS FROM `items` [ RunTime:0.0703s ]
SQL: SELECT * FROM `items` WHERE ( m_id = 3 ) ORDER BY hint desc  [ RunTime:0.0008s ]
SQL: SHOW COLUMNS FROM `maintype` [ RunTime:0.1711s ]
NOTIC: [8] Undefined offset: 0 E:\wamp\www\ChildrenPlatform\ThinkPHP\Library\Think\Model.class.php 第 222 行.
SQL: SELECT `type` FROM `maintype` WHERE ( m_id = 3 ) LIMIT 1   [ RunTime:0.0009s ]
SQL: SHOW COLUMNS FROM `2lvtype` [ RunTime:0.0581s ]
NOTIC: [8] Undefined offset: 0 E:\wamp\www\ChildrenPlatform\ThinkPHP\Library\Think\Model.class.php 第 222 行.
SQL: SELECT `type` FROM `2lvtype` WHERE ( s_id = 12 ) LIMIT 1   [ RunTime:0.0004s ]
NOTIC: [8] Undefined offset: 0 E:\wamp\www\ChildrenPlatform\ThinkPHP\Library\Think\Model.class.php 第 222 行.
SQL: SELECT `type` FROM `maintype` WHERE ( m_id = 3 ) LIMIT 1   [ RunTime:0.0005s ]
NOTIC: [8] Undefined offset: 0 E:\wamp\www\ChildrenPlatform\ThinkPHP\Library\Think\Model.class.php 第 222 行.
SQL: SELECT `type` FROM `2lvtype` WHERE ( s_id = 12 ) LIMIT 1   [ RunTime:0.0003s ]
NOTIC: [8] Undefined offset: 0 E:\wamp\www\ChildrenPlatform\ThinkPHP\Library\Think\Model.class.php 第 222 行.
SQL: SELECT `type` FROM `maintype` WHERE ( m_id = 3 ) LIMIT 1   [ RunTime:0.0003s ]
NOTIC: [8] Undefined offset: 0 E:\wamp\www\ChildrenPlatform\ThinkPHP\Library\Think\Model.class.php 第 222 行.
SQL: SELECT `type` FROM `2lvtype` WHERE ( s_id = 11 ) LIMIT 1   [ RunTime:0.0003s ]
NOTIC: [8] Undefined offset: 0 E:\wamp\www\ChildrenPlatform\ThinkPHP\Library\Think\Model.class.php 第 222 行.
SQL: SELECT `type` FROM `maintype` WHERE ( m_id = 3 ) LIMIT 1   [ RunTime:0.0003s ]
NOTIC: [8] Undefined offset: 0 E:\wamp\www\ChildrenPlatform\ThinkPHP\Library\Think\Model.class.php 第 222 行.
SQL: SELECT `type` FROM `2lvtype` WHERE ( s_id = 10 ) LIMIT 1   [ RunTime:0.0003s ]
NOTIC: [8] Undefined offset: 0 E:\wamp\www\ChildrenPlatform\ThinkPHP\Library\Think\Model.class.php 第 222 行.
SQL: SELECT `type` FROM `maintype` WHERE ( m_id = 3 ) LIMIT 1   [ RunTime:0.0005s ]
NOTIC: [8] Undefined offset: 0 E:\wamp\www\ChildrenPlatform\ThinkPHP\Library\Think\Model.class.php 第 222 行.
SQL: SELECT `type` FROM `2lvtype` WHERE ( s_id = 16 ) LIMIT 1   [ RunTime:0.0008s ]
NOTIC: [8] Undefined offset: 0 E:\wamp\www\ChildrenPlatform\ThinkPHP\Library\Think\Model.class.php 第 222 行.
SQL: SELECT `type` FROM `maintype` WHERE ( m_id = 3 ) LIMIT 1   [ RunTime:0.0004s ]
NOTIC: [8] Undefined offset: 0 E:\wamp\www\ChildrenPlatform\ThinkPHP\Library\Think\Model.class.php 第 222 行.
SQL: SELECT `type` FROM `2lvtype` WHERE ( s_id = 16 ) LIMIT 1   [ RunTime:0.0004s ]
NOTIC: [8] Undefined offset: 0 E:\wamp\www\ChildrenPlatform\ThinkPHP\Library\Think\Model.class.php 第 222 行.
SQL: SELECT `type` FROM `maintype` WHERE ( m_id = 3 ) LIMIT 1   [ RunTime:0.0003s ]
NOTIC: [8] Undefined offset: 0 E:\wamp\www\ChildrenPlatform\ThinkPHP\Library\Think\Model.class.php 第 222 行.
SQL: SELECT `type` FROM `2lvtype` WHERE ( s_id = 12 ) LIMIT 1   [ RunTime:0.0003s ]

[ 2018-03-27T20:58:04+08:00 ] 192.168.43.220 /ChildrenPlatform/api.php/Api/Home/comp
SQL: SHOW COLUMNS FROM `items` [ RunTime:0.0381s ]
SQL: SELECT * FROM `items` ORDER BY hint desc  [ RunTime:0.0300s ]
SQL: SHOW COLUMNS FROM `maintype` [ RunTime:0.1594s ]
NOTIC: [8] Undefined offset: 0 E:\wamp\www\ChildrenPlatform\ThinkPHP\Library\Think\Model.class.php 第 222 行.
SQL: SELECT `type` FROM `maintype` WHERE ( m_id = 2 ) LIMIT 1   [ RunTime:0.0004s ]
SQL: SHOW COLUMNS FROM `2lvtype` [ RunTime:0.0725s ]
NOTIC: [8] Undefined offset: 0 E:\wamp\www\ChildrenPlatform\ThinkPHP\Library\Think\Model.class.php 第 222 行.
SQL: SELECT `type` FROM `2lvtype` WHERE ( s_id = 8 ) LIMIT 1   [ RunTime:0.0007s ]
NOTIC: [8] Undefined offset: 0 E:\wamp\www\ChildrenPlatform\ThinkPHP\Library\Think\Model.class.php 第 222 行.
SQL: SELECT `type` FROM `maintype` WHERE ( m_id = 2 ) LIMIT 1   [ RunTime:0.0004s ]
NOTIC: [8] Undefined offset: 0 E:\wamp\www\ChildrenPlatform\ThinkPHP\Library\Think\Model.class.php 第 222 行.
SQL: SELECT `type` FROM `2lvtype` WHERE ( s_id = 8 ) LIMIT 1   [ RunTime:0.0004s ]
NOTIC: [8] Undefined offset: 0 E:\wamp\www\ChildrenPlatform\ThinkPHP\Library\Think\Model.class.php 第 222 行.
SQL: SELECT `type` FROM `maintype` WHERE ( m_id = 3 ) LIMIT 1   [ RunTime:0.0003s ]
NOTIC: [8] Undefined offset: 0 E:\wamp\www\ChildrenPlatform\ThinkPHP\Library\Think\Model.class.php 第 222 行.
SQL: SELECT `type` FROM `2lvtype` WHERE ( s_id = 12 ) LIMIT 1   [ RunTime:0.0003s ]
NOTIC: [8] Undefined offset: 0 E:\wamp\www\ChildrenPlatform\ThinkPHP\Library\Think\Model.class.php 第 222 行.
SQL: SELECT `type` FROM `maintype` WHERE ( m_id = 2 ) LIMIT 1   [ RunTime:0.0003s ]
NOTIC: [8] Undefined offset: 0 E:\wamp\www\ChildrenPlatform\ThinkPHP\Library\Think\Model.class.php 第 222 行.
SQL: SELECT `type` FROM `2lvtype` WHERE ( s_id = 8 ) LIMIT 1   [ RunTime:0.0003s ]
NOTIC: [8] Undefined offset: 0 E:\wamp\www\ChildrenPlatform\ThinkPHP\Library\Think\Model.class.php 第 222 行.
SQL: SELECT `type` FROM `maintype` WHERE ( m_id = 3 ) LIMIT 1   [ RunTime:0.0003s ]
NOTIC: [8] Undefined offset: 0 E:\wamp\www\ChildrenPlatform\ThinkPHP\Library\Think\Model.class.php 第 222 行.
SQL: SELECT `type` FROM `2lvtype` WHERE ( s_id = 12 ) LIMIT 1   [ RunTime:0.0003s ]
NOTIC: [8] Undefined offset: 0 E:\wamp\www\ChildrenPlatform\ThinkPHP\Library\Think\Model.class.php 第 222 行.
SQL: SELECT `type` FROM `maintype` WHERE ( m_id = 3 ) LIMIT 1   [ RunTime:0.0003s ]
NOTIC: [8] Undefined offset: 0 E:\wamp\www\ChildrenPlatform\ThinkPHP\Library\Think\Model.class.php 第 222 行.
SQL: SELECT `type` FROM `2lvtype` WHERE ( s_id = 11 ) LIMIT 1   [ RunTime:0.0004s ]
NOTIC: [8] Undefined offset: 0 E:\wamp\www\ChildrenPlatform\ThinkPHP\Library\Think\Model.class.php 第 222 行.
SQL: SELECT `type` FROM `maintype` WHERE ( m_id = 2 ) LIMIT 1   [ RunTime:0.0003s ]
NOTIC: [8] Undefined offset: 0 E:\wamp\www\ChildrenPlatform\ThinkPHP\Library\Think\Model.class.php 第 222 行.
SQL: SELECT `type` FROM `2lvtype` WHERE ( s_id = 7 ) LIMIT 1   [ RunTime:0.0003s ]
NOTIC: [8] Undefined offset: 0 E:\wamp\www\ChildrenPlatform\ThinkPHP\Library\Think\Model.class.php 第 222 行.
SQL: SELECT `type` FROM `maintype` WHERE ( m_id = 3 ) LIMIT 1   [ RunTime:0.0003s ]
NOTIC: [8] Undefined offset: 0 E:\wamp\www\ChildrenPlatform\ThinkPHP\Library\Think\Model.class.php 第 222 行.
SQL: SELECT `type` FROM `2lvtype` WHERE ( s_id = 10 ) LIMIT 1   [ RunTime:0.0003s ]
NOTIC: [8] Undefined offset: 0 E:\wamp\www\ChildrenPlatform\ThinkPHP\Library\Think\Model.class.php 第 222 行.
SQL: SELECT `type` FROM `maintype` WHERE ( m_id = 1 ) LIMIT 1   [ RunTime:0.0003s ]
NOTIC: [8] Undefined offset: 0 E:\wamp\www\ChildrenPlatform\ThinkPHP\Library\Think\Model.class.php 第 222 行.
SQL: SELECT `type` FROM `2lvtype` WHERE ( s_id = 3 ) LIMIT 1   [ RunTime:0.0002s ]
NOTIC: [8] Undefined offset: 0 E:\wamp\www\ChildrenPlatform\ThinkPHP\Library\Think\Model.class.php 第 222 行.
SQL: SELECT `type` FROM `maintype` WHERE ( m_id = 2 ) LIMIT 1   [ RunTime:0.0003s ]
NOTIC: [8] Undefined offset: 0 E:\wamp\www\ChildrenPlatform\ThinkPHP\Library\Think\Model.class.php 第 222 行.
SQL: SELECT `type` FROM `2lvtype` WHERE ( s_id = 6 ) LIMIT 1   [ RunTime:0.0003s ]
NOTIC: [8] Undefined offset: 0 E:\wamp\www\ChildrenPlatform\ThinkPHP\Library\Think\Model.class.php 第 222 行.
SQL: SELECT `type` FROM `maintype` WHERE ( m_id = 1 ) LIMIT 1   [ RunTime:0.0003s ]
NOTIC: [8] Undefined offset: 0 E:\wamp\www\ChildrenPlatform\ThinkPHP\Library\Think\Model.class.php 第 222 行.
SQL: SELECT `type` FROM `2lvtype` WHERE ( s_id = 3 ) LIMIT 1   [ RunTime:0.0003s ]
NOTIC: [8] Undefined offset: 0 E:\wamp\www\ChildrenPlatform\ThinkPHP\Library\Think\Model.class.php 第 222 行.
SQL: SELECT `type` FROM `maintype` WHERE ( m_id = 2 ) LIMIT 1   [ RunTime:0.0003s ]
NOTIC: [8] Undefined offset: 0 E:\wamp\www\ChildrenPlatform\ThinkPHP\Library\Think\Model.class.php 第 222 行.
SQL: SELECT `type` FROM `2lvtype` WHERE ( s_id = 8 ) LIMIT 1   [ RunTime:0.0003s ]
NOTIC: [8] Undefined offset: 0 E:\wamp\www\ChildrenPlatform\ThinkPHP\Library\Think\Model.class.php 第 222 行.
SQL: SELECT `type` FROM `maintype` WHERE ( m_id = 2 ) LIMIT 1   [ RunTime:0.0005s ]
NOTIC: [8] Undefined offset: 0 E:\wamp\www\ChildrenPlatform\ThinkPHP\Library\Think\Model.class.php 第 222 行.
SQL: SELECT `type` FROM `2lvtype` WHERE ( s_id = 9 ) LIMIT 1   [ RunTime:0.0005s ]
NOTIC: [8] Undefined offset: 0 E:\wamp\www\ChildrenPlatform\ThinkPHP\Library\Think\Model.class.php 第 222 行.
SQL: SELECT `type` FROM `maintype` WHERE ( m_id = 3 ) LIMIT 1   [ RunTime:0.0013s ]
NOTIC: [8] Undefined offset: 0 E:\wamp\www\ChildrenPlatform\ThinkPHP\Library\Think\Model.class.php 第 222 行.
SQL: SELECT `type` FROM `2lvtype` WHERE ( s_id = 16 ) LIMIT 1   [ RunTime:0.0003s ]
NOTIC: [8] Undefined offset: 0 E:\wamp\www\ChildrenPlatform\ThinkPHP\Library\Think\Model.class.php 第 222 行.
SQL: SELECT `type` FROM `maintype` WHERE ( m_id = 4 ) LIMIT 1   [ RunTime:0.0003s ]
NOTIC: [8] Undefined offset: 0 E:\wamp\www\ChildrenPlatform\ThinkPHP\Library\Think\Model.class.php 第 222 行.
SQL: SELECT `type` FROM `2lvtype` WHERE ( s_id = 13 ) LIMIT 1   [ RunTime:0.0004s ]
NOTIC: [8] Undefined offset: 0 E:\wamp\www\ChildrenPlatform\ThinkPHP\Library\Think\Model.class.php 第 222 行.
SQL: SELECT `type` FROM `maintype` WHERE ( m_id = 1 ) LIMIT 1   [ RunTime:0.0005s ]
NOTIC: [8] Undefined offset: 0 E:\wamp\www\ChildrenPlatform\ThinkPHP\Library\Think\Model.class.php 第 222 行.
SQL: SELECT `type` FROM `2lvtype` WHERE ( s_id = 1 ) LIMIT 1   [ RunTime:0.0004s ]
NOTIC: [8] Undefined offset: 0 E:\wamp\www\ChildrenPlatform\ThinkPHP\Library\Think\Model.class.php 第 222 行.
SQL: SELECT `type` FROM `maintype` WHERE ( m_id = 1 ) LIMIT 1   [ RunTime:0.0003s ]
NOTIC: [8] Undefined offset: 0 E:\wamp\www\ChildrenPlatform\ThinkPHP\Library\Think\Model.class.php 第 222 行.
SQL: SELECT `type` FROM `2lvtype` WHERE ( s_id = 4 ) LIMIT 1   [ RunTime:0.0008s ]
NOTIC: [8] Undefined offset: 0 E:\wamp\www\ChildrenPlatform\ThinkPHP\Library\Think\Model.class.php 第 222 行.
SQL: SELECT `type` FROM `maintype` WHERE ( m_id = 2 ) LIMIT 1   [ RunTime:0.0004s ]
NOTIC: [8] Undefined offset: 0 E:\wamp\www\ChildrenPlatform\ThinkPHP\Library\Think\Model.class.php 第 222 行.
SQL: SELECT `type` FROM `2lvtype` WHERE ( s_id = 8 ) LIMIT 1   [ RunTime:0.0004s ]
NOTIC: [8] Undefined offset: 0 E:\wamp\www\ChildrenPlatform\ThinkPHP\Library\Think\Model.class.php 第 222 行.
SQL: SELECT `type` FROM `maintype` WHERE ( m_id = 4 ) LIMIT 1   [ RunTime:0.0004s ]
NOTIC: [8] Undefined offset: 0 E:\wamp\www\ChildrenPlatform\ThinkPHP\Library\Think\Model.class.php 第 222 行.
SQL: SELECT `type` FROM `2lvtype` WHERE ( s_id = 13 ) LIMIT 1   [ RunTime:0.0004s ]
NOTIC: [8] Undefined offset: 0 E:\wamp\www\ChildrenPlatform\ThinkPHP\Library\Think\Model.class.php 第 222 行.
SQL: SELECT `type` FROM `maintype` WHERE ( m_id = 3 ) LIMIT 1   [ RunTime:0.0016s ]
NOTIC: [8] Undefined offset: 0 E:\wamp\www\ChildrenPlatform\ThinkPHP\Library\Think\Model.class.php 第 222 行.
SQL: SELECT `type` FROM `2lvtype` WHERE ( s_id = 16 ) LIMIT 1   [ RunTime:0.0005s ]
NOTIC: [8] Undefined offset: 0 E:\wamp\www\ChildrenPlatform\ThinkPHP\Library\Think\Model.class.php 第 222 行.
SQL: SELECT `type` FROM `maintype` WHERE ( m_id = 3 ) LIMIT 1   [ RunTime:0.0004s ]
NOTIC: [8] Undefined offset: 0 E:\wamp\www\ChildrenPlatform\ThinkPHP\Library\Think\Model.class.php 第 222 行.
SQL: SELECT `type` FROM `2lvtype` WHERE ( s_id = 12 ) LIMIT 1   [ RunTime:0.0003s ]
NOTIC: [8] Undefined offset: 0 E:\wamp\www\ChildrenPlatform\ThinkPHP\Library\Think\Model.class.php 第 222 行.
SQL: SELECT `type` FROM `maintype` WHERE ( m_id = 4 ) LIMIT 1   [ RunTime:0.0003s ]
NOTIC: [8] Undefined offset: 0 E:\wamp\www\ChildrenPlatform\ThinkPHP\Library\Think\Model.class.php 第 222 行.
SQL: SELECT `type` FROM `2lvtype` WHERE ( s_id = 13 ) LIMIT 1   [ RunTime:0.0003s ]
NOTIC: [8] Undefined offset: 0 E:\wamp\www\ChildrenPlatform\ThinkPHP\Library\Think\Model.class.php 第 222 行.
SQL: SELECT `type` FROM `maintype` WHERE ( m_id = 1 ) LIMIT 1   [ RunTime:0.0003s ]
NOTIC: [8] Undefined offset: 0 E:\wamp\www\ChildrenPlatform\ThinkPHP\Library\Think\Model.class.php 第 222 行.
SQL: SELECT `type` FROM `2lvtype` WHERE ( s_id = 2 ) LIMIT 1   [ RunTime:0.0003s ]
NOTIC: [8] Undefined offset: 0 E:\wamp\www\ChildrenPlatform\ThinkPHP\Library\Think\Model.class.php 第 222 行.
SQL: SELECT `type` FROM `maintype` WHERE ( m_id = 2 ) LIMIT 1   [ RunTime:0.0003s ]
NOTIC: [8] Undefined offset: 0 E:\wamp\www\ChildrenPlatform\ThinkPHP\Library\Think\Model.class.php 第 222 行.
SQL: SELECT `type` FROM `2lvtype` WHERE ( s_id = 6 ) LIMIT 1   [ RunTime:0.0003s ]
NOTIC: [8] Undefined offset: 0 E:\wamp\www\ChildrenPlatform\ThinkPHP\Library\Think\Model.class.php 第 222 行.
SQL: SELECT `type` FROM `maintype` WHERE ( m_id = 4 ) LIMIT 1   [ RunTime:0.0003s ]
NOTIC: [8] Undefined offset: 0 E:\wamp\www\ChildrenPlatform\ThinkPHP\Library\Think\Model.class.php 第 222 行.
SQL: SELECT `type` FROM `2lvtype` WHERE ( s_id = 13 ) LIMIT 1   [ RunTime:0.0003s ]
NOTIC: [8] Undefined offset: 0 E:\wamp\www\ChildrenPlatform\ThinkPHP\Library\Think\Model.class.php 第 222 行.
SQL: SELECT `type` FROM `maintype` WHERE ( m_id = 1 ) LIMIT 1   [ RunTime:0.0003s ]
NOTIC: [8] Undefined offset: 0 E:\wamp\www\ChildrenPlatform\ThinkPHP\Library\Think\Model.class.php 第 222 行.
SQL: SELECT `type` FROM `2lvtype` WHERE ( s_id = 3 ) LIMIT 1   [ RunTime:0.0008s ]
NOTIC: [8] Undefined offset: 0 E:\wamp\www\ChildrenPlatform\ThinkPHP\Library\Think\Model.class.php 第 222 行.
SQL: SELECT `type` FROM `maintype` WHERE ( m_id = 4 ) LIMIT 1   [ RunTime:0.0004s ]
NOTIC: [8] Undefined offset: 0 E:\wamp\www\ChildrenPlatform\ThinkPHP\Library\Think\Model.class.php 第 222 行.
SQL: SELECT `type` FROM `2lvtype` WHERE ( s_id = 14 ) LIMIT 1   [ RunTime:0.0003s ]

