[ 2017-10-20T12:25:25+08:00 ] 127.0.0.1 /ChildrenPlatform/
INFO: [ app_init ] --START--
INFO: Run Behavior\BuildLiteBehavior [ RunTime:0.000030s ]
INFO: [ app_init ] --END-- [ RunTime:0.000590s ]
INFO: [ app_begin ] --START--
INFO: Run Behavior\ReadHtmlCacheBehavior [ RunTime:0.000713s ]
INFO: [ app_begin ] --END-- [ RunTime:0.000830s ]
SQL: SHOW COLUMNS FROM `maintype` [ RunTime:0.0305s ]
SQL: SHOW COLUMNS FROM `2lvtype` [ RunTime:0.0192s ]
SQL: SELECT * FROM `maintype`  [ RunTime:0.0005s ]
NOTIC: [8] Undefined offset: 0 E:\wamp\www\ChildrenPlatform\ThinkPHP\Library\Think\Model.class.php 第 222 行.
SQL: SELECT * FROM `2lvtype` WHERE ( m_id = 1 )  [ RunTime:0.0005s ]
NOTIC: [8] Undefined offset: 0 E:\wamp\www\ChildrenPlatform\ThinkPHP\Library\Think\Model.class.php 第 222 行.
SQL: SELECT * FROM `2lvtype` WHERE ( m_id = 2 )  [ RunTime:0.0005s ]
NOTIC: [8] Undefined offset: 0 E:\wamp\www\ChildrenPlatform\ThinkPHP\Library\Think\Model.class.php 第 222 行.
SQL: SELECT * FROM `2lvtype` WHERE ( m_id = 3 )  [ RunTime:0.0004s ]
NOTIC: [8] Undefined offset: 0 E:\wamp\www\ChildrenPlatform\ThinkPHP\Library\Think\Model.class.php 第 222 行.
SQL: SELECT * FROM `2lvtype` WHERE ( m_id = 4 )  [ RunTime:0.0004s ]
SQL: SELECT * FROM `2lvtype` ORDER BY hint desc LIMIT 12   [ RunTime:0.0004s ]
SQL: SHOW COLUMNS FROM `search` [ RunTime:0.1291s ]
SQL: SELECT * FROM `search` ORDER BY time desc LIMIT 8   [ RunTime:0.0013s ]
SQL: SHOW COLUMNS FROM `items` [ RunTime:0.0408s ]
SQL: SELECT * FROM `items` ORDER BY hint desc LIMIT 3   [ RunTime:0.0015s ]
INFO: [ view_parse ] --START--
INFO: [ template_filter ] --START--
INFO: Run Behavior\ContentReplaceBehavior [ RunTime:0.000766s ]
INFO: [ template_filter ] --END-- [ RunTime:0.000866s ]
NOTIC: [8] Undefined index: u_id E:\wamp\www\ChildrenPlatform\Application\Runtime\Cache\Home\2a94b8bda04ff446dcedd42276fc99ee.php 第 70 行.
NOTIC: [8] Use of undefined constant voo - assumed 'voo' E:\wamp\www\ChildrenPlatform\Application\Runtime\Cache\Home\2a94b8bda04ff446dcedd42276fc99ee.php 第 852 行.
NOTIC: [8] Use of undefined constant voo - assumed 'voo' E:\wamp\www\ChildrenPlatform\Application\Runtime\Cache\Home\2a94b8bda04ff446dcedd42276fc99ee.php 第 852 行.
NOTIC: [8] Use of undefined constant voo - assumed 'voo' E:\wamp\www\ChildrenPlatform\Application\Runtime\Cache\Home\2a94b8bda04ff446dcedd42276fc99ee.php 第 852 行.
NOTIC: [8] Use of undefined constant voo - assumed 'voo' E:\wamp\www\ChildrenPlatform\Application\Runtime\Cache\Home\2a94b8bda04ff446dcedd42276fc99ee.php 第 852 行.
NOTIC: [8] Use of undefined constant voo - assumed 'voo' E:\wamp\www\ChildrenPlatform\Application\Runtime\Cache\Home\2a94b8bda04ff446dcedd42276fc99ee.php 第 852 行.
NOTIC: [8] Use of undefined constant voo - assumed 'voo' E:\wamp\www\ChildrenPlatform\Application\Runtime\Cache\Home\2a94b8bda04ff446dcedd42276fc99ee.php 第 852 行.
NOTIC: [8] Use of undefined constant voo - assumed 'voo' E:\wamp\www\ChildrenPlatform\Application\Runtime\Cache\Home\2a94b8bda04ff446dcedd42276fc99ee.php 第 852 行.
NOTIC: [8] Use of undefined constant voo - assumed 'voo' E:\wamp\www\ChildrenPlatform\Application\Runtime\Cache\Home\2a94b8bda04ff446dcedd42276fc99ee.php 第 852 行.
INFO: Run Behavior\ParseTemplateBehavior [ RunTime:0.108459s ]
INFO: [ view_parse ] --END-- [ RunTime:0.108625s ]
INFO: [ view_filter ] --START--
INFO: Run Behavior\WriteHtmlCacheBehavior [ RunTime:0.000399s ]
INFO: [ view_filter ] --END-- [ RunTime:0.000476s ]
INFO: [ app_end ] --START--
INFO: Run Behavior\ShowPageTraceBehavior [ RunTime:0.000545s ]
INFO: [ app_end ] --END-- [ RunTime:0.000627s ]

[ 2017-10-20T13:31:12+08:00 ] 127.0.0.1 /ChildrenPlatform/
INFO: [ app_init ] --START--
INFO: Run Behavior\BuildLiteBehavior [ RunTime:0.000033s ]
INFO: [ app_init ] --END-- [ RunTime:0.000677s ]
INFO: [ app_begin ] --START--
INFO: Run Behavior\ReadHtmlCacheBehavior [ RunTime:0.001255s ]
INFO: [ app_begin ] --END-- [ RunTime:0.001415s ]
SQL: SHOW COLUMNS FROM `maintype` [ RunTime:0.0942s ]
SQL: SHOW COLUMNS FROM `2lvtype` [ RunTime:0.0247s ]
SQL: SELECT * FROM `maintype`  [ RunTime:0.0006s ]
NOTIC: [8] Undefined offset: 0 E:\wamp\www\ChildrenPlatform\ThinkPHP\Library\Think\Model.class.php 第 222 行.
SQL: SELECT * FROM `2lvtype` WHERE ( m_id = 1 )  [ RunTime:0.0006s ]
NOTIC: [8] Undefined offset: 0 E:\wamp\www\ChildrenPlatform\ThinkPHP\Library\Think\Model.class.php 第 222 行.
SQL: SELECT * FROM `2lvtype` WHERE ( m_id = 2 )  [ RunTime:0.0006s ]
NOTIC: [8] Undefined offset: 0 E:\wamp\www\ChildrenPlatform\ThinkPHP\Library\Think\Model.class.php 第 222 行.
SQL: SELECT * FROM `2lvtype` WHERE ( m_id = 3 )  [ RunTime:0.0005s ]
NOTIC: [8] Undefined offset: 0 E:\wamp\www\ChildrenPlatform\ThinkPHP\Library\Think\Model.class.php 第 222 行.
SQL: SELECT * FROM `2lvtype` WHERE ( m_id = 4 )  [ RunTime:0.0005s ]
SQL: SELECT * FROM `2lvtype` ORDER BY hint desc LIMIT 12   [ RunTime:0.0005s ]
SQL: SHOW COLUMNS FROM `search` [ RunTime:0.0181s ]
SQL: SELECT * FROM `search` ORDER BY time desc LIMIT 8   [ RunTime:0.0005s ]
SQL: SHOW COLUMNS FROM `items` [ RunTime:0.0180s ]
SQL: SELECT * FROM `items` ORDER BY hint desc LIMIT 3   [ RunTime:0.0005s ]
INFO: [ view_parse ] --START--
INFO: [ template_filter ] --START--
INFO: Run Behavior\ContentReplaceBehavior [ RunTime:0.000762s ]
INFO: [ template_filter ] --END-- [ RunTime:0.000865s ]
NOTIC: [8] Undefined index: u_id E:\wamp\www\ChildrenPlatform\Application\Runtime\Cache\Home\2a94b8bda04ff446dcedd42276fc99ee.php 第 70 行.
NOTIC: [8] Use of undefined constant voo - assumed 'voo' E:\wamp\www\ChildrenPlatform\Application\Runtime\Cache\Home\2a94b8bda04ff446dcedd42276fc99ee.php 第 852 行.
NOTIC: [8] Use of undefined constant voo - assumed 'voo' E:\wamp\www\ChildrenPlatform\Application\Runtime\Cache\Home\2a94b8bda04ff446dcedd42276fc99ee.php 第 852 行.
NOTIC: [8] Use of undefined constant voo - assumed 'voo' E:\wamp\www\ChildrenPlatform\Application\Runtime\Cache\Home\2a94b8bda04ff446dcedd42276fc99ee.php 第 852 行.
NOTIC: [8] Use of undefined constant voo - assumed 'voo' E:\wamp\www\ChildrenPlatform\Application\Runtime\Cache\Home\2a94b8bda04ff446dcedd42276fc99ee.php 第 852 行.
NOTIC: [8] Use of undefined constant voo - assumed 'voo' E:\wamp\www\ChildrenPlatform\Application\Runtime\Cache\Home\2a94b8bda04ff446dcedd42276fc99ee.php 第 852 行.
NOTIC: [8] Use of undefined constant voo - assumed 'voo' E:\wamp\www\ChildrenPlatform\Application\Runtime\Cache\Home\2a94b8bda04ff446dcedd42276fc99ee.php 第 852 行.
NOTIC: [8] Use of undefined constant voo - assumed 'voo' E:\wamp\www\ChildrenPlatform\Application\Runtime\Cache\Home\2a94b8bda04ff446dcedd42276fc99ee.php 第 852 行.
NOTIC: [8] Use of undefined constant voo - assumed 'voo' E:\wamp\www\ChildrenPlatform\Application\Runtime\Cache\Home\2a94b8bda04ff446dcedd42276fc99ee.php 第 852 行.
INFO: Run Behavior\ParseTemplateBehavior [ RunTime:0.038562s ]
INFO: [ view_parse ] --END-- [ RunTime:0.038662s ]
INFO: [ view_filter ] --START--
INFO: Run Behavior\WriteHtmlCacheBehavior [ RunTime:0.000545s ]
INFO: [ view_filter ] --END-- [ RunTime:0.000624s ]
INFO: [ app_end ] --START--
INFO: Run Behavior\ShowPageTraceBehavior [ RunTime:0.000689s ]
INFO: [ app_end ] --END-- [ RunTime:0.000770s ]

[ 2017-10-20T13:31:40+08:00 ] 127.0.0.1 /ChildrenPlatform/
INFO: [ app_init ] --START--
INFO: Run Behavior\BuildLiteBehavior [ RunTime:0.000026s ]
INFO: [ app_init ] --END-- [ RunTime:0.000495s ]
INFO: [ app_begin ] --START--
INFO: Run Behavior\ReadHtmlCacheBehavior [ RunTime:0.000676s ]
INFO: [ app_begin ] --END-- [ RunTime:0.000792s ]
SQL: SHOW COLUMNS FROM `maintype` [ RunTime:0.0355s ]
SQL: SHOW COLUMNS FROM `2lvtype` [ RunTime:0.0199s ]
SQL: SELECT * FROM `maintype`  [ RunTime:0.0004s ]
NOTIC: [8] Undefined offset: 0 E:\wamp\www\ChildrenPlatform\ThinkPHP\Library\Think\Model.class.php 第 222 行.
SQL: SELECT * FROM `2lvtype` WHERE ( m_id = 1 )  [ RunTime:0.0004s ]
NOTIC: [8] Undefined offset: 0 E:\wamp\www\ChildrenPlatform\ThinkPHP\Library\Think\Model.class.php 第 222 行.
SQL: SELECT * FROM `2lvtype` WHERE ( m_id = 2 )  [ RunTime:0.0005s ]
NOTIC: [8] Undefined offset: 0 E:\wamp\www\ChildrenPlatform\ThinkPHP\Library\Think\Model.class.php 第 222 行.
SQL: SELECT * FROM `2lvtype` WHERE ( m_id = 3 )  [ RunTime:0.0004s ]
NOTIC: [8] Undefined offset: 0 E:\wamp\www\ChildrenPlatform\ThinkPHP\Library\Think\Model.class.php 第 222 行.
SQL: SELECT * FROM `2lvtype` WHERE ( m_id = 4 )  [ RunTime:0.0004s ]
SQL: SELECT * FROM `2lvtype` ORDER BY hint desc LIMIT 12   [ RunTime:0.0005s ]
SQL: SHOW COLUMNS FROM `search` [ RunTime:0.0141s ]
SQL: SELECT * FROM `search` ORDER BY time desc LIMIT 8   [ RunTime:0.0003s ]
SQL: SHOW COLUMNS FROM `items` [ RunTime:0.0106s ]
SQL: SELECT * FROM `items` ORDER BY hint desc LIMIT 3   [ RunTime:0.0004s ]
INFO: [ view_parse ] --START--
INFO: [ template_filter ] --START--
INFO: Run Behavior\ContentReplaceBehavior [ RunTime:0.000755s ]
INFO: [ template_filter ] --END-- [ RunTime:0.000854s ]
NOTIC: [8] Undefined index: u_id E:\wamp\www\ChildrenPlatform\Application\Runtime\Cache\Home\2a94b8bda04ff446dcedd42276fc99ee.php 第 70 行.
NOTIC: [8] Use of undefined constant voo - assumed 'voo' E:\wamp\www\ChildrenPlatform\Application\Runtime\Cache\Home\2a94b8bda04ff446dcedd42276fc99ee.php 第 852 行.
NOTIC: [8] Use of undefined constant voo - assumed 'voo' E:\wamp\www\ChildrenPlatform\Application\Runtime\Cache\Home\2a94b8bda04ff446dcedd42276fc99ee.php 第 852 行.
NOTIC: [8] Use of undefined constant voo - assumed 'voo' E:\wamp\www\ChildrenPlatform\Application\Runtime\Cache\Home\2a94b8bda04ff446dcedd42276fc99ee.php 第 852 行.
NOTIC: [8] Use of undefined constant voo - assumed 'voo' E:\wamp\www\ChildrenPlatform\Application\Runtime\Cache\Home\2a94b8bda04ff446dcedd42276fc99ee.php 第 852 行.
NOTIC: [8] Use of undefined constant voo - assumed 'voo' E:\wamp\www\ChildrenPlatform\Application\Runtime\Cache\Home\2a94b8bda04ff446dcedd42276fc99ee.php 第 852 行.
NOTIC: [8] Use of undefined constant voo - assumed 'voo' E:\wamp\www\ChildrenPlatform\Application\Runtime\Cache\Home\2a94b8bda04ff446dcedd42276fc99ee.php 第 852 行.
NOTIC: [8] Use of undefined constant voo - assumed 'voo' E:\wamp\www\ChildrenPlatform\Application\Runtime\Cache\Home\2a94b8bda04ff446dcedd42276fc99ee.php 第 852 行.
NOTIC: [8] Use of undefined constant voo - assumed 'voo' E:\wamp\www\ChildrenPlatform\Application\Runtime\Cache\Home\2a94b8bda04ff446dcedd42276fc99ee.php 第 852 行.
INFO: Run Behavior\ParseTemplateBehavior [ RunTime:0.043827s ]
INFO: [ view_parse ] --END-- [ RunTime:0.043928s ]
INFO: [ view_filter ] --START--
INFO: Run Behavior\WriteHtmlCacheBehavior [ RunTime:0.000423s ]
INFO: [ view_filter ] --END-- [ RunTime:0.000499s ]
INFO: [ app_end ] --START--
INFO: Run Behavior\ShowPageTraceBehavior [ RunTime:0.000555s ]
INFO: [ app_end ] --END-- [ RunTime:0.000644s ]

