[ 2017-12-11T15:30:56+08:00 ] 127.0.0.1 /ChildrenPlatform/
INFO: [ app_init ] --START--
INFO: Run Behavior\BuildLiteBehavior [ RunTime:0.000026s ]
INFO: [ app_init ] --END-- [ RunTime:0.000447s ]
INFO: [ app_begin ] --START--
INFO: Run Behavior\ReadHtmlCacheBehavior [ RunTime:0.000485s ]
INFO: [ app_begin ] --END-- [ RunTime:0.000567s ]
ERR: SQLSTATE[42000] [1049] Unknown database 'childrenplatform'

[ 2017-12-11T15:57:04+08:00 ] 127.0.0.1 /ChildrenPlatform/
INFO: [ app_init ] --START--
INFO: Run Behavior\BuildLiteBehavior [ RunTime:0.000020s ]
INFO: [ app_init ] --END-- [ RunTime:0.000427s ]
INFO: [ app_begin ] --START--
INFO: Run Behavior\ReadHtmlCacheBehavior [ RunTime:0.000429s ]
INFO: [ app_begin ] --END-- [ RunTime:0.000506s ]
SQL: SHOW COLUMNS FROM `maintype` [ RunTime:0.0065s ]
SQL: SHOW COLUMNS FROM `2lvtype` [ RunTime:0.0043s ]
SQL: SELECT * FROM `maintype`  [ RunTime:0.0004s ]
NOTIC: [8] Undefined offset: 0 E:\wamp\www\ChildrenPlatform\ThinkPHP\Library\Think\Model.class.php 第 222 行.
SQL: SELECT * FROM `2lvtype` WHERE ( m_id = 1 )  [ RunTime:0.0004s ]
NOTIC: [8] Undefined offset: 0 E:\wamp\www\ChildrenPlatform\ThinkPHP\Library\Think\Model.class.php 第 222 行.
SQL: SELECT * FROM `2lvtype` WHERE ( m_id = 2 )  [ RunTime:0.0003s ]
NOTIC: [8] Undefined offset: 0 E:\wamp\www\ChildrenPlatform\ThinkPHP\Library\Think\Model.class.php 第 222 行.
SQL: SELECT * FROM `2lvtype` WHERE ( m_id = 3 )  [ RunTime:0.0003s ]
NOTIC: [8] Undefined offset: 0 E:\wamp\www\ChildrenPlatform\ThinkPHP\Library\Think\Model.class.php 第 222 行.
SQL: SELECT * FROM `2lvtype` WHERE ( m_id = 4 )  [ RunTime:0.0002s ]
SQL: SELECT * FROM `2lvtype` ORDER BY hint desc LIMIT 12   [ RunTime:0.0003s ]
SQL: SHOW COLUMNS FROM `items` [ RunTime:0.0042s ]
SQL: SELECT * FROM `items` WHERE `s_id` = 13 AND `state` = 0 ORDER BY hint desc LIMIT 8   [ RunTime:0.0004s ]
SQL: SHOW COLUMNS FROM `collect` [ RunTime:0.0043s ]
SQL: SELECT `state` FROM `collect` WHERE `f_id` = 20 AND `u_id` = 0  [ RunTime:0.0003s ]
SQL: SELECT `state` FROM `collect` WHERE `f_id` = 40 AND `u_id` = 0  [ RunTime:0.0002s ]
SQL: SELECT `state` FROM `collect` WHERE `f_id` = 15 AND `u_id` = 0  [ RunTime:0.0002s ]
SQL: SELECT `state` FROM `collect` WHERE `f_id` = 39 AND `u_id` = 0  [ RunTime:0.0003s ]
SQL: SELECT * FROM `items` WHERE `s_id` = 12 AND `state` = 0 ORDER BY hint desc LIMIT 8   [ RunTime:0.0004s ]
SQL: SELECT `state` FROM `collect` WHERE `f_id` = 35 AND `u_id` = 0  [ RunTime:0.0002s ]
SQL: SELECT `state` FROM `collect` WHERE `f_id` = 36 AND `u_id` = 0  [ RunTime:0.0002s ]
SQL: SELECT `state` FROM `collect` WHERE `f_id` = 37 AND `u_id` = 0  [ RunTime:0.0002s ]
SQL: SELECT * FROM `items` WHERE `s_id` = 8 AND `state` = 0 ORDER BY hint desc LIMIT 8   [ RunTime:0.0003s ]
SQL: SELECT `state` FROM `collect` WHERE `f_id` = 22 AND `u_id` = 0  [ RunTime:0.0003s ]
SQL: SELECT `state` FROM `collect` WHERE `f_id` = 21 AND `u_id` = 0  [ RunTime:0.0002s ]
SQL: SELECT `state` FROM `collect` WHERE `f_id` = 12 AND `u_id` = 0  [ RunTime:0.0002s ]
SQL: SELECT `state` FROM `collect` WHERE `f_id` = 23 AND `u_id` = 0  [ RunTime:0.0003s ]
SQL: SELECT `state` FROM `collect` WHERE `f_id` = 13 AND `u_id` = 0  [ RunTime:0.0002s ]
SQL: SELECT * FROM `items` WHERE `s_id` = 6 AND `state` = 0 ORDER BY hint desc LIMIT 8   [ RunTime:0.0003s ]
SQL: SELECT `state` FROM `collect` WHERE `f_id` = 24 AND `u_id` = 0  [ RunTime:0.0003s ]
SQL: SELECT `state` FROM `collect` WHERE `f_id` = 14 AND `u_id` = 0  [ RunTime:0.0003s ]
SQL: SELECT * FROM `items` WHERE `s_id` = 15 AND `state` = 0 ORDER BY hint desc LIMIT 8   [ RunTime:0.0002s ]
SQL: SELECT * FROM `items` WHERE `s_id` = 7 AND `state` = 0 ORDER BY hint desc LIMIT 8   [ RunTime:0.0002s ]
SQL: SELECT `state` FROM `collect` WHERE `f_id` = 9 AND `u_id` = 0  [ RunTime:0.0002s ]
SQL: SELECT * FROM `items` WHERE `s_id` = 9 AND `state` = 0 ORDER BY hint desc LIMIT 8   [ RunTime:0.0003s ]
SQL: SELECT `state` FROM `collect` WHERE `f_id` = 19 AND `u_id` = 0  [ RunTime:0.0002s ]
SQL: SELECT * FROM `items` WHERE `s_id` = 16 AND `state` = 0 ORDER BY hint desc LIMIT 8   [ RunTime:0.0002s ]
SQL: SELECT `state` FROM `collect` WHERE `f_id` = 33 AND `u_id` = 0  [ RunTime:0.0002s ]
SQL: SELECT `state` FROM `collect` WHERE `f_id` = 34 AND `u_id` = 0  [ RunTime:0.0002s ]
SQL: SELECT * FROM `items` WHERE `s_id` = 3 AND `state` = 0 ORDER BY hint desc LIMIT 8   [ RunTime:0.0002s ]
SQL: SELECT `state` FROM `collect` WHERE `f_id` = 30 AND `u_id` = 0  [ RunTime:0.0002s ]
SQL: SELECT `state` FROM `collect` WHERE `f_id` = 31 AND `u_id` = 0  [ RunTime:0.0002s ]
SQL: SELECT `state` FROM `collect` WHERE `f_id` = 29 AND `u_id` = 0  [ RunTime:0.0001s ]
SQL: SELECT * FROM `items` WHERE `s_id` = 14 AND `state` = 0 ORDER BY hint desc LIMIT 8   [ RunTime:0.0003s ]
SQL: SELECT `state` FROM `collect` WHERE `f_id` = 41 AND `u_id` = 0  [ RunTime:0.0003s ]
SQL: SELECT * FROM `items` WHERE `s_id` = 10 AND `state` = 0 ORDER BY hint desc LIMIT 8   [ RunTime:0.0002s ]
SQL: SELECT `state` FROM `collect` WHERE `f_id` = 32 AND `u_id` = 0  [ RunTime:0.0001s ]
SQL: SELECT * FROM `items` WHERE `s_id` = 5 AND `state` = 0 ORDER BY hint desc LIMIT 8   [ RunTime:0.0004s ]
SQL: SHOW COLUMNS FROM `search` [ RunTime:0.0046s ]
SQL: SELECT * FROM `search` ORDER BY time desc LIMIT 8   [ RunTime:0.0003s ]
SQL: SELECT * FROM `items` WHERE ( state = 0 ) ORDER BY hint desc LIMIT 3   [ RunTime:0.0004s ]
SQL: SHOW COLUMNS FROM `carousel` [ RunTime:0.0045s ]
SQL: SELECT * FROM `carousel` WHERE ( state = 0 ) ORDER BY hint desc LIMIT 4   [ RunTime:0.0003s ]
SQL: SELECT COUNT(*) AS tp_count FROM `collect` WHERE `u_id` = 0 AND `state` = 1 LIMIT 1   [ RunTime:0.0003s ]
SQL: SHOW COLUMNS FROM `index` [ RunTime:0.0042s ]
SQL: UPDATE `index` SET `pageview`=pageview+1 WHERE ( id = 1 ) [ RunTime:0.0004s ]
INFO: [ view_parse ] --START--
INFO: [ template_filter ] --START--
INFO: Run Behavior\ContentReplaceBehavior [ RunTime:0.000434s ]
INFO: [ template_filter ] --END-- [ RunTime:0.000523s ]
NOTIC: [8] Undefined index: u_id E:\wamp\www\ChildrenPlatform\Application\Runtime\Cache\Home\2a94b8bda04ff446dcedd42276fc99ee.php 第 69 行.
NOTIC: [8] Use of undefined constant voo - assumed 'voo' E:\wamp\www\ChildrenPlatform\Application\Runtime\Cache\Home\2a94b8bda04ff446dcedd42276fc99ee.php 第 853 行.
NOTIC: [8] Use of undefined constant voo - assumed 'voo' E:\wamp\www\ChildrenPlatform\Application\Runtime\Cache\Home\2a94b8bda04ff446dcedd42276fc99ee.php 第 853 行.
NOTIC: [8] Use of undefined constant voo - assumed 'voo' E:\wamp\www\ChildrenPlatform\Application\Runtime\Cache\Home\2a94b8bda04ff446dcedd42276fc99ee.php 第 853 行.
NOTIC: [8] Use of undefined constant voo - assumed 'voo' E:\wamp\www\ChildrenPlatform\Application\Runtime\Cache\Home\2a94b8bda04ff446dcedd42276fc99ee.php 第 853 行.
NOTIC: [8] Use of undefined constant voo - assumed 'voo' E:\wamp\www\ChildrenPlatform\Application\Runtime\Cache\Home\2a94b8bda04ff446dcedd42276fc99ee.php 第 853 行.
NOTIC: [8] Use of undefined constant voo - assumed 'voo' E:\wamp\www\ChildrenPlatform\Application\Runtime\Cache\Home\2a94b8bda04ff446dcedd42276fc99ee.php 第 853 行.
NOTIC: [8] Use of undefined constant voo - assumed 'voo' E:\wamp\www\ChildrenPlatform\Application\Runtime\Cache\Home\2a94b8bda04ff446dcedd42276fc99ee.php 第 853 行.
NOTIC: [8] Use of undefined constant voo - assumed 'voo' E:\wamp\www\ChildrenPlatform\Application\Runtime\Cache\Home\2a94b8bda04ff446dcedd42276fc99ee.php 第 853 行.
NOTIC: [8] Use of undefined constant hot_vo - assumed 'hot_vo' E:\wamp\www\ChildrenPlatform\Application\Runtime\Cache\Home\2a94b8bda04ff446dcedd42276fc99ee.php 第 994 行.
NOTIC: [8] Use of undefined constant hot_vo - assumed 'hot_vo' E:\wamp\www\ChildrenPlatform\Application\Runtime\Cache\Home\2a94b8bda04ff446dcedd42276fc99ee.php 第 994 行.
NOTIC: [8] Use of undefined constant vo2 - assumed 'vo2' E:\wamp\www\ChildrenPlatform\Application\Runtime\Cache\Home\2a94b8bda04ff446dcedd42276fc99ee.php 第 1057 行.
NOTIC: [8] Use of undefined constant vo2 - assumed 'vo2' E:\wamp\www\ChildrenPlatform\Application\Runtime\Cache\Home\2a94b8bda04ff446dcedd42276fc99ee.php 第 1057 行.
NOTIC: [8] Use of undefined constant vo2 - assumed 'vo2' E:\wamp\www\ChildrenPlatform\Application\Runtime\Cache\Home\2a94b8bda04ff446dcedd42276fc99ee.php 第 1057 行.
NOTIC: [8] Use of undefined constant vo2 - assumed 'vo2' E:\wamp\www\ChildrenPlatform\Application\Runtime\Cache\Home\2a94b8bda04ff446dcedd42276fc99ee.php 第 1057 行.
NOTIC: [8] Use of undefined constant vo2 - assumed 'vo2' E:\wamp\www\ChildrenPlatform\Application\Runtime\Cache\Home\2a94b8bda04ff446dcedd42276fc99ee.php 第 1057 行.
NOTIC: [8] Use of undefined constant vo2 - assumed 'vo2' E:\wamp\www\ChildrenPlatform\Application\Runtime\Cache\Home\2a94b8bda04ff446dcedd42276fc99ee.php 第 1057 行.
NOTIC: [8] Use of undefined constant vo2 - assumed 'vo2' E:\wamp\www\ChildrenPlatform\Application\Runtime\Cache\Home\2a94b8bda04ff446dcedd42276fc99ee.php 第 1057 行.
NOTIC: [8] Use of undefined constant vo2 - assumed 'vo2' E:\wamp\www\ChildrenPlatform\Application\Runtime\Cache\Home\2a94b8bda04ff446dcedd42276fc99ee.php 第 1057 行.
NOTIC: [8] Use of undefined constant hot_vo - assumed 'hot_vo' E:\wamp\www\ChildrenPlatform\Application\Runtime\Cache\Home\2a94b8bda04ff446dcedd42276fc99ee.php 第 1102 行.
NOTIC: [8] Use of undefined constant hot_vo - assumed 'hot_vo' E:\wamp\www\ChildrenPlatform\Application\Runtime\Cache\Home\2a94b8bda04ff446dcedd42276fc99ee.php 第 1102 行.
NOTIC: [8] Use of undefined constant vo2 - assumed 'vo2' E:\wamp\www\ChildrenPlatform\Application\Runtime\Cache\Home\2a94b8bda04ff446dcedd42276fc99ee.php 第 1163 行.
NOTIC: [8] Use of undefined constant vo2 - assumed 'vo2' E:\wamp\www\ChildrenPlatform\Application\Runtime\Cache\Home\2a94b8bda04ff446dcedd42276fc99ee.php 第 1163 行.
NOTIC: [8] Use of undefined constant vo2 - assumed 'vo2' E:\wamp\www\ChildrenPlatform\Application\Runtime\Cache\Home\2a94b8bda04ff446dcedd42276fc99ee.php 第 1163 行.
NOTIC: [8] Use of undefined constant vo2 - assumed 'vo2' E:\wamp\www\ChildrenPlatform\Application\Runtime\Cache\Home\2a94b8bda04ff446dcedd42276fc99ee.php 第 1163 行.
NOTIC: [8] Use of undefined constant vo2 - assumed 'vo2' E:\wamp\www\ChildrenPlatform\Application\Runtime\Cache\Home\2a94b8bda04ff446dcedd42276fc99ee.php 第 1163 行.
NOTIC: [8] Use of undefined constant vo2 - assumed 'vo2' E:\wamp\www\ChildrenPlatform\Application\Runtime\Cache\Home\2a94b8bda04ff446dcedd42276fc99ee.php 第 1163 行.
INFO: Run Behavior\ParseTemplateBehavior [ RunTime:0.053747s ]
INFO: [ view_parse ] --END-- [ RunTime:0.053835s ]
INFO: [ view_filter ] --START--
INFO: Run Behavior\WriteHtmlCacheBehavior [ RunTime:0.000438s ]
INFO: [ view_filter ] --END-- [ RunTime:0.000506s ]
INFO: [ app_end ] --START--
INFO: Run Behavior\ShowPageTraceBehavior [ RunTime:0.000768s ]
INFO: [ app_end ] --END-- [ RunTime:0.000902s ]

[ 2017-12-11T15:59:09+08:00 ] 127.0.0.1 /ChildrenPlatform/
INFO: [ app_init ] --START--
INFO: Run Behavior\BuildLiteBehavior [ RunTime:0.000018s ]
INFO: [ app_init ] --END-- [ RunTime:0.000330s ]
INFO: [ app_begin ] --START--
INFO: Run Behavior\ReadHtmlCacheBehavior [ RunTime:0.000415s ]
INFO: [ app_begin ] --END-- [ RunTime:0.000491s ]
SQL: SHOW COLUMNS FROM `maintype` [ RunTime:0.0067s ]
SQL: SHOW COLUMNS FROM `2lvtype` [ RunTime:0.0045s ]
SQL: SELECT * FROM `maintype`  [ RunTime:0.0004s ]
NOTIC: [8] Undefined offset: 0 E:\wamp\www\ChildrenPlatform\ThinkPHP\Library\Think\Model.class.php 第 222 行.
SQL: SELECT * FROM `2lvtype` WHERE ( m_id = 1 )  [ RunTime:0.0004s ]
NOTIC: [8] Undefined offset: 0 E:\wamp\www\ChildrenPlatform\ThinkPHP\Library\Think\Model.class.php 第 222 行.
SQL: SELECT * FROM `2lvtype` WHERE ( m_id = 2 )  [ RunTime:0.0003s ]
NOTIC: [8] Undefined offset: 0 E:\wamp\www\ChildrenPlatform\ThinkPHP\Library\Think\Model.class.php 第 222 行.
SQL: SELECT * FROM `2lvtype` WHERE ( m_id = 3 )  [ RunTime:0.0003s ]
NOTIC: [8] Undefined offset: 0 E:\wamp\www\ChildrenPlatform\ThinkPHP\Library\Think\Model.class.php 第 222 行.
SQL: SELECT * FROM `2lvtype` WHERE ( m_id = 4 )  [ RunTime:0.0003s ]
SQL: SELECT * FROM `2lvtype` ORDER BY hint desc LIMIT 12   [ RunTime:0.0003s ]
SQL: SHOW COLUMNS FROM `items` [ RunTime:0.0048s ]
SQL: SELECT * FROM `items` WHERE `s_id` = 13 AND `state` = 0 ORDER BY hint desc LIMIT 8   [ RunTime:0.0005s ]
SQL: SHOW COLUMNS FROM `collect` [ RunTime:0.0044s ]
SQL: SELECT `state` FROM `collect` WHERE `f_id` = 20 AND `u_id` = 0  [ RunTime:0.0005s ]
SQL: SELECT `state` FROM `collect` WHERE `f_id` = 40 AND `u_id` = 0  [ RunTime:0.0004s ]
SQL: SELECT `state` FROM `collect` WHERE `f_id` = 15 AND `u_id` = 0  [ RunTime:0.0003s ]
SQL: SELECT `state` FROM `collect` WHERE `f_id` = 39 AND `u_id` = 0  [ RunTime:0.0002s ]
SQL: SELECT * FROM `items` WHERE `s_id` = 12 AND `state` = 0 ORDER BY hint desc LIMIT 8   [ RunTime:0.0003s ]
SQL: SELECT `state` FROM `collect` WHERE `f_id` = 35 AND `u_id` = 0  [ RunTime:0.0002s ]
SQL: SELECT `state` FROM `collect` WHERE `f_id` = 36 AND `u_id` = 0  [ RunTime:0.0002s ]
SQL: SELECT `state` FROM `collect` WHERE `f_id` = 37 AND `u_id` = 0  [ RunTime:0.0002s ]
SQL: SELECT * FROM `items` WHERE `s_id` = 8 AND `state` = 0 ORDER BY hint desc LIMIT 8   [ RunTime:0.0004s ]
SQL: SELECT `state` FROM `collect` WHERE `f_id` = 22 AND `u_id` = 0  [ RunTime:0.0002s ]
SQL: SELECT `state` FROM `collect` WHERE `f_id` = 21 AND `u_id` = 0  [ RunTime:0.0002s ]
SQL: SELECT `state` FROM `collect` WHERE `f_id` = 12 AND `u_id` = 0  [ RunTime:0.0003s ]
SQL: SELECT `state` FROM `collect` WHERE `f_id` = 23 AND `u_id` = 0  [ RunTime:0.0002s ]
SQL: SELECT `state` FROM `collect` WHERE `f_id` = 13 AND `u_id` = 0  [ RunTime:0.0002s ]
SQL: SELECT * FROM `items` WHERE `s_id` = 6 AND `state` = 0 ORDER BY hint desc LIMIT 8   [ RunTime:0.0002s ]
SQL: SELECT `state` FROM `collect` WHERE `f_id` = 24 AND `u_id` = 0  [ RunTime:0.0003s ]
SQL: SELECT `state` FROM `collect` WHERE `f_id` = 14 AND `u_id` = 0  [ RunTime:0.0002s ]
SQL: SELECT * FROM `items` WHERE `s_id` = 15 AND `state` = 0 ORDER BY hint desc LIMIT 8   [ RunTime:0.0002s ]
SQL: SELECT * FROM `items` WHERE `s_id` = 7 AND `state` = 0 ORDER BY hint desc LIMIT 8   [ RunTime:0.0002s ]
SQL: SELECT `state` FROM `collect` WHERE `f_id` = 9 AND `u_id` = 0  [ RunTime:0.0002s ]
SQL: SELECT * FROM `items` WHERE `s_id` = 9 AND `state` = 0 ORDER BY hint desc LIMIT 8   [ RunTime:0.0002s ]
SQL: SELECT `state` FROM `collect` WHERE `f_id` = 19 AND `u_id` = 0  [ RunTime:0.0002s ]
SQL: SELECT * FROM `items` WHERE `s_id` = 16 AND `state` = 0 ORDER BY hint desc LIMIT 8   [ RunTime:0.0003s ]
SQL: SELECT `state` FROM `collect` WHERE `f_id` = 33 AND `u_id` = 0  [ RunTime:0.0002s ]
SQL: SELECT `state` FROM `collect` WHERE `f_id` = 34 AND `u_id` = 0  [ RunTime:0.0002s ]
SQL: SELECT * FROM `items` WHERE `s_id` = 3 AND `state` = 0 ORDER BY hint desc LIMIT 8   [ RunTime:0.0003s ]
SQL: SELECT `state` FROM `collect` WHERE `f_id` = 30 AND `u_id` = 0  [ RunTime:0.0002s ]
SQL: SELECT `state` FROM `collect` WHERE `f_id` = 31 AND `u_id` = 0  [ RunTime:0.0002s ]
SQL: SELECT `state` FROM `collect` WHERE `f_id` = 29 AND `u_id` = 0  [ RunTime:0.0002s ]
SQL: SELECT * FROM `items` WHERE `s_id` = 14 AND `state` = 0 ORDER BY hint desc LIMIT 8   [ RunTime:0.0004s ]
SQL: SELECT `state` FROM `collect` WHERE `f_id` = 41 AND `u_id` = 0  [ RunTime:0.0003s ]
SQL: SELECT * FROM `items` WHERE `s_id` = 10 AND `state` = 0 ORDER BY hint desc LIMIT 8   [ RunTime:0.0003s ]
SQL: SELECT `state` FROM `collect` WHERE `f_id` = 32 AND `u_id` = 0  [ RunTime:0.0004s ]
SQL: SELECT * FROM `items` WHERE `s_id` = 5 AND `state` = 0 ORDER BY hint desc LIMIT 8   [ RunTime:0.0003s ]
SQL: SHOW COLUMNS FROM `search` [ RunTime:0.0045s ]
SQL: SELECT * FROM `search` ORDER BY time desc LIMIT 8   [ RunTime:0.0003s ]
SQL: SELECT * FROM `items` WHERE ( state = 0 ) ORDER BY hint desc LIMIT 3   [ RunTime:0.0004s ]
SQL: SHOW COLUMNS FROM `carousel` [ RunTime:0.0047s ]
SQL: SELECT * FROM `carousel` WHERE ( state = 0 ) ORDER BY hint desc LIMIT 4   [ RunTime:0.0004s ]
SQL: SELECT COUNT(*) AS tp_count FROM `collect` WHERE `u_id` = 0 AND `state` = 1 LIMIT 1   [ RunTime:0.0003s ]
SQL: SHOW COLUMNS FROM `index` [ RunTime:0.0054s ]
SQL: UPDATE `index` SET `pageview`=pageview+1 WHERE ( id = 1 ) [ RunTime:0.0004s ]
INFO: [ view_parse ] --START--
INFO: [ template_filter ] --START--
INFO: Run Behavior\ContentReplaceBehavior [ RunTime:0.000381s ]
INFO: [ template_filter ] --END-- [ RunTime:0.000468s ]
NOTIC: [8] Undefined index: u_id E:\wamp\www\ChildrenPlatform\Application\Runtime\Cache\Home\2a94b8bda04ff446dcedd42276fc99ee.php 第 69 行.
NOTIC: [8] Use of undefined constant voo - assumed 'voo' E:\wamp\www\ChildrenPlatform\Application\Runtime\Cache\Home\2a94b8bda04ff446dcedd42276fc99ee.php 第 853 行.
NOTIC: [8] Use of undefined constant voo - assumed 'voo' E:\wamp\www\ChildrenPlatform\Application\Runtime\Cache\Home\2a94b8bda04ff446dcedd42276fc99ee.php 第 853 行.
NOTIC: [8] Use of undefined constant voo - assumed 'voo' E:\wamp\www\ChildrenPlatform\Application\Runtime\Cache\Home\2a94b8bda04ff446dcedd42276fc99ee.php 第 853 行.
NOTIC: [8] Use of undefined constant voo - assumed 'voo' E:\wamp\www\ChildrenPlatform\Application\Runtime\Cache\Home\2a94b8bda04ff446dcedd42276fc99ee.php 第 853 行.
NOTIC: [8] Use of undefined constant voo - assumed 'voo' E:\wamp\www\ChildrenPlatform\Application\Runtime\Cache\Home\2a94b8bda04ff446dcedd42276fc99ee.php 第 853 行.
NOTIC: [8] Use of undefined constant voo - assumed 'voo' E:\wamp\www\ChildrenPlatform\Application\Runtime\Cache\Home\2a94b8bda04ff446dcedd42276fc99ee.php 第 853 行.
NOTIC: [8] Use of undefined constant voo - assumed 'voo' E:\wamp\www\ChildrenPlatform\Application\Runtime\Cache\Home\2a94b8bda04ff446dcedd42276fc99ee.php 第 853 行.
NOTIC: [8] Use of undefined constant voo - assumed 'voo' E:\wamp\www\ChildrenPlatform\Application\Runtime\Cache\Home\2a94b8bda04ff446dcedd42276fc99ee.php 第 853 行.
NOTIC: [8] Use of undefined constant hot_vo - assumed 'hot_vo' E:\wamp\www\ChildrenPlatform\Application\Runtime\Cache\Home\2a94b8bda04ff446dcedd42276fc99ee.php 第 994 行.
NOTIC: [8] Use of undefined constant hot_vo - assumed 'hot_vo' E:\wamp\www\ChildrenPlatform\Application\Runtime\Cache\Home\2a94b8bda04ff446dcedd42276fc99ee.php 第 994 行.
NOTIC: [8] Use of undefined constant vo2 - assumed 'vo2' E:\wamp\www\ChildrenPlatform\Application\Runtime\Cache\Home\2a94b8bda04ff446dcedd42276fc99ee.php 第 1057 行.
NOTIC: [8] Use of undefined constant vo2 - assumed 'vo2' E:\wamp\www\ChildrenPlatform\Application\Runtime\Cache\Home\2a94b8bda04ff446dcedd42276fc99ee.php 第 1057 行.
NOTIC: [8] Use of undefined constant vo2 - assumed 'vo2' E:\wamp\www\ChildrenPlatform\Application\Runtime\Cache\Home\2a94b8bda04ff446dcedd42276fc99ee.php 第 1057 行.
NOTIC: [8] Use of undefined constant vo2 - assumed 'vo2' E:\wamp\www\ChildrenPlatform\Application\Runtime\Cache\Home\2a94b8bda04ff446dcedd42276fc99ee.php 第 1057 行.
NOTIC: [8] Use of undefined constant vo2 - assumed 'vo2' E:\wamp\www\ChildrenPlatform\Application\Runtime\Cache\Home\2a94b8bda04ff446dcedd42276fc99ee.php 第 1057 行.
NOTIC: [8] Use of undefined constant vo2 - assumed 'vo2' E:\wamp\www\ChildrenPlatform\Application\Runtime\Cache\Home\2a94b8bda04ff446dcedd42276fc99ee.php 第 1057 行.
NOTIC: [8] Use of undefined constant vo2 - assumed 'vo2' E:\wamp\www\ChildrenPlatform\Application\Runtime\Cache\Home\2a94b8bda04ff446dcedd42276fc99ee.php 第 1057 行.
NOTIC: [8] Use of undefined constant vo2 - assumed 'vo2' E:\wamp\www\ChildrenPlatform\Application\Runtime\Cache\Home\2a94b8bda04ff446dcedd42276fc99ee.php 第 1057 行.
NOTIC: [8] Use of undefined constant hot_vo - assumed 'hot_vo' E:\wamp\www\ChildrenPlatform\Application\Runtime\Cache\Home\2a94b8bda04ff446dcedd42276fc99ee.php 第 1102 行.
NOTIC: [8] Use of undefined constant hot_vo - assumed 'hot_vo' E:\wamp\www\ChildrenPlatform\Application\Runtime\Cache\Home\2a94b8bda04ff446dcedd42276fc99ee.php 第 1102 行.
NOTIC: [8] Use of undefined constant vo2 - assumed 'vo2' E:\wamp\www\ChildrenPlatform\Application\Runtime\Cache\Home\2a94b8bda04ff446dcedd42276fc99ee.php 第 1163 行.
NOTIC: [8] Use of undefined constant vo2 - assumed 'vo2' E:\wamp\www\ChildrenPlatform\Application\Runtime\Cache\Home\2a94b8bda04ff446dcedd42276fc99ee.php 第 1163 行.
NOTIC: [8] Use of undefined constant vo2 - assumed 'vo2' E:\wamp\www\ChildrenPlatform\Application\Runtime\Cache\Home\2a94b8bda04ff446dcedd42276fc99ee.php 第 1163 行.
NOTIC: [8] Use of undefined constant vo2 - assumed 'vo2' E:\wamp\www\ChildrenPlatform\Application\Runtime\Cache\Home\2a94b8bda04ff446dcedd42276fc99ee.php 第 1163 行.
NOTIC: [8] Use of undefined constant vo2 - assumed 'vo2' E:\wamp\www\ChildrenPlatform\Application\Runtime\Cache\Home\2a94b8bda04ff446dcedd42276fc99ee.php 第 1163 行.
NOTIC: [8] Use of undefined constant vo2 - assumed 'vo2' E:\wamp\www\ChildrenPlatform\Application\Runtime\Cache\Home\2a94b8bda04ff446dcedd42276fc99ee.php 第 1163 行.
INFO: Run Behavior\ParseTemplateBehavior [ RunTime:0.055176s ]
INFO: [ view_parse ] --END-- [ RunTime:0.055274s ]
INFO: [ view_filter ] --START--
INFO: Run Behavior\WriteHtmlCacheBehavior [ RunTime:0.000390s ]
INFO: [ view_filter ] --END-- [ RunTime:0.000465s ]
INFO: [ app_end ] --START--
INFO: Run Behavior\ShowPageTraceBehavior [ RunTime:0.000451s ]
INFO: [ app_end ] --END-- [ RunTime:0.000520s ]

[ 2017-12-11T16:00:00+08:00 ] 127.0.0.1 /ChildrenPlatform/Home/Project/projectdetail/id/22.html
INFO: [ app_init ] --START--
INFO: Run Behavior\BuildLiteBehavior [ RunTime:0.000048s ]
INFO: [ app_init ] --END-- [ RunTime:0.000439s ]
INFO: [ app_begin ] --START--
INFO: Run Behavior\ReadHtmlCacheBehavior [ RunTime:0.000634s ]
INFO: [ app_begin ] --END-- [ RunTime:0.000793s ]
SQL: SHOW COLUMNS FROM `items` [ RunTime:0.0214s ]
SQL: SELECT * FROM `items` WHERE ( f_id=22 ) LIMIT 1   [ RunTime:0.0005s ]
SQL: SHOW COLUMNS FROM `star` [ RunTime:0.0273s ]
SQL: SELECT * FROM `star` WHERE `u_id` = 0 AND `f_id` = 22  [ RunTime:0.0004s ]
SQL: SHOW COLUMNS FROM `2lvtype` [ RunTime:0.0059s ]
SQL: SELECT `type` FROM `2lvtype` WHERE `s_id` = 8 LIMIT 1   [ RunTime:0.0004s ]
SQL: SHOW COLUMNS FROM `comment` [ RunTime:0.0060s ]
SQL: SELECT COUNT(*) AS tp_count FROM `comment` WHERE ( f_id=22 ) LIMIT 1   [ RunTime:0.0004s ]
SQL: SHOW COLUMNS FROM `collect` [ RunTime:0.0045s ]
SQL: SELECT `state` FROM `collect` WHERE `f_id` = 22 AND `u_id` = 0 LIMIT 1   [ RunTime:0.0004s ]
SQL: SHOW COLUMNS FROM `u_information` [ RunTime:0.0060s ]
SQL: SELECT * FROM `comment` WHERE ( f_id=22 ) ORDER BY datetime desc  [ RunTime:0.0004s ]
SQL: SELECT * FROM `items` WHERE `f_id` <> '22' ORDER BY hint desc LIMIT 4   [ RunTime:0.0004s ]
SQL: SELECT `state` FROM `collect` WHERE `f_id` = 21 AND `u_id` = 0  [ RunTime:0.0003s ]
SQL: SELECT `state` FROM `collect` WHERE `f_id` = 35 AND `u_id` = 0  [ RunTime:0.0002s ]
SQL: SELECT `state` FROM `collect` WHERE `f_id` = 12 AND `u_id` = 0  [ RunTime:0.0002s ]
SQL: SELECT `state` FROM `collect` WHERE `f_id` = 36 AND `u_id` = 0  [ RunTime:0.0002s ]
SQL: SELECT COUNT(*) AS tp_count FROM `collect` WHERE `u_id` = 0 AND `state` = 1 LIMIT 1   [ RunTime:0.0003s ]
SQL: UPDATE `items` SET `hint`=hint+1 WHERE ( f_id=22 ) [ RunTime:0.0335s ]
INFO: [ view_parse ] --START--
INFO: [ template_filter ] --START--
INFO: Run Behavior\ContentReplaceBehavior [ RunTime:0.000347s ]
INFO: [ template_filter ] --END-- [ RunTime:0.000432s ]
NOTIC: [8] Undefined index: u_id E:\wamp\www\ChildrenPlatform\Application\Runtime\Cache\Home\10228148ef29efb0d4bb1fcab8e8a467.php 第 127 行.
NOTIC: [8] Undefined index: type E:\wamp\www\ChildrenPlatform\Application\Runtime\Cache\Home\10228148ef29efb0d4bb1fcab8e8a467.php 第 966 行.
NOTIC: [8] Undefined index: type E:\wamp\www\ChildrenPlatform\Application\Runtime\Cache\Home\10228148ef29efb0d4bb1fcab8e8a467.php 第 971 行.
NOTIC: [8] Undefined index: type E:\wamp\www\ChildrenPlatform\Application\Runtime\Cache\Home\10228148ef29efb0d4bb1fcab8e8a467.php 第 971 行.
NOTIC: [8] Undefined index: type E:\wamp\www\ChildrenPlatform\Application\Runtime\Cache\Home\10228148ef29efb0d4bb1fcab8e8a467.php 第 971 行.
NOTIC: [8] Use of undefined constant voo - assumed 'voo' E:\wamp\www\ChildrenPlatform\Application\Runtime\Cache\Home\10228148ef29efb0d4bb1fcab8e8a467.php 第 1047 行.
NOTIC: [8] Use of undefined constant voo - assumed 'voo' E:\wamp\www\ChildrenPlatform\Application\Runtime\Cache\Home\10228148ef29efb0d4bb1fcab8e8a467.php 第 1047 行.
NOTIC: [8] Use of undefined constant voo - assumed 'voo' E:\wamp\www\ChildrenPlatform\Application\Runtime\Cache\Home\10228148ef29efb0d4bb1fcab8e8a467.php 第 1047 行.
NOTIC: [8] Use of undefined constant voo - assumed 'voo' E:\wamp\www\ChildrenPlatform\Application\Runtime\Cache\Home\10228148ef29efb0d4bb1fcab8e8a467.php 第 1047 行.
NOTIC: [8] Use of undefined constant voo - assumed 'voo' E:\wamp\www\ChildrenPlatform\Application\Runtime\Cache\Home\10228148ef29efb0d4bb1fcab8e8a467.php 第 1047 行.
NOTIC: [8] Use of undefined constant voo - assumed 'voo' E:\wamp\www\ChildrenPlatform\Application\Runtime\Cache\Home\10228148ef29efb0d4bb1fcab8e8a467.php 第 1047 行.
NOTIC: [8] Use of undefined constant voo - assumed 'voo' E:\wamp\www\ChildrenPlatform\Application\Runtime\Cache\Home\10228148ef29efb0d4bb1fcab8e8a467.php 第 1047 行.
NOTIC: [8] Use of undefined constant voo - assumed 'voo' E:\wamp\www\ChildrenPlatform\Application\Runtime\Cache\Home\10228148ef29efb0d4bb1fcab8e8a467.php 第 1047 行.
INFO: Run Behavior\ParseTemplateBehavior [ RunTime:0.033696s ]
INFO: [ view_parse ] --END-- [ RunTime:0.033779s ]
INFO: [ view_filter ] --START--
INFO: Run Behavior\WriteHtmlCacheBehavior [ RunTime:0.000407s ]
INFO: [ view_filter ] --END-- [ RunTime:0.000533s ]
INFO: [ app_end ] --START--
INFO: Run Behavior\ShowPageTraceBehavior [ RunTime:0.000507s ]
INFO: [ app_end ] --END-- [ RunTime:0.000609s ]

[ 2017-12-11T16:00:28+08:00 ] 127.0.0.1 /ChildrenPlatform/Home/Project/projectdetail/id/22.html
INFO: [ app_init ] --START--
INFO: Run Behavior\BuildLiteBehavior [ RunTime:0.000024s ]
INFO: [ app_init ] --END-- [ RunTime:0.000526s ]
INFO: [ app_begin ] --START--
INFO: Run Behavior\ReadHtmlCacheBehavior [ RunTime:0.000482s ]
INFO: [ app_begin ] --END-- [ RunTime:0.000580s ]
SQL: SHOW COLUMNS FROM `items` [ RunTime:0.1165s ]
SQL: SELECT * FROM `items` WHERE ( f_id=22 ) LIMIT 1   [ RunTime:0.0005s ]
SQL: SHOW COLUMNS FROM `star` [ RunTime:0.0063s ]
SQL: SELECT * FROM `star` WHERE `u_id` = 0 AND `f_id` = 22  [ RunTime:0.0004s ]
SQL: SHOW COLUMNS FROM `2lvtype` [ RunTime:0.0051s ]
SQL: SELECT `type` FROM `2lvtype` WHERE `s_id` = 8 LIMIT 1   [ RunTime:0.0003s ]
SQL: SHOW COLUMNS FROM `comment` [ RunTime:0.0052s ]
SQL: SELECT COUNT(*) AS tp_count FROM `comment` WHERE ( f_id=22 ) LIMIT 1   [ RunTime:0.0003s ]
SQL: SHOW COLUMNS FROM `collect` [ RunTime:0.0043s ]
SQL: SELECT `state` FROM `collect` WHERE `f_id` = 22 AND `u_id` = 0 LIMIT 1   [ RunTime:0.0003s ]
SQL: SHOW COLUMNS FROM `u_information` [ RunTime:0.0056s ]
SQL: SELECT * FROM `comment` WHERE ( f_id=22 ) ORDER BY datetime desc  [ RunTime:0.0004s ]
SQL: SELECT * FROM `items` WHERE `f_id` <> '22' ORDER BY hint desc LIMIT 4   [ RunTime:0.0004s ]
SQL: SELECT `state` FROM `collect` WHERE `f_id` = 21 AND `u_id` = 0  [ RunTime:0.0003s ]
SQL: SELECT `state` FROM `collect` WHERE `f_id` = 35 AND `u_id` = 0  [ RunTime:0.0002s ]
SQL: SELECT `state` FROM `collect` WHERE `f_id` = 12 AND `u_id` = 0  [ RunTime:0.0002s ]
SQL: SELECT `state` FROM `collect` WHERE `f_id` = 36 AND `u_id` = 0  [ RunTime:0.0003s ]
SQL: SELECT COUNT(*) AS tp_count FROM `collect` WHERE `u_id` = 0 AND `state` = 1 LIMIT 1   [ RunTime:0.0002s ]
SQL: UPDATE `items` SET `hint`=hint+1 WHERE ( f_id=22 ) [ RunTime:0.0306s ]
INFO: [ view_parse ] --START--
INFO: [ template_filter ] --START--
INFO: Run Behavior\ContentReplaceBehavior [ RunTime:0.000306s ]
INFO: [ template_filter ] --END-- [ RunTime:0.000389s ]
NOTIC: [8] Undefined index: u_id E:\wamp\www\ChildrenPlatform\Application\Runtime\Cache\Home\10228148ef29efb0d4bb1fcab8e8a467.php 第 127 行.
NOTIC: [8] Undefined index: type E:\wamp\www\ChildrenPlatform\Application\Runtime\Cache\Home\10228148ef29efb0d4bb1fcab8e8a467.php 第 966 行.
NOTIC: [8] Undefined index: type E:\wamp\www\ChildrenPlatform\Application\Runtime\Cache\Home\10228148ef29efb0d4bb1fcab8e8a467.php 第 971 行.
NOTIC: [8] Undefined index: type E:\wamp\www\ChildrenPlatform\Application\Runtime\Cache\Home\10228148ef29efb0d4bb1fcab8e8a467.php 第 971 行.
NOTIC: [8] Undefined index: type E:\wamp\www\ChildrenPlatform\Application\Runtime\Cache\Home\10228148ef29efb0d4bb1fcab8e8a467.php 第 971 行.
NOTIC: [8] Use of undefined constant voo - assumed 'voo' E:\wamp\www\ChildrenPlatform\Application\Runtime\Cache\Home\10228148ef29efb0d4bb1fcab8e8a467.php 第 1047 行.
NOTIC: [8] Use of undefined constant voo - assumed 'voo' E:\wamp\www\ChildrenPlatform\Application\Runtime\Cache\Home\10228148ef29efb0d4bb1fcab8e8a467.php 第 1047 行.
NOTIC: [8] Use of undefined constant voo - assumed 'voo' E:\wamp\www\ChildrenPlatform\Application\Runtime\Cache\Home\10228148ef29efb0d4bb1fcab8e8a467.php 第 1047 行.
NOTIC: [8] Use of undefined constant voo - assumed 'voo' E:\wamp\www\ChildrenPlatform\Application\Runtime\Cache\Home\10228148ef29efb0d4bb1fcab8e8a467.php 第 1047 行.
NOTIC: [8] Use of undefined constant voo - assumed 'voo' E:\wamp\www\ChildrenPlatform\Application\Runtime\Cache\Home\10228148ef29efb0d4bb1fcab8e8a467.php 第 1047 行.
NOTIC: [8] Use of undefined constant voo - assumed 'voo' E:\wamp\www\ChildrenPlatform\Application\Runtime\Cache\Home\10228148ef29efb0d4bb1fcab8e8a467.php 第 1047 行.
NOTIC: [8] Use of undefined constant voo - assumed 'voo' E:\wamp\www\ChildrenPlatform\Application\Runtime\Cache\Home\10228148ef29efb0d4bb1fcab8e8a467.php 第 1047 行.
NOTIC: [8] Use of undefined constant voo - assumed 'voo' E:\wamp\www\ChildrenPlatform\Application\Runtime\Cache\Home\10228148ef29efb0d4bb1fcab8e8a467.php 第 1047 行.
INFO: Run Behavior\ParseTemplateBehavior [ RunTime:0.033609s ]
INFO: [ view_parse ] --END-- [ RunTime:0.033686s ]
INFO: [ view_filter ] --START--
INFO: Run Behavior\WriteHtmlCacheBehavior [ RunTime:0.000311s ]
INFO: [ view_filter ] --END-- [ RunTime:0.000379s ]
INFO: [ app_end ] --START--
INFO: Run Behavior\ShowPageTraceBehavior [ RunTime:0.000518s ]
INFO: [ app_end ] --END-- [ RunTime:0.000604s ]

