[ 2017-11-22T12:00:24+08:00 ] 127.0.0.1 /ChildrenPlatform/
INFO: [ app_init ] --START--
INFO: Run Behavior\BuildLiteBehavior [ RunTime:0.000024s ]
INFO: [ app_init ] --END-- [ RunTime:0.000775s ]
INFO: [ app_begin ] --START--
INFO: Run Behavior\ReadHtmlCacheBehavior [ RunTime:0.010817s ]
INFO: [ app_begin ] --END-- [ RunTime:0.010924s ]
SQL: SHOW COLUMNS FROM `maintype` [ RunTime:0.0975s ]
SQL: SHOW COLUMNS FROM `2lvtype` [ RunTime:0.0461s ]
SQL: SELECT * FROM `maintype`  [ RunTime:0.0006s ]
NOTIC: [8] Undefined offset: 0 E:\wamp\www\ChildrenPlatform\ThinkPHP\Library\Think\Model.class.php 第 222 行.
SQL: SELECT * FROM `2lvtype` WHERE ( m_id = 1 )  [ RunTime:0.0007s ]
NOTIC: [8] Undefined offset: 0 E:\wamp\www\ChildrenPlatform\ThinkPHP\Library\Think\Model.class.php 第 222 行.
SQL: SELECT * FROM `2lvtype` WHERE ( m_id = 2 )  [ RunTime:0.0006s ]
NOTIC: [8] Undefined offset: 0 E:\wamp\www\ChildrenPlatform\ThinkPHP\Library\Think\Model.class.php 第 222 行.
SQL: SELECT * FROM `2lvtype` WHERE ( m_id = 3 )  [ RunTime:0.0006s ]
NOTIC: [8] Undefined offset: 0 E:\wamp\www\ChildrenPlatform\ThinkPHP\Library\Think\Model.class.php 第 222 行.
SQL: SELECT * FROM `2lvtype` WHERE ( m_id = 4 )  [ RunTime:0.0006s ]
SQL: SELECT * FROM `2lvtype` ORDER BY hint desc LIMIT 12   [ RunTime:0.0007s ]
SQL: SHOW COLUMNS FROM `items` [ RunTime:0.0492s ]
SQL: SELECT * FROM `items` WHERE `s_id` = 13 AND `state` = 0 ORDER BY hint desc LIMIT 8   [ RunTime:0.0009s ]
SQL: SHOW COLUMNS FROM `collect` [ RunTime:0.0350s ]
SQL: SELECT `state` FROM `collect` WHERE `f_id` = 20 AND `u_id` = 0  [ RunTime:0.0006s ]
SQL: SELECT `state` FROM `collect` WHERE `f_id` = 15 AND `u_id` = 0  [ RunTime:0.0005s ]
SQL: SELECT * FROM `items` WHERE `s_id` = 8 AND `state` = 0 ORDER BY hint desc LIMIT 8   [ RunTime:0.0008s ]
SQL: SELECT `state` FROM `collect` WHERE `f_id` = 22 AND `u_id` = 0  [ RunTime:0.0005s ]
SQL: SELECT `state` FROM `collect` WHERE `f_id` = 21 AND `u_id` = 0  [ RunTime:0.0005s ]
SQL: SELECT `state` FROM `collect` WHERE `f_id` = 23 AND `u_id` = 0  [ RunTime:0.0005s ]
SQL: SELECT `state` FROM `collect` WHERE `f_id` = 13 AND `u_id` = 0  [ RunTime:0.0005s ]
SQL: SELECT * FROM `items` WHERE `s_id` = 6 AND `state` = 0 ORDER BY hint desc LIMIT 8   [ RunTime:0.0007s ]
SQL: SELECT * FROM `items` WHERE `s_id` = 15 AND `state` = 0 ORDER BY hint desc LIMIT 8   [ RunTime:0.0006s ]
SQL: SELECT * FROM `items` WHERE `s_id` = 7 AND `state` = 0 ORDER BY hint desc LIMIT 8   [ RunTime:0.0006s ]
SQL: SELECT `state` FROM `collect` WHERE `f_id` = 9 AND `u_id` = 0  [ RunTime:0.0005s ]
SQL: SELECT * FROM `items` WHERE `s_id` = 9 AND `state` = 0 ORDER BY hint desc LIMIT 8   [ RunTime:0.0006s ]
SQL: SELECT `state` FROM `collect` WHERE `f_id` = 19 AND `u_id` = 0  [ RunTime:0.0004s ]
SQL: SELECT * FROM `items` WHERE `s_id` = 16 AND `state` = 0 ORDER BY hint desc LIMIT 8   [ RunTime:0.0006s ]
SQL: SELECT * FROM `items` WHERE `s_id` = 3 AND `state` = 0 ORDER BY hint desc LIMIT 8   [ RunTime:0.0005s ]
SQL: SELECT * FROM `items` WHERE `s_id` = 14 AND `state` = 0 ORDER BY hint desc LIMIT 8   [ RunTime:0.0006s ]
SQL: SELECT * FROM `items` WHERE `s_id` = 12 AND `state` = 0 ORDER BY hint desc LIMIT 8   [ RunTime:0.0006s ]
SQL: SELECT * FROM `items` WHERE `s_id` = 10 AND `state` = 0 ORDER BY hint desc LIMIT 8   [ RunTime:0.0006s ]
SQL: SELECT * FROM `items` WHERE `s_id` = 5 AND `state` = 0 ORDER BY hint desc LIMIT 8   [ RunTime:0.0006s ]
SQL: SHOW COLUMNS FROM `search` [ RunTime:0.0678s ]
SQL: SELECT * FROM `search` ORDER BY time desc LIMIT 8   [ RunTime:0.0004s ]
SQL: SELECT * FROM `items` WHERE ( state = 0 ) ORDER BY hint desc LIMIT 3   [ RunTime:0.0004s ]
SQL: SHOW COLUMNS FROM `carousel` [ RunTime:0.0660s ]
SQL: SELECT * FROM `carousel` WHERE ( state = 0 ) ORDER BY hint desc LIMIT 4   [ RunTime:0.0011s ]
SQL: SELECT COUNT(*) AS tp_count FROM `collect` WHERE `u_id` = 0 AND `state` = 1 LIMIT 1   [ RunTime:0.0007s ]
SQL: SHOW COLUMNS FROM `index` [ RunTime:0.0618s ]
SQL: UPDATE `index` SET `pageview`=pageview+1 WHERE ( id = 1 ) [ RunTime:0.0005s ]
INFO: [ view_parse ] --START--
INFO: [ template_filter ] --START--
INFO: Run Behavior\ContentReplaceBehavior [ RunTime:0.000469s ]
INFO: [ template_filter ] --END-- [ RunTime:0.000586s ]
NOTIC: [8] Undefined index: u_id E:\wamp\www\ChildrenPlatform\Application\Runtime\Cache\Home\2a94b8bda04ff446dcedd42276fc99ee.php 第 69 行.
NOTIC: [8] Use of undefined constant voo - assumed 'voo' E:\wamp\www\ChildrenPlatform\Application\Runtime\Cache\Home\2a94b8bda04ff446dcedd42276fc99ee.php 第 853 行.
NOTIC: [8] Use of undefined constant voo - assumed 'voo' E:\wamp\www\ChildrenPlatform\Application\Runtime\Cache\Home\2a94b8bda04ff446dcedd42276fc99ee.php 第 853 行.
NOTIC: [8] Use of undefined constant voo - assumed 'voo' E:\wamp\www\ChildrenPlatform\Application\Runtime\Cache\Home\2a94b8bda04ff446dcedd42276fc99ee.php 第 853 行.
NOTIC: [8] Use of undefined constant voo - assumed 'voo' E:\wamp\www\ChildrenPlatform\Application\Runtime\Cache\Home\2a94b8bda04ff446dcedd42276fc99ee.php 第 853 行.
NOTIC: [8] Use of undefined constant voo - assumed 'voo' E:\wamp\www\ChildrenPlatform\Application\Runtime\Cache\Home\2a94b8bda04ff446dcedd42276fc99ee.php 第 853 行.
NOTIC: [8] Use of undefined constant voo - assumed 'voo' E:\wamp\www\ChildrenPlatform\Application\Runtime\Cache\Home\2a94b8bda04ff446dcedd42276fc99ee.php 第 853 行.
NOTIC: [8] Use of undefined constant voo - assumed 'voo' E:\wamp\www\ChildrenPlatform\Application\Runtime\Cache\Home\2a94b8bda04ff446dcedd42276fc99ee.php 第 853 行.
NOTIC: [8] Use of undefined constant voo - assumed 'voo' E:\wamp\www\ChildrenPlatform\Application\Runtime\Cache\Home\2a94b8bda04ff446dcedd42276fc99ee.php 第 853 行.
NOTIC: [8] Use of undefined constant hot_vo - assumed 'hot_vo' E:\wamp\www\ChildrenPlatform\Application\Runtime\Cache\Home\2a94b8bda04ff446dcedd42276fc99ee.php 第 994 行.
NOTIC: [8] Use of undefined constant hot_vo - assumed 'hot_vo' E:\wamp\www\ChildrenPlatform\Application\Runtime\Cache\Home\2a94b8bda04ff446dcedd42276fc99ee.php 第 994 行.
NOTIC: [8] Use of undefined constant vo2 - assumed 'vo2' E:\wamp\www\ChildrenPlatform\Application\Runtime\Cache\Home\2a94b8bda04ff446dcedd42276fc99ee.php 第 1057 行.
NOTIC: [8] Use of undefined constant vo2 - assumed 'vo2' E:\wamp\www\ChildrenPlatform\Application\Runtime\Cache\Home\2a94b8bda04ff446dcedd42276fc99ee.php 第 1057 行.
NOTIC: [8] Use of undefined constant vo2 - assumed 'vo2' E:\wamp\www\ChildrenPlatform\Application\Runtime\Cache\Home\2a94b8bda04ff446dcedd42276fc99ee.php 第 1057 行.
NOTIC: [8] Use of undefined constant vo2 - assumed 'vo2' E:\wamp\www\ChildrenPlatform\Application\Runtime\Cache\Home\2a94b8bda04ff446dcedd42276fc99ee.php 第 1057 行.
NOTIC: [8] Use of undefined constant hot_vo - assumed 'hot_vo' E:\wamp\www\ChildrenPlatform\Application\Runtime\Cache\Home\2a94b8bda04ff446dcedd42276fc99ee.php 第 1102 行.
NOTIC: [8] Use of undefined constant hot_vo - assumed 'hot_vo' E:\wamp\www\ChildrenPlatform\Application\Runtime\Cache\Home\2a94b8bda04ff446dcedd42276fc99ee.php 第 1102 行.
NOTIC: [8] Use of undefined constant vo2 - assumed 'vo2' E:\wamp\www\ChildrenPlatform\Application\Runtime\Cache\Home\2a94b8bda04ff446dcedd42276fc99ee.php 第 1163 行.
NOTIC: [8] Use of undefined constant vo2 - assumed 'vo2' E:\wamp\www\ChildrenPlatform\Application\Runtime\Cache\Home\2a94b8bda04ff446dcedd42276fc99ee.php 第 1163 行.
NOTIC: [8] Use of undefined constant vo2 - assumed 'vo2' E:\wamp\www\ChildrenPlatform\Application\Runtime\Cache\Home\2a94b8bda04ff446dcedd42276fc99ee.php 第 1163 行.
NOTIC: [8] Use of undefined constant vo2 - assumed 'vo2' E:\wamp\www\ChildrenPlatform\Application\Runtime\Cache\Home\2a94b8bda04ff446dcedd42276fc99ee.php 第 1163 行.
NOTIC: [8] Use of undefined constant vo2 - assumed 'vo2' E:\wamp\www\ChildrenPlatform\Application\Runtime\Cache\Home\2a94b8bda04ff446dcedd42276fc99ee.php 第 1163 行.
NOTIC: [8] Use of undefined constant vo2 - assumed 'vo2' E:\wamp\www\ChildrenPlatform\Application\Runtime\Cache\Home\2a94b8bda04ff446dcedd42276fc99ee.php 第 1163 行.
NOTIC: [8] Use of undefined constant vo2 - assumed 'vo2' E:\wamp\www\ChildrenPlatform\Application\Runtime\Cache\Home\2a94b8bda04ff446dcedd42276fc99ee.php 第 1163 行.
NOTIC: [8] Use of undefined constant vo2 - assumed 'vo2' E:\wamp\www\ChildrenPlatform\Application\Runtime\Cache\Home\2a94b8bda04ff446dcedd42276fc99ee.php 第 1163 行.
INFO: Run Behavior\ParseTemplateBehavior [ RunTime:0.181165s ]
INFO: [ view_parse ] --END-- [ RunTime:0.181308s ]
INFO: [ view_filter ] --START--
INFO: Run Behavior\WriteHtmlCacheBehavior [ RunTime:0.011827s ]
INFO: [ view_filter ] --END-- [ RunTime:0.011923s ]
INFO: [ app_end ] --START--
INFO: Run Behavior\ShowPageTraceBehavior [ RunTime:0.004758s ]
INFO: [ app_end ] --END-- [ RunTime:0.004901s ]

[ 2017-11-22T12:55:44+08:00 ] 127.0.0.1 /ChildrenPlatform/Home/Index/index
INFO: [ app_init ] --START--
INFO: Run Behavior\BuildLiteBehavior [ RunTime:0.000035s ]
INFO: [ app_init ] --END-- [ RunTime:0.000606s ]
INFO: [ app_begin ] --START--
INFO: Run Behavior\ReadHtmlCacheBehavior [ RunTime:0.000915s ]
INFO: [ app_begin ] --END-- [ RunTime:0.001072s ]
SQL: SHOW COLUMNS FROM `maintype` [ RunTime:0.0223s ]
SQL: SHOW COLUMNS FROM `2lvtype` [ RunTime:0.0140s ]
SQL: SELECT * FROM `maintype`  [ RunTime:0.0008s ]
NOTIC: [8] Undefined offset: 0 E:\wamp\www\ChildrenPlatform\ThinkPHP\Library\Think\Model.class.php 第 222 行.
SQL: SELECT * FROM `2lvtype` WHERE ( m_id = 1 )  [ RunTime:0.0010s ]
NOTIC: [8] Undefined offset: 0 E:\wamp\www\ChildrenPlatform\ThinkPHP\Library\Think\Model.class.php 第 222 行.
SQL: SELECT * FROM `2lvtype` WHERE ( m_id = 2 )  [ RunTime:0.0009s ]
NOTIC: [8] Undefined offset: 0 E:\wamp\www\ChildrenPlatform\ThinkPHP\Library\Think\Model.class.php 第 222 行.
SQL: SELECT * FROM `2lvtype` WHERE ( m_id = 3 )  [ RunTime:0.0009s ]
NOTIC: [8] Undefined offset: 0 E:\wamp\www\ChildrenPlatform\ThinkPHP\Library\Think\Model.class.php 第 222 行.
SQL: SELECT * FROM `2lvtype` WHERE ( m_id = 4 )  [ RunTime:0.0009s ]
SQL: SELECT * FROM `2lvtype` ORDER BY hint desc LIMIT 12   [ RunTime:0.0010s ]
SQL: SHOW COLUMNS FROM `items` [ RunTime:0.0133s ]
SQL: SELECT * FROM `items` WHERE `s_id` = 13 AND `state` = 0 ORDER BY hint desc LIMIT 8   [ RunTime:0.0013s ]
SQL: SHOW COLUMNS FROM `collect` [ RunTime:0.0133s ]
SQL: SELECT `state` FROM `collect` WHERE `f_id` = 20 AND `u_id` = 0  [ RunTime:0.0005s ]
SQL: SELECT `state` FROM `collect` WHERE `f_id` = 15 AND `u_id` = 0  [ RunTime:0.0004s ]
SQL: SELECT * FROM `items` WHERE `s_id` = 8 AND `state` = 0 ORDER BY hint desc LIMIT 8   [ RunTime:0.0007s ]
SQL: SELECT `state` FROM `collect` WHERE `f_id` = 22 AND `u_id` = 0  [ RunTime:0.0005s ]
SQL: SELECT `state` FROM `collect` WHERE `f_id` = 21 AND `u_id` = 0  [ RunTime:0.0004s ]
SQL: SELECT `state` FROM `collect` WHERE `f_id` = 23 AND `u_id` = 0  [ RunTime:0.0003s ]
SQL: SELECT `state` FROM `collect` WHERE `f_id` = 13 AND `u_id` = 0  [ RunTime:0.0003s ]
SQL: SELECT * FROM `items` WHERE `s_id` = 6 AND `state` = 0 ORDER BY hint desc LIMIT 8   [ RunTime:0.0004s ]
SQL: SELECT * FROM `items` WHERE `s_id` = 15 AND `state` = 0 ORDER BY hint desc LIMIT 8   [ RunTime:0.0004s ]
SQL: SELECT * FROM `items` WHERE `s_id` = 7 AND `state` = 0 ORDER BY hint desc LIMIT 8   [ RunTime:0.0004s ]
SQL: SELECT `state` FROM `collect` WHERE `f_id` = 9 AND `u_id` = 0  [ RunTime:0.0003s ]
SQL: SELECT * FROM `items` WHERE `s_id` = 9 AND `state` = 0 ORDER BY hint desc LIMIT 8   [ RunTime:0.0004s ]
SQL: SELECT `state` FROM `collect` WHERE `f_id` = 19 AND `u_id` = 0  [ RunTime:0.0003s ]
SQL: SELECT * FROM `items` WHERE `s_id` = 16 AND `state` = 0 ORDER BY hint desc LIMIT 8   [ RunTime:0.0004s ]
SQL: SELECT * FROM `items` WHERE `s_id` = 3 AND `state` = 0 ORDER BY hint desc LIMIT 8   [ RunTime:0.0004s ]
SQL: SELECT * FROM `items` WHERE `s_id` = 14 AND `state` = 0 ORDER BY hint desc LIMIT 8   [ RunTime:0.0004s ]
SQL: SELECT * FROM `items` WHERE `s_id` = 12 AND `state` = 0 ORDER BY hint desc LIMIT 8   [ RunTime:0.0004s ]
SQL: SELECT * FROM `items` WHERE `s_id` = 10 AND `state` = 0 ORDER BY hint desc LIMIT 8   [ RunTime:0.0004s ]
SQL: SELECT * FROM `items` WHERE `s_id` = 5 AND `state` = 0 ORDER BY hint desc LIMIT 8   [ RunTime:0.0004s ]
SQL: SHOW COLUMNS FROM `search` [ RunTime:0.0064s ]
SQL: SELECT * FROM `search` ORDER BY time desc LIMIT 8   [ RunTime:0.0004s ]
SQL: SELECT * FROM `items` WHERE ( state = 0 ) ORDER BY hint desc LIMIT 3   [ RunTime:0.0004s ]
SQL: SHOW COLUMNS FROM `carousel` [ RunTime:0.0065s ]
SQL: SELECT * FROM `carousel` WHERE ( state = 0 ) ORDER BY hint desc LIMIT 4   [ RunTime:0.0005s ]
SQL: SELECT COUNT(*) AS tp_count FROM `collect` WHERE `u_id` = 0 AND `state` = 1 LIMIT 1   [ RunTime:0.0004s ]
SQL: SHOW COLUMNS FROM `index` [ RunTime:0.0067s ]
SQL: UPDATE `index` SET `pageview`=pageview+1 WHERE ( id = 1 ) [ RunTime:0.0004s ]
INFO: [ view_parse ] --START--
INFO: [ template_filter ] --START--
INFO: Run Behavior\ContentReplaceBehavior [ RunTime:0.000428s ]
INFO: [ template_filter ] --END-- [ RunTime:0.000521s ]
NOTIC: [8] Undefined index: u_id E:\wamp\www\ChildrenPlatform\Application\Runtime\Cache\Home\2a94b8bda04ff446dcedd42276fc99ee.php 第 69 行.
NOTIC: [8] Use of undefined constant voo - assumed 'voo' E:\wamp\www\ChildrenPlatform\Application\Runtime\Cache\Home\2a94b8bda04ff446dcedd42276fc99ee.php 第 853 行.
NOTIC: [8] Use of undefined constant voo - assumed 'voo' E:\wamp\www\ChildrenPlatform\Application\Runtime\Cache\Home\2a94b8bda04ff446dcedd42276fc99ee.php 第 853 行.
NOTIC: [8] Use of undefined constant voo - assumed 'voo' E:\wamp\www\ChildrenPlatform\Application\Runtime\Cache\Home\2a94b8bda04ff446dcedd42276fc99ee.php 第 853 行.
NOTIC: [8] Use of undefined constant voo - assumed 'voo' E:\wamp\www\ChildrenPlatform\Application\Runtime\Cache\Home\2a94b8bda04ff446dcedd42276fc99ee.php 第 853 行.
NOTIC: [8] Use of undefined constant voo - assumed 'voo' E:\wamp\www\ChildrenPlatform\Application\Runtime\Cache\Home\2a94b8bda04ff446dcedd42276fc99ee.php 第 853 行.
NOTIC: [8] Use of undefined constant voo - assumed 'voo' E:\wamp\www\ChildrenPlatform\Application\Runtime\Cache\Home\2a94b8bda04ff446dcedd42276fc99ee.php 第 853 行.
NOTIC: [8] Use of undefined constant voo - assumed 'voo' E:\wamp\www\ChildrenPlatform\Application\Runtime\Cache\Home\2a94b8bda04ff446dcedd42276fc99ee.php 第 853 行.
NOTIC: [8] Use of undefined constant voo - assumed 'voo' E:\wamp\www\ChildrenPlatform\Application\Runtime\Cache\Home\2a94b8bda04ff446dcedd42276fc99ee.php 第 853 行.
NOTIC: [8] Use of undefined constant hot_vo - assumed 'hot_vo' E:\wamp\www\ChildrenPlatform\Application\Runtime\Cache\Home\2a94b8bda04ff446dcedd42276fc99ee.php 第 994 行.
NOTIC: [8] Use of undefined constant hot_vo - assumed 'hot_vo' E:\wamp\www\ChildrenPlatform\Application\Runtime\Cache\Home\2a94b8bda04ff446dcedd42276fc99ee.php 第 994 行.
NOTIC: [8] Use of undefined constant vo2 - assumed 'vo2' E:\wamp\www\ChildrenPlatform\Application\Runtime\Cache\Home\2a94b8bda04ff446dcedd42276fc99ee.php 第 1057 行.
NOTIC: [8] Use of undefined constant vo2 - assumed 'vo2' E:\wamp\www\ChildrenPlatform\Application\Runtime\Cache\Home\2a94b8bda04ff446dcedd42276fc99ee.php 第 1057 行.
NOTIC: [8] Use of undefined constant vo2 - assumed 'vo2' E:\wamp\www\ChildrenPlatform\Application\Runtime\Cache\Home\2a94b8bda04ff446dcedd42276fc99ee.php 第 1057 行.
NOTIC: [8] Use of undefined constant vo2 - assumed 'vo2' E:\wamp\www\ChildrenPlatform\Application\Runtime\Cache\Home\2a94b8bda04ff446dcedd42276fc99ee.php 第 1057 行.
NOTIC: [8] Use of undefined constant hot_vo - assumed 'hot_vo' E:\wamp\www\ChildrenPlatform\Application\Runtime\Cache\Home\2a94b8bda04ff446dcedd42276fc99ee.php 第 1102 行.
NOTIC: [8] Use of undefined constant hot_vo - assumed 'hot_vo' E:\wamp\www\ChildrenPlatform\Application\Runtime\Cache\Home\2a94b8bda04ff446dcedd42276fc99ee.php 第 1102 行.
NOTIC: [8] Use of undefined constant vo2 - assumed 'vo2' E:\wamp\www\ChildrenPlatform\Application\Runtime\Cache\Home\2a94b8bda04ff446dcedd42276fc99ee.php 第 1163 行.
NOTIC: [8] Use of undefined constant vo2 - assumed 'vo2' E:\wamp\www\ChildrenPlatform\Application\Runtime\Cache\Home\2a94b8bda04ff446dcedd42276fc99ee.php 第 1163 行.
NOTIC: [8] Use of undefined constant vo2 - assumed 'vo2' E:\wamp\www\ChildrenPlatform\Application\Runtime\Cache\Home\2a94b8bda04ff446dcedd42276fc99ee.php 第 1163 行.
NOTIC: [8] Use of undefined constant vo2 - assumed 'vo2' E:\wamp\www\ChildrenPlatform\Application\Runtime\Cache\Home\2a94b8bda04ff446dcedd42276fc99ee.php 第 1163 行.
NOTIC: [8] Use of undefined constant vo2 - assumed 'vo2' E:\wamp\www\ChildrenPlatform\Application\Runtime\Cache\Home\2a94b8bda04ff446dcedd42276fc99ee.php 第 1163 行.
NOTIC: [8] Use of undefined constant vo2 - assumed 'vo2' E:\wamp\www\ChildrenPlatform\Application\Runtime\Cache\Home\2a94b8bda04ff446dcedd42276fc99ee.php 第 1163 行.
NOTIC: [8] Use of undefined constant vo2 - assumed 'vo2' E:\wamp\www\ChildrenPlatform\Application\Runtime\Cache\Home\2a94b8bda04ff446dcedd42276fc99ee.php 第 1163 行.
NOTIC: [8] Use of undefined constant vo2 - assumed 'vo2' E:\wamp\www\ChildrenPlatform\Application\Runtime\Cache\Home\2a94b8bda04ff446dcedd42276fc99ee.php 第 1163 行.
INFO: Run Behavior\ParseTemplateBehavior [ RunTime:0.055942s ]
INFO: [ view_parse ] --END-- [ RunTime:0.056048s ]
INFO: [ view_filter ] --START--
INFO: Run Behavior\WriteHtmlCacheBehavior [ RunTime:0.000484s ]
INFO: [ view_filter ] --END-- [ RunTime:0.000564s ]
INFO: [ app_end ] --START--
INFO: Run Behavior\ShowPageTraceBehavior [ RunTime:0.000576s ]
INFO: [ app_end ] --END-- [ RunTime:0.000663s ]

