[ 2017-11-25T09:01:55+08:00 ] 127.0.0.1 /ChildrenPlatform/Home/Index/tesy
INFO: [ app_init ] --START--
INFO: Run Behavior\BuildLiteBehavior [ RunTime:0.000081s ]
INFO: [ app_init ] --END-- [ RunTime:0.002228s ]
INFO: [ app_begin ] --START--
INFO: Run Behavior\ReadHtmlCacheBehavior [ RunTime:0.017784s ]
INFO: [ app_begin ] --END-- [ RunTime:0.018229s ]
ERR: 非法操作:tesy

[ 2017-11-25T09:01:58+08:00 ] 127.0.0.1 /ChildrenPlatform/Home/Index/test
INFO: [ app_init ] --START--
INFO: Run Behavior\BuildLiteBehavior [ RunTime:0.000038s ]
INFO: [ app_init ] --END-- [ RunTime:0.000584s ]
INFO: [ app_begin ] --START--
INFO: Run Behavior\ReadHtmlCacheBehavior [ RunTime:0.000417s ]
INFO: [ app_begin ] --END-- [ RunTime:0.000523s ]
SQL: SHOW COLUMNS FROM `items` [ RunTime:0.0942s ]
SQL: SELECT * FROM `items`  [ RunTime:0.0006s ]
NOTIC: [8] Use of undefined constant json - assumed 'json' E:\wamp\www\ChildrenPlatform\Application\Home\Controller\IndexController.class.php 第 62 行.

[ 2017-11-25T09:02:15+08:00 ] 127.0.0.1 /ChildrenPlatform/Home/Index/test
INFO: [ app_init ] --START--
INFO: Run Behavior\BuildLiteBehavior [ RunTime:0.000045s ]
INFO: [ app_init ] --END-- [ RunTime:0.000704s ]
INFO: [ app_begin ] --START--
INFO: Run Behavior\ReadHtmlCacheBehavior [ RunTime:0.000582s ]
INFO: [ app_begin ] --END-- [ RunTime:0.000715s ]
SQL: SHOW COLUMNS FROM `items` [ RunTime:0.0346s ]
SQL: SELECT * FROM `items`  [ RunTime:0.0006s ]
NOTIC: [8] Use of undefined constant json - assumed 'json' E:\wamp\www\ChildrenPlatform\Application\Home\Controller\IndexController.class.php 第 62 行.

[ 2017-11-25T09:07:19+08:00 ] 127.0.0.1 /ChildrenPlatform/Home/Index/test?f_id=9
INFO: [ app_init ] --START--
INFO: Run Behavior\BuildLiteBehavior [ RunTime:0.000020s ]
INFO: [ app_init ] --END-- [ RunTime:0.000388s ]
INFO: [ app_begin ] --START--
INFO: Run Behavior\ReadHtmlCacheBehavior [ RunTime:0.000509s ]
INFO: [ app_begin ] --END-- [ RunTime:0.000609s ]
SQL: SHOW COLUMNS FROM `items` [ RunTime:0.0413s ]
SQL: SELECT * FROM `items`  [ RunTime:0.0017s ]
NOTIC: [8] Use of undefined constant json - assumed 'json' E:\wamp\www\ChildrenPlatform\Application\Home\Controller\IndexController.class.php 第 62 行.

[ 2017-11-25T09:07:52+08:00 ] 127.0.0.1 /ChildrenPlatform/Home/Index/test?f_id=9
INFO: [ app_init ] --START--
INFO: Run Behavior\BuildLiteBehavior [ RunTime:0.000073s ]
INFO: [ app_init ] --END-- [ RunTime:0.001320s ]
INFO: [ app_begin ] --START--
INFO: Run Behavior\ReadHtmlCacheBehavior [ RunTime:0.000572s ]
INFO: [ app_begin ] --END-- [ RunTime:0.000718s ]
SQL: SHOW COLUMNS FROM `items` [ RunTime:0.0678s ]
SQL: SELECT * FROM `items` WHERE ( f_id=9 )  [ RunTime:0.0006s ]
NOTIC: [8] Use of undefined constant json - assumed 'json' E:\wamp\www\ChildrenPlatform\Application\Home\Controller\IndexController.class.php 第 62 行.

[ 2017-11-25T09:10:20+08:00 ] 127.0.0.1 /ChildrenPlatform/Home/Index/test?f_id=9
INFO: [ app_init ] --START--
INFO: Run Behavior\BuildLiteBehavior [ RunTime:0.000048s ]
INFO: [ app_init ] --END-- [ RunTime:0.000810s ]
INFO: [ app_begin ] --START--
INFO: Run Behavior\ReadHtmlCacheBehavior [ RunTime:0.001016s ]
INFO: [ app_begin ] --END-- [ RunTime:0.001196s ]
SQL: SHOW COLUMNS FROM `items` [ RunTime:0.0326s ]
SQL: SELECT * FROM `items` WHERE ( f_id=9 )  [ RunTime:0.0009s ]
NOTIC: [8] Use of undefined constant json - assumed 'json' E:\wamp\www\ChildrenPlatform\Application\Home\Controller\IndexController.class.php 第 62 行.

[ 2017-11-25T09:11:37+08:00 ] 127.0.0.1 /ChildrenPlatform/Home/Index/test?f_id=9
INFO: [ app_init ] --START--
INFO: Run Behavior\BuildLiteBehavior [ RunTime:0.000036s ]
INFO: [ app_init ] --END-- [ RunTime:0.000701s ]
INFO: [ app_begin ] --START--
INFO: Run Behavior\ReadHtmlCacheBehavior [ RunTime:0.000690s ]
INFO: [ app_begin ] --END-- [ RunTime:0.000852s ]
SQL: SHOW COLUMNS FROM `items` [ RunTime:0.0397s ]
SQL: SELECT * FROM `items` WHERE ( f_id=9 )  [ RunTime:0.0015s ]
NOTIC: [8] Use of undefined constant json - assumed 'json' E:\wamp\www\ChildrenPlatform\Application\Home\Controller\IndexController.class.php 第 62 行.

[ 2017-11-25T09:27:01+08:00 ] 127.0.0.1 /ChildrenPlatform/Home/Api/login
INFO: [ app_init ] --START--
INFO: Run Behavior\BuildLiteBehavior [ RunTime:0.000030s ]
INFO: [ app_init ] --END-- [ RunTime:0.000591s ]
INFO: [ app_begin ] --START--
INFO: Run Behavior\ReadHtmlCacheBehavior [ RunTime:0.000779s ]
INFO: [ app_begin ] --END-- [ RunTime:0.000924s ]
ERR: 参数错误或者未定义:telephone

[ 2017-11-25T09:27:13+08:00 ] 127.0.0.1 /ChildrenPlatform/Home/Api/login
INFO: [ app_init ] --START--
INFO: Run Behavior\BuildLiteBehavior [ RunTime:0.000022s ]
INFO: [ app_init ] --END-- [ RunTime:0.000377s ]
INFO: [ app_begin ] --START--
INFO: Run Behavior\ReadHtmlCacheBehavior [ RunTime:0.000421s ]
INFO: [ app_begin ] --END-- [ RunTime:0.000517s ]
ERR: 参数错误或者未定义:telephone

[ 2017-11-25T09:27:52+08:00 ] 127.0.0.1 /ChildrenPlatform/Home/Api/login?telephone=17640410053&password=Lovek0827
INFO: [ app_init ] --START--
INFO: Run Behavior\BuildLiteBehavior [ RunTime:0.000056s ]
INFO: [ app_init ] --END-- [ RunTime:0.001112s ]
INFO: [ app_begin ] --START--
INFO: Run Behavior\ReadHtmlCacheBehavior [ RunTime:0.001484s ]
INFO: [ app_begin ] --END-- [ RunTime:0.001750s ]
SQL: SHOW COLUMNS FROM `user` [ RunTime:0.1063s ]
SQL: SELECT `u_id` FROM `user` WHERE `telephone` = '17640410053' AND `password` = 'aadd8f212654707494ba83d91c04845a' LIMIT 1   [ RunTime:0.0014s ]
NOTIC: [8] Use of undefined constant json - assumed 'json' E:\wamp\www\ChildrenPlatform\Application\Home\Controller\ApiController.class.php 第 13 行.

[ 2017-11-25T09:27:59+08:00 ] 127.0.0.1 /ChildrenPlatform/Home/Api/login?telephone=17640410053,password=Lovek0827
INFO: [ app_init ] --START--
INFO: Run Behavior\BuildLiteBehavior [ RunTime:0.000030s ]
INFO: [ app_init ] --END-- [ RunTime:0.000528s ]
INFO: [ app_begin ] --START--
INFO: Run Behavior\ReadHtmlCacheBehavior [ RunTime:0.000615s ]
INFO: [ app_begin ] --END-- [ RunTime:0.000753s ]
ERR: 参数错误或者未定义:password

[ 2017-11-25T09:28:11+08:00 ] 127.0.0.1 /ChildrenPlatform/Home/Api/login?telephone=17640410053,password=Lovek0827
INFO: [ app_init ] --START--
INFO: Run Behavior\BuildLiteBehavior [ RunTime:0.000023s ]
INFO: [ app_init ] --END-- [ RunTime:0.000378s ]
INFO: [ app_begin ] --START--
INFO: Run Behavior\ReadHtmlCacheBehavior [ RunTime:0.000414s ]
INFO: [ app_begin ] --END-- [ RunTime:0.000512s ]
ERR: 参数错误或者未定义:password

[ 2017-11-25T09:28:27+08:00 ] 127.0.0.1 /ChildrenPlatform/Home/Api/login?telephone=17640410053%7C%7Cpassword=Lovek0827
INFO: [ app_init ] --START--
INFO: Run Behavior\BuildLiteBehavior [ RunTime:0.000044s ]
INFO: [ app_init ] --END-- [ RunTime:0.000785s ]
INFO: [ app_begin ] --START--
INFO: Run Behavior\ReadHtmlCacheBehavior [ RunTime:0.000875s ]
INFO: [ app_begin ] --END-- [ RunTime:0.001078s ]
ERR: 参数错误或者未定义:password

[ 2017-11-25T09:28:35+08:00 ] 127.0.0.1 /ChildrenPlatform/Home/Api/login?telephone=17640410053&&password=Lovek0827
INFO: [ app_init ] --START--
INFO: Run Behavior\BuildLiteBehavior [ RunTime:0.000033s ]
INFO: [ app_init ] --END-- [ RunTime:0.000590s ]
INFO: [ app_begin ] --START--
INFO: Run Behavior\ReadHtmlCacheBehavior [ RunTime:0.000778s ]
INFO: [ app_begin ] --END-- [ RunTime:0.000990s ]
SQL: SHOW COLUMNS FROM `user` [ RunTime:0.0353s ]
SQL: SELECT `u_id` FROM `user` WHERE `telephone` = '17640410053' AND `password` = 'aadd8f212654707494ba83d91c04845a' LIMIT 1   [ RunTime:0.0011s ]
NOTIC: [8] Use of undefined constant json - assumed 'json' E:\wamp\www\ChildrenPlatform\Application\Home\Controller\ApiController.class.php 第 13 行.

[ 2017-11-25T09:29:30+08:00 ] 127.0.0.1 /ChildrenPlatform/Home/Api/login?telephone=17640410053&password=Lovek0827
INFO: [ app_init ] --START--
INFO: Run Behavior\BuildLiteBehavior [ RunTime:0.000033s ]
INFO: [ app_init ] --END-- [ RunTime:0.000819s ]
INFO: [ app_begin ] --START--
INFO: Run Behavior\ReadHtmlCacheBehavior [ RunTime:0.000859s ]
INFO: [ app_begin ] --END-- [ RunTime:0.000990s ]

[ 2017-11-25T09:29:48+08:00 ] 127.0.0.1 /ChildrenPlatform/Home/Api/login?telephone=17640410053&password=Lovek0827
INFO: [ app_init ] --START--
INFO: Run Behavior\BuildLiteBehavior [ RunTime:0.000026s ]
INFO: [ app_init ] --END-- [ RunTime:0.000458s ]
INFO: [ app_begin ] --START--
INFO: Run Behavior\ReadHtmlCacheBehavior [ RunTime:0.000528s ]
INFO: [ app_begin ] --END-- [ RunTime:0.000654s ]

[ 2017-11-25T09:30:03+08:00 ] 127.0.0.1 /ChildrenPlatform/Home/Api/login?telephone=17640410053&password=Lovekn0827
INFO: [ app_init ] --START--
INFO: Run Behavior\BuildLiteBehavior [ RunTime:0.000020s ]
INFO: [ app_init ] --END-- [ RunTime:0.000476s ]
INFO: [ app_begin ] --START--
INFO: Run Behavior\ReadHtmlCacheBehavior [ RunTime:0.000520s ]
INFO: [ app_begin ] --END-- [ RunTime:0.000612s ]
SQL: SHOW COLUMNS FROM `user` [ RunTime:0.0308s ]
SQL: SELECT `u_id` FROM `user` WHERE `telephone` = '17640410053' AND `password` = 'Lovekn0827' LIMIT 1   [ RunTime:0.0011s ]
NOTIC: [8] Use of undefined constant json - assumed 'json' E:\wamp\www\ChildrenPlatform\Application\Home\Controller\ApiController.class.php 第 13 行.

[ 2017-11-25T09:30:30+08:00 ] 127.0.0.1 /ChildrenPlatform/Home/Api/login?telephone=17640410053&password=Lovekn0827
INFO: [ app_init ] --START--
INFO: Run Behavior\BuildLiteBehavior [ RunTime:0.000024s ]
INFO: [ app_init ] --END-- [ RunTime:0.000463s ]
INFO: [ app_begin ] --START--
INFO: Run Behavior\ReadHtmlCacheBehavior [ RunTime:0.000465s ]
INFO: [ app_begin ] --END-- [ RunTime:0.000574s ]

[ 2017-11-25T09:30:47+08:00 ] 127.0.0.1 /ChildrenPlatform/Home/Api/login?telephone=17640410053&password=Lovekn0827
INFO: [ app_init ] --START--
INFO: Run Behavior\BuildLiteBehavior [ RunTime:0.000028s ]
INFO: [ app_init ] --END-- [ RunTime:0.000463s ]
INFO: [ app_begin ] --START--
INFO: Run Behavior\ReadHtmlCacheBehavior [ RunTime:0.000515s ]
INFO: [ app_begin ] --END-- [ RunTime:0.000631s ]

[ 2017-11-25T09:30:58+08:00 ] 127.0.0.1 /ChildrenPlatform/Home/Api/login?telephone=17640410053&password=Lovekn0827
INFO: [ app_init ] --START--
INFO: Run Behavior\BuildLiteBehavior [ RunTime:0.000077s ]
INFO: [ app_init ] --END-- [ RunTime:0.001388s ]
INFO: [ app_begin ] --START--
INFO: Run Behavior\ReadHtmlCacheBehavior [ RunTime:0.000588s ]
INFO: [ app_begin ] --END-- [ RunTime:0.000724s ]
SQL: SHOW COLUMNS FROM `user` [ RunTime:0.0119s ]
SQL: SELECT `u_id` FROM `user` WHERE `telephone` = '17640410053' AND `password` = '675e192c556ac6a22abdcc8e57c25935' LIMIT 1   [ RunTime:0.0003s ]
NOTIC: [8] Use of undefined constant json - assumed 'json' E:\wamp\www\ChildrenPlatform\Application\Home\Controller\ApiController.class.php 第 13 行.

[ 2017-11-25T09:48:02+08:00 ] 127.0.0.1 /ChildrenPlatform/Home/Api/login?telephone=17640410053&password=Lovekn0827
INFO: [ app_init ] --START--
INFO: Run Behavior\BuildLiteBehavior [ RunTime:0.000022s ]
INFO: [ app_init ] --END-- [ RunTime:0.000518s ]
INFO: [ app_begin ] --START--
INFO: Run Behavior\ReadHtmlCacheBehavior [ RunTime:0.000596s ]
INFO: [ app_begin ] --END-- [ RunTime:0.000701s ]
SQL: SHOW COLUMNS FROM `user` [ RunTime:0.1121s ]
SQL: SELECT `u_id` FROM `user` WHERE `telephone` = '17640410053' AND `password` = '675e192c556ac6a22abdcc8e57c25935' LIMIT 1   [ RunTime:0.0008s ]
NOTIC: [8] Use of undefined constant json - assumed 'json' E:\wamp\www\ChildrenPlatform\Application\Home\Controller\ApiController.class.php 第 13 行.

[ 2017-11-25T11:42:23+08:00 ] 127.0.0.1 /ChildrenPlatform/Home/Api/login?telephone=17640410053&password=Lovekn0827
INFO: [ app_init ] --START--
INFO: Run Behavior\BuildLiteBehavior [ RunTime:0.000033s ]
INFO: [ app_init ] --END-- [ RunTime:0.000833s ]
INFO: [ app_begin ] --START--
INFO: Run Behavior\ReadHtmlCacheBehavior [ RunTime:0.001137s ]
INFO: [ app_begin ] --END-- [ RunTime:0.001354s ]
ERR: 非法操作:login

[ 2017-11-25T11:42:44+08:00 ] 127.0.0.1 /ChildrenPlatform/Home/Api/userLogin?telephone=17640410053&password=Lovekn0827
INFO: [ app_init ] --START--
INFO: Run Behavior\BuildLiteBehavior [ RunTime:0.000020s ]
INFO: [ app_init ] --END-- [ RunTime:0.000398s ]
INFO: [ app_begin ] --START--
INFO: Run Behavior\ReadHtmlCacheBehavior [ RunTime:0.000388s ]
INFO: [ app_begin ] --END-- [ RunTime:0.000477s ]
SQL: SHOW COLUMNS FROM `user` [ RunTime:0.0315s ]
SQL: SELECT `u_id` FROM `user` WHERE `telephone` = '17640410053' AND `password` = '675e192c556ac6a22abdcc8e57c25935' LIMIT 1   [ RunTime:0.0013s ]
NOTIC: [8] Use of undefined constant json - assumed 'json' E:\wamp\www\ChildrenPlatform\Application\Home\Controller\ApiController.class.php 第 13 行.

[ 2017-11-25T13:33:44+08:00 ] 127.0.0.1 /ChildrenPlatform/Home/Api/userLogin?telephone=17640410053&password=Lovekn0827
INFO: [ app_init ] --START--
INFO: Run Behavior\BuildLiteBehavior [ RunTime:0.000086s ]
INFO: [ app_init ] --END-- [ RunTime:0.002241s ]
INFO: [ app_begin ] --START--
INFO: Run Behavior\ReadHtmlCacheBehavior [ RunTime:0.017529s ]
INFO: [ app_begin ] --END-- [ RunTime:0.017965s ]
SQL: SHOW COLUMNS FROM `user` [ RunTime:0.0333s ]
SQL: SELECT `u_id` FROM `user` WHERE `telephone` = '17640410053' AND `password` = '675e192c556ac6a22abdcc8e57c25935' LIMIT 1   [ RunTime:0.0013s ]
NOTIC: [8] Use of undefined constant json - assumed 'json' E:\wamp\www\ChildrenPlatform\Application\Home\Controller\ApiController.class.php 第 13 行.

[ 2017-11-25T13:51:43+08:00 ] 127.0.0.1 /ChildrenPlatform/Home/Api/userLogin?telephone=17640410053&password=Lovekn0827
INFO: [ app_init ] --START--
INFO: Run Behavior\BuildLiteBehavior [ RunTime:0.000037s ]
INFO: [ app_init ] --END-- [ RunTime:0.000776s ]
INFO: [ app_begin ] --START--
INFO: Run Behavior\ReadHtmlCacheBehavior [ RunTime:0.000917s ]
INFO: [ app_begin ] --END-- [ RunTime:0.001082s ]
SQL: SHOW COLUMNS FROM `user` [ RunTime:0.0171s ]
SQL: SELECT `u_id` FROM `user` WHERE `telephone` = '' AND `password` = 'd41d8cd98f00b204e9800998ecf8427e' LIMIT 1   [ RunTime:0.0006s ]
NOTIC: [8] Use of undefined constant json - assumed 'json' E:\wamp\www\ChildrenPlatform\Application\Home\Controller\ApiController.class.php 第 15 行.

[ 2017-11-25T13:51:48+08:00 ] 127.0.0.1 /ChildrenPlatform/Home/Api/userLogin?telephone=17640410053&password=Lovekn0827
INFO: [ app_init ] --START--
INFO: Run Behavior\BuildLiteBehavior [ RunTime:0.000031s ]
INFO: [ app_init ] --END-- [ RunTime:0.000634s ]
INFO: [ app_begin ] --START--
INFO: Run Behavior\ReadHtmlCacheBehavior [ RunTime:0.000489s ]
INFO: [ app_begin ] --END-- [ RunTime:0.000622s ]
SQL: SHOW COLUMNS FROM `user` [ RunTime:0.0343s ]
SQL: SELECT `u_id` FROM `user` WHERE `telephone` = '' AND `password` = 'd41d8cd98f00b204e9800998ecf8427e' LIMIT 1   [ RunTime:0.0007s ]
NOTIC: [8] Use of undefined constant json - assumed 'json' E:\wamp\www\ChildrenPlatform\Application\Home\Controller\ApiController.class.php 第 15 行.

[ 2017-11-25T14:01:08+08:00 ] 127.0.0.1 /ChildrenPlatform/Home/Api/userLogin?telephone=17640410053&password=Lovekn0827
INFO: [ app_init ] --START--
INFO: Run Behavior\BuildLiteBehavior [ RunTime:0.000028s ]
INFO: [ app_init ] --END-- [ RunTime:0.000550s ]
INFO: [ app_begin ] --START--
INFO: Run Behavior\ReadHtmlCacheBehavior [ RunTime:0.000745s ]
INFO: [ app_begin ] --END-- [ RunTime:0.000868s ]
SQL: SHOW COLUMNS FROM `user` [ RunTime:0.0339s ]
SQL: SELECT `u_id` FROM `user` WHERE `telephone` = '17640410053' AND `password` = '675e192c556ac6a22abdcc8e57c25935' LIMIT 1   [ RunTime:0.0007s ]
NOTIC: [8] Use of undefined constant json - assumed 'json' E:\wamp\www\ChildrenPlatform\Application\Home\Controller\ApiController.class.php 第 13 行.

