[ 2017-12-01T15:32:55+08:00 ] 124.93.196.21 /ChildrenPlatform/
INFO: [ app_init ] --START--
INFO: Run Behavior\BuildLiteBehavior [ RunTime:0.000016s ]
INFO: [ app_init ] --END-- [ RunTime:0.000402s ]
INFO: [ app_begin ] --START--
INFO: Run Behavior\ReadHtmlCacheBehavior [ RunTime:0.000472s ]
INFO: [ app_begin ] --END-- [ RunTime:0.000521s ]
SQL: SHOW COLUMNS FROM `maintype` [ RunTime:0.0019s ]
SQL: SHOW COLUMNS FROM `2lvtype` [ RunTime:0.0014s ]
SQL: SELECT * FROM `maintype`  [ RunTime:0.0003s ]
NOTIC: [8] Undefined offset: 0 C:\inetpub\wwwroot\ChildrenPlatform\ThinkPHP\Library\Think\Model.class.php 第 222 行.
SQL: SELECT * FROM `2lvtype` WHERE ( m_id = 1 )  [ RunTime:0.0003s ]
NOTIC: [8] Undefined offset: 0 C:\inetpub\wwwroot\ChildrenPlatform\ThinkPHP\Library\Think\Model.class.php 第 222 行.
SQL: SELECT * FROM `2lvtype` WHERE ( m_id = 2 )  [ RunTime:0.0003s ]
NOTIC: [8] Undefined offset: 0 C:\inetpub\wwwroot\ChildrenPlatform\ThinkPHP\Library\Think\Model.class.php 第 222 行.
SQL: SELECT * FROM `2lvtype` WHERE ( m_id = 3 )  [ RunTime:0.0002s ]
NOTIC: [8] Undefined offset: 0 C:\inetpub\wwwroot\ChildrenPlatform\ThinkPHP\Library\Think\Model.class.php 第 222 行.
SQL: SELECT * FROM `2lvtype` WHERE ( m_id = 4 )  [ RunTime:0.0002s ]
SQL: SELECT * FROM `2lvtype` ORDER BY hint desc LIMIT 12   [ RunTime:0.0003s ]
SQL: SHOW COLUMNS FROM `items` [ RunTime:0.0015s ]
SQL: SELECT * FROM `items` WHERE `s_id` = 13 AND `state` = 0 ORDER BY hint desc LIMIT 8   [ RunTime:0.0004s ]
SQL: SHOW COLUMNS FROM `collect` [ RunTime:0.0020s ]
SQL: SELECT `state` FROM `collect` WHERE `f_id` = 20 AND `u_id` = 0  [ RunTime:0.0003s ]
SQL: SELECT `state` FROM `collect` WHERE `f_id` = 40 AND `u_id` = 0  [ RunTime:0.0002s ]
SQL: SELECT `state` FROM `collect` WHERE `f_id` = 15 AND `u_id` = 0  [ RunTime:0.0002s ]
SQL: SELECT `state` FROM `collect` WHERE `f_id` = 39 AND `u_id` = 0  [ RunTime:0.0002s ]
SQL: SELECT * FROM `items` WHERE `s_id` = 12 AND `state` = 0 ORDER BY hint desc LIMIT 8   [ RunTime:0.0003s ]
SQL: SELECT `state` FROM `collect` WHERE `f_id` = 35 AND `u_id` = 0  [ RunTime:0.0002s ]
SQL: SELECT `state` FROM `collect` WHERE `f_id` = 36 AND `u_id` = 0  [ RunTime:0.0002s ]
SQL: SELECT `state` FROM `collect` WHERE `f_id` = 37 AND `u_id` = 0  [ RunTime:0.0002s ]
SQL: SELECT * FROM `items` WHERE `s_id` = 8 AND `state` = 0 ORDER BY hint desc LIMIT 8   [ RunTime:0.0003s ]
SQL: SELECT `state` FROM `collect` WHERE `f_id` = 22 AND `u_id` = 0  [ RunTime:0.0002s ]
SQL: SELECT `state` FROM `collect` WHERE `f_id` = 21 AND `u_id` = 0  [ RunTime:0.0002s ]
SQL: SELECT `state` FROM `collect` WHERE `f_id` = 12 AND `u_id` = 0  [ RunTime:0.0002s ]
SQL: SELECT `state` FROM `collect` WHERE `f_id` = 23 AND `u_id` = 0  [ RunTime:0.0002s ]
SQL: SELECT `state` FROM `collect` WHERE `f_id` = 13 AND `u_id` = 0  [ RunTime:0.0002s ]
SQL: SELECT * FROM `items` WHERE `s_id` = 6 AND `state` = 0 ORDER BY hint desc LIMIT 8   [ RunTime:0.0003s ]
SQL: SELECT `state` FROM `collect` WHERE `f_id` = 24 AND `u_id` = 0  [ RunTime:0.0002s ]
SQL: SELECT `state` FROM `collect` WHERE `f_id` = 14 AND `u_id` = 0  [ RunTime:0.0002s ]
SQL: SELECT * FROM `items` WHERE `s_id` = 15 AND `state` = 0 ORDER BY hint desc LIMIT 8   [ RunTime:0.0002s ]
SQL: SELECT * FROM `items` WHERE `s_id` = 7 AND `state` = 0 ORDER BY hint desc LIMIT 8   [ RunTime:0.0002s ]
SQL: SELECT `state` FROM `collect` WHERE `f_id` = 9 AND `u_id` = 0  [ RunTime:0.0002s ]
SQL: SELECT * FROM `items` WHERE `s_id` = 9 AND `state` = 0 ORDER BY hint desc LIMIT 8   [ RunTime:0.0003s ]
SQL: SELECT `state` FROM `collect` WHERE `f_id` = 19 AND `u_id` = 0  [ RunTime:0.0002s ]
SQL: SELECT * FROM `items` WHERE `s_id` = 16 AND `state` = 0 ORDER BY hint desc LIMIT 8   [ RunTime:0.0002s ]
SQL: SELECT `state` FROM `collect` WHERE `f_id` = 33 AND `u_id` = 0  [ RunTime:0.0002s ]
SQL: SELECT `state` FROM `collect` WHERE `f_id` = 34 AND `u_id` = 0  [ RunTime:0.0002s ]
SQL: SELECT * FROM `items` WHERE `s_id` = 3 AND `state` = 0 ORDER BY hint desc LIMIT 8   [ RunTime:0.0002s ]
SQL: SELECT `state` FROM `collect` WHERE `f_id` = 30 AND `u_id` = 0  [ RunTime:0.0002s ]
SQL: SELECT `state` FROM `collect` WHERE `f_id` = 31 AND `u_id` = 0  [ RunTime:0.0002s ]
SQL: SELECT `state` FROM `collect` WHERE `f_id` = 29 AND `u_id` = 0  [ RunTime:0.0002s ]
SQL: SELECT * FROM `items` WHERE `s_id` = 14 AND `state` = 0 ORDER BY hint desc LIMIT 8   [ RunTime:0.0002s ]
SQL: SELECT `state` FROM `collect` WHERE `f_id` = 41 AND `u_id` = 0  [ RunTime:0.0002s ]
SQL: SELECT * FROM `items` WHERE `s_id` = 10 AND `state` = 0 ORDER BY hint desc LIMIT 8   [ RunTime:0.0002s ]
SQL: SELECT `state` FROM `collect` WHERE `f_id` = 32 AND `u_id` = 0  [ RunTime:0.0002s ]
SQL: SELECT * FROM `items` WHERE `s_id` = 5 AND `state` = 0 ORDER BY hint desc LIMIT 8   [ RunTime:0.0002s ]
SQL: SHOW COLUMNS FROM `search` [ RunTime:0.0018s ]
SQL: SELECT * FROM `search` ORDER BY time desc LIMIT 8   [ RunTime:0.0002s ]
SQL: SELECT * FROM `items` WHERE ( state = 0 ) ORDER BY hint desc LIMIT 3   [ RunTime:0.0003s ]
SQL: SHOW COLUMNS FROM `carousel` [ RunTime:0.0016s ]
SQL: SELECT * FROM `carousel` WHERE ( state = 0 ) ORDER BY hint desc LIMIT 4   [ RunTime:0.0003s ]
SQL: SELECT COUNT(*) AS tp_count FROM `collect` WHERE `u_id` = 0 AND `state` = 1 LIMIT 1   [ RunTime:0.0002s ]
SQL: SHOW COLUMNS FROM `index` [ RunTime:0.0016s ]
SQL: UPDATE `index` SET `pageview`=pageview+1 WHERE ( id = 1 ) [ RunTime:0.0004s ]
INFO: [ view_parse ] --START--
INFO: [ template_filter ] --START--
INFO: Run Behavior\ContentReplaceBehavior [ RunTime:0.000424s ]
INFO: [ template_filter ] --END-- [ RunTime:0.000499s ]
NOTIC: [8] Undefined index: u_id C:\inetpub\wwwroot\ChildrenPlatform\Application\Runtime\Cache\Home\2a94b8bda04ff446dcedd42276fc99ee.php 第 69 行.
NOTIC: [8] Use of undefined constant voo - assumed 'voo' C:\inetpub\wwwroot\ChildrenPlatform\Application\Runtime\Cache\Home\2a94b8bda04ff446dcedd42276fc99ee.php 第 853 行.
NOTIC: [8] Use of undefined constant voo - assumed 'voo' C:\inetpub\wwwroot\ChildrenPlatform\Application\Runtime\Cache\Home\2a94b8bda04ff446dcedd42276fc99ee.php 第 853 行.
NOTIC: [8] Use of undefined constant voo - assumed 'voo' C:\inetpub\wwwroot\ChildrenPlatform\Application\Runtime\Cache\Home\2a94b8bda04ff446dcedd42276fc99ee.php 第 853 行.
NOTIC: [8] Use of undefined constant voo - assumed 'voo' C:\inetpub\wwwroot\ChildrenPlatform\Application\Runtime\Cache\Home\2a94b8bda04ff446dcedd42276fc99ee.php 第 853 行.
NOTIC: [8] Use of undefined constant voo - assumed 'voo' C:\inetpub\wwwroot\ChildrenPlatform\Application\Runtime\Cache\Home\2a94b8bda04ff446dcedd42276fc99ee.php 第 853 行.
NOTIC: [8] Use of undefined constant voo - assumed 'voo' C:\inetpub\wwwroot\ChildrenPlatform\Application\Runtime\Cache\Home\2a94b8bda04ff446dcedd42276fc99ee.php 第 853 行.
NOTIC: [8] Use of undefined constant voo - assumed 'voo' C:\inetpub\wwwroot\ChildrenPlatform\Application\Runtime\Cache\Home\2a94b8bda04ff446dcedd42276fc99ee.php 第 853 行.
NOTIC: [8] Use of undefined constant voo - assumed 'voo' C:\inetpub\wwwroot\ChildrenPlatform\Application\Runtime\Cache\Home\2a94b8bda04ff446dcedd42276fc99ee.php 第 853 行.
NOTIC: [8] Use of undefined constant hot_vo - assumed 'hot_vo' C:\inetpub\wwwroot\ChildrenPlatform\Application\Runtime\Cache\Home\2a94b8bda04ff446dcedd42276fc99ee.php 第 994 行.
NOTIC: [8] Use of undefined constant hot_vo - assumed 'hot_vo' C:\inetpub\wwwroot\ChildrenPlatform\Application\Runtime\Cache\Home\2a94b8bda04ff446dcedd42276fc99ee.php 第 994 行.
NOTIC: [8] Use of undefined constant vo2 - assumed 'vo2' C:\inetpub\wwwroot\ChildrenPlatform\Application\Runtime\Cache\Home\2a94b8bda04ff446dcedd42276fc99ee.php 第 1057 行.
NOTIC: [8] Use of undefined constant vo2 - assumed 'vo2' C:\inetpub\wwwroot\ChildrenPlatform\Application\Runtime\Cache\Home\2a94b8bda04ff446dcedd42276fc99ee.php 第 1057 行.
NOTIC: [8] Use of undefined constant vo2 - assumed 'vo2' C:\inetpub\wwwroot\ChildrenPlatform\Application\Runtime\Cache\Home\2a94b8bda04ff446dcedd42276fc99ee.php 第 1057 行.
NOTIC: [8] Use of undefined constant vo2 - assumed 'vo2' C:\inetpub\wwwroot\ChildrenPlatform\Application\Runtime\Cache\Home\2a94b8bda04ff446dcedd42276fc99ee.php 第 1057 行.
NOTIC: [8] Use of undefined constant vo2 - assumed 'vo2' C:\inetpub\wwwroot\ChildrenPlatform\Application\Runtime\Cache\Home\2a94b8bda04ff446dcedd42276fc99ee.php 第 1057 行.
NOTIC: [8] Use of undefined constant vo2 - assumed 'vo2' C:\inetpub\wwwroot\ChildrenPlatform\Application\Runtime\Cache\Home\2a94b8bda04ff446dcedd42276fc99ee.php 第 1057 行.
NOTIC: [8] Use of undefined constant vo2 - assumed 'vo2' C:\inetpub\wwwroot\ChildrenPlatform\Application\Runtime\Cache\Home\2a94b8bda04ff446dcedd42276fc99ee.php 第 1057 行.
NOTIC: [8] Use of undefined constant vo2 - assumed 'vo2' C:\inetpub\wwwroot\ChildrenPlatform\Application\Runtime\Cache\Home\2a94b8bda04ff446dcedd42276fc99ee.php 第 1057 行.
NOTIC: [8] Use of undefined constant hot_vo - assumed 'hot_vo' C:\inetpub\wwwroot\ChildrenPlatform\Application\Runtime\Cache\Home\2a94b8bda04ff446dcedd42276fc99ee.php 第 1102 行.
NOTIC: [8] Use of undefined constant hot_vo - assumed 'hot_vo' C:\inetpub\wwwroot\ChildrenPlatform\Application\Runtime\Cache\Home\2a94b8bda04ff446dcedd42276fc99ee.php 第 1102 行.
NOTIC: [8] Use of undefined constant vo2 - assumed 'vo2' C:\inetpub\wwwroot\ChildrenPlatform\Application\Runtime\Cache\Home\2a94b8bda04ff446dcedd42276fc99ee.php 第 1163 行.
NOTIC: [8] Use of undefined constant vo2 - assumed 'vo2' C:\inetpub\wwwroot\ChildrenPlatform\Application\Runtime\Cache\Home\2a94b8bda04ff446dcedd42276fc99ee.php 第 1163 行.
NOTIC: [8] Use of undefined constant vo2 - assumed 'vo2' C:\inetpub\wwwroot\ChildrenPlatform\Application\Runtime\Cache\Home\2a94b8bda04ff446dcedd42276fc99ee.php 第 1163 行.
NOTIC: [8] Use of undefined constant vo2 - assumed 'vo2' C:\inetpub\wwwroot\ChildrenPlatform\Application\Runtime\Cache\Home\2a94b8bda04ff446dcedd42276fc99ee.php 第 1163 行.
NOTIC: [8] Use of undefined constant vo2 - assumed 'vo2' C:\inetpub\wwwroot\ChildrenPlatform\Application\Runtime\Cache\Home\2a94b8bda04ff446dcedd42276fc99ee.php 第 1163 行.
NOTIC: [8] Use of undefined constant vo2 - assumed 'vo2' C:\inetpub\wwwroot\ChildrenPlatform\Application\Runtime\Cache\Home\2a94b8bda04ff446dcedd42276fc99ee.php 第 1163 行.
INFO: Run Behavior\ParseTemplateBehavior [ RunTime:0.042477s ]
INFO: [ view_parse ] --END-- [ RunTime:0.042530s ]
INFO: [ view_filter ] --START--
INFO: Run Behavior\WriteHtmlCacheBehavior [ RunTime:0.000305s ]
INFO: [ view_filter ] --END-- [ RunTime:0.000342s ]
INFO: [ app_end ] --START--
INFO: Run Behavior\ShowPageTraceBehavior [ RunTime:0.000473s ]
INFO: [ app_end ] --END-- [ RunTime:0.000521s ]

[ 2017-12-01T15:48:01+08:00 ] 124.93.196.21 /ChildrenPlatform/Home/Project/projectdetail/id/22.html
INFO: [ app_init ] --START--
INFO: Run Behavior\BuildLiteBehavior [ RunTime:0.000014s ]
INFO: [ app_init ] --END-- [ RunTime:0.000336s ]
INFO: [ app_begin ] --START--
INFO: Run Behavior\ReadHtmlCacheBehavior [ RunTime:0.000380s ]
INFO: [ app_begin ] --END-- [ RunTime:0.000426s ]
SQL: SHOW COLUMNS FROM `items` [ RunTime:0.0023s ]
SQL: SELECT * FROM `items` WHERE ( f_id=22 ) LIMIT 1   [ RunTime:0.0005s ]
SQL: SHOW COLUMNS FROM `star` [ RunTime:0.0020s ]
SQL: SELECT * FROM `star` WHERE `u_id` = 0 AND `f_id` = 22  [ RunTime:0.0003s ]
SQL: SHOW COLUMNS FROM `2lvtype` [ RunTime:0.0016s ]
SQL: SELECT `type` FROM `2lvtype` WHERE `s_id` = 8 LIMIT 1   [ RunTime:0.0002s ]
SQL: SHOW COLUMNS FROM `comment` [ RunTime:0.0020s ]
SQL: SELECT COUNT(*) AS tp_count FROM `comment` WHERE ( f_id=22 ) LIMIT 1   [ RunTime:0.0003s ]
SQL: SHOW COLUMNS FROM `collect` [ RunTime:0.0016s ]
SQL: SELECT `state` FROM `collect` WHERE `f_id` = 22 AND `u_id` = 0 LIMIT 1   [ RunTime:0.0002s ]
SQL: SHOW COLUMNS FROM `u_information` [ RunTime:0.0018s ]
SQL: SELECT * FROM `comment` WHERE ( f_id=22 ) ORDER BY datetime desc  [ RunTime:0.0003s ]
SQL: SELECT * FROM `items` WHERE `f_id` <> '22' ORDER BY hint desc LIMIT 4   [ RunTime:0.0004s ]
SQL: SELECT `state` FROM `collect` WHERE `f_id` = 21 AND `u_id` = 0  [ RunTime:0.0002s ]
SQL: SELECT `state` FROM `collect` WHERE `f_id` = 35 AND `u_id` = 0  [ RunTime:0.0002s ]
SQL: SELECT `state` FROM `collect` WHERE `f_id` = 12 AND `u_id` = 0  [ RunTime:0.0002s ]
SQL: SELECT `state` FROM `collect` WHERE `f_id` = 36 AND `u_id` = 0  [ RunTime:0.0002s ]
SQL: SELECT COUNT(*) AS tp_count FROM `collect` WHERE `u_id` = 0 AND `state` = 1 LIMIT 1   [ RunTime:0.0002s ]
SQL: UPDATE `items` SET `hint`=hint+1 WHERE ( f_id=22 ) [ RunTime:0.0271s ]
INFO: [ view_parse ] --START--
INFO: [ template_filter ] --START--
INFO: Run Behavior\ContentReplaceBehavior [ RunTime:0.000359s ]
INFO: [ template_filter ] --END-- [ RunTime:0.000425s ]
NOTIC: [8] Undefined index: u_id C:\inetpub\wwwroot\ChildrenPlatform\Application\Runtime\Cache\Home\10228148ef29efb0d4bb1fcab8e8a467.php 第 127 行.
NOTIC: [8] Undefined index: type C:\inetpub\wwwroot\ChildrenPlatform\Application\Runtime\Cache\Home\10228148ef29efb0d4bb1fcab8e8a467.php 第 966 行.
NOTIC: [8] Undefined index: type C:\inetpub\wwwroot\ChildrenPlatform\Application\Runtime\Cache\Home\10228148ef29efb0d4bb1fcab8e8a467.php 第 971 行.
NOTIC: [8] Undefined index: type C:\inetpub\wwwroot\ChildrenPlatform\Application\Runtime\Cache\Home\10228148ef29efb0d4bb1fcab8e8a467.php 第 971 行.
NOTIC: [8] Undefined index: type C:\inetpub\wwwroot\ChildrenPlatform\Application\Runtime\Cache\Home\10228148ef29efb0d4bb1fcab8e8a467.php 第 971 行.
NOTIC: [8] Use of undefined constant voo - assumed 'voo' C:\inetpub\wwwroot\ChildrenPlatform\Application\Runtime\Cache\Home\10228148ef29efb0d4bb1fcab8e8a467.php 第 1047 行.
NOTIC: [8] Use of undefined constant voo - assumed 'voo' C:\inetpub\wwwroot\ChildrenPlatform\Application\Runtime\Cache\Home\10228148ef29efb0d4bb1fcab8e8a467.php 第 1047 行.
NOTIC: [8] Use of undefined constant voo - assumed 'voo' C:\inetpub\wwwroot\ChildrenPlatform\Application\Runtime\Cache\Home\10228148ef29efb0d4bb1fcab8e8a467.php 第 1047 行.
NOTIC: [8] Use of undefined constant voo - assumed 'voo' C:\inetpub\wwwroot\ChildrenPlatform\Application\Runtime\Cache\Home\10228148ef29efb0d4bb1fcab8e8a467.php 第 1047 行.
NOTIC: [8] Use of undefined constant voo - assumed 'voo' C:\inetpub\wwwroot\ChildrenPlatform\Application\Runtime\Cache\Home\10228148ef29efb0d4bb1fcab8e8a467.php 第 1047 行.
NOTIC: [8] Use of undefined constant voo - assumed 'voo' C:\inetpub\wwwroot\ChildrenPlatform\Application\Runtime\Cache\Home\10228148ef29efb0d4bb1fcab8e8a467.php 第 1047 行.
NOTIC: [8] Use of undefined constant voo - assumed 'voo' C:\inetpub\wwwroot\ChildrenPlatform\Application\Runtime\Cache\Home\10228148ef29efb0d4bb1fcab8e8a467.php 第 1047 行.
NOTIC: [8] Use of undefined constant voo - assumed 'voo' C:\inetpub\wwwroot\ChildrenPlatform\Application\Runtime\Cache\Home\10228148ef29efb0d4bb1fcab8e8a467.php 第 1047 行.
INFO: Run Behavior\ParseTemplateBehavior [ RunTime:0.031621s ]
INFO: [ view_parse ] --END-- [ RunTime:0.031673s ]
INFO: [ view_filter ] --START--
INFO: Run Behavior\WriteHtmlCacheBehavior [ RunTime:0.000311s ]
INFO: [ view_filter ] --END-- [ RunTime:0.000354s ]
INFO: [ app_end ] --START--
INFO: Run Behavior\ShowPageTraceBehavior [ RunTime:0.000475s ]
INFO: [ app_end ] --END-- [ RunTime:0.000542s ]

