[ 2018-04-21T13:22:10+08:00 ] 127.0.0.1 /ChildrenPlatform/Home/Cart/addCart
INFO: [ app_init ] --START--
INFO: Run Behavior\BuildLiteBehavior [ RunTime:0.000023s ]
INFO: [ app_init ] --END-- [ RunTime:0.000395s ]
INFO: [ app_begin ] --START--
INFO: Run Behavior\ReadHtmlCacheBehavior [ RunTime:0.000610s ]
INFO: [ app_begin ] --END-- [ RunTime:0.000771s ]
SQL: SHOW COLUMNS FROM `cart` [ RunTime:0.0154s ]
SQL: SHOW COLUMNS FROM `commodity` [ RunTime:0.0152s ]
SQL: SELECT * FROM `cart` WHERE `commodity_id` = 20 AND `user_id` = 3  [ RunTime:0.0007s ]
SQL: INSERT INTO `cart` (`commodity_id`,`user_id`,`commodity_num`,`shopTime`) VALUES ('20','3','12','2018-04-21 13:22:10') [ RunTime:0.0844s ]
SQL: SELECT * FROM `cart` WHERE ( user_id=3 )  [ RunTime:0.0004s ]
SQL: SELECT * FROM `commodity` WHERE ( commodity_id=35 ) LIMIT 1   [ RunTime:0.0004s ]
SQL: SELECT * FROM `commodity` WHERE ( commodity_id=40 ) LIMIT 1   [ RunTime:0.0003s ]
SQL: SELECT * FROM `commodity` WHERE ( commodity_id=15 ) LIMIT 1   [ RunTime:0.0003s ]
SQL: SELECT * FROM `commodity` WHERE ( commodity_id=39 ) LIMIT 1   [ RunTime:0.0006s ]
SQL: SELECT * FROM `commodity` WHERE ( commodity_id=20 ) LIMIT 1   [ RunTime:0.0004s ]
SQL: SELECT `name` FROM `commodity` WHERE ( commodity_id = 20 ) LIMIT 1   [ RunTime:0.0003s ]
SQL: SELECT `small_pic` FROM `commodity` WHERE ( commodity_id = 20 ) LIMIT 1   [ RunTime:0.0003s ]
SQL: SELECT `price` FROM `commodity` WHERE ( commodity_id = 20 ) LIMIT 1   [ RunTime:0.0004s ]
INFO: [ app_end ] --START--
INFO: Run Behavior\ShowPageTraceBehavior [ RunTime:0.000565s ]
INFO: [ app_end ] --END-- [ RunTime:0.000640s ]

[ 2018-04-21T13:23:28+08:00 ] 127.0.0.1 /ChildrenPlatform/Home/Project/project_detail/id/20
INFO: [ app_init ] --START--
INFO: Run Behavior\BuildLiteBehavior [ RunTime:0.000031s ]
INFO: [ app_init ] --END-- [ RunTime:0.000545s ]
INFO: [ app_begin ] --START--
INFO: Run Behavior\ReadHtmlCacheBehavior [ RunTime:0.000425s ]
INFO: [ app_begin ] --END-- [ RunTime:0.000528s ]
SQL: SHOW COLUMNS FROM `commodity` [ RunTime:0.0125s ]
SQL: SHOW COLUMNS FROM `star` [ RunTime:0.0118s ]
SQL: SHOW COLUMNS FROM `subsettype` [ RunTime:0.0149s ]
SQL: SHOW COLUMNS FROM `comment` [ RunTime:0.0143s ]
SQL: SHOW COLUMNS FROM `userinfor` [ RunTime:0.0147s ]
SQL: SHOW COLUMNS FROM `collect` [ RunTime:0.0157s ]
SQL: SHOW COLUMNS FROM `company` [ RunTime:0.0155s ]
SQL: SELECT * FROM `commodity` WHERE ( commodity_id=20 ) LIMIT 1   [ RunTime:0.0008s ]
SQL: SELECT * FROM `star` WHERE `user_id` = 3 AND `commodity_id` = 20  [ RunTime:0.0006s ]
SQL: SELECT `name` FROM `subsettype` WHERE `subsetType_id` = 13 LIMIT 1   [ RunTime:0.0005s ]
SQL: SELECT COUNT(*) AS tp_count FROM `comment` WHERE ( commodity_id=20 ) LIMIT 1   [ RunTime:0.0005s ]
SQL: SELECT `name` FROM `company` WHERE ( company_id = 4 ) LIMIT 1   [ RunTime:0.0005s ]
SQL: SELECT `state` FROM `collect` WHERE `commodity_id` = 20 AND `user_id` = 3 LIMIT 1   [ RunTime:0.0010s ]
SQL: SELECT * FROM `comment` WHERE ( commodity_id=20 ) ORDER BY datetime desc  [ RunTime:0.0006s ]
SQL: SELECT * FROM `commodity` WHERE `commodity_id` <> '20' ORDER BY hintNum desc LIMIT 4   [ RunTime:0.0009s ]
SQL: SELECT `state` FROM `collect` WHERE `commodity_id` = 22 AND `user_id` = 3  [ RunTime:0.0003s ]
SQL: SELECT `state` FROM `collect` WHERE `commodity_id` = 21 AND `user_id` = 3  [ RunTime:0.0003s ]
SQL: SELECT `state` FROM `collect` WHERE `commodity_id` = 35 AND `user_id` = 3  [ RunTime:0.0004s ]
SQL: SELECT `state` FROM `collect` WHERE `commodity_id` = 12 AND `user_id` = 3  [ RunTime:0.0003s ]
SQL: SHOW COLUMNS FROM `cart` [ RunTime:0.0134s ]
SQL: SELECT * FROM `cart` WHERE ( user_id=3 )  [ RunTime:0.0003s ]
SQL: SELECT * FROM `commodity` WHERE ( commodity_id=35 ) LIMIT 1   [ RunTime:0.0002s ]
SQL: SELECT * FROM `commodity` WHERE ( commodity_id=40 ) LIMIT 1   [ RunTime:0.0004s ]
SQL: SELECT * FROM `commodity` WHERE ( commodity_id=15 ) LIMIT 1   [ RunTime:0.0004s ]
SQL: SELECT * FROM `commodity` WHERE ( commodity_id=39 ) LIMIT 1   [ RunTime:0.0002s ]
SQL: SELECT * FROM `commodity` WHERE ( commodity_id=20 ) LIMIT 1   [ RunTime:0.0002s ]
SQL: SELECT COUNT(*) AS tp_count FROM `collect` WHERE `user_id` = 3 AND `state` = 1 LIMIT 1   [ RunTime:0.0003s ]
SQL: UPDATE `commodity` SET `hintNum`=hintNum+1 WHERE ( commodity_id=20 ) [ RunTime:0.1509s ]
INFO: [ view_parse ] --START--
INFO: [ template_filter ] --START--
INFO: Run Behavior\ContentReplaceBehavior [ RunTime:0.000331s ]
INFO: [ template_filter ] --END-- [ RunTime:0.000415s ]
NOTIC: [8] Undefined index: type F:\wamp\www\ChildrenPlatform\Application\Runtime\Cache\Home\d64d5a7196d6a3879c1a299f10bbb347.php 第 1083 行.
NOTIC: [8] Undefined index: type F:\wamp\www\ChildrenPlatform\Application\Runtime\Cache\Home\d64d5a7196d6a3879c1a299f10bbb347.php 第 1088 行.
NOTIC: [8] Undefined index: type F:\wamp\www\ChildrenPlatform\Application\Runtime\Cache\Home\d64d5a7196d6a3879c1a299f10bbb347.php 第 1088 行.
NOTIC: [8] Undefined index: type F:\wamp\www\ChildrenPlatform\Application\Runtime\Cache\Home\d64d5a7196d6a3879c1a299f10bbb347.php 第 1088 行.
NOTIC: [8] Use of undefined constant voo - assumed 'voo' F:\wamp\www\ChildrenPlatform\Application\Runtime\Cache\Home\d64d5a7196d6a3879c1a299f10bbb347.php 第 1164 行.
NOTIC: [8] Use of undefined constant voo - assumed 'voo' F:\wamp\www\ChildrenPlatform\Application\Runtime\Cache\Home\d64d5a7196d6a3879c1a299f10bbb347.php 第 1164 行.
NOTIC: [8] Use of undefined constant voo - assumed 'voo' F:\wamp\www\ChildrenPlatform\Application\Runtime\Cache\Home\d64d5a7196d6a3879c1a299f10bbb347.php 第 1164 行.
NOTIC: [8] Use of undefined constant voo - assumed 'voo' F:\wamp\www\ChildrenPlatform\Application\Runtime\Cache\Home\d64d5a7196d6a3879c1a299f10bbb347.php 第 1164 行.
NOTIC: [8] Use of undefined constant voo - assumed 'voo' F:\wamp\www\ChildrenPlatform\Application\Runtime\Cache\Home\d64d5a7196d6a3879c1a299f10bbb347.php 第 1164 行.
NOTIC: [8] Use of undefined constant voo - assumed 'voo' F:\wamp\www\ChildrenPlatform\Application\Runtime\Cache\Home\d64d5a7196d6a3879c1a299f10bbb347.php 第 1164 行.
NOTIC: [8] Use of undefined constant voo - assumed 'voo' F:\wamp\www\ChildrenPlatform\Application\Runtime\Cache\Home\d64d5a7196d6a3879c1a299f10bbb347.php 第 1164 行.
NOTIC: [8] Use of undefined constant voo - assumed 'voo' F:\wamp\www\ChildrenPlatform\Application\Runtime\Cache\Home\d64d5a7196d6a3879c1a299f10bbb347.php 第 1164 行.
INFO: Run Behavior\ParseTemplateBehavior [ RunTime:0.036725s ]
INFO: [ view_parse ] --END-- [ RunTime:0.036823s ]
INFO: [ view_filter ] --START--
INFO: Run Behavior\WriteHtmlCacheBehavior [ RunTime:0.000299s ]
INFO: [ view_filter ] --END-- [ RunTime:0.000365s ]
INFO: [ app_end ] --START--
INFO: Run Behavior\ShowPageTraceBehavior [ RunTime:0.000419s ]
INFO: [ app_end ] --END-- [ RunTime:0.000489s ]

[ 2018-04-21T13:23:31+08:00 ] 127.0.0.1 /ChildrenPlatform/Home/Cart/deleteCart
INFO: [ app_init ] --START--
INFO: Run Behavior\BuildLiteBehavior [ RunTime:0.000017s ]
INFO: [ app_init ] --END-- [ RunTime:0.000376s ]
INFO: [ app_begin ] --START--
INFO: Run Behavior\ReadHtmlCacheBehavior [ RunTime:0.000326s ]
INFO: [ app_begin ] --END-- [ RunTime:0.000418s ]
SQL: SHOW COLUMNS FROM `cart` [ RunTime:0.0125s ]
SQL: DELETE FROM `cart` WHERE `commodity_id` = 20 AND `user_id` = 3 [ RunTime:0.1847s ]
SQL: SHOW COLUMNS FROM `commodity` [ RunTime:0.0127s ]
SQL: SELECT * FROM `cart` WHERE ( user_id=3 )  [ RunTime:0.0004s ]
SQL: SELECT * FROM `commodity` WHERE ( commodity_id=35 ) LIMIT 1   [ RunTime:0.0004s ]
SQL: SELECT * FROM `commodity` WHERE ( commodity_id=40 ) LIMIT 1   [ RunTime:0.0006s ]
SQL: SELECT * FROM `commodity` WHERE ( commodity_id=15 ) LIMIT 1   [ RunTime:0.0005s ]
SQL: SELECT * FROM `commodity` WHERE ( commodity_id=39 ) LIMIT 1   [ RunTime:0.0004s ]
INFO: [ app_end ] --START--
INFO: Run Behavior\ShowPageTraceBehavior [ RunTime:0.000608s ]
INFO: [ app_end ] --END-- [ RunTime:0.000727s ]

[ 2018-04-21T13:23:34+08:00 ] 127.0.0.1 /ChildrenPlatform/Home/Cart/addCart
INFO: [ app_init ] --START--
INFO: Run Behavior\BuildLiteBehavior [ RunTime:0.000033s ]
INFO: [ app_init ] --END-- [ RunTime:0.000483s ]
INFO: [ app_begin ] --START--
INFO: Run Behavior\ReadHtmlCacheBehavior [ RunTime:0.000473s ]
INFO: [ app_begin ] --END-- [ RunTime:0.000597s ]
SQL: SHOW COLUMNS FROM `cart` [ RunTime:0.0152s ]
SQL: SHOW COLUMNS FROM `commodity` [ RunTime:0.0146s ]
SQL: SELECT * FROM `cart` WHERE `commodity_id` = 20 AND `user_id` = 3  [ RunTime:0.0004s ]
SQL: INSERT INTO `cart` (`commodity_id`,`user_id`,`commodity_num`,`shopTime`) VALUES ('20','3','7','2018-04-21 13:23:33') [ RunTime:0.1615s ]
SQL: SELECT * FROM `cart` WHERE ( user_id=3 )  [ RunTime:0.0004s ]
SQL: SELECT * FROM `commodity` WHERE ( commodity_id=35 ) LIMIT 1   [ RunTime:0.0003s ]
SQL: SELECT * FROM `commodity` WHERE ( commodity_id=40 ) LIMIT 1   [ RunTime:0.0002s ]
SQL: SELECT * FROM `commodity` WHERE ( commodity_id=15 ) LIMIT 1   [ RunTime:0.0002s ]
SQL: SELECT * FROM `commodity` WHERE ( commodity_id=39 ) LIMIT 1   [ RunTime:0.0004s ]
SQL: SELECT * FROM `commodity` WHERE ( commodity_id=20 ) LIMIT 1   [ RunTime:0.0003s ]
SQL: SELECT `name` FROM `commodity` WHERE ( commodity_id = 20 ) LIMIT 1   [ RunTime:0.0002s ]
SQL: SELECT `small_pic` FROM `commodity` WHERE ( commodity_id = 20 ) LIMIT 1   [ RunTime:0.0002s ]
SQL: SELECT `price` FROM `commodity` WHERE ( commodity_id = 20 ) LIMIT 1   [ RunTime:0.0002s ]
INFO: [ app_end ] --START--
INFO: Run Behavior\ShowPageTraceBehavior [ RunTime:0.000466s ]
INFO: [ app_end ] --END-- [ RunTime:0.000534s ]

[ 2018-04-21T13:25:38+08:00 ] 127.0.0.1 /ChildrenPlatform/Home/Project/project_detail/id/20
INFO: [ app_init ] --START--
INFO: Run Behavior\BuildLiteBehavior [ RunTime:0.000031s ]
INFO: [ app_init ] --END-- [ RunTime:0.000644s ]
INFO: [ app_begin ] --START--
INFO: Run Behavior\ReadHtmlCacheBehavior [ RunTime:0.000868s ]
INFO: [ app_begin ] --END-- [ RunTime:0.001024s ]
SQL: SHOW COLUMNS FROM `commodity` [ RunTime:0.0179s ]
SQL: SHOW COLUMNS FROM `star` [ RunTime:0.0193s ]
SQL: SHOW COLUMNS FROM `subsettype` [ RunTime:0.0198s ]
SQL: SHOW COLUMNS FROM `comment` [ RunTime:0.0185s ]
SQL: SHOW COLUMNS FROM `userinfor` [ RunTime:0.0187s ]
SQL: SHOW COLUMNS FROM `collect` [ RunTime:0.0166s ]
SQL: SHOW COLUMNS FROM `company` [ RunTime:0.0159s ]
SQL: SELECT * FROM `commodity` WHERE ( commodity_id=20 ) LIMIT 1   [ RunTime:0.0004s ]
SQL: SELECT * FROM `star` WHERE `user_id` = 3 AND `commodity_id` = 20  [ RunTime:0.0003s ]
SQL: SELECT `name` FROM `subsettype` WHERE `subsetType_id` = 13 LIMIT 1   [ RunTime:0.0003s ]
SQL: SELECT COUNT(*) AS tp_count FROM `comment` WHERE ( commodity_id=20 ) LIMIT 1   [ RunTime:0.0003s ]
SQL: SELECT `name` FROM `company` WHERE ( company_id = 4 ) LIMIT 1   [ RunTime:0.0002s ]
SQL: SELECT `state` FROM `collect` WHERE `commodity_id` = 20 AND `user_id` = 3 LIMIT 1   [ RunTime:0.0003s ]
SQL: SELECT * FROM `comment` WHERE ( commodity_id=20 ) ORDER BY datetime desc  [ RunTime:0.0003s ]
SQL: SELECT * FROM `commodity` WHERE `commodity_id` <> '20' ORDER BY hintNum desc LIMIT 4   [ RunTime:0.0006s ]
SQL: SELECT `state` FROM `collect` WHERE `commodity_id` = 22 AND `user_id` = 3  [ RunTime:0.0003s ]
SQL: SELECT `state` FROM `collect` WHERE `commodity_id` = 21 AND `user_id` = 3  [ RunTime:0.0003s ]
SQL: SELECT `state` FROM `collect` WHERE `commodity_id` = 35 AND `user_id` = 3  [ RunTime:0.0002s ]
SQL: SELECT `state` FROM `collect` WHERE `commodity_id` = 12 AND `user_id` = 3  [ RunTime:0.0002s ]
SQL: SHOW COLUMNS FROM `cart` [ RunTime:0.0172s ]
SQL: SELECT * FROM `cart` WHERE ( user_id=3 )  [ RunTime:0.0003s ]
SQL: SELECT * FROM `commodity` WHERE ( commodity_id=35 ) LIMIT 1   [ RunTime:0.0002s ]
SQL: SELECT * FROM `commodity` WHERE ( commodity_id=40 ) LIMIT 1   [ RunTime:0.0002s ]
SQL: SELECT * FROM `commodity` WHERE ( commodity_id=15 ) LIMIT 1   [ RunTime:0.0002s ]
SQL: SELECT * FROM `commodity` WHERE ( commodity_id=39 ) LIMIT 1   [ RunTime:0.0002s ]
SQL: SELECT * FROM `commodity` WHERE ( commodity_id=20 ) LIMIT 1   [ RunTime:0.0002s ]
SQL: SELECT COUNT(*) AS tp_count FROM `collect` WHERE `user_id` = 3 AND `state` = 1 LIMIT 1   [ RunTime:0.0002s ]
SQL: UPDATE `commodity` SET `hintNum`=hintNum+1 WHERE ( commodity_id=20 ) [ RunTime:0.1594s ]
INFO: [ view_parse ] --START--
INFO: [ template_filter ] --START--
INFO: Run Behavior\ContentReplaceBehavior [ RunTime:0.000431s ]
INFO: [ template_filter ] --END-- [ RunTime:0.000527s ]
NOTIC: [8] Undefined index: type F:\wamp\www\ChildrenPlatform\Application\Runtime\Cache\Home\d64d5a7196d6a3879c1a299f10bbb347.php 第 1083 行.
NOTIC: [8] Undefined index: type F:\wamp\www\ChildrenPlatform\Application\Runtime\Cache\Home\d64d5a7196d6a3879c1a299f10bbb347.php 第 1088 行.
NOTIC: [8] Undefined index: type F:\wamp\www\ChildrenPlatform\Application\Runtime\Cache\Home\d64d5a7196d6a3879c1a299f10bbb347.php 第 1088 行.
NOTIC: [8] Undefined index: type F:\wamp\www\ChildrenPlatform\Application\Runtime\Cache\Home\d64d5a7196d6a3879c1a299f10bbb347.php 第 1088 行.
NOTIC: [8] Use of undefined constant voo - assumed 'voo' F:\wamp\www\ChildrenPlatform\Application\Runtime\Cache\Home\d64d5a7196d6a3879c1a299f10bbb347.php 第 1164 行.
NOTIC: [8] Use of undefined constant voo - assumed 'voo' F:\wamp\www\ChildrenPlatform\Application\Runtime\Cache\Home\d64d5a7196d6a3879c1a299f10bbb347.php 第 1164 行.
NOTIC: [8] Use of undefined constant voo - assumed 'voo' F:\wamp\www\ChildrenPlatform\Application\Runtime\Cache\Home\d64d5a7196d6a3879c1a299f10bbb347.php 第 1164 行.
NOTIC: [8] Use of undefined constant voo - assumed 'voo' F:\wamp\www\ChildrenPlatform\Application\Runtime\Cache\Home\d64d5a7196d6a3879c1a299f10bbb347.php 第 1164 行.
NOTIC: [8] Use of undefined constant voo - assumed 'voo' F:\wamp\www\ChildrenPlatform\Application\Runtime\Cache\Home\d64d5a7196d6a3879c1a299f10bbb347.php 第 1164 行.
NOTIC: [8] Use of undefined constant voo - assumed 'voo' F:\wamp\www\ChildrenPlatform\Application\Runtime\Cache\Home\d64d5a7196d6a3879c1a299f10bbb347.php 第 1164 行.
NOTIC: [8] Use of undefined constant voo - assumed 'voo' F:\wamp\www\ChildrenPlatform\Application\Runtime\Cache\Home\d64d5a7196d6a3879c1a299f10bbb347.php 第 1164 行.
NOTIC: [8] Use of undefined constant voo - assumed 'voo' F:\wamp\www\ChildrenPlatform\Application\Runtime\Cache\Home\d64d5a7196d6a3879c1a299f10bbb347.php 第 1164 行.
INFO: Run Behavior\ParseTemplateBehavior [ RunTime:0.043490s ]
INFO: [ view_parse ] --END-- [ RunTime:0.043576s ]
INFO: [ view_filter ] --START--
INFO: Run Behavior\WriteHtmlCacheBehavior [ RunTime:0.000308s ]
INFO: [ view_filter ] --END-- [ RunTime:0.000378s ]
INFO: [ app_end ] --START--
INFO: Run Behavior\ShowPageTraceBehavior [ RunTime:0.000407s ]
INFO: [ app_end ] --END-- [ RunTime:0.000525s ]

[ 2018-04-21T13:25:47+08:00 ] 127.0.0.1 /ChildrenPlatform/Home/Cart/deleteCart
INFO: [ app_init ] --START--
INFO: Run Behavior\BuildLiteBehavior [ RunTime:0.000025s ]
INFO: [ app_init ] --END-- [ RunTime:0.000397s ]
INFO: [ app_begin ] --START--
INFO: Run Behavior\ReadHtmlCacheBehavior [ RunTime:0.000591s ]
INFO: [ app_begin ] --END-- [ RunTime:0.000777s ]
SQL: SHOW COLUMNS FROM `cart` [ RunTime:0.0220s ]
SQL: DELETE FROM `cart` WHERE `commodity_id` = 20 AND `user_id` = 3 [ RunTime:0.1479s ]
SQL: SHOW COLUMNS FROM `commodity` [ RunTime:0.0161s ]
SQL: SELECT * FROM `cart` WHERE ( user_id=3 )  [ RunTime:0.0004s ]
SQL: SELECT * FROM `commodity` WHERE ( commodity_id=35 ) LIMIT 1   [ RunTime:0.0012s ]
SQL: SELECT * FROM `commodity` WHERE ( commodity_id=40 ) LIMIT 1   [ RunTime:0.0005s ]
SQL: SELECT * FROM `commodity` WHERE ( commodity_id=15 ) LIMIT 1   [ RunTime:0.0004s ]
SQL: SELECT * FROM `commodity` WHERE ( commodity_id=39 ) LIMIT 1   [ RunTime:0.0004s ]
INFO: [ app_end ] --START--
INFO: Run Behavior\ShowPageTraceBehavior [ RunTime:0.000410s ]
INFO: [ app_end ] --END-- [ RunTime:0.000494s ]

[ 2018-04-21T13:25:50+08:00 ] 127.0.0.1 /ChildrenPlatform/Home/Cart/addCart
INFO: [ app_init ] --START--
INFO: Run Behavior\BuildLiteBehavior [ RunTime:0.000028s ]
INFO: [ app_init ] --END-- [ RunTime:0.000463s ]
INFO: [ app_begin ] --START--
INFO: Run Behavior\ReadHtmlCacheBehavior [ RunTime:0.000333s ]
INFO: [ app_begin ] --END-- [ RunTime:0.000434s ]
SQL: SHOW COLUMNS FROM `cart` [ RunTime:0.0179s ]
SQL: SHOW COLUMNS FROM `commodity` [ RunTime:0.0174s ]
SQL: SELECT * FROM `cart` WHERE `commodity_id` = 20 AND `user_id` = 3  [ RunTime:0.0005s ]
SQL: INSERT INTO `cart` (`commodity_id`,`user_id`,`commodity_num`,`shopTime`) VALUES ('20','3','5','2018-04-21 13:25:50') [ RunTime:0.2110s ]
SQL: SELECT * FROM `cart` WHERE ( user_id=3 )  [ RunTime:0.0004s ]
SQL: SELECT * FROM `commodity` WHERE ( commodity_id=35 ) LIMIT 1   [ RunTime:0.0004s ]
SQL: SELECT * FROM `commodity` WHERE ( commodity_id=40 ) LIMIT 1   [ RunTime:0.0004s ]
SQL: SELECT * FROM `commodity` WHERE ( commodity_id=15 ) LIMIT 1   [ RunTime:0.0006s ]
SQL: SELECT * FROM `commodity` WHERE ( commodity_id=39 ) LIMIT 1   [ RunTime:0.0003s ]
SQL: SELECT * FROM `commodity` WHERE ( commodity_id=20 ) LIMIT 1   [ RunTime:0.0004s ]
SQL: SELECT `name` FROM `commodity` WHERE ( commodity_id = 20 ) LIMIT 1   [ RunTime:0.0003s ]
SQL: SELECT `small_pic` FROM `commodity` WHERE ( commodity_id = 20 ) LIMIT 1   [ RunTime:0.0003s ]
SQL: SELECT `price` FROM `commodity` WHERE ( commodity_id = 20 ) LIMIT 1   [ RunTime:0.0004s ]
INFO: [ app_end ] --START--
INFO: Run Behavior\ShowPageTraceBehavior [ RunTime:0.000653s ]
INFO: [ app_end ] --END-- [ RunTime:0.000789s ]

[ 2018-04-21T14:27:58+08:00 ] 127.0.0.1 /ChildrenPlatform/Home/Cart/addCart
INFO: [ app_init ] --START--
INFO: Run Behavior\BuildLiteBehavior [ RunTime:0.000022s ]
INFO: [ app_init ] --END-- [ RunTime:0.000413s ]
INFO: [ app_begin ] --START--
INFO: Run Behavior\ReadHtmlCacheBehavior [ RunTime:0.000877s ]
INFO: [ app_begin ] --END-- [ RunTime:0.000999s ]
SQL: SHOW COLUMNS FROM `cart` [ RunTime:0.0077s ]
SQL: SHOW COLUMNS FROM `commodity` [ RunTime:0.0057s ]
SQL: SELECT * FROM `cart` WHERE `commodity_id` = 20 AND `user_id` = 3  [ RunTime:0.0005s ]
SQL: UPDATE `cart` SET `commodity_num`=commodity_num+5 WHERE `commodity_id` = 20 AND `user_id` = 3 [ RunTime:0.2421s ]
SQL: SELECT * FROM `cart` WHERE ( user_id=3 )  [ RunTime:0.0003s ]
SQL: SELECT * FROM `commodity` WHERE ( commodity_id=35 ) LIMIT 1   [ RunTime:0.0003s ]
SQL: SELECT * FROM `commodity` WHERE ( commodity_id=40 ) LIMIT 1   [ RunTime:0.0002s ]
SQL: SELECT * FROM `commodity` WHERE ( commodity_id=15 ) LIMIT 1   [ RunTime:0.0002s ]
SQL: SELECT * FROM `commodity` WHERE ( commodity_id=39 ) LIMIT 1   [ RunTime:0.0002s ]
SQL: SELECT * FROM `commodity` WHERE ( commodity_id=20 ) LIMIT 1   [ RunTime:0.0003s ]
INFO: [ app_end ] --START--
INFO: Run Behavior\ShowPageTraceBehavior [ RunTime:0.000501s ]
INFO: [ app_end ] --END-- [ RunTime:0.000575s ]

[ 2018-04-21T14:28:03+08:00 ] 127.0.0.1 /ChildrenPlatform/Home/Cart/deleteCart
INFO: [ app_init ] --START--
INFO: Run Behavior\BuildLiteBehavior [ RunTime:0.000023s ]
INFO: [ app_init ] --END-- [ RunTime:0.000377s ]
INFO: [ app_begin ] --START--
INFO: Run Behavior\ReadHtmlCacheBehavior [ RunTime:0.000440s ]
INFO: [ app_begin ] --END-- [ RunTime:0.000610s ]
SQL: SHOW COLUMNS FROM `cart` [ RunTime:0.0107s ]
SQL: DELETE FROM `cart` WHERE `commodity_id` = 20 AND `user_id` = 3 [ RunTime:0.1502s ]
SQL: SHOW COLUMNS FROM `commodity` [ RunTime:0.0069s ]
SQL: SELECT * FROM `cart` WHERE ( user_id=3 )  [ RunTime:0.0003s ]
SQL: SELECT * FROM `commodity` WHERE ( commodity_id=35 ) LIMIT 1   [ RunTime:0.0004s ]
SQL: SELECT * FROM `commodity` WHERE ( commodity_id=40 ) LIMIT 1   [ RunTime:0.0003s ]
SQL: SELECT * FROM `commodity` WHERE ( commodity_id=15 ) LIMIT 1   [ RunTime:0.0003s ]
SQL: SELECT * FROM `commodity` WHERE ( commodity_id=39 ) LIMIT 1   [ RunTime:0.0005s ]
INFO: [ app_end ] --START--
INFO: Run Behavior\ShowPageTraceBehavior [ RunTime:0.000554s ]
INFO: [ app_end ] --END-- [ RunTime:0.000630s ]

