[ 2018-05-08T11:53:00+08:00 ] 127.0.0.1 /ChildrenPlatform/
INFO: [ app_init ] --START--
INFO: Run Behavior\BuildLiteBehavior [ RunTime:0.000031s ]
INFO: [ app_init ] --END-- [ RunTime:0.032739s ]
INFO: [ app_begin ] --START--
INFO: Run Behavior\ReadHtmlCacheBehavior [ RunTime:0.000827s ]
INFO: [ app_begin ] --END-- [ RunTime:0.000906s ]
SQL: SHOW COLUMNS FROM `type` [ RunTime:0.0323s ]
SQL: SHOW COLUMNS FROM `subsettype` [ RunTime:0.0188s ]
SQL: SHOW COLUMNS FROM `company` [ RunTime:0.0176s ]
SQL: SHOW COLUMNS FROM `commodity` [ RunTime:0.0091s ]
SQL: SHOW COLUMNS FROM `collect` [ RunTime:0.0089s ]
SQL: SHOW COLUMNS FROM `search` [ RunTime:0.1471s ]
SQL: SHOW COLUMNS FROM `carousel` [ RunTime:0.0152s ]
SQL: SELECT * FROM `type`  [ RunTime:0.0011s ]
SQL: SELECT * FROM `subsettype` WHERE ( type_id = 1 )  [ RunTime:0.0010s ]
SQL: SELECT * FROM `subsettype` WHERE ( type_id = 2 )  [ RunTime:0.0005s ]
SQL: SELECT * FROM `subsettype` WHERE ( type_id = 3 )  [ RunTime:0.0005s ]
SQL: SELECT * FROM `subsettype` WHERE ( type_id = 4 )  [ RunTime:0.0005s ]
SQL: SELECT * FROM `subsettype` ORDER BY clickNum desc LIMIT 12   [ RunTime:0.0010s ]
SQL: SELECT * FROM `commodity` WHERE `subsetType_id` = 13 AND `state` = 0 ORDER BY hintNum desc LIMIT 8   [ RunTime:0.0016s ]
SQL: SELECT `state` FROM `collect` WHERE `commodity_id` = 20 AND `user_id` = 0  [ RunTime:0.0008s ]
SQL: SELECT `state` FROM `collect` WHERE `commodity_id` = 40 AND `user_id` = 0  [ RunTime:0.0006s ]
SQL: SELECT `state` FROM `collect` WHERE `commodity_id` = 15 AND `user_id` = 0  [ RunTime:0.0006s ]
SQL: SELECT `state` FROM `collect` WHERE `commodity_id` = 39 AND `user_id` = 0  [ RunTime:0.0006s ]
SQL: SELECT * FROM `commodity` WHERE `subsetType_id` = 12 AND `state` = 0 ORDER BY hintNum desc LIMIT 8   [ RunTime:0.0009s ]
SQL: SELECT `state` FROM `collect` WHERE `commodity_id` = 35 AND `user_id` = 0  [ RunTime:0.0005s ]
SQL: SELECT `state` FROM `collect` WHERE `commodity_id` = 36 AND `user_id` = 0  [ RunTime:0.0006s ]
SQL: SELECT `state` FROM `collect` WHERE `commodity_id` = 37 AND `user_id` = 0  [ RunTime:0.0006s ]
SQL: SELECT * FROM `commodity` WHERE `subsetType_id` = 8 AND `state` = 0 ORDER BY hintNum desc LIMIT 8   [ RunTime:0.0007s ]
SQL: SELECT `state` FROM `collect` WHERE `commodity_id` = 22 AND `user_id` = 0  [ RunTime:0.0004s ]
SQL: SELECT `state` FROM `collect` WHERE `commodity_id` = 21 AND `user_id` = 0  [ RunTime:0.0004s ]
SQL: SELECT `state` FROM `collect` WHERE `commodity_id` = 12 AND `user_id` = 0  [ RunTime:0.0003s ]
SQL: SELECT `state` FROM `collect` WHERE `commodity_id` = 23 AND `user_id` = 0  [ RunTime:0.0004s ]
SQL: SELECT `state` FROM `collect` WHERE `commodity_id` = 13 AND `user_id` = 0  [ RunTime:0.0004s ]
SQL: SELECT * FROM `commodity` WHERE `subsetType_id` = 6 AND `state` = 0 ORDER BY hintNum desc LIMIT 8   [ RunTime:0.0006s ]
SQL: SELECT `state` FROM `collect` WHERE `commodity_id` = 24 AND `user_id` = 0  [ RunTime:0.0004s ]
SQL: SELECT `state` FROM `collect` WHERE `commodity_id` = 14 AND `user_id` = 0  [ RunTime:0.0003s ]
SQL: SELECT * FROM `commodity` WHERE `subsetType_id` = 15 AND `state` = 0 ORDER BY hintNum desc LIMIT 8   [ RunTime:0.0005s ]
SQL: SELECT * FROM `commodity` WHERE `subsetType_id` = 7 AND `state` = 0 ORDER BY hintNum desc LIMIT 8   [ RunTime:0.0004s ]
SQL: SELECT * FROM `commodity` WHERE `subsetType_id` = 9 AND `state` = 0 ORDER BY hintNum desc LIMIT 8   [ RunTime:0.0004s ]
SQL: SELECT `state` FROM `collect` WHERE `commodity_id` = 19 AND `user_id` = 0  [ RunTime:0.0003s ]
SQL: SELECT * FROM `commodity` WHERE `subsetType_id` = 16 AND `state` = 0 ORDER BY hintNum desc LIMIT 8   [ RunTime:0.0004s ]
SQL: SELECT `state` FROM `collect` WHERE `commodity_id` = 33 AND `user_id` = 0  [ RunTime:0.0003s ]
SQL: SELECT `state` FROM `collect` WHERE `commodity_id` = 34 AND `user_id` = 0  [ RunTime:0.0003s ]
SQL: SELECT * FROM `commodity` WHERE `subsetType_id` = 3 AND `state` = 0 ORDER BY hintNum desc LIMIT 8   [ RunTime:0.0004s ]
SQL: SELECT `state` FROM `collect` WHERE `commodity_id` = 30 AND `user_id` = 0  [ RunTime:0.0002s ]
SQL: SELECT `state` FROM `collect` WHERE `commodity_id` = 31 AND `user_id` = 0  [ RunTime:0.0003s ]
SQL: SELECT `state` FROM `collect` WHERE `commodity_id` = 29 AND `user_id` = 0  [ RunTime:0.0002s ]
SQL: SELECT * FROM `commodity` WHERE `subsetType_id` = 14 AND `state` = 0 ORDER BY hintNum desc LIMIT 8   [ RunTime:0.0004s ]
SQL: SELECT `state` FROM `collect` WHERE `commodity_id` = 41 AND `user_id` = 0  [ RunTime:0.0002s ]
SQL: SELECT * FROM `commodity` WHERE `subsetType_id` = 10 AND `state` = 0 ORDER BY hintNum desc LIMIT 8   [ RunTime:0.0004s ]
SQL: SELECT `state` FROM `collect` WHERE `commodity_id` = 32 AND `user_id` = 0  [ RunTime:0.0002s ]
SQL: SELECT * FROM `commodity` WHERE `subsetType_id` = 5 AND `state` = 0 ORDER BY hintNum desc LIMIT 8   [ RunTime:0.0003s ]
SQL: SELECT * FROM `search` ORDER BY time desc LIMIT 8   [ RunTime:0.0004s ]
SQL: SELECT * FROM `commodity` WHERE ( state = 0 ) ORDER BY hintNum desc LIMIT 3   [ RunTime:0.0006s ]
SQL: SELECT * FROM `carousel` WHERE ( state = 0 ) ORDER BY hintNum desc LIMIT 4   [ RunTime:0.0008s ]
INFO: [ view_parse ] --START--
INFO: [ template_filter ] --START--
INFO: Run Behavior\ContentReplaceBehavior [ RunTime:0.000580s ]
INFO: [ template_filter ] --END-- [ RunTime:0.000691s ]
NOTIC: [8] Undefined index: user_id F:\wamp\www\ChildrenPlatform\Application\Runtime\Cache\Home\2a94b8bda04ff446dcedd42276fc99ee.php 第 70 行.
NOTIC: [8] Undefined index: user_id F:\wamp\www\ChildrenPlatform\Application\Runtime\Cache\Home\2a94b8bda04ff446dcedd42276fc99ee.php 第 767 行.
NOTIC: [8] Undefined index: user_id F:\wamp\www\ChildrenPlatform\Application\Runtime\Cache\Home\2a94b8bda04ff446dcedd42276fc99ee.php 第 776 行.
NOTIC: [8] Use of undefined constant voo - assumed 'voo' F:\wamp\www\ChildrenPlatform\Application\Runtime\Cache\Home\2a94b8bda04ff446dcedd42276fc99ee.php 第 937 行.
NOTIC: [8] Use of undefined constant voo - assumed 'voo' F:\wamp\www\ChildrenPlatform\Application\Runtime\Cache\Home\2a94b8bda04ff446dcedd42276fc99ee.php 第 937 行.
NOTIC: [8] Use of undefined constant voo - assumed 'voo' F:\wamp\www\ChildrenPlatform\Application\Runtime\Cache\Home\2a94b8bda04ff446dcedd42276fc99ee.php 第 937 行.
NOTIC: [8] Use of undefined constant voo - assumed 'voo' F:\wamp\www\ChildrenPlatform\Application\Runtime\Cache\Home\2a94b8bda04ff446dcedd42276fc99ee.php 第 937 行.
NOTIC: [8] Use of undefined constant voo - assumed 'voo' F:\wamp\www\ChildrenPlatform\Application\Runtime\Cache\Home\2a94b8bda04ff446dcedd42276fc99ee.php 第 937 行.
NOTIC: [8] Use of undefined constant voo - assumed 'voo' F:\wamp\www\ChildrenPlatform\Application\Runtime\Cache\Home\2a94b8bda04ff446dcedd42276fc99ee.php 第 937 行.
NOTIC: [8] Use of undefined constant voo - assumed 'voo' F:\wamp\www\ChildrenPlatform\Application\Runtime\Cache\Home\2a94b8bda04ff446dcedd42276fc99ee.php 第 937 行.
NOTIC: [8] Use of undefined constant voo - assumed 'voo' F:\wamp\www\ChildrenPlatform\Application\Runtime\Cache\Home\2a94b8bda04ff446dcedd42276fc99ee.php 第 937 行.
NOTIC: [8] Undefined index: type F:\wamp\www\ChildrenPlatform\Application\Runtime\Cache\Home\2a94b8bda04ff446dcedd42276fc99ee.php 第 1060 行.
NOTIC: [8] Undefined index: type F:\wamp\www\ChildrenPlatform\Application\Runtime\Cache\Home\2a94b8bda04ff446dcedd42276fc99ee.php 第 1065 行.
NOTIC: [8] Undefined index: type F:\wamp\www\ChildrenPlatform\Application\Runtime\Cache\Home\2a94b8bda04ff446dcedd42276fc99ee.php 第 1065 行.
NOTIC: [8] Undefined index: type F:\wamp\www\ChildrenPlatform\Application\Runtime\Cache\Home\2a94b8bda04ff446dcedd42276fc99ee.php 第 1065 行.
NOTIC: [8] Undefined index: type F:\wamp\www\ChildrenPlatform\Application\Runtime\Cache\Home\2a94b8bda04ff446dcedd42276fc99ee.php 第 1065 行.
NOTIC: [8] Use of undefined constant hot_vo - assumed 'hot_vo' F:\wamp\www\ChildrenPlatform\Application\Runtime\Cache\Home\2a94b8bda04ff446dcedd42276fc99ee.php 第 1078 行.
NOTIC: [8] Use of undefined constant hot_vo - assumed 'hot_vo' F:\wamp\www\ChildrenPlatform\Application\Runtime\Cache\Home\2a94b8bda04ff446dcedd42276fc99ee.php 第 1078 行.
NOTIC: [8] Use of undefined constant vo2 - assumed 'vo2' F:\wamp\www\ChildrenPlatform\Application\Runtime\Cache\Home\2a94b8bda04ff446dcedd42276fc99ee.php 第 1141 行.
NOTIC: [8] Use of undefined constant vo2 - assumed 'vo2' F:\wamp\www\ChildrenPlatform\Application\Runtime\Cache\Home\2a94b8bda04ff446dcedd42276fc99ee.php 第 1141 行.
NOTIC: [8] Use of undefined constant vo2 - assumed 'vo2' F:\wamp\www\ChildrenPlatform\Application\Runtime\Cache\Home\2a94b8bda04ff446dcedd42276fc99ee.php 第 1141 行.
NOTIC: [8] Use of undefined constant vo2 - assumed 'vo2' F:\wamp\www\ChildrenPlatform\Application\Runtime\Cache\Home\2a94b8bda04ff446dcedd42276fc99ee.php 第 1141 行.
NOTIC: [8] Use of undefined constant vo2 - assumed 'vo2' F:\wamp\www\ChildrenPlatform\Application\Runtime\Cache\Home\2a94b8bda04ff446dcedd42276fc99ee.php 第 1141 行.
NOTIC: [8] Use of undefined constant vo2 - assumed 'vo2' F:\wamp\www\ChildrenPlatform\Application\Runtime\Cache\Home\2a94b8bda04ff446dcedd42276fc99ee.php 第 1141 行.
NOTIC: [8] Use of undefined constant vo2 - assumed 'vo2' F:\wamp\www\ChildrenPlatform\Application\Runtime\Cache\Home\2a94b8bda04ff446dcedd42276fc99ee.php 第 1141 行.
NOTIC: [8] Use of undefined constant vo2 - assumed 'vo2' F:\wamp\www\ChildrenPlatform\Application\Runtime\Cache\Home\2a94b8bda04ff446dcedd42276fc99ee.php 第 1141 行.
NOTIC: [8] Use of undefined constant hot_vo - assumed 'hot_vo' F:\wamp\www\ChildrenPlatform\Application\Runtime\Cache\Home\2a94b8bda04ff446dcedd42276fc99ee.php 第 1186 行.
NOTIC: [8] Use of undefined constant hot_vo - assumed 'hot_vo' F:\wamp\www\ChildrenPlatform\Application\Runtime\Cache\Home\2a94b8bda04ff446dcedd42276fc99ee.php 第 1186 行.
NOTIC: [8] Use of undefined constant vo2 - assumed 'vo2' F:\wamp\www\ChildrenPlatform\Application\Runtime\Cache\Home\2a94b8bda04ff446dcedd42276fc99ee.php 第 1247 行.
NOTIC: [8] Use of undefined constant vo2 - assumed 'vo2' F:\wamp\www\ChildrenPlatform\Application\Runtime\Cache\Home\2a94b8bda04ff446dcedd42276fc99ee.php 第 1247 行.
NOTIC: [8] Use of undefined constant vo2 - assumed 'vo2' F:\wamp\www\ChildrenPlatform\Application\Runtime\Cache\Home\2a94b8bda04ff446dcedd42276fc99ee.php 第 1247 行.
NOTIC: [8] Use of undefined constant vo2 - assumed 'vo2' F:\wamp\www\ChildrenPlatform\Application\Runtime\Cache\Home\2a94b8bda04ff446dcedd42276fc99ee.php 第 1247 行.
NOTIC: [8] Use of undefined constant vo2 - assumed 'vo2' F:\wamp\www\ChildrenPlatform\Application\Runtime\Cache\Home\2a94b8bda04ff446dcedd42276fc99ee.php 第 1247 行.
NOTIC: [8] Use of undefined constant vo2 - assumed 'vo2' F:\wamp\www\ChildrenPlatform\Application\Runtime\Cache\Home\2a94b8bda04ff446dcedd42276fc99ee.php 第 1247 行.
INFO: Run Behavior\ParseTemplateBehavior [ RunTime:0.357764s ]
INFO: [ view_parse ] --END-- [ RunTime:0.357958s ]
INFO: [ view_filter ] --START--
INFO: Run Behavior\WriteHtmlCacheBehavior [ RunTime:0.001357s ]
INFO: [ view_filter ] --END-- [ RunTime:0.001595s ]
INFO: [ app_end ] --START--
INFO: Run Behavior\ShowPageTraceBehavior [ RunTime:0.001673s ]
INFO: [ app_end ] --END-- [ RunTime:0.001907s ]

[ 2018-05-08T11:53:19+08:00 ] 127.0.0.1 /ChildrenPlatform/Home/Index/login
INFO: [ app_init ] --START--
INFO: Run Behavior\BuildLiteBehavior [ RunTime:0.000020s ]
INFO: [ app_init ] --END-- [ RunTime:0.000355s ]
INFO: [ app_begin ] --START--
INFO: Run Behavior\ReadHtmlCacheBehavior [ RunTime:0.000345s ]
INFO: [ app_begin ] --END-- [ RunTime:0.000431s ]
SQL: SHOW COLUMNS FROM `users` [ RunTime:0.0858s ]
SQL: SHOW COLUMNS FROM `companyusers` [ RunTime:0.0053s ]
SQL: SHOW COLUMNS FROM `userinfor` [ RunTime:0.0041s ]
SQL: SELECT `user_id` FROM `users` WHERE `telephone` = '17641110025' AND `password` = '1cfe70df284a018d4ba63e20c72e0fd5' LIMIT 1   [ RunTime:0.0003s ]
SQL: SELECT `telephone` FROM `users` WHERE `telephone` = '17641110025' AND `password` = '1cfe70df284a018d4ba63e20c72e0fd5' LIMIT 1   [ RunTime:0.0003s ]
SQL: SELECT `companyUser_id` FROM `companyusers` WHERE `telephone` = '17641110025' AND `password` = '1cfe70df284a018d4ba63e20c72e0fd5' LIMIT 1   [ RunTime:0.0002s ]
NOTIC: [8] Use of undefined constant json - assumed 'json' F:\wamp\www\ChildrenPlatform\Application\Home\Controller\IndexController.class.php 第 98 行.

[ 2018-05-08T12:02:05+08:00 ] 127.0.0.1 /ChildrenPlatform/Home/Project/project_detail/id/40.html
INFO: [ app_init ] --START--
INFO: Run Behavior\BuildLiteBehavior [ RunTime:0.000031s ]
INFO: [ app_init ] --END-- [ RunTime:0.000507s ]
INFO: [ app_begin ] --START--
INFO: Run Behavior\ReadHtmlCacheBehavior [ RunTime:0.000737s ]
INFO: [ app_begin ] --END-- [ RunTime:0.000882s ]
SQL: SHOW COLUMNS FROM `commodity` [ RunTime:0.0180s ]
SQL: SHOW COLUMNS FROM `star` [ RunTime:0.0116s ]
SQL: SHOW COLUMNS FROM `subsettype` [ RunTime:0.0135s ]
SQL: SHOW COLUMNS FROM `comment` [ RunTime:0.0115s ]
SQL: SHOW COLUMNS FROM `userinfor` [ RunTime:0.0069s ]
SQL: SHOW COLUMNS FROM `collect` [ RunTime:0.0069s ]
SQL: SHOW COLUMNS FROM `company` [ RunTime:0.0069s ]
SQL: SELECT * FROM `commodity` WHERE ( commodity_id=40 ) LIMIT 1   [ RunTime:0.0006s ]
SQL: SELECT * FROM `star` WHERE `user_id` = 0 AND `commodity_id` = 40  [ RunTime:0.0006s ]
SQL: SELECT `name` FROM `subsettype` WHERE `subsetType_id` = 13 LIMIT 1   [ RunTime:0.0003s ]
SQL: SELECT COUNT(*) AS tp_count FROM `comment` WHERE ( commodity_id=40 ) LIMIT 1   [ RunTime:0.0004s ]
SQL: SELECT `name` FROM `company` WHERE ( company_id = 2 ) LIMIT 1   [ RunTime:0.0004s ]
SQL: SELECT `state` FROM `collect` WHERE `commodity_id` = 40 AND `user_id` = 0 LIMIT 1   [ RunTime:0.0003s ]
SQL: SELECT * FROM `comment` WHERE ( commodity_id=40 ) ORDER BY datetime desc  [ RunTime:0.0004s ]
SQL: SELECT * FROM `commodity` WHERE `commodity_id` <> '40' ORDER BY hintNum desc LIMIT 4   [ RunTime:0.0005s ]
SQL: SELECT `state` FROM `collect` WHERE `commodity_id` = 22 AND `user_id` = 0  [ RunTime:0.0003s ]
SQL: SELECT `state` FROM `collect` WHERE `commodity_id` = 21 AND `user_id` = 0  [ RunTime:0.0005s ]
SQL: SELECT `state` FROM `collect` WHERE `commodity_id` = 35 AND `user_id` = 0  [ RunTime:0.0002s ]
SQL: SELECT `state` FROM `collect` WHERE `commodity_id` = 12 AND `user_id` = 0  [ RunTime:0.0002s ]
SQL: UPDATE `commodity` SET `hintNum`=hintNum+1 WHERE ( commodity_id=40 ) [ RunTime:0.1895s ]
INFO: [ view_parse ] --START--
INFO: [ template_filter ] --START--
INFO: Run Behavior\ContentReplaceBehavior [ RunTime:0.000428s ]
INFO: [ template_filter ] --END-- [ RunTime:0.000534s ]
NOTIC: [8] Undefined index: user_id F:\wamp\www\ChildrenPlatform\Application\Runtime\Cache\Home\d64d5a7196d6a3879c1a299f10bbb347.php 第 128 行.
NOTIC: [8] Undefined variable: list F:\wamp\www\ChildrenPlatform\Application\Runtime\Cache\Home\d64d5a7196d6a3879c1a299f10bbb347.php 第 804 行.
NOTIC: [8] Undefined index: user_id F:\wamp\www\ChildrenPlatform\Application\Runtime\Cache\Home\d64d5a7196d6a3879c1a299f10bbb347.php 第 825 行.
NOTIC: [8] Undefined index: user_id F:\wamp\www\ChildrenPlatform\Application\Runtime\Cache\Home\d64d5a7196d6a3879c1a299f10bbb347.php 第 834 行.
NOTIC: [8] Undefined index: type F:\wamp\www\ChildrenPlatform\Application\Runtime\Cache\Home\d64d5a7196d6a3879c1a299f10bbb347.php 第 1121 行.
NOTIC: [8] Undefined index: type F:\wamp\www\ChildrenPlatform\Application\Runtime\Cache\Home\d64d5a7196d6a3879c1a299f10bbb347.php 第 1126 行.
NOTIC: [8] Undefined index: type F:\wamp\www\ChildrenPlatform\Application\Runtime\Cache\Home\d64d5a7196d6a3879c1a299f10bbb347.php 第 1126 行.
NOTIC: [8] Undefined index: type F:\wamp\www\ChildrenPlatform\Application\Runtime\Cache\Home\d64d5a7196d6a3879c1a299f10bbb347.php 第 1126 行.
NOTIC: [8] Use of undefined constant voo - assumed 'voo' F:\wamp\www\ChildrenPlatform\Application\Runtime\Cache\Home\d64d5a7196d6a3879c1a299f10bbb347.php 第 1202 行.
NOTIC: [8] Use of undefined constant voo - assumed 'voo' F:\wamp\www\ChildrenPlatform\Application\Runtime\Cache\Home\d64d5a7196d6a3879c1a299f10bbb347.php 第 1202 行.
NOTIC: [8] Use of undefined constant voo - assumed 'voo' F:\wamp\www\ChildrenPlatform\Application\Runtime\Cache\Home\d64d5a7196d6a3879c1a299f10bbb347.php 第 1202 行.
NOTIC: [8] Use of undefined constant voo - assumed 'voo' F:\wamp\www\ChildrenPlatform\Application\Runtime\Cache\Home\d64d5a7196d6a3879c1a299f10bbb347.php 第 1202 行.
NOTIC: [8] Use of undefined constant voo - assumed 'voo' F:\wamp\www\ChildrenPlatform\Application\Runtime\Cache\Home\d64d5a7196d6a3879c1a299f10bbb347.php 第 1202 行.
NOTIC: [8] Use of undefined constant voo - assumed 'voo' F:\wamp\www\ChildrenPlatform\Application\Runtime\Cache\Home\d64d5a7196d6a3879c1a299f10bbb347.php 第 1202 行.
NOTIC: [8] Use of undefined constant voo - assumed 'voo' F:\wamp\www\ChildrenPlatform\Application\Runtime\Cache\Home\d64d5a7196d6a3879c1a299f10bbb347.php 第 1202 行.
NOTIC: [8] Use of undefined constant voo - assumed 'voo' F:\wamp\www\ChildrenPlatform\Application\Runtime\Cache\Home\d64d5a7196d6a3879c1a299f10bbb347.php 第 1202 行.
INFO: Run Behavior\ParseTemplateBehavior [ RunTime:0.057729s ]
INFO: [ view_parse ] --END-- [ RunTime:0.057808s ]
INFO: [ view_filter ] --START--
INFO: Run Behavior\WriteHtmlCacheBehavior [ RunTime:0.000278s ]
INFO: [ view_filter ] --END-- [ RunTime:0.000346s ]
INFO: [ app_end ] --START--
INFO: Run Behavior\ShowPageTraceBehavior [ RunTime:0.000395s ]
INFO: [ app_end ] --END-- [ RunTime:0.000467s ]

[ 2018-05-08T12:02:28+08:00 ] 127.0.0.1 /ChildrenPlatform/Home/Index/login
INFO: [ app_init ] --START--
INFO: Run Behavior\BuildLiteBehavior [ RunTime:0.000040s ]
INFO: [ app_init ] --END-- [ RunTime:0.000401s ]
INFO: [ app_begin ] --START--
INFO: Run Behavior\ReadHtmlCacheBehavior [ RunTime:0.000433s ]
INFO: [ app_begin ] --END-- [ RunTime:0.000548s ]
SQL: SHOW COLUMNS FROM `users` [ RunTime:0.0134s ]
SQL: SHOW COLUMNS FROM `companyusers` [ RunTime:0.0122s ]
SQL: SHOW COLUMNS FROM `userinfor` [ RunTime:0.0124s ]
SQL: SELECT `user_id` FROM `users` WHERE `telephone` = '13342235110' AND `password` = '73b07d76fa37bebacc35c43f03bd6231' LIMIT 1   [ RunTime:0.0005s ]
SQL: SELECT `telephone` FROM `users` WHERE `telephone` = '13342235110' AND `password` = '73b07d76fa37bebacc35c43f03bd6231' LIMIT 1   [ RunTime:0.0004s ]
SQL: SELECT `companyUser_id` FROM `companyusers` WHERE `telephone` = '13342235110' AND `password` = '73b07d76fa37bebacc35c43f03bd6231' LIMIT 1   [ RunTime:0.0004s ]
SQL: SELECT `username` FROM `companyusers` WHERE ( companyUser_id = 1 ) LIMIT 1   [ RunTime:0.0004s ]
NOTIC: [2] Illegal offset type in isset or empty F:\wamp\www\ChildrenPlatform\ThinkPHP\Library\Think\Model.class.php 第 445 行.
SQL: UPDATE `companyusers` SET `loginNum`=loginNum+1 WHERE `telephone` = '13342235110' AND `password` = '73b07d76fa37bebacc35c43f03bd6231' [ RunTime:0.0697s ]
NOTIC: [2] Illegal offset type in isset or empty F:\wamp\www\ChildrenPlatform\ThinkPHP\Library\Think\Model.class.php 第 445 行.
SQL: UPDATE `companyusers` SET `loginTime`='2018-05-08 12:02:28',`loginIp`='127.0.0.1' WHERE `telephone` = '13342235110' AND `password` = '73b07d76fa37bebacc35c43f03bd6231' [ RunTime:0.0702s ]
NOTIC: [8] Use of undefined constant json - assumed 'json' F:\wamp\www\ChildrenPlatform\Application\Home\Controller\IndexController.class.php 第 110 行.

[ 2018-05-08T12:02:29+08:00 ] 127.0.0.1 /ChildrenPlatform/
INFO: [ app_init ] --START--
INFO: Run Behavior\BuildLiteBehavior [ RunTime:0.000032s ]
INFO: [ app_init ] --END-- [ RunTime:0.000520s ]
INFO: [ app_begin ] --START--
INFO: Run Behavior\ReadHtmlCacheBehavior [ RunTime:0.000511s ]
INFO: [ app_begin ] --END-- [ RunTime:0.000632s ]
SQL: SHOW COLUMNS FROM `type` [ RunTime:0.0169s ]
SQL: SHOW COLUMNS FROM `subsettype` [ RunTime:0.0116s ]
SQL: SHOW COLUMNS FROM `company` [ RunTime:0.0126s ]
SQL: SHOW COLUMNS FROM `commodity` [ RunTime:0.0120s ]
SQL: SHOW COLUMNS FROM `collect` [ RunTime:0.0118s ]
SQL: SHOW COLUMNS FROM `search` [ RunTime:0.0086s ]
SQL: SHOW COLUMNS FROM `carousel` [ RunTime:0.0058s ]
SQL: SELECT * FROM `type`  [ RunTime:0.0005s ]
SQL: SELECT * FROM `subsettype` WHERE ( type_id = 1 )  [ RunTime:0.0005s ]
SQL: SELECT * FROM `subsettype` WHERE ( type_id = 2 )  [ RunTime:0.0004s ]
SQL: SELECT * FROM `subsettype` WHERE ( type_id = 3 )  [ RunTime:0.0004s ]
SQL: SELECT * FROM `subsettype` WHERE ( type_id = 4 )  [ RunTime:0.0004s ]
SQL: SELECT * FROM `subsettype` ORDER BY clickNum desc LIMIT 12   [ RunTime:0.0005s ]
SQL: SELECT * FROM `commodity` WHERE `subsetType_id` = 13 AND `state` = 0 ORDER BY hintNum desc LIMIT 8   [ RunTime:0.0006s ]
SQL: SELECT `state` FROM `collect` WHERE `commodity_id` = 20 AND `user_id` = 1  [ RunTime:0.0003s ]
SQL: SELECT `state` FROM `collect` WHERE `commodity_id` = 40 AND `user_id` = 1  [ RunTime:0.0003s ]
SQL: SELECT `state` FROM `collect` WHERE `commodity_id` = 15 AND `user_id` = 1  [ RunTime:0.0003s ]
SQL: SELECT `state` FROM `collect` WHERE `commodity_id` = 39 AND `user_id` = 1  [ RunTime:0.0003s ]
SQL: SELECT * FROM `commodity` WHERE `subsetType_id` = 12 AND `state` = 0 ORDER BY hintNum desc LIMIT 8   [ RunTime:0.0004s ]
SQL: SELECT `state` FROM `collect` WHERE `commodity_id` = 35 AND `user_id` = 1  [ RunTime:0.0003s ]
SQL: SELECT `state` FROM `collect` WHERE `commodity_id` = 36 AND `user_id` = 1  [ RunTime:0.0002s ]
SQL: SELECT `state` FROM `collect` WHERE `commodity_id` = 37 AND `user_id` = 1  [ RunTime:0.0003s ]
SQL: SELECT * FROM `commodity` WHERE `subsetType_id` = 8 AND `state` = 0 ORDER BY hintNum desc LIMIT 8   [ RunTime:0.0004s ]
SQL: SELECT `state` FROM `collect` WHERE `commodity_id` = 22 AND `user_id` = 1  [ RunTime:0.0003s ]
SQL: SELECT `state` FROM `collect` WHERE `commodity_id` = 21 AND `user_id` = 1  [ RunTime:0.0002s ]
SQL: SELECT `state` FROM `collect` WHERE `commodity_id` = 12 AND `user_id` = 1  [ RunTime:0.0002s ]
SQL: SELECT `state` FROM `collect` WHERE `commodity_id` = 23 AND `user_id` = 1  [ RunTime:0.0003s ]
SQL: SELECT `state` FROM `collect` WHERE `commodity_id` = 13 AND `user_id` = 1  [ RunTime:0.0003s ]
SQL: SELECT * FROM `commodity` WHERE `subsetType_id` = 6 AND `state` = 0 ORDER BY hintNum desc LIMIT 8   [ RunTime:0.0004s ]
SQL: SELECT `state` FROM `collect` WHERE `commodity_id` = 24 AND `user_id` = 1  [ RunTime:0.0003s ]
SQL: SELECT `state` FROM `collect` WHERE `commodity_id` = 14 AND `user_id` = 1  [ RunTime:0.0003s ]
SQL: SELECT * FROM `commodity` WHERE `subsetType_id` = 15 AND `state` = 0 ORDER BY hintNum desc LIMIT 8   [ RunTime:0.0004s ]
SQL: SELECT * FROM `commodity` WHERE `subsetType_id` = 7 AND `state` = 0 ORDER BY hintNum desc LIMIT 8   [ RunTime:0.0004s ]
SQL: SELECT * FROM `commodity` WHERE `subsetType_id` = 9 AND `state` = 0 ORDER BY hintNum desc LIMIT 8   [ RunTime:0.0005s ]
SQL: SELECT `state` FROM `collect` WHERE `commodity_id` = 19 AND `user_id` = 1  [ RunTime:0.0003s ]
SQL: SELECT * FROM `commodity` WHERE `subsetType_id` = 16 AND `state` = 0 ORDER BY hintNum desc LIMIT 8   [ RunTime:0.0004s ]
SQL: SELECT `state` FROM `collect` WHERE `commodity_id` = 33 AND `user_id` = 1  [ RunTime:0.0003s ]
SQL: SELECT `state` FROM `collect` WHERE `commodity_id` = 34 AND `user_id` = 1  [ RunTime:0.0003s ]
SQL: SELECT * FROM `commodity` WHERE `subsetType_id` = 3 AND `state` = 0 ORDER BY hintNum desc LIMIT 8   [ RunTime:0.0004s ]
SQL: SELECT `state` FROM `collect` WHERE `commodity_id` = 30 AND `user_id` = 1  [ RunTime:0.0003s ]
SQL: SELECT `state` FROM `collect` WHERE `commodity_id` = 31 AND `user_id` = 1  [ RunTime:0.0002s ]
SQL: SELECT `state` FROM `collect` WHERE `commodity_id` = 29 AND `user_id` = 1  [ RunTime:0.0002s ]
SQL: SELECT * FROM `commodity` WHERE `subsetType_id` = 14 AND `state` = 0 ORDER BY hintNum desc LIMIT 8   [ RunTime:0.0004s ]
SQL: SELECT `state` FROM `collect` WHERE `commodity_id` = 41 AND `user_id` = 1  [ RunTime:0.0003s ]
SQL: SELECT * FROM `commodity` WHERE `subsetType_id` = 10 AND `state` = 0 ORDER BY hintNum desc LIMIT 8   [ RunTime:0.0004s ]
SQL: SELECT `state` FROM `collect` WHERE `commodity_id` = 32 AND `user_id` = 1  [ RunTime:0.0003s ]
SQL: SELECT * FROM `commodity` WHERE `subsetType_id` = 5 AND `state` = 0 ORDER BY hintNum desc LIMIT 8   [ RunTime:0.0003s ]
SQL: SELECT * FROM `search` ORDER BY time desc LIMIT 8   [ RunTime:0.0003s ]
SQL: SELECT * FROM `commodity` WHERE ( state = 0 ) ORDER BY hintNum desc LIMIT 3   [ RunTime:0.0004s ]
SQL: SELECT * FROM `carousel` WHERE ( state = 0 ) ORDER BY hintNum desc LIMIT 4   [ RunTime:0.0004s ]
SQL: SHOW COLUMNS FROM `cart` [ RunTime:0.0065s ]
SQL: SELECT * FROM `cart` WHERE ( user_id=1 )  [ RunTime:0.0005s ]
SQL: SELECT COUNT(*) AS tp_count FROM `collect` WHERE `user_id` = 1 AND `state` = 1 LIMIT 1   [ RunTime:0.0003s ]
INFO: [ view_parse ] --START--
INFO: [ template_filter ] --START--
INFO: Run Behavior\ContentReplaceBehavior [ RunTime:0.000437s ]
INFO: [ template_filter ] --END-- [ RunTime:0.000573s ]
NOTIC: [8] Use of undefined constant voo - assumed 'voo' F:\wamp\www\ChildrenPlatform\Application\Runtime\Cache\Home\2a94b8bda04ff446dcedd42276fc99ee.php 第 937 行.
NOTIC: [8] Use of undefined constant voo - assumed 'voo' F:\wamp\www\ChildrenPlatform\Application\Runtime\Cache\Home\2a94b8bda04ff446dcedd42276fc99ee.php 第 937 行.
NOTIC: [8] Use of undefined constant voo - assumed 'voo' F:\wamp\www\ChildrenPlatform\Application\Runtime\Cache\Home\2a94b8bda04ff446dcedd42276fc99ee.php 第 937 行.
NOTIC: [8] Use of undefined constant voo - assumed 'voo' F:\wamp\www\ChildrenPlatform\Application\Runtime\Cache\Home\2a94b8bda04ff446dcedd42276fc99ee.php 第 937 行.
NOTIC: [8] Use of undefined constant voo - assumed 'voo' F:\wamp\www\ChildrenPlatform\Application\Runtime\Cache\Home\2a94b8bda04ff446dcedd42276fc99ee.php 第 937 行.
NOTIC: [8] Use of undefined constant voo - assumed 'voo' F:\wamp\www\ChildrenPlatform\Application\Runtime\Cache\Home\2a94b8bda04ff446dcedd42276fc99ee.php 第 937 行.
NOTIC: [8] Use of undefined constant voo - assumed 'voo' F:\wamp\www\ChildrenPlatform\Application\Runtime\Cache\Home\2a94b8bda04ff446dcedd42276fc99ee.php 第 937 行.
NOTIC: [8] Use of undefined constant voo - assumed 'voo' F:\wamp\www\ChildrenPlatform\Application\Runtime\Cache\Home\2a94b8bda04ff446dcedd42276fc99ee.php 第 937 行.
NOTIC: [8] Undefined index: type F:\wamp\www\ChildrenPlatform\Application\Runtime\Cache\Home\2a94b8bda04ff446dcedd42276fc99ee.php 第 1060 行.
NOTIC: [8] Undefined index: type F:\wamp\www\ChildrenPlatform\Application\Runtime\Cache\Home\2a94b8bda04ff446dcedd42276fc99ee.php 第 1065 行.
NOTIC: [8] Undefined index: type F:\wamp\www\ChildrenPlatform\Application\Runtime\Cache\Home\2a94b8bda04ff446dcedd42276fc99ee.php 第 1065 行.
NOTIC: [8] Undefined index: type F:\wamp\www\ChildrenPlatform\Application\Runtime\Cache\Home\2a94b8bda04ff446dcedd42276fc99ee.php 第 1065 行.
NOTIC: [8] Undefined index: type F:\wamp\www\ChildrenPlatform\Application\Runtime\Cache\Home\2a94b8bda04ff446dcedd42276fc99ee.php 第 1065 行.
NOTIC: [8] Use of undefined constant hot_vo - assumed 'hot_vo' F:\wamp\www\ChildrenPlatform\Application\Runtime\Cache\Home\2a94b8bda04ff446dcedd42276fc99ee.php 第 1078 行.
NOTIC: [8] Use of undefined constant hot_vo - assumed 'hot_vo' F:\wamp\www\ChildrenPlatform\Application\Runtime\Cache\Home\2a94b8bda04ff446dcedd42276fc99ee.php 第 1078 行.
NOTIC: [8] Use of undefined constant vo2 - assumed 'vo2' F:\wamp\www\ChildrenPlatform\Application\Runtime\Cache\Home\2a94b8bda04ff446dcedd42276fc99ee.php 第 1141 行.
NOTIC: [8] Use of undefined constant vo2 - assumed 'vo2' F:\wamp\www\ChildrenPlatform\Application\Runtime\Cache\Home\2a94b8bda04ff446dcedd42276fc99ee.php 第 1141 行.
NOTIC: [8] Use of undefined constant vo2 - assumed 'vo2' F:\wamp\www\ChildrenPlatform\Application\Runtime\Cache\Home\2a94b8bda04ff446dcedd42276fc99ee.php 第 1141 行.
NOTIC: [8] Use of undefined constant vo2 - assumed 'vo2' F:\wamp\www\ChildrenPlatform\Application\Runtime\Cache\Home\2a94b8bda04ff446dcedd42276fc99ee.php 第 1141 行.
NOTIC: [8] Use of undefined constant vo2 - assumed 'vo2' F:\wamp\www\ChildrenPlatform\Application\Runtime\Cache\Home\2a94b8bda04ff446dcedd42276fc99ee.php 第 1141 行.
NOTIC: [8] Use of undefined constant vo2 - assumed 'vo2' F:\wamp\www\ChildrenPlatform\Application\Runtime\Cache\Home\2a94b8bda04ff446dcedd42276fc99ee.php 第 1141 行.
NOTIC: [8] Use of undefined constant vo2 - assumed 'vo2' F:\wamp\www\ChildrenPlatform\Application\Runtime\Cache\Home\2a94b8bda04ff446dcedd42276fc99ee.php 第 1141 行.
NOTIC: [8] Use of undefined constant vo2 - assumed 'vo2' F:\wamp\www\ChildrenPlatform\Application\Runtime\Cache\Home\2a94b8bda04ff446dcedd42276fc99ee.php 第 1141 行.
NOTIC: [8] Use of undefined constant hot_vo - assumed 'hot_vo' F:\wamp\www\ChildrenPlatform\Application\Runtime\Cache\Home\2a94b8bda04ff446dcedd42276fc99ee.php 第 1186 行.
NOTIC: [8] Use of undefined constant hot_vo - assumed 'hot_vo' F:\wamp\www\ChildrenPlatform\Application\Runtime\Cache\Home\2a94b8bda04ff446dcedd42276fc99ee.php 第 1186 行.
NOTIC: [8] Use of undefined constant vo2 - assumed 'vo2' F:\wamp\www\ChildrenPlatform\Application\Runtime\Cache\Home\2a94b8bda04ff446dcedd42276fc99ee.php 第 1247 行.
NOTIC: [8] Use of undefined constant vo2 - assumed 'vo2' F:\wamp\www\ChildrenPlatform\Application\Runtime\Cache\Home\2a94b8bda04ff446dcedd42276fc99ee.php 第 1247 行.
NOTIC: [8] Use of undefined constant vo2 - assumed 'vo2' F:\wamp\www\ChildrenPlatform\Application\Runtime\Cache\Home\2a94b8bda04ff446dcedd42276fc99ee.php 第 1247 行.
NOTIC: [8] Use of undefined constant vo2 - assumed 'vo2' F:\wamp\www\ChildrenPlatform\Application\Runtime\Cache\Home\2a94b8bda04ff446dcedd42276fc99ee.php 第 1247 行.
NOTIC: [8] Use of undefined constant vo2 - assumed 'vo2' F:\wamp\www\ChildrenPlatform\Application\Runtime\Cache\Home\2a94b8bda04ff446dcedd42276fc99ee.php 第 1247 行.
NOTIC: [8] Use of undefined constant vo2 - assumed 'vo2' F:\wamp\www\ChildrenPlatform\Application\Runtime\Cache\Home\2a94b8bda04ff446dcedd42276fc99ee.php 第 1247 行.
INFO: Run Behavior\ParseTemplateBehavior [ RunTime:0.057280s ]
INFO: [ view_parse ] --END-- [ RunTime:0.057370s ]
INFO: [ view_filter ] --START--
INFO: Run Behavior\WriteHtmlCacheBehavior [ RunTime:0.000273s ]
INFO: [ view_filter ] --END-- [ RunTime:0.000378s ]
INFO: [ app_end ] --START--
INFO: Run Behavior\ShowPageTraceBehavior [ RunTime:0.000551s ]
INFO: [ app_end ] --END-- [ RunTime:0.000664s ]

[ 2018-05-08T12:02:32+08:00 ] 127.0.0.1 /ChildrenPlatform/Home/Company/company_center.html
INFO: [ app_init ] --START--
INFO: Run Behavior\BuildLiteBehavior [ RunTime:0.000051s ]
INFO: [ app_init ] --END-- [ RunTime:0.000340s ]
INFO: [ app_begin ] --START--
INFO: Run Behavior\ReadHtmlCacheBehavior [ RunTime:0.000427s ]
INFO: [ app_begin ] --END-- [ RunTime:0.000512s ]
SQL: SHOW COLUMNS FROM `company` [ RunTime:0.0237s ]
SQL: SHOW COLUMNS FROM `commodity` [ RunTime:0.0181s ]
SQL: SHOW COLUMNS FROM `companyusers` [ RunTime:0.0181s ]
SQL: SELECT `company_id` FROM `companyusers` WHERE ( companyUser_id=1 ) LIMIT 1   [ RunTime:0.0011s ]
SQL: SHOW COLUMNS FROM `type` [ RunTime:0.0169s ]
SQL: SHOW COLUMNS FROM `subsettype` [ RunTime:0.0091s ]
SQL: SELECT * FROM `type`  [ RunTime:0.0004s ]
SQL: SELECT * FROM `subsettype` WHERE ( type_id = 1 )  [ RunTime:0.0005s ]
SQL: SELECT * FROM `subsettype` WHERE ( type_id = 2 )  [ RunTime:0.0006s ]
SQL: SELECT * FROM `subsettype` WHERE ( type_id = 3 )  [ RunTime:0.0006s ]
SQL: SELECT * FROM `subsettype` WHERE ( type_id = 4 )  [ RunTime:0.0006s ]
SQL: SELECT * FROM `company` WHERE ( company_id = 4 ) LIMIT 1   [ RunTime:0.0007s ]
SQL: SELECT * FROM `commodity` WHERE ( company_id = 4 )  [ RunTime:0.0009s ]
INFO: [ view_parse ] --START--
INFO: [ template_filter ] --START--
INFO: Run Behavior\ContentReplaceBehavior [ RunTime:0.000267s ]
INFO: [ template_filter ] --END-- [ RunTime:0.000356s ]
NOTIC: [8] Undefined variable: count_num F:\wamp\www\ChildrenPlatform\Application\Runtime\Cache\Home\1953e78ca7641c53e231a505aecab628.php 第 94 行.
NOTIC: [8] Undefined variable: cart_data F:\wamp\www\ChildrenPlatform\Application\Runtime\Cache\Home\1953e78ca7641c53e231a505aecab628.php 第 766 行.
NOTIC: [8] Undefined variable: cart_data F:\wamp\www\ChildrenPlatform\Application\Runtime\Cache\Home\1953e78ca7641c53e231a505aecab628.php 第 766 行.
NOTIC: [8] Undefined variable: cart_list F:\wamp\www\ChildrenPlatform\Application\Runtime\Cache\Home\1953e78ca7641c53e231a505aecab628.php 第 784 行.
NOTIC: [8] Undefined variable: cart_data F:\wamp\www\ChildrenPlatform\Application\Runtime\Cache\Home\1953e78ca7641c53e231a505aecab628.php 第 816 行.
NOTIC: [8] Undefined variable: cart_data F:\wamp\www\ChildrenPlatform\Application\Runtime\Cache\Home\1953e78ca7641c53e231a505aecab628.php 第 822 行.
NOTIC: [8] Use of undefined constant voo - assumed 'voo' F:\wamp\www\ChildrenPlatform\Application\Runtime\Cache\Home\1953e78ca7641c53e231a505aecab628.php 第 882 行.
NOTIC: [8] Use of undefined constant voo - assumed 'voo' F:\wamp\www\ChildrenPlatform\Application\Runtime\Cache\Home\1953e78ca7641c53e231a505aecab628.php 第 882 行.
NOTIC: [8] Use of undefined constant voo - assumed 'voo' F:\wamp\www\ChildrenPlatform\Application\Runtime\Cache\Home\1953e78ca7641c53e231a505aecab628.php 第 882 行.
NOTIC: [8] Use of undefined constant voo - assumed 'voo' F:\wamp\www\ChildrenPlatform\Application\Runtime\Cache\Home\1953e78ca7641c53e231a505aecab628.php 第 882 行.
NOTIC: [8] Use of undefined constant voo - assumed 'voo' F:\wamp\www\ChildrenPlatform\Application\Runtime\Cache\Home\1953e78ca7641c53e231a505aecab628.php 第 882 行.
NOTIC: [8] Use of undefined constant voo - assumed 'voo' F:\wamp\www\ChildrenPlatform\Application\Runtime\Cache\Home\1953e78ca7641c53e231a505aecab628.php 第 882 行.
NOTIC: [8] Use of undefined constant voo - assumed 'voo' F:\wamp\www\ChildrenPlatform\Application\Runtime\Cache\Home\1953e78ca7641c53e231a505aecab628.php 第 882 行.
NOTIC: [8] Use of undefined constant voo - assumed 'voo' F:\wamp\www\ChildrenPlatform\Application\Runtime\Cache\Home\1953e78ca7641c53e231a505aecab628.php 第 882 行.
INFO: Run Behavior\ParseTemplateBehavior [ RunTime:0.075187s ]
INFO: [ view_parse ] --END-- [ RunTime:0.075324s ]
INFO: [ view_filter ] --START--
INFO: Run Behavior\WriteHtmlCacheBehavior [ RunTime:0.000331s ]
INFO: [ view_filter ] --END-- [ RunTime:0.000415s ]
INFO: [ app_end ] --START--
INFO: Run Behavior\ShowPageTraceBehavior [ RunTime:0.000469s ]
INFO: [ app_end ] --END-- [ RunTime:0.000544s ]

[ 2018-05-08T12:02:33+08:00 ] 127.0.0.1 /ChildrenPlatform/Home/Company/header/header1-container.html
INFO: [ app_init ] --START--
INFO: Run Behavior\BuildLiteBehavior [ RunTime:0.000061s ]
INFO: [ app_init ] --END-- [ RunTime:0.000773s ]
INFO: [ app_begin ] --START--
INFO: Run Behavior\ReadHtmlCacheBehavior [ RunTime:0.000877s ]
INFO: [ app_begin ] --END-- [ RunTime:0.001002s ]
ERR: 非法操作:header

[ 2018-05-08T12:02:33+08:00 ] 127.0.0.1 /ChildrenPlatform/Home/Company/js/themejs/so_megamenu.js?_=1525752152997
INFO: [ app_init ] --START--
INFO: Run Behavior\BuildLiteBehavior [ RunTime:0.000052s ]
INFO: [ app_init ] --END-- [ RunTime:0.000609s ]
INFO: [ app_begin ] --START--
INFO: Run Behavior\ReadHtmlCacheBehavior [ RunTime:0.000350s ]
INFO: [ app_begin ] --END-- [ RunTime:0.000445s ]
ERR: 非法操作:js

[ 2018-05-08T12:05:36+08:00 ] 127.0.0.1 /ChildrenPlatform/Home/Index/logout.html
INFO: [ app_init ] --START--
INFO: Run Behavior\BuildLiteBehavior [ RunTime:0.000021s ]
INFO: [ app_init ] --END-- [ RunTime:0.000354s ]
INFO: [ app_begin ] --START--
INFO: Run Behavior\ReadHtmlCacheBehavior [ RunTime:0.000572s ]
INFO: [ app_begin ] --END-- [ RunTime:0.000662s ]

[ 2018-05-08T12:05:37+08:00 ] 127.0.0.1 /ChildrenPlatform/Home/Index/index
INFO: [ app_init ] --START--
INFO: Run Behavior\BuildLiteBehavior [ RunTime:0.000019s ]
INFO: [ app_init ] --END-- [ RunTime:0.000309s ]
INFO: [ app_begin ] --START--
INFO: Run Behavior\ReadHtmlCacheBehavior [ RunTime:0.000324s ]
INFO: [ app_begin ] --END-- [ RunTime:0.000398s ]
SQL: SHOW COLUMNS FROM `type` [ RunTime:0.0124s ]
SQL: SHOW COLUMNS FROM `subsettype` [ RunTime:0.0118s ]
SQL: SHOW COLUMNS FROM `company` [ RunTime:0.0115s ]
SQL: SHOW COLUMNS FROM `commodity` [ RunTime:0.0116s ]
SQL: SHOW COLUMNS FROM `collect` [ RunTime:0.0057s ]
SQL: SHOW COLUMNS FROM `search` [ RunTime:0.0056s ]
SQL: SHOW COLUMNS FROM `carousel` [ RunTime:0.0063s ]
SQL: SELECT * FROM `type`  [ RunTime:0.0004s ]
SQL: SELECT * FROM `subsettype` WHERE ( type_id = 1 )  [ RunTime:0.0005s ]
SQL: SELECT * FROM `subsettype` WHERE ( type_id = 2 )  [ RunTime:0.0005s ]
SQL: SELECT * FROM `subsettype` WHERE ( type_id = 3 )  [ RunTime:0.0004s ]
SQL: SELECT * FROM `subsettype` WHERE ( type_id = 4 )  [ RunTime:0.0005s ]
SQL: SELECT * FROM `subsettype` ORDER BY clickNum desc LIMIT 12   [ RunTime:0.0006s ]
SQL: SELECT * FROM `commodity` WHERE `subsetType_id` = 13 AND `state` = 0 ORDER BY hintNum desc LIMIT 8   [ RunTime:0.0008s ]
SQL: SELECT `state` FROM `collect` WHERE `commodity_id` = 20 AND `user_id` = 0  [ RunTime:0.0005s ]
SQL: SELECT `state` FROM `collect` WHERE `commodity_id` = 40 AND `user_id` = 0  [ RunTime:0.0004s ]
SQL: SELECT `state` FROM `collect` WHERE `commodity_id` = 15 AND `user_id` = 0  [ RunTime:0.0004s ]
SQL: SELECT `state` FROM `collect` WHERE `commodity_id` = 39 AND `user_id` = 0  [ RunTime:0.0003s ]
SQL: SELECT * FROM `commodity` WHERE `subsetType_id` = 12 AND `state` = 0 ORDER BY hintNum desc LIMIT 8   [ RunTime:0.0005s ]
SQL: SELECT `state` FROM `collect` WHERE `commodity_id` = 35 AND `user_id` = 0  [ RunTime:0.0002s ]
SQL: SELECT `state` FROM `collect` WHERE `commodity_id` = 36 AND `user_id` = 0  [ RunTime:0.0003s ]
SQL: SELECT `state` FROM `collect` WHERE `commodity_id` = 37 AND `user_id` = 0  [ RunTime:0.0003s ]
SQL: SELECT * FROM `commodity` WHERE `subsetType_id` = 8 AND `state` = 0 ORDER BY hintNum desc LIMIT 8   [ RunTime:0.0005s ]
SQL: SELECT `state` FROM `collect` WHERE `commodity_id` = 22 AND `user_id` = 0  [ RunTime:0.0002s ]
SQL: SELECT `state` FROM `collect` WHERE `commodity_id` = 21 AND `user_id` = 0  [ RunTime:0.0002s ]
SQL: SELECT `state` FROM `collect` WHERE `commodity_id` = 12 AND `user_id` = 0  [ RunTime:0.0002s ]
SQL: SELECT `state` FROM `collect` WHERE `commodity_id` = 23 AND `user_id` = 0  [ RunTime:0.0002s ]
SQL: SELECT `state` FROM `collect` WHERE `commodity_id` = 13 AND `user_id` = 0  [ RunTime:0.0002s ]
SQL: SELECT * FROM `commodity` WHERE `subsetType_id` = 6 AND `state` = 0 ORDER BY hintNum desc LIMIT 8   [ RunTime:0.0003s ]
SQL: SELECT `state` FROM `collect` WHERE `commodity_id` = 24 AND `user_id` = 0  [ RunTime:0.0001s ]
SQL: SELECT `state` FROM `collect` WHERE `commodity_id` = 14 AND `user_id` = 0  [ RunTime:0.0001s ]
SQL: SELECT * FROM `commodity` WHERE `subsetType_id` = 15 AND `state` = 0 ORDER BY hintNum desc LIMIT 8   [ RunTime:0.0002s ]
SQL: SELECT * FROM `commodity` WHERE `subsetType_id` = 7 AND `state` = 0 ORDER BY hintNum desc LIMIT 8   [ RunTime:0.0003s ]
SQL: SELECT * FROM `commodity` WHERE `subsetType_id` = 9 AND `state` = 0 ORDER BY hintNum desc LIMIT 8   [ RunTime:0.0005s ]
SQL: SELECT `state` FROM `collect` WHERE `commodity_id` = 19 AND `user_id` = 0  [ RunTime:0.0003s ]
SQL: SELECT * FROM `commodity` WHERE `subsetType_id` = 16 AND `state` = 0 ORDER BY hintNum desc LIMIT 8   [ RunTime:0.0006s ]
SQL: SELECT `state` FROM `collect` WHERE `commodity_id` = 33 AND `user_id` = 0  [ RunTime:0.0002s ]
SQL: SELECT `state` FROM `collect` WHERE `commodity_id` = 34 AND `user_id` = 0  [ RunTime:0.0003s ]
SQL: SELECT * FROM `commodity` WHERE `subsetType_id` = 3 AND `state` = 0 ORDER BY hintNum desc LIMIT 8   [ RunTime:0.0004s ]
SQL: SELECT `state` FROM `collect` WHERE `commodity_id` = 30 AND `user_id` = 0  [ RunTime:0.0003s ]
SQL: SELECT `state` FROM `collect` WHERE `commodity_id` = 31 AND `user_id` = 0  [ RunTime:0.0003s ]
SQL: SELECT `state` FROM `collect` WHERE `commodity_id` = 29 AND `user_id` = 0  [ RunTime:0.0003s ]
SQL: SELECT * FROM `commodity` WHERE `subsetType_id` = 14 AND `state` = 0 ORDER BY hintNum desc LIMIT 8   [ RunTime:0.0004s ]
SQL: SELECT `state` FROM `collect` WHERE `commodity_id` = 41 AND `user_id` = 0  [ RunTime:0.0002s ]
SQL: SELECT * FROM `commodity` WHERE `subsetType_id` = 10 AND `state` = 0 ORDER BY hintNum desc LIMIT 8   [ RunTime:0.0004s ]
SQL: SELECT `state` FROM `collect` WHERE `commodity_id` = 32 AND `user_id` = 0  [ RunTime:0.0002s ]
SQL: SELECT * FROM `commodity` WHERE `subsetType_id` = 5 AND `state` = 0 ORDER BY hintNum desc LIMIT 8   [ RunTime:0.0003s ]
SQL: SELECT * FROM `search` ORDER BY time desc LIMIT 8   [ RunTime:0.0003s ]
SQL: SELECT * FROM `commodity` WHERE ( state = 0 ) ORDER BY hintNum desc LIMIT 3   [ RunTime:0.0006s ]
SQL: SELECT * FROM `carousel` WHERE ( state = 0 ) ORDER BY hintNum desc LIMIT 4   [ RunTime:0.0003s ]
INFO: [ view_parse ] --START--
INFO: [ template_filter ] --START--
INFO: Run Behavior\ContentReplaceBehavior [ RunTime:0.000612s ]
INFO: [ template_filter ] --END-- [ RunTime:0.000698s ]
NOTIC: [8] Undefined index: user_id F:\wamp\www\ChildrenPlatform\Application\Runtime\Cache\Home\2a94b8bda04ff446dcedd42276fc99ee.php 第 70 行.
NOTIC: [8] Undefined index: user_id F:\wamp\www\ChildrenPlatform\Application\Runtime\Cache\Home\2a94b8bda04ff446dcedd42276fc99ee.php 第 767 行.
NOTIC: [8] Undefined index: user_id F:\wamp\www\ChildrenPlatform\Application\Runtime\Cache\Home\2a94b8bda04ff446dcedd42276fc99ee.php 第 776 行.
NOTIC: [8] Use of undefined constant voo - assumed 'voo' F:\wamp\www\ChildrenPlatform\Application\Runtime\Cache\Home\2a94b8bda04ff446dcedd42276fc99ee.php 第 937 行.
NOTIC: [8] Use of undefined constant voo - assumed 'voo' F:\wamp\www\ChildrenPlatform\Application\Runtime\Cache\Home\2a94b8bda04ff446dcedd42276fc99ee.php 第 937 行.
NOTIC: [8] Use of undefined constant voo - assumed 'voo' F:\wamp\www\ChildrenPlatform\Application\Runtime\Cache\Home\2a94b8bda04ff446dcedd42276fc99ee.php 第 937 行.
NOTIC: [8] Use of undefined constant voo - assumed 'voo' F:\wamp\www\ChildrenPlatform\Application\Runtime\Cache\Home\2a94b8bda04ff446dcedd42276fc99ee.php 第 937 行.
NOTIC: [8] Use of undefined constant voo - assumed 'voo' F:\wamp\www\ChildrenPlatform\Application\Runtime\Cache\Home\2a94b8bda04ff446dcedd42276fc99ee.php 第 937 行.
NOTIC: [8] Use of undefined constant voo - assumed 'voo' F:\wamp\www\ChildrenPlatform\Application\Runtime\Cache\Home\2a94b8bda04ff446dcedd42276fc99ee.php 第 937 行.
NOTIC: [8] Use of undefined constant voo - assumed 'voo' F:\wamp\www\ChildrenPlatform\Application\Runtime\Cache\Home\2a94b8bda04ff446dcedd42276fc99ee.php 第 937 行.
NOTIC: [8] Use of undefined constant voo - assumed 'voo' F:\wamp\www\ChildrenPlatform\Application\Runtime\Cache\Home\2a94b8bda04ff446dcedd42276fc99ee.php 第 937 行.
NOTIC: [8] Undefined index: type F:\wamp\www\ChildrenPlatform\Application\Runtime\Cache\Home\2a94b8bda04ff446dcedd42276fc99ee.php 第 1060 行.
NOTIC: [8] Undefined index: type F:\wamp\www\ChildrenPlatform\Application\Runtime\Cache\Home\2a94b8bda04ff446dcedd42276fc99ee.php 第 1065 行.
NOTIC: [8] Undefined index: type F:\wamp\www\ChildrenPlatform\Application\Runtime\Cache\Home\2a94b8bda04ff446dcedd42276fc99ee.php 第 1065 行.
NOTIC: [8] Undefined index: type F:\wamp\www\ChildrenPlatform\Application\Runtime\Cache\Home\2a94b8bda04ff446dcedd42276fc99ee.php 第 1065 行.
NOTIC: [8] Undefined index: type F:\wamp\www\ChildrenPlatform\Application\Runtime\Cache\Home\2a94b8bda04ff446dcedd42276fc99ee.php 第 1065 行.
NOTIC: [8] Use of undefined constant hot_vo - assumed 'hot_vo' F:\wamp\www\ChildrenPlatform\Application\Runtime\Cache\Home\2a94b8bda04ff446dcedd42276fc99ee.php 第 1078 行.
NOTIC: [8] Use of undefined constant hot_vo - assumed 'hot_vo' F:\wamp\www\ChildrenPlatform\Application\Runtime\Cache\Home\2a94b8bda04ff446dcedd42276fc99ee.php 第 1078 行.
NOTIC: [8] Use of undefined constant vo2 - assumed 'vo2' F:\wamp\www\ChildrenPlatform\Application\Runtime\Cache\Home\2a94b8bda04ff446dcedd42276fc99ee.php 第 1141 行.
NOTIC: [8] Use of undefined constant vo2 - assumed 'vo2' F:\wamp\www\ChildrenPlatform\Application\Runtime\Cache\Home\2a94b8bda04ff446dcedd42276fc99ee.php 第 1141 行.
NOTIC: [8] Use of undefined constant vo2 - assumed 'vo2' F:\wamp\www\ChildrenPlatform\Application\Runtime\Cache\Home\2a94b8bda04ff446dcedd42276fc99ee.php 第 1141 行.
NOTIC: [8] Use of undefined constant vo2 - assumed 'vo2' F:\wamp\www\ChildrenPlatform\Application\Runtime\Cache\Home\2a94b8bda04ff446dcedd42276fc99ee.php 第 1141 行.
NOTIC: [8] Use of undefined constant vo2 - assumed 'vo2' F:\wamp\www\ChildrenPlatform\Application\Runtime\Cache\Home\2a94b8bda04ff446dcedd42276fc99ee.php 第 1141 行.
NOTIC: [8] Use of undefined constant vo2 - assumed 'vo2' F:\wamp\www\ChildrenPlatform\Application\Runtime\Cache\Home\2a94b8bda04ff446dcedd42276fc99ee.php 第 1141 行.
NOTIC: [8] Use of undefined constant vo2 - assumed 'vo2' F:\wamp\www\ChildrenPlatform\Application\Runtime\Cache\Home\2a94b8bda04ff446dcedd42276fc99ee.php 第 1141 行.
NOTIC: [8] Use of undefined constant vo2 - assumed 'vo2' F:\wamp\www\ChildrenPlatform\Application\Runtime\Cache\Home\2a94b8bda04ff446dcedd42276fc99ee.php 第 1141 行.
NOTIC: [8] Use of undefined constant hot_vo - assumed 'hot_vo' F:\wamp\www\ChildrenPlatform\Application\Runtime\Cache\Home\2a94b8bda04ff446dcedd42276fc99ee.php 第 1186 行.
NOTIC: [8] Use of undefined constant hot_vo - assumed 'hot_vo' F:\wamp\www\ChildrenPlatform\Application\Runtime\Cache\Home\2a94b8bda04ff446dcedd42276fc99ee.php 第 1186 行.
NOTIC: [8] Use of undefined constant vo2 - assumed 'vo2' F:\wamp\www\ChildrenPlatform\Application\Runtime\Cache\Home\2a94b8bda04ff446dcedd42276fc99ee.php 第 1247 行.
NOTIC: [8] Use of undefined constant vo2 - assumed 'vo2' F:\wamp\www\ChildrenPlatform\Application\Runtime\Cache\Home\2a94b8bda04ff446dcedd42276fc99ee.php 第 1247 行.
NOTIC: [8] Use of undefined constant vo2 - assumed 'vo2' F:\wamp\www\ChildrenPlatform\Application\Runtime\Cache\Home\2a94b8bda04ff446dcedd42276fc99ee.php 第 1247 行.
NOTIC: [8] Use of undefined constant vo2 - assumed 'vo2' F:\wamp\www\ChildrenPlatform\Application\Runtime\Cache\Home\2a94b8bda04ff446dcedd42276fc99ee.php 第 1247 行.
NOTIC: [8] Use of undefined constant vo2 - assumed 'vo2' F:\wamp\www\ChildrenPlatform\Application\Runtime\Cache\Home\2a94b8bda04ff446dcedd42276fc99ee.php 第 1247 行.
NOTIC: [8] Use of undefined constant vo2 - assumed 'vo2' F:\wamp\www\ChildrenPlatform\Application\Runtime\Cache\Home\2a94b8bda04ff446dcedd42276fc99ee.php 第 1247 行.
INFO: Run Behavior\ParseTemplateBehavior [ RunTime:0.060832s ]
INFO: [ view_parse ] --END-- [ RunTime:0.060911s ]
INFO: [ view_filter ] --START--
INFO: Run Behavior\WriteHtmlCacheBehavior [ RunTime:0.000381s ]
INFO: [ view_filter ] --END-- [ RunTime:0.000449s ]
INFO: [ app_end ] --START--
INFO: Run Behavior\ShowPageTraceBehavior [ RunTime:0.000461s ]
INFO: [ app_end ] --END-- [ RunTime:0.000545s ]

[ 2018-05-08T12:05:42+08:00 ] 127.0.0.1 /ChildrenPlatform/Home/Project/project_detail/id/15.html
INFO: [ app_init ] --START--
INFO: Run Behavior\BuildLiteBehavior [ RunTime:0.000031s ]
INFO: [ app_init ] --END-- [ RunTime:0.000745s ]
INFO: [ app_begin ] --START--
INFO: Run Behavior\ReadHtmlCacheBehavior [ RunTime:0.000757s ]
INFO: [ app_begin ] --END-- [ RunTime:0.000929s ]
SQL: SHOW COLUMNS FROM `commodity` [ RunTime:0.0203s ]
SQL: SHOW COLUMNS FROM `star` [ RunTime:0.0160s ]
SQL: SHOW COLUMNS FROM `subsettype` [ RunTime:0.0081s ]
SQL: SHOW COLUMNS FROM `comment` [ RunTime:0.0076s ]
SQL: SHOW COLUMNS FROM `userinfor` [ RunTime:0.0081s ]
SQL: SHOW COLUMNS FROM `collect` [ RunTime:0.0055s ]
SQL: SHOW COLUMNS FROM `company` [ RunTime:0.0045s ]
SQL: SELECT * FROM `commodity` WHERE ( commodity_id=15 ) LIMIT 1   [ RunTime:0.0005s ]
SQL: SELECT * FROM `star` WHERE `user_id` = 0 AND `commodity_id` = 15  [ RunTime:0.0003s ]
SQL: SELECT `name` FROM `subsettype` WHERE `subsetType_id` = 13 LIMIT 1   [ RunTime:0.0003s ]
SQL: SELECT COUNT(*) AS tp_count FROM `comment` WHERE ( commodity_id=15 ) LIMIT 1   [ RunTime:0.0003s ]
SQL: SELECT `name` FROM `company` WHERE ( company_id = 2 ) LIMIT 1   [ RunTime:0.0002s ]
SQL: SELECT `state` FROM `collect` WHERE `commodity_id` = 15 AND `user_id` = 0 LIMIT 1   [ RunTime:0.0004s ]
SQL: SELECT * FROM `comment` WHERE ( commodity_id=15 ) ORDER BY datetime desc  [ RunTime:0.0005s ]
NOTIC: [8] Undefined offset: 0 F:\wamp\www\ChildrenPlatform\ThinkPHP\Library\Think\Model.class.php 第 222 行.
SQL: SELECT * FROM `userinfor` WHERE ( user_id = 3 )  [ RunTime:0.0003s ]
SQL: SELECT * FROM `commodity` WHERE `commodity_id` <> '15' ORDER BY hintNum desc LIMIT 4   [ RunTime:0.0004s ]
SQL: SELECT `state` FROM `collect` WHERE `commodity_id` = 22 AND `user_id` = 0  [ RunTime:0.0002s ]
SQL: SELECT `state` FROM `collect` WHERE `commodity_id` = 21 AND `user_id` = 0  [ RunTime:0.0001s ]
SQL: SELECT `state` FROM `collect` WHERE `commodity_id` = 35 AND `user_id` = 0  [ RunTime:0.0001s ]
SQL: SELECT `state` FROM `collect` WHERE `commodity_id` = 12 AND `user_id` = 0  [ RunTime:0.0002s ]
SQL: UPDATE `commodity` SET `hintNum`=hintNum+1 WHERE ( commodity_id=15 ) [ RunTime:0.1227s ]
INFO: [ view_parse ] --START--
INFO: [ template_filter ] --START--
INFO: Run Behavior\ContentReplaceBehavior [ RunTime:0.000483s ]
INFO: [ template_filter ] --END-- [ RunTime:0.000599s ]
NOTIC: [8] Undefined index: user_id F:\wamp\www\ChildrenPlatform\Application\Runtime\Cache\Home\d64d5a7196d6a3879c1a299f10bbb347.php 第 128 行.
NOTIC: [8] Undefined variable: list F:\wamp\www\ChildrenPlatform\Application\Runtime\Cache\Home\d64d5a7196d6a3879c1a299f10bbb347.php 第 804 行.
NOTIC: [8] Undefined index: user_id F:\wamp\www\ChildrenPlatform\Application\Runtime\Cache\Home\d64d5a7196d6a3879c1a299f10bbb347.php 第 825 行.
NOTIC: [8] Undefined index: user_id F:\wamp\www\ChildrenPlatform\Application\Runtime\Cache\Home\d64d5a7196d6a3879c1a299f10bbb347.php 第 834 行.
NOTIC: [8] Use of undefined constant voo - assumed 'voo' F:\wamp\www\ChildrenPlatform\Application\Runtime\Cache\Home\d64d5a7196d6a3879c1a299f10bbb347.php 第 1067 行.
NOTIC: [8] Use of undefined constant voo - assumed 'voo' F:\wamp\www\ChildrenPlatform\Application\Runtime\Cache\Home\d64d5a7196d6a3879c1a299f10bbb347.php 第 1067 行.
NOTIC: [8] Undefined index: type F:\wamp\www\ChildrenPlatform\Application\Runtime\Cache\Home\d64d5a7196d6a3879c1a299f10bbb347.php 第 1121 行.
NOTIC: [8] Undefined index: type F:\wamp\www\ChildrenPlatform\Application\Runtime\Cache\Home\d64d5a7196d6a3879c1a299f10bbb347.php 第 1126 行.
NOTIC: [8] Undefined index: type F:\wamp\www\ChildrenPlatform\Application\Runtime\Cache\Home\d64d5a7196d6a3879c1a299f10bbb347.php 第 1126 行.
NOTIC: [8] Undefined index: type F:\wamp\www\ChildrenPlatform\Application\Runtime\Cache\Home\d64d5a7196d6a3879c1a299f10bbb347.php 第 1126 行.
NOTIC: [8] Use of undefined constant voo - assumed 'voo' F:\wamp\www\ChildrenPlatform\Application\Runtime\Cache\Home\d64d5a7196d6a3879c1a299f10bbb347.php 第 1202 行.
NOTIC: [8] Use of undefined constant voo - assumed 'voo' F:\wamp\www\ChildrenPlatform\Application\Runtime\Cache\Home\d64d5a7196d6a3879c1a299f10bbb347.php 第 1202 行.
NOTIC: [8] Use of undefined constant voo - assumed 'voo' F:\wamp\www\ChildrenPlatform\Application\Runtime\Cache\Home\d64d5a7196d6a3879c1a299f10bbb347.php 第 1202 行.
NOTIC: [8] Use of undefined constant voo - assumed 'voo' F:\wamp\www\ChildrenPlatform\Application\Runtime\Cache\Home\d64d5a7196d6a3879c1a299f10bbb347.php 第 1202 行.
NOTIC: [8] Use of undefined constant voo - assumed 'voo' F:\wamp\www\ChildrenPlatform\Application\Runtime\Cache\Home\d64d5a7196d6a3879c1a299f10bbb347.php 第 1202 行.
NOTIC: [8] Use of undefined constant voo - assumed 'voo' F:\wamp\www\ChildrenPlatform\Application\Runtime\Cache\Home\d64d5a7196d6a3879c1a299f10bbb347.php 第 1202 行.
NOTIC: [8] Use of undefined constant voo - assumed 'voo' F:\wamp\www\ChildrenPlatform\Application\Runtime\Cache\Home\d64d5a7196d6a3879c1a299f10bbb347.php 第 1202 行.
NOTIC: [8] Use of undefined constant voo - assumed 'voo' F:\wamp\www\ChildrenPlatform\Application\Runtime\Cache\Home\d64d5a7196d6a3879c1a299f10bbb347.php 第 1202 行.
INFO: Run Behavior\ParseTemplateBehavior [ RunTime:0.067034s ]
INFO: [ view_parse ] --END-- [ RunTime:0.067213s ]
INFO: [ view_filter ] --START--
INFO: Run Behavior\WriteHtmlCacheBehavior [ RunTime:0.000358s ]
INFO: [ view_filter ] --END-- [ RunTime:0.000449s ]
INFO: [ app_end ] --START--
INFO: Run Behavior\ShowPageTraceBehavior [ RunTime:0.000526s ]
INFO: [ app_end ] --END-- [ RunTime:0.000624s ]

[ 2018-05-08T12:07:23+08:00 ] 127.0.0.1 /ChildrenPlatform/Home/Index/login
INFO: [ app_init ] --START--
INFO: Run Behavior\BuildLiteBehavior [ RunTime:0.000019s ]
INFO: [ app_init ] --END-- [ RunTime:0.000305s ]
INFO: [ app_begin ] --START--
INFO: Run Behavior\ReadHtmlCacheBehavior [ RunTime:0.000419s ]
INFO: [ app_begin ] --END-- [ RunTime:0.000488s ]
SQL: SHOW COLUMNS FROM `users` [ RunTime:0.0131s ]
SQL: SHOW COLUMNS FROM `companyusers` [ RunTime:0.0101s ]
SQL: SHOW COLUMNS FROM `userinfor` [ RunTime:0.0069s ]
SQL: SELECT `user_id` FROM `users` WHERE `telephone` = '17640410053' AND `password` = '73b07d76fa37bebacc35c43f03bd6231' LIMIT 1   [ RunTime:0.0005s ]
SQL: SELECT `telephone` FROM `users` WHERE `telephone` = '17640410053' AND `password` = '73b07d76fa37bebacc35c43f03bd6231' LIMIT 1   [ RunTime:0.0004s ]
SQL: SELECT `state` FROM `users` WHERE `telephone` = '17640410053' AND `password` = '73b07d76fa37bebacc35c43f03bd6231' LIMIT 1   [ RunTime:0.0004s ]
SQL: SELECT `username` FROM `userinfor` WHERE ( telephone = 17640410053 ) LIMIT 1   [ RunTime:0.0003s ]
NOTIC: [2] Illegal offset type in isset or empty F:\wamp\www\ChildrenPlatform\ThinkPHP\Library\Think\Model.class.php 第 445 行.
SQL: UPDATE `users` SET `loginNum`=loginNum+1 WHERE `telephone` = '17640410053' AND `password` = '73b07d76fa37bebacc35c43f03bd6231' [ RunTime:0.5396s ]
NOTIC: [2] Illegal offset type in isset or empty F:\wamp\www\ChildrenPlatform\ThinkPHP\Library\Think\Model.class.php 第 445 行.
SQL: UPDATE `users` SET `loginTime`='2018-05-08 12:07:22',`loginIp`='127.0.0.1' WHERE `telephone` = '17640410053' AND `password` = '73b07d76fa37bebacc35c43f03bd6231' [ RunTime:0.0708s ]
NOTIC: [8] Use of undefined constant json - assumed 'json' F:\wamp\www\ChildrenPlatform\Application\Home\Controller\IndexController.class.php 第 127 行.

[ 2018-05-08T12:07:24+08:00 ] 127.0.0.1 /ChildrenPlatform/Home/Project/project_detail/id/15.html
INFO: [ app_init ] --START--
INFO: Run Behavior\BuildLiteBehavior [ RunTime:0.000018s ]
INFO: [ app_init ] --END-- [ RunTime:0.000286s ]
INFO: [ app_begin ] --START--
INFO: Run Behavior\ReadHtmlCacheBehavior [ RunTime:0.000330s ]
INFO: [ app_begin ] --END-- [ RunTime:0.000405s ]
SQL: SHOW COLUMNS FROM `commodity` [ RunTime:0.0186s ]
SQL: SHOW COLUMNS FROM `star` [ RunTime:0.0123s ]
SQL: SHOW COLUMNS FROM `subsettype` [ RunTime:0.0119s ]
SQL: SHOW COLUMNS FROM `comment` [ RunTime:0.0092s ]
SQL: SHOW COLUMNS FROM `userinfor` [ RunTime:0.0053s ]
SQL: SHOW COLUMNS FROM `collect` [ RunTime:0.0055s ]
SQL: SHOW COLUMNS FROM `company` [ RunTime:0.0052s ]
SQL: SELECT * FROM `commodity` WHERE ( commodity_id=15 ) LIMIT 1   [ RunTime:0.0005s ]
SQL: SELECT * FROM `star` WHERE `user_id` = 3 AND `commodity_id` = 15  [ RunTime:0.0003s ]
SQL: SELECT `name` FROM `subsettype` WHERE `subsetType_id` = 13 LIMIT 1   [ RunTime:0.0002s ]
SQL: SELECT COUNT(*) AS tp_count FROM `comment` WHERE ( commodity_id=15 ) LIMIT 1   [ RunTime:0.0003s ]
SQL: SELECT `name` FROM `company` WHERE ( company_id = 2 ) LIMIT 1   [ RunTime:0.0002s ]
SQL: SELECT `state` FROM `collect` WHERE `commodity_id` = 15 AND `user_id` = 3 LIMIT 1   [ RunTime:0.0004s ]
SQL: SELECT * FROM `comment` WHERE ( commodity_id=15 ) ORDER BY datetime desc  [ RunTime:0.0003s ]
NOTIC: [8] Undefined offset: 0 F:\wamp\www\ChildrenPlatform\ThinkPHP\Library\Think\Model.class.php 第 222 行.
SQL: SELECT * FROM `userinfor` WHERE ( user_id = 3 )  [ RunTime:0.0003s ]
SQL: SELECT * FROM `commodity` WHERE `commodity_id` <> '15' ORDER BY hintNum desc LIMIT 4   [ RunTime:0.0005s ]
SQL: SELECT `state` FROM `collect` WHERE `commodity_id` = 22 AND `user_id` = 3  [ RunTime:0.0003s ]
SQL: SELECT `state` FROM `collect` WHERE `commodity_id` = 21 AND `user_id` = 3  [ RunTime:0.0002s ]
SQL: SELECT `state` FROM `collect` WHERE `commodity_id` = 35 AND `user_id` = 3  [ RunTime:0.0002s ]
SQL: SELECT `state` FROM `collect` WHERE `commodity_id` = 12 AND `user_id` = 3  [ RunTime:0.0002s ]
SQL: SHOW COLUMNS FROM `cart` [ RunTime:0.0048s ]
SQL: SELECT * FROM `cart` WHERE ( user_id=3 )  [ RunTime:0.0004s ]
SQL: SELECT * FROM `commodity` WHERE ( commodity_id=40 ) LIMIT 1   [ RunTime:0.0004s ]
SQL: SELECT COUNT(*) AS tp_count FROM `collect` WHERE `user_id` = 3 AND `state` = 1 LIMIT 1   [ RunTime:0.0003s ]
SQL: UPDATE `commodity` SET `hintNum`=hintNum+1 WHERE ( commodity_id=15 ) [ RunTime:0.1487s ]
INFO: [ view_parse ] --START--
INFO: [ template_filter ] --START--
INFO: Run Behavior\ContentReplaceBehavior [ RunTime:0.000598s ]
INFO: [ template_filter ] --END-- [ RunTime:0.000748s ]
NOTIC: [8] Undefined index: company_user_id F:\wamp\www\ChildrenPlatform\Application\Runtime\Cache\Home\d64d5a7196d6a3879c1a299f10bbb347.php 第 147 行.
NOTIC: [8] Undefined variable: list F:\wamp\www\ChildrenPlatform\Application\Runtime\Cache\Home\d64d5a7196d6a3879c1a299f10bbb347.php 第 804 行.
NOTIC: [8] Use of undefined constant voo - assumed 'voo' F:\wamp\www\ChildrenPlatform\Application\Runtime\Cache\Home\d64d5a7196d6a3879c1a299f10bbb347.php 第 1067 行.
NOTIC: [8] Use of undefined constant voo - assumed 'voo' F:\wamp\www\ChildrenPlatform\Application\Runtime\Cache\Home\d64d5a7196d6a3879c1a299f10bbb347.php 第 1067 行.
NOTIC: [8] Undefined index: type F:\wamp\www\ChildrenPlatform\Application\Runtime\Cache\Home\d64d5a7196d6a3879c1a299f10bbb347.php 第 1121 行.
NOTIC: [8] Undefined index: type F:\wamp\www\ChildrenPlatform\Application\Runtime\Cache\Home\d64d5a7196d6a3879c1a299f10bbb347.php 第 1126 行.
NOTIC: [8] Undefined index: type F:\wamp\www\ChildrenPlatform\Application\Runtime\Cache\Home\d64d5a7196d6a3879c1a299f10bbb347.php 第 1126 行.
NOTIC: [8] Undefined index: type F:\wamp\www\ChildrenPlatform\Application\Runtime\Cache\Home\d64d5a7196d6a3879c1a299f10bbb347.php 第 1126 行.
NOTIC: [8] Use of undefined constant voo - assumed 'voo' F:\wamp\www\ChildrenPlatform\Application\Runtime\Cache\Home\d64d5a7196d6a3879c1a299f10bbb347.php 第 1202 行.
NOTIC: [8] Use of undefined constant voo - assumed 'voo' F:\wamp\www\ChildrenPlatform\Application\Runtime\Cache\Home\d64d5a7196d6a3879c1a299f10bbb347.php 第 1202 行.
NOTIC: [8] Use of undefined constant voo - assumed 'voo' F:\wamp\www\ChildrenPlatform\Application\Runtime\Cache\Home\d64d5a7196d6a3879c1a299f10bbb347.php 第 1202 行.
NOTIC: [8] Use of undefined constant voo - assumed 'voo' F:\wamp\www\ChildrenPlatform\Application\Runtime\Cache\Home\d64d5a7196d6a3879c1a299f10bbb347.php 第 1202 行.
NOTIC: [8] Use of undefined constant voo - assumed 'voo' F:\wamp\www\ChildrenPlatform\Application\Runtime\Cache\Home\d64d5a7196d6a3879c1a299f10bbb347.php 第 1202 行.
NOTIC: [8] Use of undefined constant voo - assumed 'voo' F:\wamp\www\ChildrenPlatform\Application\Runtime\Cache\Home\d64d5a7196d6a3879c1a299f10bbb347.php 第 1202 行.
NOTIC: [8] Use of undefined constant voo - assumed 'voo' F:\wamp\www\ChildrenPlatform\Application\Runtime\Cache\Home\d64d5a7196d6a3879c1a299f10bbb347.php 第 1202 行.
NOTIC: [8] Use of undefined constant voo - assumed 'voo' F:\wamp\www\ChildrenPlatform\Application\Runtime\Cache\Home\d64d5a7196d6a3879c1a299f10bbb347.php 第 1202 行.
INFO: Run Behavior\ParseTemplateBehavior [ RunTime:0.066888s ]
INFO: [ view_parse ] --END-- [ RunTime:0.067092s ]
INFO: [ view_filter ] --START--
INFO: Run Behavior\WriteHtmlCacheBehavior [ RunTime:0.000350s ]
INFO: [ view_filter ] --END-- [ RunTime:0.000475s ]
INFO: [ app_end ] --START--
INFO: Run Behavior\ShowPageTraceBehavior [ RunTime:0.000564s ]
INFO: [ app_end ] --END-- [ RunTime:0.000686s ]

[ 2018-05-08T12:07:28+08:00 ] 127.0.0.1 /ChildrenPlatform/Home/Cart/deleteCart
INFO: [ app_init ] --START--
INFO: Run Behavior\BuildLiteBehavior [ RunTime:0.000017s ]
INFO: [ app_init ] --END-- [ RunTime:0.000274s ]
INFO: [ app_begin ] --START--
INFO: Run Behavior\ReadHtmlCacheBehavior [ RunTime:0.000312s ]
INFO: [ app_begin ] --END-- [ RunTime:0.000378s ]
SQL: SHOW COLUMNS FROM `cart` [ RunTime:0.0058s ]
SQL: DELETE FROM `cart` WHERE `commodity_id` = 40 AND `user_id` = 3 [ RunTime:0.0680s ]
SQL: SHOW COLUMNS FROM `commodity` [ RunTime:0.0057s ]
SQL: SELECT * FROM `cart` WHERE ( user_id=3 )  [ RunTime:0.0008s ]
INFO: [ app_end ] --START--
INFO: Run Behavior\ShowPageTraceBehavior [ RunTime:0.000424s ]
INFO: [ app_end ] --END-- [ RunTime:0.000489s ]

[ 2018-05-08T12:07:34+08:00 ] 127.0.0.1 /ChildrenPlatform/Home/Cart/addCart
INFO: [ app_init ] --START--
INFO: Run Behavior\BuildLiteBehavior [ RunTime:0.000018s ]
INFO: [ app_init ] --END-- [ RunTime:0.000290s ]
INFO: [ app_begin ] --START--
INFO: Run Behavior\ReadHtmlCacheBehavior [ RunTime:0.000321s ]
INFO: [ app_begin ] --END-- [ RunTime:0.000390s ]
SQL: SHOW COLUMNS FROM `cart` [ RunTime:0.0174s ]
SQL: SHOW COLUMNS FROM `commodity` [ RunTime:0.0176s ]
SQL: SELECT * FROM `cart` WHERE `commodity_id` = 15 AND `user_id` = 3  [ RunTime:0.0007s ]
SQL: INSERT INTO `cart` (`commodity_id`,`user_id`,`commodity_num`,`shopTime`) VALUES ('15','3','7','2018-05-08 12:07:34') [ RunTime:0.0897s ]
SQL: SELECT * FROM `cart` WHERE ( user_id=3 )  [ RunTime:0.0012s ]
SQL: SELECT * FROM `commodity` WHERE ( commodity_id=15 ) LIMIT 1   [ RunTime:0.0015s ]
SQL: SELECT `name` FROM `commodity` WHERE ( commodity_id = 15 ) LIMIT 1   [ RunTime:0.0008s ]
SQL: SELECT `small_pic` FROM `commodity` WHERE ( commodity_id = 15 ) LIMIT 1   [ RunTime:0.0008s ]
SQL: SELECT `price` FROM `commodity` WHERE ( commodity_id = 15 ) LIMIT 1   [ RunTime:0.0008s ]

[ 2018-05-08T12:08:04+08:00 ] 127.0.0.1 /ChildrenPlatform/Home/Cart/deleteCart
INFO: [ app_init ] --START--
INFO: Run Behavior\BuildLiteBehavior [ RunTime:0.000017s ]
INFO: [ app_init ] --END-- [ RunTime:0.000306s ]
INFO: [ app_begin ] --START--
INFO: Run Behavior\ReadHtmlCacheBehavior [ RunTime:0.000386s ]
INFO: [ app_begin ] --END-- [ RunTime:0.000459s ]
SQL: SHOW COLUMNS FROM `cart` [ RunTime:0.0109s ]
SQL: DELETE FROM `cart` WHERE `commodity_id` = 15 AND `user_id` = 3 [ RunTime:0.1473s ]
SQL: SHOW COLUMNS FROM `commodity` [ RunTime:0.0051s ]
SQL: SELECT * FROM `cart` WHERE ( user_id=3 )  [ RunTime:0.0003s ]
INFO: [ app_end ] --START--
INFO: Run Behavior\ShowPageTraceBehavior [ RunTime:0.000465s ]
INFO: [ app_end ] --END-- [ RunTime:0.000534s ]

[ 2018-05-08T12:08:11+08:00 ] 127.0.0.1 /ChildrenPlatform/Home/Cart/addCart
INFO: [ app_init ] --START--
INFO: Run Behavior\BuildLiteBehavior [ RunTime:0.000021s ]
INFO: [ app_init ] --END-- [ RunTime:0.000375s ]
INFO: [ app_begin ] --START--
INFO: Run Behavior\ReadHtmlCacheBehavior [ RunTime:0.000398s ]
INFO: [ app_begin ] --END-- [ RunTime:0.000471s ]
SQL: SHOW COLUMNS FROM `cart` [ RunTime:0.0226s ]
SQL: SHOW COLUMNS FROM `commodity` [ RunTime:0.0171s ]
SQL: SELECT * FROM `cart` WHERE `commodity_id` = 15 AND `user_id` = 3  [ RunTime:0.0012s ]
SQL: INSERT INTO `cart` (`commodity_id`,`user_id`,`commodity_num`,`shopTime`) VALUES ('15','3','8','2018-05-08 12:08:11') [ RunTime:0.1599s ]
SQL: SELECT * FROM `cart` WHERE ( user_id=3 )  [ RunTime:0.0011s ]
SQL: SELECT * FROM `commodity` WHERE ( commodity_id=15 ) LIMIT 1   [ RunTime:0.0012s ]
SQL: SELECT `name` FROM `commodity` WHERE ( commodity_id = 15 ) LIMIT 1   [ RunTime:0.0008s ]
SQL: SELECT `small_pic` FROM `commodity` WHERE ( commodity_id = 15 ) LIMIT 1   [ RunTime:0.0009s ]
SQL: SELECT `price` FROM `commodity` WHERE ( commodity_id = 15 ) LIMIT 1   [ RunTime:0.0008s ]

[ 2018-05-08T12:08:35+08:00 ] 127.0.0.1 /ChildrenPlatform/Home/Cart/deleteCart
INFO: [ app_init ] --START--
INFO: Run Behavior\BuildLiteBehavior [ RunTime:0.000018s ]
INFO: [ app_init ] --END-- [ RunTime:0.000291s ]
INFO: [ app_begin ] --START--
INFO: Run Behavior\ReadHtmlCacheBehavior [ RunTime:0.000331s ]
INFO: [ app_begin ] --END-- [ RunTime:0.000412s ]
SQL: SHOW COLUMNS FROM `cart` [ RunTime:0.0079s ]
SQL: DELETE FROM `cart` WHERE `commodity_id` = 15 AND `user_id` = 3 [ RunTime:0.4636s ]
SQL: SHOW COLUMNS FROM `commodity` [ RunTime:0.0107s ]
SQL: SELECT * FROM `cart` WHERE ( user_id=3 )  [ RunTime:0.0004s ]
INFO: [ app_end ] --START--
INFO: Run Behavior\ShowPageTraceBehavior [ RunTime:0.000537s ]
INFO: [ app_end ] --END-- [ RunTime:0.000617s ]

[ 2018-05-08T12:08:40+08:00 ] 127.0.0.1 /ChildrenPlatform/Home/Cart/addCart
INFO: [ app_init ] --START--
INFO: Run Behavior\BuildLiteBehavior [ RunTime:0.000027s ]
INFO: [ app_init ] --END-- [ RunTime:0.000435s ]
INFO: [ app_begin ] --START--
INFO: Run Behavior\ReadHtmlCacheBehavior [ RunTime:0.000495s ]
INFO: [ app_begin ] --END-- [ RunTime:0.000604s ]
SQL: SHOW COLUMNS FROM `cart` [ RunTime:0.0124s ]
SQL: SHOW COLUMNS FROM `commodity` [ RunTime:0.0168s ]
SQL: SELECT * FROM `cart` WHERE `commodity_id` = 15 AND `user_id` = 3  [ RunTime:0.0012s ]
SQL: INSERT INTO `cart` (`commodity_id`,`user_id`,`commodity_num`,`shopTime`) VALUES ('15','3','10','2018-05-08 12:08:40') [ RunTime:0.0708s ]
SQL: SELECT * FROM `cart` WHERE ( user_id=3 )  [ RunTime:0.0011s ]
SQL: SELECT * FROM `commodity` WHERE ( commodity_id=15 ) LIMIT 1   [ RunTime:0.0013s ]
SQL: SELECT `name` FROM `commodity` WHERE ( commodity_id = 15 ) LIMIT 1   [ RunTime:0.0010s ]
SQL: SELECT `small_pic` FROM `commodity` WHERE ( commodity_id = 15 ) LIMIT 1   [ RunTime:0.0009s ]
SQL: SELECT `price` FROM `commodity` WHERE ( commodity_id = 15 ) LIMIT 1   [ RunTime:0.0010s ]

[ 2018-05-08T12:10:09+08:00 ] 127.0.0.1 /ChildrenPlatform/Home/Cart/deleteCart
INFO: [ app_init ] --START--
INFO: Run Behavior\BuildLiteBehavior [ RunTime:0.000017s ]
INFO: [ app_init ] --END-- [ RunTime:0.000303s ]
INFO: [ app_begin ] --START--
INFO: Run Behavior\ReadHtmlCacheBehavior [ RunTime:0.000378s ]
INFO: [ app_begin ] --END-- [ RunTime:0.000446s ]
SQL: SHOW COLUMNS FROM `cart` [ RunTime:0.0162s ]
SQL: DELETE FROM `cart` WHERE `commodity_id` = 15 AND `user_id` = 3 [ RunTime:0.5761s ]
SQL: SHOW COLUMNS FROM `commodity` [ RunTime:0.0184s ]
SQL: SELECT * FROM `cart` WHERE ( user_id=3 )  [ RunTime:0.0012s ]
INFO: [ app_end ] --START--
INFO: Run Behavior\ShowPageTraceBehavior [ RunTime:0.001749s ]
INFO: [ app_end ] --END-- [ RunTime:0.002062s ]

[ 2018-05-08T12:10:14+08:00 ] 127.0.0.1 /ChildrenPlatform/Home/Project/project_child_type/id/6.html
INFO: [ app_init ] --START--
INFO: Run Behavior\BuildLiteBehavior [ RunTime:0.000031s ]
INFO: [ app_init ] --END-- [ RunTime:0.000584s ]
INFO: [ app_begin ] --START--
INFO: Run Behavior\ReadHtmlCacheBehavior [ RunTime:0.000424s ]
INFO: [ app_begin ] --END-- [ RunTime:0.000509s ]
SQL: SHOW COLUMNS FROM `type` [ RunTime:0.0155s ]
SQL: SHOW COLUMNS FROM `subsettype` [ RunTime:0.0095s ]
SQL: SHOW COLUMNS FROM `commodity` [ RunTime:0.0091s ]
SQL: SELECT `type_id` FROM `subsettype` WHERE ( subsetType_id = 6 ) LIMIT 1   [ RunTime:0.0003s ]
SQL: SELECT `name` FROM `type` WHERE ( type_id = 2 ) LIMIT 1   [ RunTime:0.0003s ]
SQL: SELECT `name` FROM `subsettype` WHERE ( subsetType_id = 6 ) LIMIT 1   [ RunTime:0.0004s ]
SQL: SELECT * FROM `type`  [ RunTime:0.0002s ]
NOTIC: [8] Undefined offset: 0 F:\wamp\www\ChildrenPlatform\ThinkPHP\Library\Think\Model.class.php 第 222 行.
SQL: SELECT * FROM `subsettype` WHERE ( type_id = 1 )  [ RunTime:0.0002s ]
NOTIC: [8] Undefined offset: 0 F:\wamp\www\ChildrenPlatform\ThinkPHP\Library\Think\Model.class.php 第 222 行.
SQL: SELECT * FROM `subsettype` WHERE ( type_id = 2 )  [ RunTime:0.0002s ]
NOTIC: [8] Undefined offset: 0 F:\wamp\www\ChildrenPlatform\ThinkPHP\Library\Think\Model.class.php 第 222 行.
SQL: SELECT * FROM `subsettype` WHERE ( type_id = 3 )  [ RunTime:0.0002s ]
NOTIC: [8] Undefined offset: 0 F:\wamp\www\ChildrenPlatform\ThinkPHP\Library\Think\Model.class.php 第 222 行.
SQL: SELECT * FROM `subsettype` WHERE ( type_id = 4 )  [ RunTime:0.0002s ]
SQL: SELECT * FROM `subsettype` WHERE `type_id` <> 2 ORDER BY clickNum desc LIMIT 10   [ RunTime:0.0002s ]
SQL: SELECT * FROM `commodity` WHERE `type_id` <> 2 AND `state` = 0 ORDER BY hintNum desc LIMIT 4   [ RunTime:0.0004s ]
SQL: SELECT * FROM `commodity` WHERE `state` = 0 AND `subsetType_id` = 6 ORDER BY hintNum desc  [ RunTime:0.0004s ]
SQL: SHOW COLUMNS FROM `collect` [ RunTime:0.0046s ]
SQL: SELECT `state` FROM `collect` WHERE `commodity_id` = 24 AND `user_id` = 3  [ RunTime:0.0003s ]
SQL: SELECT `state` FROM `collect` WHERE `commodity_id` = 14 AND `user_id` = 3  [ RunTime:0.0003s ]
SQL: UPDATE `subsettype` SET `clickNum`=clickNum+1 WHERE ( subsetType_id=6 ) [ RunTime:0.1752s ]
SQL: UPDATE `type` SET `clickNum`=clickNum+1 WHERE ( type_id=2 ) [ RunTime:0.0708s ]
SQL: SHOW COLUMNS FROM `cart` [ RunTime:0.0103s ]
SQL: SELECT * FROM `cart` WHERE ( user_id=3 )  [ RunTime:0.0006s ]
SQL: SELECT COUNT(*) AS tp_count FROM `collect` WHERE `user_id` = 3 AND `state` = 1 LIMIT 1   [ RunTime:0.0007s ]
INFO: [ view_parse ] --START--
INFO: [ template_filter ] --START--
INFO: Run Behavior\ContentReplaceBehavior [ RunTime:0.000391s ]
INFO: [ template_filter ] --END-- [ RunTime:0.000474s ]
NOTIC: [8] Undefined index: company_user_id F:\wamp\www\ChildrenPlatform\Application\Runtime\Cache\Home\995e07c2455b6a86d636ef7e24082b38.php 第 77 行.
NOTIC: [8] Use of undefined constant voo - assumed 'voo' F:\wamp\www\ChildrenPlatform\Application\Runtime\Cache\Home\995e07c2455b6a86d636ef7e24082b38.php 第 874 行.
NOTIC: [8] Use of undefined constant voo - assumed 'voo' F:\wamp\www\ChildrenPlatform\Application\Runtime\Cache\Home\995e07c2455b6a86d636ef7e24082b38.php 第 874 行.
NOTIC: [8] Use of undefined constant voo - assumed 'voo' F:\wamp\www\ChildrenPlatform\Application\Runtime\Cache\Home\995e07c2455b6a86d636ef7e24082b38.php 第 874 行.
NOTIC: [8] Use of undefined constant voo - assumed 'voo' F:\wamp\www\ChildrenPlatform\Application\Runtime\Cache\Home\995e07c2455b6a86d636ef7e24082b38.php 第 874 行.
NOTIC: [8] Use of undefined constant voo - assumed 'voo' F:\wamp\www\ChildrenPlatform\Application\Runtime\Cache\Home\995e07c2455b6a86d636ef7e24082b38.php 第 874 行.
NOTIC: [8] Use of undefined constant voo - assumed 'voo' F:\wamp\www\ChildrenPlatform\Application\Runtime\Cache\Home\995e07c2455b6a86d636ef7e24082b38.php 第 874 行.
NOTIC: [8] Use of undefined constant voo - assumed 'voo' F:\wamp\www\ChildrenPlatform\Application\Runtime\Cache\Home\995e07c2455b6a86d636ef7e24082b38.php 第 874 行.
NOTIC: [8] Use of undefined constant voo - assumed 'voo' F:\wamp\www\ChildrenPlatform\Application\Runtime\Cache\Home\995e07c2455b6a86d636ef7e24082b38.php 第 874 行.
NOTIC: [8] Use of undefined constant voo - assumed 'voo' F:\wamp\www\ChildrenPlatform\Application\Runtime\Cache\Home\995e07c2455b6a86d636ef7e24082b38.php 第 1057 行.
NOTIC: [8] Use of undefined constant voo - assumed 'voo' F:\wamp\www\ChildrenPlatform\Application\Runtime\Cache\Home\995e07c2455b6a86d636ef7e24082b38.php 第 1057 行.
NOTIC: [8] Use of undefined constant voo - assumed 'voo' F:\wamp\www\ChildrenPlatform\Application\Runtime\Cache\Home\995e07c2455b6a86d636ef7e24082b38.php 第 1057 行.
NOTIC: [8] Use of undefined constant voo - assumed 'voo' F:\wamp\www\ChildrenPlatform\Application\Runtime\Cache\Home\995e07c2455b6a86d636ef7e24082b38.php 第 1057 行.
INFO: Run Behavior\ParseTemplateBehavior [ RunTime:0.080631s ]
INFO: [ view_parse ] --END-- [ RunTime:0.080783s ]
INFO: [ view_filter ] --START--
INFO: Run Behavior\WriteHtmlCacheBehavior [ RunTime:0.000287s ]
INFO: [ view_filter ] --END-- [ RunTime:0.000359s ]
INFO: [ app_end ] --START--
INFO: Run Behavior\ShowPageTraceBehavior [ RunTime:0.000376s ]
INFO: [ app_end ] --END-- [ RunTime:0.000444s ]

[ 2018-05-08T12:11:38+08:00 ] 127.0.0.1 /ChildrenPlatform/Home/Project/project_detail/id/24.html
INFO: [ app_init ] --START--
INFO: Run Behavior\BuildLiteBehavior [ RunTime:0.000031s ]
INFO: [ app_init ] --END-- [ RunTime:0.000429s ]
INFO: [ app_begin ] --START--
INFO: Run Behavior\ReadHtmlCacheBehavior [ RunTime:0.000644s ]
INFO: [ app_begin ] --END-- [ RunTime:0.000761s ]
SQL: SHOW COLUMNS FROM `commodity` [ RunTime:0.0110s ]
SQL: SHOW COLUMNS FROM `star` [ RunTime:0.0048s ]
SQL: SHOW COLUMNS FROM `subsettype` [ RunTime:0.0049s ]
SQL: SHOW COLUMNS FROM `comment` [ RunTime:0.0049s ]
SQL: SHOW COLUMNS FROM `userinfor` [ RunTime:0.0051s ]
SQL: SHOW COLUMNS FROM `collect` [ RunTime:0.0049s ]
SQL: SHOW COLUMNS FROM `company` [ RunTime:0.0047s ]
SQL: SELECT * FROM `commodity` WHERE ( commodity_id=24 ) LIMIT 1   [ RunTime:0.0004s ]
SQL: SELECT * FROM `star` WHERE `user_id` = 3 AND `commodity_id` = 24  [ RunTime:0.0003s ]
SQL: SELECT `name` FROM `subsettype` WHERE `subsetType_id` = 6 LIMIT 1   [ RunTime:0.0003s ]
SQL: SELECT COUNT(*) AS tp_count FROM `comment` WHERE ( commodity_id=24 ) LIMIT 1   [ RunTime:0.0003s ]
SQL: SELECT `name` FROM `company` WHERE ( company_id = 4 ) LIMIT 1   [ RunTime:0.0002s ]
SQL: SELECT `state` FROM `collect` WHERE `commodity_id` = 24 AND `user_id` = 3 LIMIT 1   [ RunTime:0.0002s ]
SQL: SELECT * FROM `comment` WHERE ( commodity_id=24 ) ORDER BY datetime desc  [ RunTime:0.0004s ]
SQL: SELECT * FROM `commodity` WHERE `commodity_id` <> '24' ORDER BY hintNum desc LIMIT 4   [ RunTime:0.0007s ]
SQL: SELECT `state` FROM `collect` WHERE `commodity_id` = 22 AND `user_id` = 3  [ RunTime:0.0002s ]
SQL: SELECT `state` FROM `collect` WHERE `commodity_id` = 21 AND `user_id` = 3  [ RunTime:0.0002s ]
SQL: SELECT `state` FROM `collect` WHERE `commodity_id` = 35 AND `user_id` = 3  [ RunTime:0.0002s ]
SQL: SELECT `state` FROM `collect` WHERE `commodity_id` = 12 AND `user_id` = 3  [ RunTime:0.0001s ]
SQL: SHOW COLUMNS FROM `cart` [ RunTime:0.0046s ]
SQL: SELECT * FROM `cart` WHERE ( user_id=3 )  [ RunTime:0.0003s ]
SQL: SELECT COUNT(*) AS tp_count FROM `collect` WHERE `user_id` = 3 AND `state` = 1 LIMIT 1   [ RunTime:0.0002s ]
SQL: UPDATE `commodity` SET `hintNum`=hintNum+1 WHERE ( commodity_id=24 ) [ RunTime:0.5427s ]
INFO: [ view_parse ] --START--
INFO: [ template_filter ] --START--
INFO: Run Behavior\ContentReplaceBehavior [ RunTime:0.000732s ]
INFO: [ template_filter ] --END-- [ RunTime:0.000871s ]
NOTIC: [8] Undefined index: company_user_id F:\wamp\www\ChildrenPlatform\Application\Runtime\Cache\Home\d64d5a7196d6a3879c1a299f10bbb347.php 第 147 行.
NOTIC: [8] Undefined variable: list F:\wamp\www\ChildrenPlatform\Application\Runtime\Cache\Home\d64d5a7196d6a3879c1a299f10bbb347.php 第 804 行.
NOTIC: [8] Undefined index: type F:\wamp\www\ChildrenPlatform\Application\Runtime\Cache\Home\d64d5a7196d6a3879c1a299f10bbb347.php 第 1121 行.
NOTIC: [8] Undefined index: type F:\wamp\www\ChildrenPlatform\Application\Runtime\Cache\Home\d64d5a7196d6a3879c1a299f10bbb347.php 第 1126 行.
NOTIC: [8] Undefined index: type F:\wamp\www\ChildrenPlatform\Application\Runtime\Cache\Home\d64d5a7196d6a3879c1a299f10bbb347.php 第 1126 行.
NOTIC: [8] Undefined index: type F:\wamp\www\ChildrenPlatform\Application\Runtime\Cache\Home\d64d5a7196d6a3879c1a299f10bbb347.php 第 1126 行.
NOTIC: [8] Use of undefined constant voo - assumed 'voo' F:\wamp\www\ChildrenPlatform\Application\Runtime\Cache\Home\d64d5a7196d6a3879c1a299f10bbb347.php 第 1202 行.
NOTIC: [8] Use of undefined constant voo - assumed 'voo' F:\wamp\www\ChildrenPlatform\Application\Runtime\Cache\Home\d64d5a7196d6a3879c1a299f10bbb347.php 第 1202 行.
NOTIC: [8] Use of undefined constant voo - assumed 'voo' F:\wamp\www\ChildrenPlatform\Application\Runtime\Cache\Home\d64d5a7196d6a3879c1a299f10bbb347.php 第 1202 行.
NOTIC: [8] Use of undefined constant voo - assumed 'voo' F:\wamp\www\ChildrenPlatform\Application\Runtime\Cache\Home\d64d5a7196d6a3879c1a299f10bbb347.php 第 1202 行.
NOTIC: [8] Use of undefined constant voo - assumed 'voo' F:\wamp\www\ChildrenPlatform\Application\Runtime\Cache\Home\d64d5a7196d6a3879c1a299f10bbb347.php 第 1202 行.
NOTIC: [8] Use of undefined constant voo - assumed 'voo' F:\wamp\www\ChildrenPlatform\Application\Runtime\Cache\Home\d64d5a7196d6a3879c1a299f10bbb347.php 第 1202 行.
NOTIC: [8] Use of undefined constant voo - assumed 'voo' F:\wamp\www\ChildrenPlatform\Application\Runtime\Cache\Home\d64d5a7196d6a3879c1a299f10bbb347.php 第 1202 行.
NOTIC: [8] Use of undefined constant voo - assumed 'voo' F:\wamp\www\ChildrenPlatform\Application\Runtime\Cache\Home\d64d5a7196d6a3879c1a299f10bbb347.php 第 1202 行.
INFO: Run Behavior\ParseTemplateBehavior [ RunTime:0.078457s ]
INFO: [ view_parse ] --END-- [ RunTime:0.078659s ]
INFO: [ view_filter ] --START--
INFO: Run Behavior\WriteHtmlCacheBehavior [ RunTime:0.000262s ]
INFO: [ view_filter ] --END-- [ RunTime:0.000328s ]
INFO: [ app_end ] --START--
INFO: Run Behavior\ShowPageTraceBehavior [ RunTime:0.000382s ]
INFO: [ app_end ] --END-- [ RunTime:0.000452s ]

[ 2018-05-08T12:15:51+08:00 ] 127.0.0.1 /ChildrenPlatform/Home/Project/add_star
INFO: [ app_init ] --START--
INFO: Run Behavior\BuildLiteBehavior [ RunTime:0.000019s ]
INFO: [ app_init ] --END-- [ RunTime:0.000335s ]
INFO: [ app_begin ] --START--
INFO: Run Behavior\ReadHtmlCacheBehavior [ RunTime:0.000451s ]
INFO: [ app_begin ] --END-- [ RunTime:0.000526s ]
SQL: SHOW COLUMNS FROM `star` [ RunTime:0.0242s ]
SQL: INSERT INTO `star` (`commodity_id`,`user_id`,`starNum`,`starTime`) VALUES ('24','3','5','2018-05-08 12:15:50') [ RunTime:0.2227s ]
SQL: SHOW COLUMNS FROM `star` [ RunTime:0.0176s ]
SQL: SELECT AVG(starNum) AS tp_Avg FROM `star` WHERE ( commodity_id=24 ) LIMIT 1   [ RunTime:0.0014s ]
SQL: SHOW COLUMNS FROM `commodity` [ RunTime:0.0181s ]
SQL: UPDATE `commodity` SET `starNum`='5' WHERE ( commodity_id = 24 ) [ RunTime:0.0738s ]
INFO: [ app_end ] --START--
INFO: Run Behavior\ShowPageTraceBehavior [ RunTime:0.001116s ]
INFO: [ app_end ] --END-- [ RunTime:0.001286s ]

[ 2018-05-08T12:16:07+08:00 ] 127.0.0.1 /ChildrenPlatform/Home/Project/add_cot
INFO: [ app_init ] --START--
INFO: Run Behavior\BuildLiteBehavior [ RunTime:0.000027s ]
INFO: [ app_init ] --END-- [ RunTime:0.000343s ]
INFO: [ app_begin ] --START--
INFO: Run Behavior\ReadHtmlCacheBehavior [ RunTime:0.000456s ]
INFO: [ app_begin ] --END-- [ RunTime:0.000611s ]
SQL: SHOW COLUMNS FROM `comment` [ RunTime:0.0189s ]
SQL: INSERT INTO `comment` (`commodity_id`,`user_id`,`details`,`datetime`) VALUES ('24','3','测试评论','2018-05-08 12:16:07') [ RunTime:0.1578s ]
INFO: [ app_end ] --START--
INFO: Run Behavior\ShowPageTraceBehavior [ RunTime:0.001231s ]
INFO: [ app_end ] --END-- [ RunTime:0.001416s ]

[ 2018-05-08T12:16:13+08:00 ] 127.0.0.1 /ChildrenPlatform/Home/Project/project_detail/id/24.html
INFO: [ app_init ] --START--
INFO: Run Behavior\BuildLiteBehavior [ RunTime:0.000018s ]
INFO: [ app_init ] --END-- [ RunTime:0.000292s ]
INFO: [ app_begin ] --START--
INFO: Run Behavior\ReadHtmlCacheBehavior [ RunTime:0.000342s ]
INFO: [ app_begin ] --END-- [ RunTime:0.000406s ]
SQL: SHOW COLUMNS FROM `commodity` [ RunTime:0.0050s ]
SQL: SHOW COLUMNS FROM `star` [ RunTime:0.0059s ]
SQL: SHOW COLUMNS FROM `subsettype` [ RunTime:0.0042s ]
SQL: SHOW COLUMNS FROM `comment` [ RunTime:0.0044s ]
SQL: SHOW COLUMNS FROM `userinfor` [ RunTime:0.0051s ]
SQL: SHOW COLUMNS FROM `collect` [ RunTime:0.0045s ]
SQL: SHOW COLUMNS FROM `company` [ RunTime:0.0045s ]
SQL: SELECT * FROM `commodity` WHERE ( commodity_id=24 ) LIMIT 1   [ RunTime:0.0004s ]
SQL: SELECT * FROM `star` WHERE `user_id` = 3 AND `commodity_id` = 24  [ RunTime:0.0003s ]
SQL: SELECT `name` FROM `subsettype` WHERE `subsetType_id` = 6 LIMIT 1   [ RunTime:0.0003s ]
SQL: SELECT COUNT(*) AS tp_count FROM `comment` WHERE ( commodity_id=24 ) LIMIT 1   [ RunTime:0.0003s ]
SQL: SELECT `name` FROM `company` WHERE ( company_id = 4 ) LIMIT 1   [ RunTime:0.0002s ]
SQL: SELECT `state` FROM `collect` WHERE `commodity_id` = 24 AND `user_id` = 3 LIMIT 1   [ RunTime:0.0003s ]
SQL: SELECT * FROM `comment` WHERE ( commodity_id=24 ) ORDER BY datetime desc  [ RunTime:0.0003s ]
NOTIC: [8] Undefined offset: 0 F:\wamp\www\ChildrenPlatform\ThinkPHP\Library\Think\Model.class.php 第 222 行.
SQL: SELECT * FROM `userinfor` WHERE ( user_id = 3 )  [ RunTime:0.0003s ]
SQL: SELECT * FROM `commodity` WHERE `commodity_id` <> '24' ORDER BY hintNum desc LIMIT 4   [ RunTime:0.0005s ]
SQL: SELECT `state` FROM `collect` WHERE `commodity_id` = 22 AND `user_id` = 3  [ RunTime:0.0003s ]
SQL: SELECT `state` FROM `collect` WHERE `commodity_id` = 21 AND `user_id` = 3  [ RunTime:0.0003s ]
SQL: SELECT `state` FROM `collect` WHERE `commodity_id` = 35 AND `user_id` = 3  [ RunTime:0.0003s ]
SQL: SELECT `state` FROM `collect` WHERE `commodity_id` = 12 AND `user_id` = 3  [ RunTime:0.0002s ]
SQL: SHOW COLUMNS FROM `cart` [ RunTime:0.0062s ]
SQL: SELECT * FROM `cart` WHERE ( user_id=3 )  [ RunTime:0.0003s ]
SQL: SELECT COUNT(*) AS tp_count FROM `collect` WHERE `user_id` = 3 AND `state` = 1 LIMIT 1   [ RunTime:0.0003s ]
SQL: UPDATE `commodity` SET `hintNum`=hintNum+1 WHERE ( commodity_id=24 ) [ RunTime:0.1563s ]
INFO: [ view_parse ] --START--
INFO: [ template_filter ] --START--
INFO: Run Behavior\ContentReplaceBehavior [ RunTime:0.000363s ]
INFO: [ template_filter ] --END-- [ RunTime:0.000442s ]
NOTIC: [8] Undefined index: company_user_id F:\wamp\www\ChildrenPlatform\Application\Runtime\Cache\Home\d64d5a7196d6a3879c1a299f10bbb347.php 第 147 行.
NOTIC: [8] Undefined variable: list F:\wamp\www\ChildrenPlatform\Application\Runtime\Cache\Home\d64d5a7196d6a3879c1a299f10bbb347.php 第 804 行.
NOTIC: [8] Use of undefined constant voo - assumed 'voo' F:\wamp\www\ChildrenPlatform\Application\Runtime\Cache\Home\d64d5a7196d6a3879c1a299f10bbb347.php 第 1067 行.
NOTIC: [8] Use of undefined constant voo - assumed 'voo' F:\wamp\www\ChildrenPlatform\Application\Runtime\Cache\Home\d64d5a7196d6a3879c1a299f10bbb347.php 第 1067 行.
NOTIC: [8] Undefined index: type F:\wamp\www\ChildrenPlatform\Application\Runtime\Cache\Home\d64d5a7196d6a3879c1a299f10bbb347.php 第 1121 行.
NOTIC: [8] Undefined index: type F:\wamp\www\ChildrenPlatform\Application\Runtime\Cache\Home\d64d5a7196d6a3879c1a299f10bbb347.php 第 1126 行.
NOTIC: [8] Undefined index: type F:\wamp\www\ChildrenPlatform\Application\Runtime\Cache\Home\d64d5a7196d6a3879c1a299f10bbb347.php 第 1126 行.
NOTIC: [8] Undefined index: type F:\wamp\www\ChildrenPlatform\Application\Runtime\Cache\Home\d64d5a7196d6a3879c1a299f10bbb347.php 第 1126 行.
NOTIC: [8] Use of undefined constant voo - assumed 'voo' F:\wamp\www\ChildrenPlatform\Application\Runtime\Cache\Home\d64d5a7196d6a3879c1a299f10bbb347.php 第 1202 行.
NOTIC: [8] Use of undefined constant voo - assumed 'voo' F:\wamp\www\ChildrenPlatform\Application\Runtime\Cache\Home\d64d5a7196d6a3879c1a299f10bbb347.php 第 1202 行.
NOTIC: [8] Use of undefined constant voo - assumed 'voo' F:\wamp\www\ChildrenPlatform\Application\Runtime\Cache\Home\d64d5a7196d6a3879c1a299f10bbb347.php 第 1202 行.
NOTIC: [8] Use of undefined constant voo - assumed 'voo' F:\wamp\www\ChildrenPlatform\Application\Runtime\Cache\Home\d64d5a7196d6a3879c1a299f10bbb347.php 第 1202 行.
NOTIC: [8] Use of undefined constant voo - assumed 'voo' F:\wamp\www\ChildrenPlatform\Application\Runtime\Cache\Home\d64d5a7196d6a3879c1a299f10bbb347.php 第 1202 行.
NOTIC: [8] Use of undefined constant voo - assumed 'voo' F:\wamp\www\ChildrenPlatform\Application\Runtime\Cache\Home\d64d5a7196d6a3879c1a299f10bbb347.php 第 1202 行.
NOTIC: [8] Use of undefined constant voo - assumed 'voo' F:\wamp\www\ChildrenPlatform\Application\Runtime\Cache\Home\d64d5a7196d6a3879c1a299f10bbb347.php 第 1202 行.
NOTIC: [8] Use of undefined constant voo - assumed 'voo' F:\wamp\www\ChildrenPlatform\Application\Runtime\Cache\Home\d64d5a7196d6a3879c1a299f10bbb347.php 第 1202 行.
INFO: Run Behavior\ParseTemplateBehavior [ RunTime:0.034821s ]
INFO: [ view_parse ] --END-- [ RunTime:0.034902s ]
INFO: [ view_filter ] --START--
INFO: Run Behavior\WriteHtmlCacheBehavior [ RunTime:0.000320s ]
INFO: [ view_filter ] --END-- [ RunTime:0.000377s ]
INFO: [ app_end ] --START--
INFO: Run Behavior\ShowPageTraceBehavior [ RunTime:0.000318s ]
INFO: [ app_end ] --END-- [ RunTime:0.000378s ]

