[ 2018-04-24T11:02:02+08:00 ] 127.0.0.1 /ChildrenPlatform/
INFO: [ app_init ] --START--
INFO: Run Behavior\BuildLiteBehavior [ RunTime:0.000024s ]
INFO: [ app_init ] --END-- [ RunTime:0.012471s ]
INFO: [ app_begin ] --START--
INFO: Run Behavior\ReadHtmlCacheBehavior [ RunTime:0.000770s ]
INFO: [ app_begin ] --END-- [ RunTime:0.000852s ]
SQL: SHOW COLUMNS FROM `type` [ RunTime:0.0438s ]
SQL: SHOW COLUMNS FROM `subsettype` [ RunTime:0.0242s ]
SQL: SHOW COLUMNS FROM `company` [ RunTime:0.0396s ]
SQL: SHOW COLUMNS FROM `commodity` [ RunTime:0.0271s ]
SQL: SHOW COLUMNS FROM `collect` [ RunTime:0.0366s ]
SQL: SHOW COLUMNS FROM `search` [ RunTime:0.0286s ]
SQL: SHOW COLUMNS FROM `carousel` [ RunTime:0.0174s ]
SQL: SELECT * FROM `type`  [ RunTime:0.0008s ]
SQL: SELECT * FROM `subsettype` WHERE ( type_id = 1 )  [ RunTime:0.0005s ]
SQL: SELECT * FROM `subsettype` WHERE ( type_id = 2 )  [ RunTime:0.0003s ]
SQL: SELECT * FROM `subsettype` WHERE ( type_id = 3 )  [ RunTime:0.0004s ]
SQL: SELECT * FROM `subsettype` WHERE ( type_id = 4 )  [ RunTime:0.0003s ]
SQL: SELECT * FROM `subsettype` ORDER BY clickNum desc LIMIT 12   [ RunTime:0.0003s ]
SQL: SELECT * FROM `commodity` WHERE `subsetType_id` = 13 AND `state` = 0 ORDER BY hintNum desc LIMIT 8   [ RunTime:0.0005s ]
SQL: SELECT `state` FROM `collect` WHERE `commodity_id` = 20 AND `user_id` = 0  [ RunTime:0.0002s ]
SQL: SELECT `state` FROM `collect` WHERE `commodity_id` = 40 AND `user_id` = 0  [ RunTime:0.0002s ]
SQL: SELECT `state` FROM `collect` WHERE `commodity_id` = 15 AND `user_id` = 0  [ RunTime:0.0002s ]
SQL: SELECT `state` FROM `collect` WHERE `commodity_id` = 39 AND `user_id` = 0  [ RunTime:0.0002s ]
SQL: SELECT * FROM `commodity` WHERE `subsetType_id` = 12 AND `state` = 0 ORDER BY hintNum desc LIMIT 8   [ RunTime:0.0003s ]
SQL: SELECT `state` FROM `collect` WHERE `commodity_id` = 35 AND `user_id` = 0  [ RunTime:0.0002s ]
SQL: SELECT `state` FROM `collect` WHERE `commodity_id` = 36 AND `user_id` = 0  [ RunTime:0.0002s ]
SQL: SELECT `state` FROM `collect` WHERE `commodity_id` = 37 AND `user_id` = 0  [ RunTime:0.0002s ]
SQL: SELECT * FROM `commodity` WHERE `subsetType_id` = 8 AND `state` = 0 ORDER BY hintNum desc LIMIT 8   [ RunTime:0.0003s ]
SQL: SELECT `state` FROM `collect` WHERE `commodity_id` = 22 AND `user_id` = 0  [ RunTime:0.0002s ]
SQL: SELECT `state` FROM `collect` WHERE `commodity_id` = 21 AND `user_id` = 0  [ RunTime:0.0002s ]
SQL: SELECT `state` FROM `collect` WHERE `commodity_id` = 12 AND `user_id` = 0  [ RunTime:0.0004s ]
SQL: SELECT `state` FROM `collect` WHERE `commodity_id` = 23 AND `user_id` = 0  [ RunTime:0.0003s ]
SQL: SELECT `state` FROM `collect` WHERE `commodity_id` = 13 AND `user_id` = 0  [ RunTime:0.0002s ]
SQL: SELECT * FROM `commodity` WHERE `subsetType_id` = 6 AND `state` = 0 ORDER BY hintNum desc LIMIT 8   [ RunTime:0.0003s ]
SQL: SELECT `state` FROM `collect` WHERE `commodity_id` = 24 AND `user_id` = 0  [ RunTime:0.0004s ]
SQL: SELECT `state` FROM `collect` WHERE `commodity_id` = 14 AND `user_id` = 0  [ RunTime:0.0003s ]
SQL: SELECT * FROM `commodity` WHERE `subsetType_id` = 15 AND `state` = 0 ORDER BY hintNum desc LIMIT 8   [ RunTime:0.0005s ]
SQL: SELECT * FROM `commodity` WHERE `subsetType_id` = 7 AND `state` = 0 ORDER BY hintNum desc LIMIT 8   [ RunTime:0.0003s ]
SQL: SELECT * FROM `commodity` WHERE `subsetType_id` = 9 AND `state` = 0 ORDER BY hintNum desc LIMIT 8   [ RunTime:0.0003s ]
SQL: SELECT `state` FROM `collect` WHERE `commodity_id` = 19 AND `user_id` = 0  [ RunTime:0.0002s ]
SQL: SELECT * FROM `commodity` WHERE `subsetType_id` = 16 AND `state` = 0 ORDER BY hintNum desc LIMIT 8   [ RunTime:0.0005s ]
SQL: SELECT `state` FROM `collect` WHERE `commodity_id` = 33 AND `user_id` = 0  [ RunTime:0.0003s ]
SQL: SELECT `state` FROM `collect` WHERE `commodity_id` = 34 AND `user_id` = 0  [ RunTime:0.0002s ]
SQL: SELECT * FROM `commodity` WHERE `subsetType_id` = 3 AND `state` = 0 ORDER BY hintNum desc LIMIT 8   [ RunTime:0.0005s ]
SQL: SELECT `state` FROM `collect` WHERE `commodity_id` = 30 AND `user_id` = 0  [ RunTime:0.0002s ]
SQL: SELECT `state` FROM `collect` WHERE `commodity_id` = 31 AND `user_id` = 0  [ RunTime:0.0002s ]
SQL: SELECT `state` FROM `collect` WHERE `commodity_id` = 29 AND `user_id` = 0  [ RunTime:0.0002s ]
SQL: SELECT * FROM `commodity` WHERE `subsetType_id` = 14 AND `state` = 0 ORDER BY hintNum desc LIMIT 8   [ RunTime:0.0004s ]
SQL: SELECT `state` FROM `collect` WHERE `commodity_id` = 41 AND `user_id` = 0  [ RunTime:0.0002s ]
SQL: SELECT * FROM `commodity` WHERE `subsetType_id` = 10 AND `state` = 0 ORDER BY hintNum desc LIMIT 8   [ RunTime:0.0003s ]
SQL: SELECT `state` FROM `collect` WHERE `commodity_id` = 32 AND `user_id` = 0  [ RunTime:0.0002s ]
SQL: SELECT * FROM `commodity` WHERE `subsetType_id` = 5 AND `state` = 0 ORDER BY hintNum desc LIMIT 8   [ RunTime:0.0003s ]
SQL: SELECT * FROM `search` ORDER BY time desc LIMIT 8   [ RunTime:0.0003s ]
SQL: SELECT * FROM `commodity` WHERE ( state = 0 ) ORDER BY hintNum desc LIMIT 3   [ RunTime:0.0003s ]
SQL: SELECT * FROM `carousel` WHERE ( state = 0 ) ORDER BY hintNum desc LIMIT 4   [ RunTime:0.0003s ]
INFO: [ view_parse ] --START--
INFO: [ template_filter ] --START--
INFO: Run Behavior\ContentReplaceBehavior [ RunTime:0.000479s ]
INFO: [ template_filter ] --END-- [ RunTime:0.000568s ]
NOTIC: [8] Undefined index: user_id F:\wamp\www\ChildrenPlatform\Application\Runtime\Cache\Home\2a94b8bda04ff446dcedd42276fc99ee.php 第 70 行.
NOTIC: [8] Undefined index: user_id F:\wamp\www\ChildrenPlatform\Application\Runtime\Cache\Home\2a94b8bda04ff446dcedd42276fc99ee.php 第 764 行.
NOTIC: [8] Undefined index: user_id F:\wamp\www\ChildrenPlatform\Application\Runtime\Cache\Home\2a94b8bda04ff446dcedd42276fc99ee.php 第 771 行.
NOTIC: [8] Use of undefined constant voo - assumed 'voo' F:\wamp\www\ChildrenPlatform\Application\Runtime\Cache\Home\2a94b8bda04ff446dcedd42276fc99ee.php 第 922 行.
NOTIC: [8] Use of undefined constant voo - assumed 'voo' F:\wamp\www\ChildrenPlatform\Application\Runtime\Cache\Home\2a94b8bda04ff446dcedd42276fc99ee.php 第 922 行.
NOTIC: [8] Undefined index: subsetType_id F:\wamp\www\ChildrenPlatform\Application\Runtime\Cache\Home\2a94b8bda04ff446dcedd42276fc99ee.php 第 923 行.
NOTIC: [8] Undefined index: subsetType_id F:\wamp\www\ChildrenPlatform\Application\Runtime\Cache\Home\2a94b8bda04ff446dcedd42276fc99ee.php 第 923 行.
NOTIC: [8] Undefined index: subsetType_id F:\wamp\www\ChildrenPlatform\Application\Runtime\Cache\Home\2a94b8bda04ff446dcedd42276fc99ee.php 第 923 行.
NOTIC: [8] Undefined index: subsetType_id F:\wamp\www\ChildrenPlatform\Application\Runtime\Cache\Home\2a94b8bda04ff446dcedd42276fc99ee.php 第 923 行.
NOTIC: [8] Use of undefined constant voo - assumed 'voo' F:\wamp\www\ChildrenPlatform\Application\Runtime\Cache\Home\2a94b8bda04ff446dcedd42276fc99ee.php 第 922 行.
NOTIC: [8] Use of undefined constant voo - assumed 'voo' F:\wamp\www\ChildrenPlatform\Application\Runtime\Cache\Home\2a94b8bda04ff446dcedd42276fc99ee.php 第 922 行.
NOTIC: [8] Undefined index: subsetType_id F:\wamp\www\ChildrenPlatform\Application\Runtime\Cache\Home\2a94b8bda04ff446dcedd42276fc99ee.php 第 923 行.
NOTIC: [8] Undefined index: subsetType_id F:\wamp\www\ChildrenPlatform\Application\Runtime\Cache\Home\2a94b8bda04ff446dcedd42276fc99ee.php 第 923 行.
NOTIC: [8] Undefined index: subsetType_id F:\wamp\www\ChildrenPlatform\Application\Runtime\Cache\Home\2a94b8bda04ff446dcedd42276fc99ee.php 第 923 行.
NOTIC: [8] Undefined index: subsetType_id F:\wamp\www\ChildrenPlatform\Application\Runtime\Cache\Home\2a94b8bda04ff446dcedd42276fc99ee.php 第 923 行.
NOTIC: [8] Undefined index: subsetType_id F:\wamp\www\ChildrenPlatform\Application\Runtime\Cache\Home\2a94b8bda04ff446dcedd42276fc99ee.php 第 923 行.
NOTIC: [8] Use of undefined constant voo - assumed 'voo' F:\wamp\www\ChildrenPlatform\Application\Runtime\Cache\Home\2a94b8bda04ff446dcedd42276fc99ee.php 第 922 行.
NOTIC: [8] Use of undefined constant voo - assumed 'voo' F:\wamp\www\ChildrenPlatform\Application\Runtime\Cache\Home\2a94b8bda04ff446dcedd42276fc99ee.php 第 922 行.
NOTIC: [8] Undefined index: subsetType_id F:\wamp\www\ChildrenPlatform\Application\Runtime\Cache\Home\2a94b8bda04ff446dcedd42276fc99ee.php 第 923 行.
NOTIC: [8] Undefined index: subsetType_id F:\wamp\www\ChildrenPlatform\Application\Runtime\Cache\Home\2a94b8bda04ff446dcedd42276fc99ee.php 第 923 行.
NOTIC: [8] Undefined index: subsetType_id F:\wamp\www\ChildrenPlatform\Application\Runtime\Cache\Home\2a94b8bda04ff446dcedd42276fc99ee.php 第 923 行.
NOTIC: [8] Undefined index: subsetType_id F:\wamp\www\ChildrenPlatform\Application\Runtime\Cache\Home\2a94b8bda04ff446dcedd42276fc99ee.php 第 923 行.
NOTIC: [8] Use of undefined constant voo - assumed 'voo' F:\wamp\www\ChildrenPlatform\Application\Runtime\Cache\Home\2a94b8bda04ff446dcedd42276fc99ee.php 第 922 行.
NOTIC: [8] Use of undefined constant voo - assumed 'voo' F:\wamp\www\ChildrenPlatform\Application\Runtime\Cache\Home\2a94b8bda04ff446dcedd42276fc99ee.php 第 922 行.
NOTIC: [8] Undefined index: subsetType_id F:\wamp\www\ChildrenPlatform\Application\Runtime\Cache\Home\2a94b8bda04ff446dcedd42276fc99ee.php 第 923 行.
NOTIC: [8] Undefined index: subsetType_id F:\wamp\www\ChildrenPlatform\Application\Runtime\Cache\Home\2a94b8bda04ff446dcedd42276fc99ee.php 第 923 行.
NOTIC: [8] Undefined index: subsetType_id F:\wamp\www\ChildrenPlatform\Application\Runtime\Cache\Home\2a94b8bda04ff446dcedd42276fc99ee.php 第 923 行.
NOTIC: [8] Undefined index: type F:\wamp\www\ChildrenPlatform\Application\Runtime\Cache\Home\2a94b8bda04ff446dcedd42276fc99ee.php 第 1045 行.
NOTIC: [8] Undefined index: type F:\wamp\www\ChildrenPlatform\Application\Runtime\Cache\Home\2a94b8bda04ff446dcedd42276fc99ee.php 第 1050 行.
NOTIC: [8] Undefined index: type F:\wamp\www\ChildrenPlatform\Application\Runtime\Cache\Home\2a94b8bda04ff446dcedd42276fc99ee.php 第 1050 行.
NOTIC: [8] Undefined index: type F:\wamp\www\ChildrenPlatform\Application\Runtime\Cache\Home\2a94b8bda04ff446dcedd42276fc99ee.php 第 1050 行.
NOTIC: [8] Undefined index: type F:\wamp\www\ChildrenPlatform\Application\Runtime\Cache\Home\2a94b8bda04ff446dcedd42276fc99ee.php 第 1050 行.
NOTIC: [8] Use of undefined constant hot_vo - assumed 'hot_vo' F:\wamp\www\ChildrenPlatform\Application\Runtime\Cache\Home\2a94b8bda04ff446dcedd42276fc99ee.php 第 1063 行.
NOTIC: [8] Use of undefined constant hot_vo - assumed 'hot_vo' F:\wamp\www\ChildrenPlatform\Application\Runtime\Cache\Home\2a94b8bda04ff446dcedd42276fc99ee.php 第 1063 行.
NOTIC: [8] Use of undefined constant vo2 - assumed 'vo2' F:\wamp\www\ChildrenPlatform\Application\Runtime\Cache\Home\2a94b8bda04ff446dcedd42276fc99ee.php 第 1126 行.
NOTIC: [8] Use of undefined constant vo2 - assumed 'vo2' F:\wamp\www\ChildrenPlatform\Application\Runtime\Cache\Home\2a94b8bda04ff446dcedd42276fc99ee.php 第 1126 行.
NOTIC: [8] Use of undefined constant vo2 - assumed 'vo2' F:\wamp\www\ChildrenPlatform\Application\Runtime\Cache\Home\2a94b8bda04ff446dcedd42276fc99ee.php 第 1126 行.
NOTIC: [8] Use of undefined constant vo2 - assumed 'vo2' F:\wamp\www\ChildrenPlatform\Application\Runtime\Cache\Home\2a94b8bda04ff446dcedd42276fc99ee.php 第 1126 行.
NOTIC: [8] Use of undefined constant vo2 - assumed 'vo2' F:\wamp\www\ChildrenPlatform\Application\Runtime\Cache\Home\2a94b8bda04ff446dcedd42276fc99ee.php 第 1126 行.
NOTIC: [8] Use of undefined constant vo2 - assumed 'vo2' F:\wamp\www\ChildrenPlatform\Application\Runtime\Cache\Home\2a94b8bda04ff446dcedd42276fc99ee.php 第 1126 行.
NOTIC: [8] Use of undefined constant vo2 - assumed 'vo2' F:\wamp\www\ChildrenPlatform\Application\Runtime\Cache\Home\2a94b8bda04ff446dcedd42276fc99ee.php 第 1126 行.
NOTIC: [8] Use of undefined constant vo2 - assumed 'vo2' F:\wamp\www\ChildrenPlatform\Application\Runtime\Cache\Home\2a94b8bda04ff446dcedd42276fc99ee.php 第 1126 行.
NOTIC: [8] Use of undefined constant hot_vo - assumed 'hot_vo' F:\wamp\www\ChildrenPlatform\Application\Runtime\Cache\Home\2a94b8bda04ff446dcedd42276fc99ee.php 第 1171 行.
NOTIC: [8] Use of undefined constant hot_vo - assumed 'hot_vo' F:\wamp\www\ChildrenPlatform\Application\Runtime\Cache\Home\2a94b8bda04ff446dcedd42276fc99ee.php 第 1171 行.
NOTIC: [8] Use of undefined constant vo2 - assumed 'vo2' F:\wamp\www\ChildrenPlatform\Application\Runtime\Cache\Home\2a94b8bda04ff446dcedd42276fc99ee.php 第 1232 行.
NOTIC: [8] Use of undefined constant vo2 - assumed 'vo2' F:\wamp\www\ChildrenPlatform\Application\Runtime\Cache\Home\2a94b8bda04ff446dcedd42276fc99ee.php 第 1232 行.
NOTIC: [8] Use of undefined constant vo2 - assumed 'vo2' F:\wamp\www\ChildrenPlatform\Application\Runtime\Cache\Home\2a94b8bda04ff446dcedd42276fc99ee.php 第 1232 行.
NOTIC: [8] Use of undefined constant vo2 - assumed 'vo2' F:\wamp\www\ChildrenPlatform\Application\Runtime\Cache\Home\2a94b8bda04ff446dcedd42276fc99ee.php 第 1232 行.
NOTIC: [8] Use of undefined constant vo2 - assumed 'vo2' F:\wamp\www\ChildrenPlatform\Application\Runtime\Cache\Home\2a94b8bda04ff446dcedd42276fc99ee.php 第 1232 行.
NOTIC: [8] Use of undefined constant vo2 - assumed 'vo2' F:\wamp\www\ChildrenPlatform\Application\Runtime\Cache\Home\2a94b8bda04ff446dcedd42276fc99ee.php 第 1232 行.
INFO: Run Behavior\ParseTemplateBehavior [ RunTime:0.152882s ]
INFO: [ view_parse ] --END-- [ RunTime:0.152991s ]
INFO: [ view_filter ] --START--
INFO: Run Behavior\WriteHtmlCacheBehavior [ RunTime:0.000981s ]
INFO: [ view_filter ] --END-- [ RunTime:0.001143s ]
INFO: [ app_end ] --START--
INFO: Run Behavior\ShowPageTraceBehavior [ RunTime:0.000925s ]
INFO: [ app_end ] --END-- [ RunTime:0.001047s ]

[ 2018-04-24T11:02:20+08:00 ] 127.0.0.1 /ChildrenPlatform/Home/Index/login
INFO: [ app_init ] --START--
INFO: Run Behavior\BuildLiteBehavior [ RunTime:0.000052s ]
INFO: [ app_init ] --END-- [ RunTime:0.000625s ]
INFO: [ app_begin ] --START--
INFO: Run Behavior\ReadHtmlCacheBehavior [ RunTime:0.000460s ]
INFO: [ app_begin ] --END-- [ RunTime:0.000562s ]
SQL: SHOW COLUMNS FROM `users` [ RunTime:0.0351s ]
SQL: SHOW COLUMNS FROM `userinfor` [ RunTime:0.0211s ]
SQL: SELECT `user_id` FROM `users` WHERE `telephone` = '17640410053' AND `password` = '73b07d76fa37bebacc35c43f03bd6231' LIMIT 1   [ RunTime:0.0005s ]
SQL: SELECT `telephone` FROM `users` WHERE `telephone` = '17640410053' AND `password` = '73b07d76fa37bebacc35c43f03bd6231' LIMIT 1   [ RunTime:0.0005s ]
SQL: SELECT `state` FROM `users` WHERE `telephone` = '17640410053' AND `password` = '73b07d76fa37bebacc35c43f03bd6231' LIMIT 1   [ RunTime:0.0004s ]
SQL: SELECT `username` FROM `userinfor` WHERE ( telephone = 17640410053 ) LIMIT 1   [ RunTime:0.0004s ]
NOTIC: [2] Illegal offset type in isset or empty F:\wamp\www\ChildrenPlatform\ThinkPHP\Library\Think\Model.class.php 第 445 行.
SQL: UPDATE `users` SET `loginNum`=loginNum+1 WHERE `telephone` = '17640410053' AND `password` = '73b07d76fa37bebacc35c43f03bd6231' [ RunTime:0.0678s ]
NOTIC: [2] Illegal offset type in isset or empty F:\wamp\www\ChildrenPlatform\ThinkPHP\Library\Think\Model.class.php 第 445 行.
SQL: UPDATE `users` SET `loginTime`='2018-04-24 11:02:19',`loginIp`='127.0.0.1' WHERE `telephone` = '17640410053' AND `password` = '73b07d76fa37bebacc35c43f03bd6231' [ RunTime:0.1628s ]
NOTIC: [8] Use of undefined constant json - assumed 'json' F:\wamp\www\ChildrenPlatform\Application\Home\Controller\IndexController.class.php 第 119 行.

[ 2018-04-24T11:02:21+08:00 ] 127.0.0.1 /ChildrenPlatform/
INFO: [ app_init ] --START--
INFO: Run Behavior\BuildLiteBehavior [ RunTime:0.000022s ]
INFO: [ app_init ] --END-- [ RunTime:0.000378s ]
INFO: [ app_begin ] --START--
INFO: Run Behavior\ReadHtmlCacheBehavior [ RunTime:0.000456s ]
INFO: [ app_begin ] --END-- [ RunTime:0.000561s ]
SQL: SHOW COLUMNS FROM `type` [ RunTime:0.0123s ]
SQL: SHOW COLUMNS FROM `subsettype` [ RunTime:0.0123s ]
SQL: SHOW COLUMNS FROM `company` [ RunTime:0.0124s ]
SQL: SHOW COLUMNS FROM `commodity` [ RunTime:0.0110s ]
SQL: SHOW COLUMNS FROM `collect` [ RunTime:0.0103s ]
SQL: SHOW COLUMNS FROM `search` [ RunTime:0.0103s ]
SQL: SHOW COLUMNS FROM `carousel` [ RunTime:0.0107s ]
SQL: SELECT * FROM `type`  [ RunTime:0.0003s ]
SQL: SELECT * FROM `subsettype` WHERE ( type_id = 1 )  [ RunTime:0.0003s ]
SQL: SELECT * FROM `subsettype` WHERE ( type_id = 2 )  [ RunTime:0.0003s ]
SQL: SELECT * FROM `subsettype` WHERE ( type_id = 3 )  [ RunTime:0.0004s ]
SQL: SELECT * FROM `subsettype` WHERE ( type_id = 4 )  [ RunTime:0.0003s ]
SQL: SELECT * FROM `subsettype` ORDER BY clickNum desc LIMIT 12   [ RunTime:0.0004s ]
SQL: SELECT * FROM `commodity` WHERE `subsetType_id` = 13 AND `state` = 0 ORDER BY hintNum desc LIMIT 8   [ RunTime:0.0004s ]
SQL: SELECT `state` FROM `collect` WHERE `commodity_id` = 20 AND `user_id` = 3  [ RunTime:0.0003s ]
SQL: SELECT `state` FROM `collect` WHERE `commodity_id` = 40 AND `user_id` = 3  [ RunTime:0.0002s ]
SQL: SELECT `state` FROM `collect` WHERE `commodity_id` = 15 AND `user_id` = 3  [ RunTime:0.0002s ]
SQL: SELECT `state` FROM `collect` WHERE `commodity_id` = 39 AND `user_id` = 3  [ RunTime:0.0002s ]
SQL: SELECT * FROM `commodity` WHERE `subsetType_id` = 12 AND `state` = 0 ORDER BY hintNum desc LIMIT 8   [ RunTime:0.0003s ]
SQL: SELECT `state` FROM `collect` WHERE `commodity_id` = 35 AND `user_id` = 3  [ RunTime:0.0002s ]
SQL: SELECT `state` FROM `collect` WHERE `commodity_id` = 36 AND `user_id` = 3  [ RunTime:0.0002s ]
SQL: SELECT `state` FROM `collect` WHERE `commodity_id` = 37 AND `user_id` = 3  [ RunTime:0.0001s ]
SQL: SELECT * FROM `commodity` WHERE `subsetType_id` = 8 AND `state` = 0 ORDER BY hintNum desc LIMIT 8   [ RunTime:0.0004s ]
SQL: SELECT `state` FROM `collect` WHERE `commodity_id` = 22 AND `user_id` = 3  [ RunTime:0.0002s ]
SQL: SELECT `state` FROM `collect` WHERE `commodity_id` = 21 AND `user_id` = 3  [ RunTime:0.0001s ]
SQL: SELECT `state` FROM `collect` WHERE `commodity_id` = 12 AND `user_id` = 3  [ RunTime:0.0001s ]
SQL: SELECT `state` FROM `collect` WHERE `commodity_id` = 23 AND `user_id` = 3  [ RunTime:0.0002s ]
SQL: SELECT `state` FROM `collect` WHERE `commodity_id` = 13 AND `user_id` = 3  [ RunTime:0.0001s ]
SQL: SELECT * FROM `commodity` WHERE `subsetType_id` = 6 AND `state` = 0 ORDER BY hintNum desc LIMIT 8   [ RunTime:0.0003s ]
SQL: SELECT `state` FROM `collect` WHERE `commodity_id` = 24 AND `user_id` = 3  [ RunTime:0.0001s ]
SQL: SELECT `state` FROM `collect` WHERE `commodity_id` = 14 AND `user_id` = 3  [ RunTime:0.0002s ]
SQL: SELECT * FROM `commodity` WHERE `subsetType_id` = 15 AND `state` = 0 ORDER BY hintNum desc LIMIT 8   [ RunTime:0.0002s ]
SQL: SELECT * FROM `commodity` WHERE `subsetType_id` = 7 AND `state` = 0 ORDER BY hintNum desc LIMIT 8   [ RunTime:0.0002s ]
SQL: SELECT * FROM `commodity` WHERE `subsetType_id` = 9 AND `state` = 0 ORDER BY hintNum desc LIMIT 8   [ RunTime:0.0002s ]
SQL: SELECT `state` FROM `collect` WHERE `commodity_id` = 19 AND `user_id` = 3  [ RunTime:0.0001s ]
SQL: SELECT * FROM `commodity` WHERE `subsetType_id` = 16 AND `state` = 0 ORDER BY hintNum desc LIMIT 8   [ RunTime:0.0002s ]
SQL: SELECT `state` FROM `collect` WHERE `commodity_id` = 33 AND `user_id` = 3  [ RunTime:0.0002s ]
SQL: SELECT `state` FROM `collect` WHERE `commodity_id` = 34 AND `user_id` = 3  [ RunTime:0.0001s ]
SQL: SELECT * FROM `commodity` WHERE `subsetType_id` = 3 AND `state` = 0 ORDER BY hintNum desc LIMIT 8   [ RunTime:0.0003s ]
SQL: SELECT `state` FROM `collect` WHERE `commodity_id` = 30 AND `user_id` = 3  [ RunTime:0.0002s ]
SQL: SELECT `state` FROM `collect` WHERE `commodity_id` = 31 AND `user_id` = 3  [ RunTime:0.0002s ]
SQL: SELECT `state` FROM `collect` WHERE `commodity_id` = 29 AND `user_id` = 3  [ RunTime:0.0002s ]
SQL: SELECT * FROM `commodity` WHERE `subsetType_id` = 14 AND `state` = 0 ORDER BY hintNum desc LIMIT 8   [ RunTime:0.0003s ]
SQL: SELECT `state` FROM `collect` WHERE `commodity_id` = 41 AND `user_id` = 3  [ RunTime:0.0002s ]
SQL: SELECT * FROM `commodity` WHERE `subsetType_id` = 10 AND `state` = 0 ORDER BY hintNum desc LIMIT 8   [ RunTime:0.0003s ]
SQL: SELECT `state` FROM `collect` WHERE `commodity_id` = 32 AND `user_id` = 3  [ RunTime:0.0002s ]
SQL: SELECT * FROM `commodity` WHERE `subsetType_id` = 5 AND `state` = 0 ORDER BY hintNum desc LIMIT 8   [ RunTime:0.0002s ]
SQL: SELECT * FROM `search` ORDER BY time desc LIMIT 8   [ RunTime:0.0002s ]
SQL: SELECT * FROM `commodity` WHERE ( state = 0 ) ORDER BY hintNum desc LIMIT 3   [ RunTime:0.0002s ]
SQL: SELECT * FROM `carousel` WHERE ( state = 0 ) ORDER BY hintNum desc LIMIT 4   [ RunTime:0.0002s ]
SQL: SHOW COLUMNS FROM `cart` [ RunTime:0.0246s ]
SQL: SELECT * FROM `cart` WHERE ( user_id=3 )  [ RunTime:0.0004s ]
SQL: SELECT * FROM `commodity` WHERE ( commodity_id=35 ) LIMIT 1   [ RunTime:0.0004s ]
SQL: SELECT * FROM `commodity` WHERE ( commodity_id=40 ) LIMIT 1   [ RunTime:0.0004s ]
SQL: SELECT * FROM `commodity` WHERE ( commodity_id=15 ) LIMIT 1   [ RunTime:0.0003s ]
SQL: SELECT * FROM `commodity` WHERE ( commodity_id=39 ) LIMIT 1   [ RunTime:0.0005s ]
SQL: SELECT COUNT(*) AS tp_count FROM `collect` WHERE `user_id` = 3 AND `state` = 1 LIMIT 1   [ RunTime:0.0004s ]
INFO: [ view_parse ] --START--
INFO: [ template_filter ] --START--
INFO: Run Behavior\ContentReplaceBehavior [ RunTime:0.000487s ]
INFO: [ template_filter ] --END-- [ RunTime:0.000577s ]
NOTIC: [8] Use of undefined constant voo - assumed 'voo' F:\wamp\www\ChildrenPlatform\Application\Runtime\Cache\Home\2a94b8bda04ff446dcedd42276fc99ee.php 第 922 行.
NOTIC: [8] Use of undefined constant voo - assumed 'voo' F:\wamp\www\ChildrenPlatform\Application\Runtime\Cache\Home\2a94b8bda04ff446dcedd42276fc99ee.php 第 922 行.
NOTIC: [8] Undefined index: subsetType_id F:\wamp\www\ChildrenPlatform\Application\Runtime\Cache\Home\2a94b8bda04ff446dcedd42276fc99ee.php 第 923 行.
NOTIC: [8] Undefined index: subsetType_id F:\wamp\www\ChildrenPlatform\Application\Runtime\Cache\Home\2a94b8bda04ff446dcedd42276fc99ee.php 第 923 行.
NOTIC: [8] Undefined index: subsetType_id F:\wamp\www\ChildrenPlatform\Application\Runtime\Cache\Home\2a94b8bda04ff446dcedd42276fc99ee.php 第 923 行.
NOTIC: [8] Undefined index: subsetType_id F:\wamp\www\ChildrenPlatform\Application\Runtime\Cache\Home\2a94b8bda04ff446dcedd42276fc99ee.php 第 923 行.
NOTIC: [8] Use of undefined constant voo - assumed 'voo' F:\wamp\www\ChildrenPlatform\Application\Runtime\Cache\Home\2a94b8bda04ff446dcedd42276fc99ee.php 第 922 行.
NOTIC: [8] Use of undefined constant voo - assumed 'voo' F:\wamp\www\ChildrenPlatform\Application\Runtime\Cache\Home\2a94b8bda04ff446dcedd42276fc99ee.php 第 922 行.
NOTIC: [8] Undefined index: subsetType_id F:\wamp\www\ChildrenPlatform\Application\Runtime\Cache\Home\2a94b8bda04ff446dcedd42276fc99ee.php 第 923 行.
NOTIC: [8] Undefined index: subsetType_id F:\wamp\www\ChildrenPlatform\Application\Runtime\Cache\Home\2a94b8bda04ff446dcedd42276fc99ee.php 第 923 行.
NOTIC: [8] Undefined index: subsetType_id F:\wamp\www\ChildrenPlatform\Application\Runtime\Cache\Home\2a94b8bda04ff446dcedd42276fc99ee.php 第 923 行.
NOTIC: [8] Undefined index: subsetType_id F:\wamp\www\ChildrenPlatform\Application\Runtime\Cache\Home\2a94b8bda04ff446dcedd42276fc99ee.php 第 923 行.
NOTIC: [8] Undefined index: subsetType_id F:\wamp\www\ChildrenPlatform\Application\Runtime\Cache\Home\2a94b8bda04ff446dcedd42276fc99ee.php 第 923 行.
NOTIC: [8] Use of undefined constant voo - assumed 'voo' F:\wamp\www\ChildrenPlatform\Application\Runtime\Cache\Home\2a94b8bda04ff446dcedd42276fc99ee.php 第 922 行.
NOTIC: [8] Use of undefined constant voo - assumed 'voo' F:\wamp\www\ChildrenPlatform\Application\Runtime\Cache\Home\2a94b8bda04ff446dcedd42276fc99ee.php 第 922 行.
NOTIC: [8] Undefined index: subsetType_id F:\wamp\www\ChildrenPlatform\Application\Runtime\Cache\Home\2a94b8bda04ff446dcedd42276fc99ee.php 第 923 行.
NOTIC: [8] Undefined index: subsetType_id F:\wamp\www\ChildrenPlatform\Application\Runtime\Cache\Home\2a94b8bda04ff446dcedd42276fc99ee.php 第 923 行.
NOTIC: [8] Undefined index: subsetType_id F:\wamp\www\ChildrenPlatform\Application\Runtime\Cache\Home\2a94b8bda04ff446dcedd42276fc99ee.php 第 923 行.
NOTIC: [8] Undefined index: subsetType_id F:\wamp\www\ChildrenPlatform\Application\Runtime\Cache\Home\2a94b8bda04ff446dcedd42276fc99ee.php 第 923 行.
NOTIC: [8] Use of undefined constant voo - assumed 'voo' F:\wamp\www\ChildrenPlatform\Application\Runtime\Cache\Home\2a94b8bda04ff446dcedd42276fc99ee.php 第 922 行.
NOTIC: [8] Use of undefined constant voo - assumed 'voo' F:\wamp\www\ChildrenPlatform\Application\Runtime\Cache\Home\2a94b8bda04ff446dcedd42276fc99ee.php 第 922 行.
NOTIC: [8] Undefined index: subsetType_id F:\wamp\www\ChildrenPlatform\Application\Runtime\Cache\Home\2a94b8bda04ff446dcedd42276fc99ee.php 第 923 行.
NOTIC: [8] Undefined index: subsetType_id F:\wamp\www\ChildrenPlatform\Application\Runtime\Cache\Home\2a94b8bda04ff446dcedd42276fc99ee.php 第 923 行.
NOTIC: [8] Undefined index: subsetType_id F:\wamp\www\ChildrenPlatform\Application\Runtime\Cache\Home\2a94b8bda04ff446dcedd42276fc99ee.php 第 923 行.
NOTIC: [8] Undefined index: type F:\wamp\www\ChildrenPlatform\Application\Runtime\Cache\Home\2a94b8bda04ff446dcedd42276fc99ee.php 第 1045 行.
NOTIC: [8] Undefined index: type F:\wamp\www\ChildrenPlatform\Application\Runtime\Cache\Home\2a94b8bda04ff446dcedd42276fc99ee.php 第 1050 行.
NOTIC: [8] Undefined index: type F:\wamp\www\ChildrenPlatform\Application\Runtime\Cache\Home\2a94b8bda04ff446dcedd42276fc99ee.php 第 1050 行.
NOTIC: [8] Undefined index: type F:\wamp\www\ChildrenPlatform\Application\Runtime\Cache\Home\2a94b8bda04ff446dcedd42276fc99ee.php 第 1050 行.
NOTIC: [8] Undefined index: type F:\wamp\www\ChildrenPlatform\Application\Runtime\Cache\Home\2a94b8bda04ff446dcedd42276fc99ee.php 第 1050 行.
NOTIC: [8] Use of undefined constant hot_vo - assumed 'hot_vo' F:\wamp\www\ChildrenPlatform\Application\Runtime\Cache\Home\2a94b8bda04ff446dcedd42276fc99ee.php 第 1063 行.
NOTIC: [8] Use of undefined constant hot_vo - assumed 'hot_vo' F:\wamp\www\ChildrenPlatform\Application\Runtime\Cache\Home\2a94b8bda04ff446dcedd42276fc99ee.php 第 1063 行.
NOTIC: [8] Use of undefined constant vo2 - assumed 'vo2' F:\wamp\www\ChildrenPlatform\Application\Runtime\Cache\Home\2a94b8bda04ff446dcedd42276fc99ee.php 第 1126 行.
NOTIC: [8] Use of undefined constant vo2 - assumed 'vo2' F:\wamp\www\ChildrenPlatform\Application\Runtime\Cache\Home\2a94b8bda04ff446dcedd42276fc99ee.php 第 1126 行.
NOTIC: [8] Use of undefined constant vo2 - assumed 'vo2' F:\wamp\www\ChildrenPlatform\Application\Runtime\Cache\Home\2a94b8bda04ff446dcedd42276fc99ee.php 第 1126 行.
NOTIC: [8] Use of undefined constant vo2 - assumed 'vo2' F:\wamp\www\ChildrenPlatform\Application\Runtime\Cache\Home\2a94b8bda04ff446dcedd42276fc99ee.php 第 1126 行.
NOTIC: [8] Use of undefined constant vo2 - assumed 'vo2' F:\wamp\www\ChildrenPlatform\Application\Runtime\Cache\Home\2a94b8bda04ff446dcedd42276fc99ee.php 第 1126 行.
NOTIC: [8] Use of undefined constant vo2 - assumed 'vo2' F:\wamp\www\ChildrenPlatform\Application\Runtime\Cache\Home\2a94b8bda04ff446dcedd42276fc99ee.php 第 1126 行.
NOTIC: [8] Use of undefined constant vo2 - assumed 'vo2' F:\wamp\www\ChildrenPlatform\Application\Runtime\Cache\Home\2a94b8bda04ff446dcedd42276fc99ee.php 第 1126 行.
NOTIC: [8] Use of undefined constant vo2 - assumed 'vo2' F:\wamp\www\ChildrenPlatform\Application\Runtime\Cache\Home\2a94b8bda04ff446dcedd42276fc99ee.php 第 1126 行.
NOTIC: [8] Use of undefined constant hot_vo - assumed 'hot_vo' F:\wamp\www\ChildrenPlatform\Application\Runtime\Cache\Home\2a94b8bda04ff446dcedd42276fc99ee.php 第 1171 行.
NOTIC: [8] Use of undefined constant hot_vo - assumed 'hot_vo' F:\wamp\www\ChildrenPlatform\Application\Runtime\Cache\Home\2a94b8bda04ff446dcedd42276fc99ee.php 第 1171 行.
NOTIC: [8] Use of undefined constant vo2 - assumed 'vo2' F:\wamp\www\ChildrenPlatform\Application\Runtime\Cache\Home\2a94b8bda04ff446dcedd42276fc99ee.php 第 1232 行.
NOTIC: [8] Use of undefined constant vo2 - assumed 'vo2' F:\wamp\www\ChildrenPlatform\Application\Runtime\Cache\Home\2a94b8bda04ff446dcedd42276fc99ee.php 第 1232 行.
NOTIC: [8] Use of undefined constant vo2 - assumed 'vo2' F:\wamp\www\ChildrenPlatform\Application\Runtime\Cache\Home\2a94b8bda04ff446dcedd42276fc99ee.php 第 1232 行.
NOTIC: [8] Use of undefined constant vo2 - assumed 'vo2' F:\wamp\www\ChildrenPlatform\Application\Runtime\Cache\Home\2a94b8bda04ff446dcedd42276fc99ee.php 第 1232 行.
NOTIC: [8] Use of undefined constant vo2 - assumed 'vo2' F:\wamp\www\ChildrenPlatform\Application\Runtime\Cache\Home\2a94b8bda04ff446dcedd42276fc99ee.php 第 1232 行.
NOTIC: [8] Use of undefined constant vo2 - assumed 'vo2' F:\wamp\www\ChildrenPlatform\Application\Runtime\Cache\Home\2a94b8bda04ff446dcedd42276fc99ee.php 第 1232 行.
INFO: Run Behavior\ParseTemplateBehavior [ RunTime:0.061813s ]
INFO: [ view_parse ] --END-- [ RunTime:0.061900s ]
INFO: [ view_filter ] --START--
INFO: Run Behavior\WriteHtmlCacheBehavior [ RunTime:0.000331s ]
INFO: [ view_filter ] --END-- [ RunTime:0.000401s ]
INFO: [ app_end ] --START--
INFO: Run Behavior\ShowPageTraceBehavior [ RunTime:0.000407s ]
INFO: [ app_end ] --END-- [ RunTime:0.000477s ]

[ 2018-04-24T11:02:32+08:00 ] 127.0.0.1 /ChildrenPlatform/Home/Project/project_detail/id/20.html
INFO: [ app_init ] --START--
INFO: Run Behavior\BuildLiteBehavior [ RunTime:0.000033s ]
INFO: [ app_init ] --END-- [ RunTime:0.000577s ]
INFO: [ app_begin ] --START--
INFO: Run Behavior\ReadHtmlCacheBehavior [ RunTime:0.000743s ]
INFO: [ app_begin ] --END-- [ RunTime:0.000944s ]
SQL: SHOW COLUMNS FROM `commodity` [ RunTime:0.0175s ]
SQL: SHOW COLUMNS FROM `star` [ RunTime:0.1163s ]
SQL: SHOW COLUMNS FROM `subsettype` [ RunTime:0.0102s ]
SQL: SHOW COLUMNS FROM `comment` [ RunTime:0.0290s ]
SQL: SHOW COLUMNS FROM `userinfor` [ RunTime:0.0111s ]
SQL: SHOW COLUMNS FROM `collect` [ RunTime:0.0107s ]
SQL: SHOW COLUMNS FROM `company` [ RunTime:0.0106s ]
SQL: SELECT * FROM `commodity` WHERE ( commodity_id=20 ) LIMIT 1   [ RunTime:0.0005s ]
SQL: SELECT * FROM `star` WHERE `user_id` = 3 AND `commodity_id` = 20  [ RunTime:0.0004s ]
SQL: SELECT `name` FROM `subsettype` WHERE `subsetType_id` = 13 LIMIT 1   [ RunTime:0.0003s ]
SQL: SELECT COUNT(*) AS tp_count FROM `comment` WHERE ( commodity_id=20 ) LIMIT 1   [ RunTime:0.0003s ]
SQL: SELECT `name` FROM `company` WHERE ( company_id = 4 ) LIMIT 1   [ RunTime:0.0003s ]
SQL: SELECT `state` FROM `collect` WHERE `commodity_id` = 20 AND `user_id` = 3 LIMIT 1   [ RunTime:0.0004s ]
SQL: SELECT * FROM `comment` WHERE ( commodity_id=20 ) ORDER BY datetime desc  [ RunTime:0.0005s ]
SQL: SELECT * FROM `commodity` WHERE `commodity_id` <> '20' ORDER BY hintNum desc LIMIT 4   [ RunTime:0.0005s ]
SQL: SELECT `state` FROM `collect` WHERE `commodity_id` = 22 AND `user_id` = 3  [ RunTime:0.0003s ]
SQL: SELECT `state` FROM `collect` WHERE `commodity_id` = 21 AND `user_id` = 3  [ RunTime:0.0003s ]
SQL: SELECT `state` FROM `collect` WHERE `commodity_id` = 35 AND `user_id` = 3  [ RunTime:0.0003s ]
SQL: SELECT `state` FROM `collect` WHERE `commodity_id` = 12 AND `user_id` = 3  [ RunTime:0.0003s ]
SQL: SHOW COLUMNS FROM `cart` [ RunTime:0.0113s ]
SQL: SELECT * FROM `cart` WHERE ( user_id=3 )  [ RunTime:0.0004s ]
SQL: SELECT * FROM `commodity` WHERE ( commodity_id=35 ) LIMIT 1   [ RunTime:0.0004s ]
SQL: SELECT * FROM `commodity` WHERE ( commodity_id=40 ) LIMIT 1   [ RunTime:0.0005s ]
SQL: SELECT * FROM `commodity` WHERE ( commodity_id=15 ) LIMIT 1   [ RunTime:0.0004s ]
SQL: SELECT * FROM `commodity` WHERE ( commodity_id=39 ) LIMIT 1   [ RunTime:0.0004s ]
SQL: SELECT COUNT(*) AS tp_count FROM `collect` WHERE `user_id` = 3 AND `state` = 1 LIMIT 1   [ RunTime:0.0003s ]
SQL: UPDATE `commodity` SET `hintNum`=hintNum+1 WHERE ( commodity_id=20 ) [ RunTime:0.0701s ]
INFO: [ view_parse ] --START--
INFO: [ template_filter ] --START--
INFO: Run Behavior\ContentReplaceBehavior [ RunTime:0.000445s ]
INFO: [ template_filter ] --END-- [ RunTime:0.000531s ]
NOTIC: [8] Undefined index: type F:\wamp\www\ChildrenPlatform\Application\Runtime\Cache\Home\d64d5a7196d6a3879c1a299f10bbb347.php 第 1083 行.
NOTIC: [8] Undefined index: type F:\wamp\www\ChildrenPlatform\Application\Runtime\Cache\Home\d64d5a7196d6a3879c1a299f10bbb347.php 第 1088 行.
NOTIC: [8] Undefined index: type F:\wamp\www\ChildrenPlatform\Application\Runtime\Cache\Home\d64d5a7196d6a3879c1a299f10bbb347.php 第 1088 行.
NOTIC: [8] Undefined index: type F:\wamp\www\ChildrenPlatform\Application\Runtime\Cache\Home\d64d5a7196d6a3879c1a299f10bbb347.php 第 1088 行.
NOTIC: [8] Use of undefined constant voo - assumed 'voo' F:\wamp\www\ChildrenPlatform\Application\Runtime\Cache\Home\d64d5a7196d6a3879c1a299f10bbb347.php 第 1164 行.
NOTIC: [8] Use of undefined constant voo - assumed 'voo' F:\wamp\www\ChildrenPlatform\Application\Runtime\Cache\Home\d64d5a7196d6a3879c1a299f10bbb347.php 第 1164 行.
NOTIC: [8] Use of undefined constant voo - assumed 'voo' F:\wamp\www\ChildrenPlatform\Application\Runtime\Cache\Home\d64d5a7196d6a3879c1a299f10bbb347.php 第 1164 行.
NOTIC: [8] Use of undefined constant voo - assumed 'voo' F:\wamp\www\ChildrenPlatform\Application\Runtime\Cache\Home\d64d5a7196d6a3879c1a299f10bbb347.php 第 1164 行.
NOTIC: [8] Use of undefined constant voo - assumed 'voo' F:\wamp\www\ChildrenPlatform\Application\Runtime\Cache\Home\d64d5a7196d6a3879c1a299f10bbb347.php 第 1164 行.
NOTIC: [8] Use of undefined constant voo - assumed 'voo' F:\wamp\www\ChildrenPlatform\Application\Runtime\Cache\Home\d64d5a7196d6a3879c1a299f10bbb347.php 第 1164 行.
NOTIC: [8] Use of undefined constant voo - assumed 'voo' F:\wamp\www\ChildrenPlatform\Application\Runtime\Cache\Home\d64d5a7196d6a3879c1a299f10bbb347.php 第 1164 行.
NOTIC: [8] Use of undefined constant voo - assumed 'voo' F:\wamp\www\ChildrenPlatform\Application\Runtime\Cache\Home\d64d5a7196d6a3879c1a299f10bbb347.php 第 1164 行.
INFO: Run Behavior\ParseTemplateBehavior [ RunTime:0.039301s ]
INFO: [ view_parse ] --END-- [ RunTime:0.039382s ]
INFO: [ view_filter ] --START--
INFO: Run Behavior\WriteHtmlCacheBehavior [ RunTime:0.000291s ]
INFO: [ view_filter ] --END-- [ RunTime:0.000358s ]
INFO: [ app_end ] --START--
INFO: Run Behavior\ShowPageTraceBehavior [ RunTime:0.000411s ]
INFO: [ app_end ] --END-- [ RunTime:0.000481s ]

[ 2018-04-24T11:02:38+08:00 ] 127.0.0.1 /ChildrenPlatform/Home/Cart/addCart
INFO: [ app_init ] --START--
INFO: Run Behavior\BuildLiteBehavior [ RunTime:0.000028s ]
INFO: [ app_init ] --END-- [ RunTime:0.000571s ]
INFO: [ app_begin ] --START--
INFO: Run Behavior\ReadHtmlCacheBehavior [ RunTime:0.000320s ]
INFO: [ app_begin ] --END-- [ RunTime:0.000418s ]
SQL: SHOW COLUMNS FROM `cart` [ RunTime:0.0211s ]
SQL: SHOW COLUMNS FROM `commodity` [ RunTime:0.0144s ]
SQL: SELECT * FROM `cart` WHERE `commodity_id` = 20 AND `user_id` = 3  [ RunTime:0.0004s ]
SQL: INSERT INTO `cart` (`commodity_id`,`user_id`,`commodity_num`,`shopTime`) VALUES ('20','3','7','2018-04-24 11:02:38') [ RunTime:0.1499s ]
SQL: SELECT * FROM `cart` WHERE ( user_id=3 )  [ RunTime:0.0004s ]
SQL: SELECT * FROM `commodity` WHERE ( commodity_id=35 ) LIMIT 1   [ RunTime:0.0004s ]
SQL: SELECT * FROM `commodity` WHERE ( commodity_id=40 ) LIMIT 1   [ RunTime:0.0004s ]
SQL: SELECT * FROM `commodity` WHERE ( commodity_id=15 ) LIMIT 1   [ RunTime:0.0004s ]
SQL: SELECT * FROM `commodity` WHERE ( commodity_id=39 ) LIMIT 1   [ RunTime:0.0003s ]
SQL: SELECT * FROM `commodity` WHERE ( commodity_id=20 ) LIMIT 1   [ RunTime:0.0003s ]
SQL: SELECT `name` FROM `commodity` WHERE ( commodity_id = 20 ) LIMIT 1   [ RunTime:0.0003s ]
SQL: SELECT `small_pic` FROM `commodity` WHERE ( commodity_id = 20 ) LIMIT 1   [ RunTime:0.0003s ]
SQL: SELECT `price` FROM `commodity` WHERE ( commodity_id = 20 ) LIMIT 1   [ RunTime:0.0003s ]
INFO: [ app_end ] --START--
INFO: Run Behavior\ShowPageTraceBehavior [ RunTime:0.000808s ]
INFO: [ app_end ] --END-- [ RunTime:0.000924s ]

[ 2018-04-24T11:03:08+08:00 ] 127.0.0.1 /ChildrenPlatform/Home/Cart/deleteCart
INFO: [ app_init ] --START--
INFO: Run Behavior\BuildLiteBehavior [ RunTime:0.000017s ]
INFO: [ app_init ] --END-- [ RunTime:0.000277s ]
INFO: [ app_begin ] --START--
INFO: Run Behavior\ReadHtmlCacheBehavior [ RunTime:0.000311s ]
INFO: [ app_begin ] --END-- [ RunTime:0.000378s ]
SQL: SHOW COLUMNS FROM `cart` [ RunTime:0.0230s ]
SQL: DELETE FROM `cart` WHERE `commodity_id` = 20 AND `user_id` = 3 [ RunTime:0.1407s ]
SQL: SHOW COLUMNS FROM `commodity` [ RunTime:0.0120s ]
SQL: SELECT * FROM `cart` WHERE ( user_id=3 )  [ RunTime:0.0004s ]
SQL: SELECT * FROM `commodity` WHERE ( commodity_id=35 ) LIMIT 1   [ RunTime:0.0004s ]
SQL: SELECT * FROM `commodity` WHERE ( commodity_id=40 ) LIMIT 1   [ RunTime:0.0004s ]
SQL: SELECT * FROM `commodity` WHERE ( commodity_id=15 ) LIMIT 1   [ RunTime:0.0003s ]
SQL: SELECT * FROM `commodity` WHERE ( commodity_id=39 ) LIMIT 1   [ RunTime:0.0004s ]
INFO: [ app_end ] --START--
INFO: Run Behavior\ShowPageTraceBehavior [ RunTime:0.000516s ]
INFO: [ app_end ] --END-- [ RunTime:0.000610s ]

[ 2018-04-24T11:03:11+08:00 ] 127.0.0.1 /ChildrenPlatform/Home/Project/project_detail/id/20.html
INFO: [ app_init ] --START--
INFO: Run Behavior\BuildLiteBehavior [ RunTime:0.000017s ]
INFO: [ app_init ] --END-- [ RunTime:0.000304s ]
INFO: [ app_begin ] --START--
INFO: Run Behavior\ReadHtmlCacheBehavior [ RunTime:0.000350s ]
INFO: [ app_begin ] --END-- [ RunTime:0.000425s ]
SQL: SHOW COLUMNS FROM `commodity` [ RunTime:0.0327s ]
SQL: SHOW COLUMNS FROM `star` [ RunTime:0.0170s ]
SQL: SHOW COLUMNS FROM `subsettype` [ RunTime:0.0116s ]
SQL: SHOW COLUMNS FROM `comment` [ RunTime:0.0101s ]
SQL: SHOW COLUMNS FROM `userinfor` [ RunTime:0.0107s ]
SQL: SHOW COLUMNS FROM `collect` [ RunTime:0.0105s ]
SQL: SHOW COLUMNS FROM `company` [ RunTime:0.0100s ]
SQL: SELECT * FROM `commodity` WHERE ( commodity_id=20 ) LIMIT 1   [ RunTime:0.0007s ]
SQL: SELECT * FROM `star` WHERE `user_id` = 3 AND `commodity_id` = 20  [ RunTime:0.0003s ]
SQL: SELECT `name` FROM `subsettype` WHERE `subsetType_id` = 13 LIMIT 1   [ RunTime:0.0002s ]
SQL: SELECT COUNT(*) AS tp_count FROM `comment` WHERE ( commodity_id=20 ) LIMIT 1   [ RunTime:0.0003s ]
SQL: SELECT `name` FROM `company` WHERE ( company_id = 4 ) LIMIT 1   [ RunTime:0.0001s ]
SQL: SELECT `state` FROM `collect` WHERE `commodity_id` = 20 AND `user_id` = 3 LIMIT 1   [ RunTime:0.0002s ]
SQL: SELECT * FROM `comment` WHERE ( commodity_id=20 ) ORDER BY datetime desc  [ RunTime:0.0002s ]
SQL: SELECT * FROM `commodity` WHERE `commodity_id` <> '20' ORDER BY hintNum desc LIMIT 4   [ RunTime:0.0003s ]
SQL: SELECT `state` FROM `collect` WHERE `commodity_id` = 22 AND `user_id` = 3  [ RunTime:0.0002s ]
SQL: SELECT `state` FROM `collect` WHERE `commodity_id` = 21 AND `user_id` = 3  [ RunTime:0.0001s ]
SQL: SELECT `state` FROM `collect` WHERE `commodity_id` = 35 AND `user_id` = 3  [ RunTime:0.0002s ]
SQL: SELECT `state` FROM `collect` WHERE `commodity_id` = 12 AND `user_id` = 3  [ RunTime:0.0002s ]
SQL: SHOW COLUMNS FROM `cart` [ RunTime:0.0117s ]
SQL: SELECT * FROM `cart` WHERE ( user_id=3 )  [ RunTime:0.0003s ]
SQL: SELECT * FROM `commodity` WHERE ( commodity_id=35 ) LIMIT 1   [ RunTime:0.0003s ]
SQL: SELECT * FROM `commodity` WHERE ( commodity_id=40 ) LIMIT 1   [ RunTime:0.0002s ]
SQL: SELECT * FROM `commodity` WHERE ( commodity_id=15 ) LIMIT 1   [ RunTime:0.0002s ]
SQL: SELECT * FROM `commodity` WHERE ( commodity_id=39 ) LIMIT 1   [ RunTime:0.0002s ]
SQL: SELECT COUNT(*) AS tp_count FROM `collect` WHERE `user_id` = 3 AND `state` = 1 LIMIT 1   [ RunTime:0.0002s ]
SQL: UPDATE `commodity` SET `hintNum`=hintNum+1 WHERE ( commodity_id=20 ) [ RunTime:0.1608s ]
INFO: [ view_parse ] --START--
INFO: [ template_filter ] --START--
INFO: Run Behavior\ContentReplaceBehavior [ RunTime:0.000386s ]
INFO: [ template_filter ] --END-- [ RunTime:0.000470s ]
NOTIC: [8] Undefined index: type F:\wamp\www\ChildrenPlatform\Application\Runtime\Cache\Home\d64d5a7196d6a3879c1a299f10bbb347.php 第 1083 行.
NOTIC: [8] Undefined index: type F:\wamp\www\ChildrenPlatform\Application\Runtime\Cache\Home\d64d5a7196d6a3879c1a299f10bbb347.php 第 1088 行.
NOTIC: [8] Undefined index: type F:\wamp\www\ChildrenPlatform\Application\Runtime\Cache\Home\d64d5a7196d6a3879c1a299f10bbb347.php 第 1088 行.
NOTIC: [8] Undefined index: type F:\wamp\www\ChildrenPlatform\Application\Runtime\Cache\Home\d64d5a7196d6a3879c1a299f10bbb347.php 第 1088 行.
NOTIC: [8] Use of undefined constant voo - assumed 'voo' F:\wamp\www\ChildrenPlatform\Application\Runtime\Cache\Home\d64d5a7196d6a3879c1a299f10bbb347.php 第 1164 行.
NOTIC: [8] Use of undefined constant voo - assumed 'voo' F:\wamp\www\ChildrenPlatform\Application\Runtime\Cache\Home\d64d5a7196d6a3879c1a299f10bbb347.php 第 1164 行.
NOTIC: [8] Use of undefined constant voo - assumed 'voo' F:\wamp\www\ChildrenPlatform\Application\Runtime\Cache\Home\d64d5a7196d6a3879c1a299f10bbb347.php 第 1164 行.
NOTIC: [8] Use of undefined constant voo - assumed 'voo' F:\wamp\www\ChildrenPlatform\Application\Runtime\Cache\Home\d64d5a7196d6a3879c1a299f10bbb347.php 第 1164 行.
NOTIC: [8] Use of undefined constant voo - assumed 'voo' F:\wamp\www\ChildrenPlatform\Application\Runtime\Cache\Home\d64d5a7196d6a3879c1a299f10bbb347.php 第 1164 行.
NOTIC: [8] Use of undefined constant voo - assumed 'voo' F:\wamp\www\ChildrenPlatform\Application\Runtime\Cache\Home\d64d5a7196d6a3879c1a299f10bbb347.php 第 1164 行.
NOTIC: [8] Use of undefined constant voo - assumed 'voo' F:\wamp\www\ChildrenPlatform\Application\Runtime\Cache\Home\d64d5a7196d6a3879c1a299f10bbb347.php 第 1164 行.
NOTIC: [8] Use of undefined constant voo - assumed 'voo' F:\wamp\www\ChildrenPlatform\Application\Runtime\Cache\Home\d64d5a7196d6a3879c1a299f10bbb347.php 第 1164 行.
INFO: Run Behavior\ParseTemplateBehavior [ RunTime:0.036299s ]
INFO: [ view_parse ] --END-- [ RunTime:0.036416s ]
INFO: [ view_filter ] --START--
INFO: Run Behavior\WriteHtmlCacheBehavior [ RunTime:0.000437s ]
INFO: [ view_filter ] --END-- [ RunTime:0.000542s ]
INFO: [ app_end ] --START--
INFO: Run Behavior\ShowPageTraceBehavior [ RunTime:0.000681s ]
INFO: [ app_end ] --END-- [ RunTime:0.000803s ]

[ 2018-04-24T11:03:19+08:00 ] 127.0.0.1 /ChildrenPlatform/Home/Cart/addCart
INFO: [ app_init ] --START--
INFO: Run Behavior\BuildLiteBehavior [ RunTime:0.000023s ]
INFO: [ app_init ] --END-- [ RunTime:0.000413s ]
INFO: [ app_begin ] --START--
INFO: Run Behavior\ReadHtmlCacheBehavior [ RunTime:0.000554s ]
INFO: [ app_begin ] --END-- [ RunTime:0.000640s ]
SQL: SHOW COLUMNS FROM `cart` [ RunTime:0.0180s ]
SQL: SHOW COLUMNS FROM `commodity` [ RunTime:0.0185s ]
SQL: SELECT * FROM `cart` WHERE `commodity_id` = 20 AND `user_id` = 3  [ RunTime:0.0007s ]
SQL: INSERT INTO `cart` (`commodity_id`,`user_id`,`commodity_num`,`shopTime`) VALUES ('20','3','10','2018-04-24 11:03:19') [ RunTime:0.1377s ]
SQL: SELECT * FROM `cart` WHERE ( user_id=3 )  [ RunTime:0.0008s ]
SQL: SELECT * FROM `commodity` WHERE ( commodity_id=35 ) LIMIT 1   [ RunTime:0.0010s ]
SQL: SELECT * FROM `commodity` WHERE ( commodity_id=40 ) LIMIT 1   [ RunTime:0.0009s ]
SQL: SELECT * FROM `commodity` WHERE ( commodity_id=15 ) LIMIT 1   [ RunTime:0.0007s ]
SQL: SELECT * FROM `commodity` WHERE ( commodity_id=39 ) LIMIT 1   [ RunTime:0.0008s ]
SQL: SELECT * FROM `commodity` WHERE ( commodity_id=20 ) LIMIT 1   [ RunTime:0.0006s ]
SQL: SELECT `name` FROM `commodity` WHERE ( commodity_id = 20 ) LIMIT 1   [ RunTime:0.0007s ]
SQL: SELECT `small_pic` FROM `commodity` WHERE ( commodity_id = 20 ) LIMIT 1   [ RunTime:0.0007s ]
SQL: SELECT `price` FROM `commodity` WHERE ( commodity_id = 20 ) LIMIT 1   [ RunTime:0.0006s ]
INFO: [ app_end ] --START--
INFO: Run Behavior\ShowPageTraceBehavior [ RunTime:0.001145s ]
INFO: [ app_end ] --END-- [ RunTime:0.001328s ]

[ 2018-04-24T11:03:27+08:00 ] 127.0.0.1 /ChildrenPlatform/Home/Cart/deleteCart
INFO: [ app_init ] --START--
INFO: Run Behavior\BuildLiteBehavior [ RunTime:0.000016s ]
INFO: [ app_init ] --END-- [ RunTime:0.000267s ]
INFO: [ app_begin ] --START--
INFO: Run Behavior\ReadHtmlCacheBehavior [ RunTime:0.000315s ]
INFO: [ app_begin ] --END-- [ RunTime:0.000394s ]
SQL: SHOW COLUMNS FROM `cart` [ RunTime:0.0229s ]
SQL: DELETE FROM `cart` WHERE `commodity_id` = 20 AND `user_id` = 3 [ RunTime:0.1626s ]
SQL: SHOW COLUMNS FROM `commodity` [ RunTime:0.0314s ]
SQL: SELECT * FROM `cart` WHERE ( user_id=3 )  [ RunTime:0.0007s ]
SQL: SELECT * FROM `commodity` WHERE ( commodity_id=35 ) LIMIT 1   [ RunTime:0.0008s ]
SQL: SELECT * FROM `commodity` WHERE ( commodity_id=40 ) LIMIT 1   [ RunTime:0.0008s ]
SQL: SELECT * FROM `commodity` WHERE ( commodity_id=15 ) LIMIT 1   [ RunTime:0.0007s ]
SQL: SELECT * FROM `commodity` WHERE ( commodity_id=39 ) LIMIT 1   [ RunTime:0.0007s ]
INFO: [ app_end ] --START--
INFO: Run Behavior\ShowPageTraceBehavior [ RunTime:0.001111s ]
INFO: [ app_end ] --END-- [ RunTime:0.001268s ]

[ 2018-04-24T11:08:21+08:00 ] 127.0.0.1 /ChildrenPlatform/
INFO: [ app_init ] --START--
INFO: Run Behavior\BuildLiteBehavior [ RunTime:0.000047s ]
INFO: [ app_init ] --END-- [ RunTime:0.000616s ]
INFO: [ app_begin ] --START--
INFO: Run Behavior\ReadHtmlCacheBehavior [ RunTime:0.000491s ]
INFO: [ app_begin ] --END-- [ RunTime:0.000634s ]
SQL: SHOW COLUMNS FROM `type` [ RunTime:0.0398s ]
SQL: SHOW COLUMNS FROM `subsettype` [ RunTime:0.0187s ]
SQL: SHOW COLUMNS FROM `company` [ RunTime:0.0156s ]
SQL: SHOW COLUMNS FROM `commodity` [ RunTime:0.0118s ]
SQL: SHOW COLUMNS FROM `collect` [ RunTime:0.0104s ]
SQL: SHOW COLUMNS FROM `search` [ RunTime:0.0100s ]
SQL: SHOW COLUMNS FROM `carousel` [ RunTime:0.0108s ]
SQL: SELECT * FROM `type`  [ RunTime:0.0003s ]
SQL: SELECT * FROM `subsettype` WHERE ( type_id = 1 )  [ RunTime:0.0002s ]
SQL: SELECT * FROM `subsettype` WHERE ( type_id = 2 )  [ RunTime:0.0002s ]
SQL: SELECT * FROM `subsettype` WHERE ( type_id = 3 )  [ RunTime:0.0002s ]
SQL: SELECT * FROM `subsettype` WHERE ( type_id = 4 )  [ RunTime:0.0002s ]
SQL: SELECT * FROM `subsettype` ORDER BY clickNum desc LIMIT 12   [ RunTime:0.0004s ]
SQL: SELECT * FROM `commodity` WHERE `subsetType_id` = 13 AND `state` = 0 ORDER BY hintNum desc LIMIT 8   [ RunTime:0.0004s ]
SQL: SELECT `state` FROM `collect` WHERE `commodity_id` = 20 AND `user_id` = 3  [ RunTime:0.0003s ]
SQL: SELECT `state` FROM `collect` WHERE `commodity_id` = 40 AND `user_id` = 3  [ RunTime:0.0003s ]
SQL: SELECT `state` FROM `collect` WHERE `commodity_id` = 15 AND `user_id` = 3  [ RunTime:0.0002s ]
SQL: SELECT `state` FROM `collect` WHERE `commodity_id` = 39 AND `user_id` = 3  [ RunTime:0.0002s ]
SQL: SELECT * FROM `commodity` WHERE `subsetType_id` = 12 AND `state` = 0 ORDER BY hintNum desc LIMIT 8   [ RunTime:0.0003s ]
SQL: SELECT `state` FROM `collect` WHERE `commodity_id` = 35 AND `user_id` = 3  [ RunTime:0.0002s ]
SQL: SELECT `state` FROM `collect` WHERE `commodity_id` = 36 AND `user_id` = 3  [ RunTime:0.0002s ]
SQL: SELECT `state` FROM `collect` WHERE `commodity_id` = 37 AND `user_id` = 3  [ RunTime:0.0002s ]
SQL: SELECT * FROM `commodity` WHERE `subsetType_id` = 8 AND `state` = 0 ORDER BY hintNum desc LIMIT 8   [ RunTime:0.0004s ]
SQL: SELECT `state` FROM `collect` WHERE `commodity_id` = 22 AND `user_id` = 3  [ RunTime:0.0002s ]
SQL: SELECT `state` FROM `collect` WHERE `commodity_id` = 21 AND `user_id` = 3  [ RunTime:0.0001s ]
SQL: SELECT `state` FROM `collect` WHERE `commodity_id` = 12 AND `user_id` = 3  [ RunTime:0.0001s ]
SQL: SELECT `state` FROM `collect` WHERE `commodity_id` = 23 AND `user_id` = 3  [ RunTime:0.0001s ]
SQL: SELECT `state` FROM `collect` WHERE `commodity_id` = 13 AND `user_id` = 3  [ RunTime:0.0001s ]
SQL: SELECT * FROM `commodity` WHERE `subsetType_id` = 6 AND `state` = 0 ORDER BY hintNum desc LIMIT 8   [ RunTime:0.0003s ]
SQL: SELECT `state` FROM `collect` WHERE `commodity_id` = 24 AND `user_id` = 3  [ RunTime:0.0003s ]
SQL: SELECT `state` FROM `collect` WHERE `commodity_id` = 14 AND `user_id` = 3  [ RunTime:0.0002s ]
SQL: SELECT * FROM `commodity` WHERE `subsetType_id` = 15 AND `state` = 0 ORDER BY hintNum desc LIMIT 8   [ RunTime:0.0003s ]
SQL: SELECT * FROM `commodity` WHERE `subsetType_id` = 7 AND `state` = 0 ORDER BY hintNum desc LIMIT 8   [ RunTime:0.0002s ]
SQL: SELECT * FROM `commodity` WHERE `subsetType_id` = 9 AND `state` = 0 ORDER BY hintNum desc LIMIT 8   [ RunTime:0.0002s ]
SQL: SELECT `state` FROM `collect` WHERE `commodity_id` = 19 AND `user_id` = 3  [ RunTime:0.0001s ]
SQL: SELECT * FROM `commodity` WHERE `subsetType_id` = 16 AND `state` = 0 ORDER BY hintNum desc LIMIT 8   [ RunTime:0.0003s ]
SQL: SELECT `state` FROM `collect` WHERE `commodity_id` = 33 AND `user_id` = 3  [ RunTime:0.0002s ]
SQL: SELECT `state` FROM `collect` WHERE `commodity_id` = 34 AND `user_id` = 3  [ RunTime:0.0002s ]
SQL: SELECT * FROM `commodity` WHERE `subsetType_id` = 3 AND `state` = 0 ORDER BY hintNum desc LIMIT 8   [ RunTime:0.0004s ]
SQL: SELECT `state` FROM `collect` WHERE `commodity_id` = 30 AND `user_id` = 3  [ RunTime:0.0001s ]
SQL: SELECT `state` FROM `collect` WHERE `commodity_id` = 31 AND `user_id` = 3  [ RunTime:0.0001s ]
SQL: SELECT `state` FROM `collect` WHERE `commodity_id` = 29 AND `user_id` = 3  [ RunTime:0.0001s ]
SQL: SELECT * FROM `commodity` WHERE `subsetType_id` = 14 AND `state` = 0 ORDER BY hintNum desc LIMIT 8   [ RunTime:0.0002s ]
SQL: SELECT `state` FROM `collect` WHERE `commodity_id` = 41 AND `user_id` = 3  [ RunTime:0.0002s ]
SQL: SELECT * FROM `commodity` WHERE `subsetType_id` = 10 AND `state` = 0 ORDER BY hintNum desc LIMIT 8   [ RunTime:0.0004s ]
SQL: SELECT `state` FROM `collect` WHERE `commodity_id` = 32 AND `user_id` = 3  [ RunTime:0.0002s ]
SQL: SELECT * FROM `commodity` WHERE `subsetType_id` = 5 AND `state` = 0 ORDER BY hintNum desc LIMIT 8   [ RunTime:0.0002s ]
SQL: SELECT * FROM `search` ORDER BY time desc LIMIT 8   [ RunTime:0.0002s ]
SQL: SELECT * FROM `commodity` WHERE ( state = 0 ) ORDER BY hintNum desc LIMIT 3   [ RunTime:0.0005s ]
SQL: SELECT * FROM `carousel` WHERE ( state = 0 ) ORDER BY hintNum desc LIMIT 4   [ RunTime:0.0003s ]
SQL: SHOW COLUMNS FROM `cart` [ RunTime:0.0110s ]
SQL: SELECT * FROM `cart` WHERE ( user_id=3 )  [ RunTime:0.0004s ]
SQL: SELECT * FROM `commodity` WHERE ( commodity_id=35 ) LIMIT 1   [ RunTime:0.0004s ]
SQL: SELECT * FROM `commodity` WHERE ( commodity_id=40 ) LIMIT 1   [ RunTime:0.0003s ]
SQL: SELECT * FROM `commodity` WHERE ( commodity_id=15 ) LIMIT 1   [ RunTime:0.0003s ]
SQL: SELECT * FROM `commodity` WHERE ( commodity_id=39 ) LIMIT 1   [ RunTime:0.0003s ]
SQL: SELECT COUNT(*) AS tp_count FROM `collect` WHERE `user_id` = 3 AND `state` = 1 LIMIT 1   [ RunTime:0.0003s ]
INFO: [ view_parse ] --START--
INFO: [ template_filter ] --START--
INFO: Run Behavior\ContentReplaceBehavior [ RunTime:0.000450s ]
INFO: [ template_filter ] --END-- [ RunTime:0.000536s ]
NOTIC: [8] Use of undefined constant voo - assumed 'voo' F:\wamp\www\ChildrenPlatform\Application\Runtime\Cache\Home\2a94b8bda04ff446dcedd42276fc99ee.php 第 922 行.
NOTIC: [8] Use of undefined constant voo - assumed 'voo' F:\wamp\www\ChildrenPlatform\Application\Runtime\Cache\Home\2a94b8bda04ff446dcedd42276fc99ee.php 第 922 行.
NOTIC: [8] Undefined index: subsetType_id F:\wamp\www\ChildrenPlatform\Application\Runtime\Cache\Home\2a94b8bda04ff446dcedd42276fc99ee.php 第 923 行.
NOTIC: [8] Undefined index: subsetType_id F:\wamp\www\ChildrenPlatform\Application\Runtime\Cache\Home\2a94b8bda04ff446dcedd42276fc99ee.php 第 923 行.
NOTIC: [8] Undefined index: subsetType_id F:\wamp\www\ChildrenPlatform\Application\Runtime\Cache\Home\2a94b8bda04ff446dcedd42276fc99ee.php 第 923 行.
NOTIC: [8] Undefined index: subsetType_id F:\wamp\www\ChildrenPlatform\Application\Runtime\Cache\Home\2a94b8bda04ff446dcedd42276fc99ee.php 第 923 行.
NOTIC: [8] Use of undefined constant voo - assumed 'voo' F:\wamp\www\ChildrenPlatform\Application\Runtime\Cache\Home\2a94b8bda04ff446dcedd42276fc99ee.php 第 922 行.
NOTIC: [8] Use of undefined constant voo - assumed 'voo' F:\wamp\www\ChildrenPlatform\Application\Runtime\Cache\Home\2a94b8bda04ff446dcedd42276fc99ee.php 第 922 行.
NOTIC: [8] Undefined index: subsetType_id F:\wamp\www\ChildrenPlatform\Application\Runtime\Cache\Home\2a94b8bda04ff446dcedd42276fc99ee.php 第 923 行.
NOTIC: [8] Undefined index: subsetType_id F:\wamp\www\ChildrenPlatform\Application\Runtime\Cache\Home\2a94b8bda04ff446dcedd42276fc99ee.php 第 923 行.
NOTIC: [8] Undefined index: subsetType_id F:\wamp\www\ChildrenPlatform\Application\Runtime\Cache\Home\2a94b8bda04ff446dcedd42276fc99ee.php 第 923 行.
NOTIC: [8] Undefined index: subsetType_id F:\wamp\www\ChildrenPlatform\Application\Runtime\Cache\Home\2a94b8bda04ff446dcedd42276fc99ee.php 第 923 行.
NOTIC: [8] Undefined index: subsetType_id F:\wamp\www\ChildrenPlatform\Application\Runtime\Cache\Home\2a94b8bda04ff446dcedd42276fc99ee.php 第 923 行.
NOTIC: [8] Use of undefined constant voo - assumed 'voo' F:\wamp\www\ChildrenPlatform\Application\Runtime\Cache\Home\2a94b8bda04ff446dcedd42276fc99ee.php 第 922 行.
NOTIC: [8] Use of undefined constant voo - assumed 'voo' F:\wamp\www\ChildrenPlatform\Application\Runtime\Cache\Home\2a94b8bda04ff446dcedd42276fc99ee.php 第 922 行.
NOTIC: [8] Undefined index: subsetType_id F:\wamp\www\ChildrenPlatform\Application\Runtime\Cache\Home\2a94b8bda04ff446dcedd42276fc99ee.php 第 923 行.
NOTIC: [8] Undefined index: subsetType_id F:\wamp\www\ChildrenPlatform\Application\Runtime\Cache\Home\2a94b8bda04ff446dcedd42276fc99ee.php 第 923 行.
NOTIC: [8] Undefined index: subsetType_id F:\wamp\www\ChildrenPlatform\Application\Runtime\Cache\Home\2a94b8bda04ff446dcedd42276fc99ee.php 第 923 行.
NOTIC: [8] Undefined index: subsetType_id F:\wamp\www\ChildrenPlatform\Application\Runtime\Cache\Home\2a94b8bda04ff446dcedd42276fc99ee.php 第 923 行.
NOTIC: [8] Use of undefined constant voo - assumed 'voo' F:\wamp\www\ChildrenPlatform\Application\Runtime\Cache\Home\2a94b8bda04ff446dcedd42276fc99ee.php 第 922 行.
NOTIC: [8] Use of undefined constant voo - assumed 'voo' F:\wamp\www\ChildrenPlatform\Application\Runtime\Cache\Home\2a94b8bda04ff446dcedd42276fc99ee.php 第 922 行.
NOTIC: [8] Undefined index: subsetType_id F:\wamp\www\ChildrenPlatform\Application\Runtime\Cache\Home\2a94b8bda04ff446dcedd42276fc99ee.php 第 923 行.
NOTIC: [8] Undefined index: subsetType_id F:\wamp\www\ChildrenPlatform\Application\Runtime\Cache\Home\2a94b8bda04ff446dcedd42276fc99ee.php 第 923 行.
NOTIC: [8] Undefined index: subsetType_id F:\wamp\www\ChildrenPlatform\Application\Runtime\Cache\Home\2a94b8bda04ff446dcedd42276fc99ee.php 第 923 行.
NOTIC: [8] Undefined index: type F:\wamp\www\ChildrenPlatform\Application\Runtime\Cache\Home\2a94b8bda04ff446dcedd42276fc99ee.php 第 1045 行.
NOTIC: [8] Undefined index: type F:\wamp\www\ChildrenPlatform\Application\Runtime\Cache\Home\2a94b8bda04ff446dcedd42276fc99ee.php 第 1050 行.
NOTIC: [8] Undefined index: type F:\wamp\www\ChildrenPlatform\Application\Runtime\Cache\Home\2a94b8bda04ff446dcedd42276fc99ee.php 第 1050 行.
NOTIC: [8] Undefined index: type F:\wamp\www\ChildrenPlatform\Application\Runtime\Cache\Home\2a94b8bda04ff446dcedd42276fc99ee.php 第 1050 行.
NOTIC: [8] Undefined index: type F:\wamp\www\ChildrenPlatform\Application\Runtime\Cache\Home\2a94b8bda04ff446dcedd42276fc99ee.php 第 1050 行.
NOTIC: [8] Use of undefined constant hot_vo - assumed 'hot_vo' F:\wamp\www\ChildrenPlatform\Application\Runtime\Cache\Home\2a94b8bda04ff446dcedd42276fc99ee.php 第 1063 行.
NOTIC: [8] Use of undefined constant hot_vo - assumed 'hot_vo' F:\wamp\www\ChildrenPlatform\Application\Runtime\Cache\Home\2a94b8bda04ff446dcedd42276fc99ee.php 第 1063 行.
NOTIC: [8] Use of undefined constant vo2 - assumed 'vo2' F:\wamp\www\ChildrenPlatform\Application\Runtime\Cache\Home\2a94b8bda04ff446dcedd42276fc99ee.php 第 1126 行.
NOTIC: [8] Use of undefined constant vo2 - assumed 'vo2' F:\wamp\www\ChildrenPlatform\Application\Runtime\Cache\Home\2a94b8bda04ff446dcedd42276fc99ee.php 第 1126 行.
NOTIC: [8] Use of undefined constant vo2 - assumed 'vo2' F:\wamp\www\ChildrenPlatform\Application\Runtime\Cache\Home\2a94b8bda04ff446dcedd42276fc99ee.php 第 1126 行.
NOTIC: [8] Use of undefined constant vo2 - assumed 'vo2' F:\wamp\www\ChildrenPlatform\Application\Runtime\Cache\Home\2a94b8bda04ff446dcedd42276fc99ee.php 第 1126 行.
NOTIC: [8] Use of undefined constant vo2 - assumed 'vo2' F:\wamp\www\ChildrenPlatform\Application\Runtime\Cache\Home\2a94b8bda04ff446dcedd42276fc99ee.php 第 1126 行.
NOTIC: [8] Use of undefined constant vo2 - assumed 'vo2' F:\wamp\www\ChildrenPlatform\Application\Runtime\Cache\Home\2a94b8bda04ff446dcedd42276fc99ee.php 第 1126 行.
NOTIC: [8] Use of undefined constant vo2 - assumed 'vo2' F:\wamp\www\ChildrenPlatform\Application\Runtime\Cache\Home\2a94b8bda04ff446dcedd42276fc99ee.php 第 1126 行.
NOTIC: [8] Use of undefined constant vo2 - assumed 'vo2' F:\wamp\www\ChildrenPlatform\Application\Runtime\Cache\Home\2a94b8bda04ff446dcedd42276fc99ee.php 第 1126 行.
NOTIC: [8] Use of undefined constant hot_vo - assumed 'hot_vo' F:\wamp\www\ChildrenPlatform\Application\Runtime\Cache\Home\2a94b8bda04ff446dcedd42276fc99ee.php 第 1171 行.
NOTIC: [8] Use of undefined constant hot_vo - assumed 'hot_vo' F:\wamp\www\ChildrenPlatform\Application\Runtime\Cache\Home\2a94b8bda04ff446dcedd42276fc99ee.php 第 1171 行.
NOTIC: [8] Use of undefined constant vo2 - assumed 'vo2' F:\wamp\www\ChildrenPlatform\Application\Runtime\Cache\Home\2a94b8bda04ff446dcedd42276fc99ee.php 第 1232 行.
NOTIC: [8] Use of undefined constant vo2 - assumed 'vo2' F:\wamp\www\ChildrenPlatform\Application\Runtime\Cache\Home\2a94b8bda04ff446dcedd42276fc99ee.php 第 1232 行.
NOTIC: [8] Use of undefined constant vo2 - assumed 'vo2' F:\wamp\www\ChildrenPlatform\Application\Runtime\Cache\Home\2a94b8bda04ff446dcedd42276fc99ee.php 第 1232 行.
NOTIC: [8] Use of undefined constant vo2 - assumed 'vo2' F:\wamp\www\ChildrenPlatform\Application\Runtime\Cache\Home\2a94b8bda04ff446dcedd42276fc99ee.php 第 1232 行.
NOTIC: [8] Use of undefined constant vo2 - assumed 'vo2' F:\wamp\www\ChildrenPlatform\Application\Runtime\Cache\Home\2a94b8bda04ff446dcedd42276fc99ee.php 第 1232 行.
NOTIC: [8] Use of undefined constant vo2 - assumed 'vo2' F:\wamp\www\ChildrenPlatform\Application\Runtime\Cache\Home\2a94b8bda04ff446dcedd42276fc99ee.php 第 1232 行.
INFO: Run Behavior\ParseTemplateBehavior [ RunTime:0.058883s ]
INFO: [ view_parse ] --END-- [ RunTime:0.058957s ]
INFO: [ view_filter ] --START--
INFO: Run Behavior\WriteHtmlCacheBehavior [ RunTime:0.000336s ]
INFO: [ view_filter ] --END-- [ RunTime:0.000405s ]
INFO: [ app_end ] --START--
INFO: Run Behavior\ShowPageTraceBehavior [ RunTime:0.000832s ]
INFO: [ app_end ] --END-- [ RunTime:0.000946s ]

