[ 2018-04-25T14:03:04+08:00 ] 127.0.0.1 /ChildrenPlatform/
INFO: [ app_init ] --START--
INFO: Run Behavior\BuildLiteBehavior [ RunTime:0.000023s ]
INFO: [ app_init ] --END-- [ RunTime:0.000336s ]
INFO: [ app_begin ] --START--
INFO: Run Behavior\ReadHtmlCacheBehavior [ RunTime:0.009172s ]
INFO: [ app_begin ] --END-- [ RunTime:0.009268s ]
SQL: SHOW COLUMNS FROM `type` [ RunTime:0.0138s ]
SQL: SHOW COLUMNS FROM `subsettype` [ RunTime:0.0137s ]
SQL: SHOW COLUMNS FROM `company` [ RunTime:0.0403s ]
SQL: SHOW COLUMNS FROM `commodity` [ RunTime:0.0131s ]
SQL: SHOW COLUMNS FROM `collect` [ RunTime:0.0112s ]
SQL: SHOW COLUMNS FROM `search` [ RunTime:0.0355s ]
SQL: SHOW COLUMNS FROM `carousel` [ RunTime:0.0342s ]
SQL: SELECT * FROM `type`  [ RunTime:0.0004s ]
SQL: SELECT * FROM `subsettype` WHERE ( type_id = 1 )  [ RunTime:0.0005s ]
SQL: SELECT * FROM `subsettype` WHERE ( type_id = 2 )  [ RunTime:0.0005s ]
SQL: SELECT * FROM `subsettype` WHERE ( type_id = 3 )  [ RunTime:0.0003s ]
SQL: SELECT * FROM `subsettype` WHERE ( type_id = 4 )  [ RunTime:0.0006s ]
SQL: SELECT * FROM `subsettype` ORDER BY clickNum desc LIMIT 12   [ RunTime:0.0004s ]
SQL: SELECT * FROM `commodity` WHERE `subsetType_id` = 13 AND `state` = 0 ORDER BY hintNum desc LIMIT 8   [ RunTime:0.0007s ]
SQL: SELECT `state` FROM `collect` WHERE `commodity_id` = 20 AND `user_id` = 0  [ RunTime:0.0005s ]
SQL: SELECT `state` FROM `collect` WHERE `commodity_id` = 40 AND `user_id` = 0  [ RunTime:0.0003s ]
SQL: SELECT `state` FROM `collect` WHERE `commodity_id` = 15 AND `user_id` = 0  [ RunTime:0.0003s ]
SQL: SELECT `state` FROM `collect` WHERE `commodity_id` = 39 AND `user_id` = 0  [ RunTime:0.0003s ]
SQL: SELECT * FROM `commodity` WHERE `subsetType_id` = 12 AND `state` = 0 ORDER BY hintNum desc LIMIT 8   [ RunTime:0.0005s ]
SQL: SELECT `state` FROM `collect` WHERE `commodity_id` = 35 AND `user_id` = 0  [ RunTime:0.0003s ]
SQL: SELECT `state` FROM `collect` WHERE `commodity_id` = 36 AND `user_id` = 0  [ RunTime:0.0003s ]
SQL: SELECT `state` FROM `collect` WHERE `commodity_id` = 37 AND `user_id` = 0  [ RunTime:0.0003s ]
SQL: SELECT * FROM `commodity` WHERE `subsetType_id` = 8 AND `state` = 0 ORDER BY hintNum desc LIMIT 8   [ RunTime:0.0005s ]
SQL: SELECT `state` FROM `collect` WHERE `commodity_id` = 22 AND `user_id` = 0  [ RunTime:0.0003s ]
SQL: SELECT `state` FROM `collect` WHERE `commodity_id` = 21 AND `user_id` = 0  [ RunTime:0.0003s ]
SQL: SELECT `state` FROM `collect` WHERE `commodity_id` = 12 AND `user_id` = 0  [ RunTime:0.0003s ]
SQL: SELECT `state` FROM `collect` WHERE `commodity_id` = 23 AND `user_id` = 0  [ RunTime:0.0002s ]
SQL: SELECT `state` FROM `collect` WHERE `commodity_id` = 13 AND `user_id` = 0  [ RunTime:0.0002s ]
SQL: SELECT * FROM `commodity` WHERE `subsetType_id` = 6 AND `state` = 0 ORDER BY hintNum desc LIMIT 8   [ RunTime:0.0003s ]
SQL: SELECT `state` FROM `collect` WHERE `commodity_id` = 24 AND `user_id` = 0  [ RunTime:0.0003s ]
SQL: SELECT `state` FROM `collect` WHERE `commodity_id` = 14 AND `user_id` = 0  [ RunTime:0.0003s ]
SQL: SELECT * FROM `commodity` WHERE `subsetType_id` = 15 AND `state` = 0 ORDER BY hintNum desc LIMIT 8   [ RunTime:0.0004s ]
SQL: SELECT * FROM `commodity` WHERE `subsetType_id` = 7 AND `state` = 0 ORDER BY hintNum desc LIMIT 8   [ RunTime:0.0004s ]
SQL: SELECT * FROM `commodity` WHERE `subsetType_id` = 9 AND `state` = 0 ORDER BY hintNum desc LIMIT 8   [ RunTime:0.0005s ]
SQL: SELECT `state` FROM `collect` WHERE `commodity_id` = 19 AND `user_id` = 0  [ RunTime:0.0003s ]
SQL: SELECT * FROM `commodity` WHERE `subsetType_id` = 16 AND `state` = 0 ORDER BY hintNum desc LIMIT 8   [ RunTime:0.0005s ]
SQL: SELECT `state` FROM `collect` WHERE `commodity_id` = 33 AND `user_id` = 0  [ RunTime:0.0004s ]
SQL: SELECT `state` FROM `collect` WHERE `commodity_id` = 34 AND `user_id` = 0  [ RunTime:0.0003s ]
SQL: SELECT * FROM `commodity` WHERE `subsetType_id` = 3 AND `state` = 0 ORDER BY hintNum desc LIMIT 8   [ RunTime:0.0005s ]
SQL: SELECT `state` FROM `collect` WHERE `commodity_id` = 30 AND `user_id` = 0  [ RunTime:0.0003s ]
SQL: SELECT `state` FROM `collect` WHERE `commodity_id` = 31 AND `user_id` = 0  [ RunTime:0.0003s ]
SQL: SELECT `state` FROM `collect` WHERE `commodity_id` = 29 AND `user_id` = 0  [ RunTime:0.0003s ]
SQL: SELECT * FROM `commodity` WHERE `subsetType_id` = 14 AND `state` = 0 ORDER BY hintNum desc LIMIT 8   [ RunTime:0.0004s ]
SQL: SELECT `state` FROM `collect` WHERE `commodity_id` = 41 AND `user_id` = 0  [ RunTime:0.0002s ]
SQL: SELECT * FROM `commodity` WHERE `subsetType_id` = 10 AND `state` = 0 ORDER BY hintNum desc LIMIT 8   [ RunTime:0.0004s ]
SQL: SELECT `state` FROM `collect` WHERE `commodity_id` = 32 AND `user_id` = 0  [ RunTime:0.0002s ]
SQL: SELECT * FROM `commodity` WHERE `subsetType_id` = 5 AND `state` = 0 ORDER BY hintNum desc LIMIT 8   [ RunTime:0.0003s ]
SQL: SELECT * FROM `search` ORDER BY time desc LIMIT 8   [ RunTime:0.0003s ]
SQL: SELECT * FROM `commodity` WHERE ( state = 0 ) ORDER BY hintNum desc LIMIT 3   [ RunTime:0.0004s ]
SQL: SELECT * FROM `carousel` WHERE ( state = 0 ) ORDER BY hintNum desc LIMIT 4   [ RunTime:0.0004s ]
INFO: [ view_parse ] --START--
INFO: [ template_filter ] --START--
INFO: Run Behavior\ContentReplaceBehavior [ RunTime:0.000611s ]
INFO: [ template_filter ] --END-- [ RunTime:0.000740s ]
NOTIC: [8] Undefined index: user_id F:\wamp\www\ChildrenPlatform\Application\Runtime\Cache\Home\2a94b8bda04ff446dcedd42276fc99ee.php 第 70 行.
NOTIC: [8] Undefined index: user_id F:\wamp\www\ChildrenPlatform\Application\Runtime\Cache\Home\2a94b8bda04ff446dcedd42276fc99ee.php 第 764 行.
NOTIC: [8] Undefined index: user_id F:\wamp\www\ChildrenPlatform\Application\Runtime\Cache\Home\2a94b8bda04ff446dcedd42276fc99ee.php 第 771 行.
NOTIC: [8] Use of undefined constant voo - assumed 'voo' F:\wamp\www\ChildrenPlatform\Application\Runtime\Cache\Home\2a94b8bda04ff446dcedd42276fc99ee.php 第 922 行.
NOTIC: [8] Use of undefined constant voo - assumed 'voo' F:\wamp\www\ChildrenPlatform\Application\Runtime\Cache\Home\2a94b8bda04ff446dcedd42276fc99ee.php 第 922 行.
NOTIC: [8] Undefined index: subsetType_id F:\wamp\www\ChildrenPlatform\Application\Runtime\Cache\Home\2a94b8bda04ff446dcedd42276fc99ee.php 第 923 行.
NOTIC: [8] Undefined index: subsetType_id F:\wamp\www\ChildrenPlatform\Application\Runtime\Cache\Home\2a94b8bda04ff446dcedd42276fc99ee.php 第 923 行.
NOTIC: [8] Undefined index: subsetType_id F:\wamp\www\ChildrenPlatform\Application\Runtime\Cache\Home\2a94b8bda04ff446dcedd42276fc99ee.php 第 923 行.
NOTIC: [8] Undefined index: subsetType_id F:\wamp\www\ChildrenPlatform\Application\Runtime\Cache\Home\2a94b8bda04ff446dcedd42276fc99ee.php 第 923 行.
NOTIC: [8] Use of undefined constant voo - assumed 'voo' F:\wamp\www\ChildrenPlatform\Application\Runtime\Cache\Home\2a94b8bda04ff446dcedd42276fc99ee.php 第 922 行.
NOTIC: [8] Use of undefined constant voo - assumed 'voo' F:\wamp\www\ChildrenPlatform\Application\Runtime\Cache\Home\2a94b8bda04ff446dcedd42276fc99ee.php 第 922 行.
NOTIC: [8] Undefined index: subsetType_id F:\wamp\www\ChildrenPlatform\Application\Runtime\Cache\Home\2a94b8bda04ff446dcedd42276fc99ee.php 第 923 行.
NOTIC: [8] Undefined index: subsetType_id F:\wamp\www\ChildrenPlatform\Application\Runtime\Cache\Home\2a94b8bda04ff446dcedd42276fc99ee.php 第 923 行.
NOTIC: [8] Undefined index: subsetType_id F:\wamp\www\ChildrenPlatform\Application\Runtime\Cache\Home\2a94b8bda04ff446dcedd42276fc99ee.php 第 923 行.
NOTIC: [8] Undefined index: subsetType_id F:\wamp\www\ChildrenPlatform\Application\Runtime\Cache\Home\2a94b8bda04ff446dcedd42276fc99ee.php 第 923 行.
NOTIC: [8] Undefined index: subsetType_id F:\wamp\www\ChildrenPlatform\Application\Runtime\Cache\Home\2a94b8bda04ff446dcedd42276fc99ee.php 第 923 行.
NOTIC: [8] Use of undefined constant voo - assumed 'voo' F:\wamp\www\ChildrenPlatform\Application\Runtime\Cache\Home\2a94b8bda04ff446dcedd42276fc99ee.php 第 922 行.
NOTIC: [8] Use of undefined constant voo - assumed 'voo' F:\wamp\www\ChildrenPlatform\Application\Runtime\Cache\Home\2a94b8bda04ff446dcedd42276fc99ee.php 第 922 行.
NOTIC: [8] Undefined index: subsetType_id F:\wamp\www\ChildrenPlatform\Application\Runtime\Cache\Home\2a94b8bda04ff446dcedd42276fc99ee.php 第 923 行.
NOTIC: [8] Undefined index: subsetType_id F:\wamp\www\ChildrenPlatform\Application\Runtime\Cache\Home\2a94b8bda04ff446dcedd42276fc99ee.php 第 923 行.
NOTIC: [8] Undefined index: subsetType_id F:\wamp\www\ChildrenPlatform\Application\Runtime\Cache\Home\2a94b8bda04ff446dcedd42276fc99ee.php 第 923 行.
NOTIC: [8] Undefined index: subsetType_id F:\wamp\www\ChildrenPlatform\Application\Runtime\Cache\Home\2a94b8bda04ff446dcedd42276fc99ee.php 第 923 行.
NOTIC: [8] Use of undefined constant voo - assumed 'voo' F:\wamp\www\ChildrenPlatform\Application\Runtime\Cache\Home\2a94b8bda04ff446dcedd42276fc99ee.php 第 922 行.
NOTIC: [8] Use of undefined constant voo - assumed 'voo' F:\wamp\www\ChildrenPlatform\Application\Runtime\Cache\Home\2a94b8bda04ff446dcedd42276fc99ee.php 第 922 行.
NOTIC: [8] Undefined index: subsetType_id F:\wamp\www\ChildrenPlatform\Application\Runtime\Cache\Home\2a94b8bda04ff446dcedd42276fc99ee.php 第 923 行.
NOTIC: [8] Undefined index: subsetType_id F:\wamp\www\ChildrenPlatform\Application\Runtime\Cache\Home\2a94b8bda04ff446dcedd42276fc99ee.php 第 923 行.
NOTIC: [8] Undefined index: subsetType_id F:\wamp\www\ChildrenPlatform\Application\Runtime\Cache\Home\2a94b8bda04ff446dcedd42276fc99ee.php 第 923 行.
NOTIC: [8] Undefined index: type F:\wamp\www\ChildrenPlatform\Application\Runtime\Cache\Home\2a94b8bda04ff446dcedd42276fc99ee.php 第 1045 行.
NOTIC: [8] Undefined index: type F:\wamp\www\ChildrenPlatform\Application\Runtime\Cache\Home\2a94b8bda04ff446dcedd42276fc99ee.php 第 1050 行.
NOTIC: [8] Undefined index: type F:\wamp\www\ChildrenPlatform\Application\Runtime\Cache\Home\2a94b8bda04ff446dcedd42276fc99ee.php 第 1050 行.
NOTIC: [8] Undefined index: type F:\wamp\www\ChildrenPlatform\Application\Runtime\Cache\Home\2a94b8bda04ff446dcedd42276fc99ee.php 第 1050 行.
NOTIC: [8] Undefined index: type F:\wamp\www\ChildrenPlatform\Application\Runtime\Cache\Home\2a94b8bda04ff446dcedd42276fc99ee.php 第 1050 行.
NOTIC: [8] Use of undefined constant hot_vo - assumed 'hot_vo' F:\wamp\www\ChildrenPlatform\Application\Runtime\Cache\Home\2a94b8bda04ff446dcedd42276fc99ee.php 第 1063 行.
NOTIC: [8] Use of undefined constant hot_vo - assumed 'hot_vo' F:\wamp\www\ChildrenPlatform\Application\Runtime\Cache\Home\2a94b8bda04ff446dcedd42276fc99ee.php 第 1063 行.
NOTIC: [8] Use of undefined constant vo2 - assumed 'vo2' F:\wamp\www\ChildrenPlatform\Application\Runtime\Cache\Home\2a94b8bda04ff446dcedd42276fc99ee.php 第 1126 行.
NOTIC: [8] Use of undefined constant vo2 - assumed 'vo2' F:\wamp\www\ChildrenPlatform\Application\Runtime\Cache\Home\2a94b8bda04ff446dcedd42276fc99ee.php 第 1126 行.
NOTIC: [8] Use of undefined constant vo2 - assumed 'vo2' F:\wamp\www\ChildrenPlatform\Application\Runtime\Cache\Home\2a94b8bda04ff446dcedd42276fc99ee.php 第 1126 行.
NOTIC: [8] Use of undefined constant vo2 - assumed 'vo2' F:\wamp\www\ChildrenPlatform\Application\Runtime\Cache\Home\2a94b8bda04ff446dcedd42276fc99ee.php 第 1126 行.
NOTIC: [8] Use of undefined constant vo2 - assumed 'vo2' F:\wamp\www\ChildrenPlatform\Application\Runtime\Cache\Home\2a94b8bda04ff446dcedd42276fc99ee.php 第 1126 行.
NOTIC: [8] Use of undefined constant vo2 - assumed 'vo2' F:\wamp\www\ChildrenPlatform\Application\Runtime\Cache\Home\2a94b8bda04ff446dcedd42276fc99ee.php 第 1126 行.
NOTIC: [8] Use of undefined constant vo2 - assumed 'vo2' F:\wamp\www\ChildrenPlatform\Application\Runtime\Cache\Home\2a94b8bda04ff446dcedd42276fc99ee.php 第 1126 行.
NOTIC: [8] Use of undefined constant vo2 - assumed 'vo2' F:\wamp\www\ChildrenPlatform\Application\Runtime\Cache\Home\2a94b8bda04ff446dcedd42276fc99ee.php 第 1126 行.
NOTIC: [8] Use of undefined constant hot_vo - assumed 'hot_vo' F:\wamp\www\ChildrenPlatform\Application\Runtime\Cache\Home\2a94b8bda04ff446dcedd42276fc99ee.php 第 1171 行.
NOTIC: [8] Use of undefined constant hot_vo - assumed 'hot_vo' F:\wamp\www\ChildrenPlatform\Application\Runtime\Cache\Home\2a94b8bda04ff446dcedd42276fc99ee.php 第 1171 行.
NOTIC: [8] Use of undefined constant vo2 - assumed 'vo2' F:\wamp\www\ChildrenPlatform\Application\Runtime\Cache\Home\2a94b8bda04ff446dcedd42276fc99ee.php 第 1232 行.
NOTIC: [8] Use of undefined constant vo2 - assumed 'vo2' F:\wamp\www\ChildrenPlatform\Application\Runtime\Cache\Home\2a94b8bda04ff446dcedd42276fc99ee.php 第 1232 行.
NOTIC: [8] Use of undefined constant vo2 - assumed 'vo2' F:\wamp\www\ChildrenPlatform\Application\Runtime\Cache\Home\2a94b8bda04ff446dcedd42276fc99ee.php 第 1232 行.
NOTIC: [8] Use of undefined constant vo2 - assumed 'vo2' F:\wamp\www\ChildrenPlatform\Application\Runtime\Cache\Home\2a94b8bda04ff446dcedd42276fc99ee.php 第 1232 行.
NOTIC: [8] Use of undefined constant vo2 - assumed 'vo2' F:\wamp\www\ChildrenPlatform\Application\Runtime\Cache\Home\2a94b8bda04ff446dcedd42276fc99ee.php 第 1232 行.
NOTIC: [8] Use of undefined constant vo2 - assumed 'vo2' F:\wamp\www\ChildrenPlatform\Application\Runtime\Cache\Home\2a94b8bda04ff446dcedd42276fc99ee.php 第 1232 行.
INFO: Run Behavior\ParseTemplateBehavior [ RunTime:0.138764s ]
INFO: [ view_parse ] --END-- [ RunTime:0.138893s ]
INFO: [ view_filter ] --START--
INFO: Run Behavior\WriteHtmlCacheBehavior [ RunTime:0.000729s ]
INFO: [ view_filter ] --END-- [ RunTime:0.000807s ]
INFO: [ app_end ] --START--
INFO: Run Behavior\ShowPageTraceBehavior [ RunTime:0.000777s ]
INFO: [ app_end ] --END-- [ RunTime:0.000924s ]

[ 2018-04-25T14:03:17+08:00 ] 127.0.0.1 /ChildrenPlatform/Home/Index/login
INFO: [ app_init ] --START--
INFO: Run Behavior\BuildLiteBehavior [ RunTime:0.000062s ]
INFO: [ app_init ] --END-- [ RunTime:0.000803s ]
INFO: [ app_begin ] --START--
INFO: Run Behavior\ReadHtmlCacheBehavior [ RunTime:0.000577s ]
INFO: [ app_begin ] --END-- [ RunTime:0.000673s ]
SQL: SHOW COLUMNS FROM `users` [ RunTime:0.0426s ]
SQL: SHOW COLUMNS FROM `userinfor` [ RunTime:0.0191s ]
SQL: SELECT `user_id` FROM `users` WHERE `telephone` = '17640410053' AND `password` = '73b07d76fa37bebacc35c43f03bd6231' LIMIT 1   [ RunTime:0.0008s ]
SQL: SELECT `telephone` FROM `users` WHERE `telephone` = '17640410053' AND `password` = '73b07d76fa37bebacc35c43f03bd6231' LIMIT 1   [ RunTime:0.0007s ]
SQL: SELECT `state` FROM `users` WHERE `telephone` = '17640410053' AND `password` = '73b07d76fa37bebacc35c43f03bd6231' LIMIT 1   [ RunTime:0.0006s ]
SQL: SELECT `username` FROM `userinfor` WHERE ( telephone = 17640410053 ) LIMIT 1   [ RunTime:0.1184s ]
NOTIC: [2] Illegal offset type in isset or empty F:\wamp\www\ChildrenPlatform\ThinkPHP\Library\Think\Model.class.php 第 445 行.
SQL: UPDATE `users` SET `loginNum`=loginNum+1 WHERE `telephone` = '17640410053' AND `password` = '73b07d76fa37bebacc35c43f03bd6231' [ RunTime:0.1192s ]
NOTIC: [2] Illegal offset type in isset or empty F:\wamp\www\ChildrenPlatform\ThinkPHP\Library\Think\Model.class.php 第 445 行.
SQL: UPDATE `users` SET `loginTime`='2018-04-25 14:03:17',`loginIp`='127.0.0.1' WHERE `telephone` = '17640410053' AND `password` = '73b07d76fa37bebacc35c43f03bd6231' [ RunTime:0.0808s ]
NOTIC: [8] Use of undefined constant json - assumed 'json' F:\wamp\www\ChildrenPlatform\Application\Home\Controller\IndexController.class.php 第 119 行.

[ 2018-04-25T14:03:18+08:00 ] 127.0.0.1 /ChildrenPlatform/
INFO: [ app_init ] --START--
INFO: Run Behavior\BuildLiteBehavior [ RunTime:0.000036s ]
INFO: [ app_init ] --END-- [ RunTime:0.000541s ]
INFO: [ app_begin ] --START--
INFO: Run Behavior\ReadHtmlCacheBehavior [ RunTime:0.000415s ]
INFO: [ app_begin ] --END-- [ RunTime:0.000507s ]
SQL: SHOW COLUMNS FROM `type` [ RunTime:0.0408s ]
SQL: SHOW COLUMNS FROM `subsettype` [ RunTime:0.0163s ]
SQL: SHOW COLUMNS FROM `company` [ RunTime:0.0150s ]
SQL: SHOW COLUMNS FROM `commodity` [ RunTime:0.0108s ]
SQL: SHOW COLUMNS FROM `collect` [ RunTime:0.0101s ]
SQL: SHOW COLUMNS FROM `search` [ RunTime:0.0102s ]
SQL: SHOW COLUMNS FROM `carousel` [ RunTime:0.0107s ]
SQL: SELECT * FROM `type`  [ RunTime:0.0003s ]
SQL: SELECT * FROM `subsettype` WHERE ( type_id = 1 )  [ RunTime:0.0003s ]
SQL: SELECT * FROM `subsettype` WHERE ( type_id = 2 )  [ RunTime:0.0003s ]
SQL: SELECT * FROM `subsettype` WHERE ( type_id = 3 )  [ RunTime:0.0002s ]
SQL: SELECT * FROM `subsettype` WHERE ( type_id = 4 )  [ RunTime:0.0003s ]
SQL: SELECT * FROM `subsettype` ORDER BY clickNum desc LIMIT 12   [ RunTime:0.0004s ]
SQL: SELECT * FROM `commodity` WHERE `subsetType_id` = 13 AND `state` = 0 ORDER BY hintNum desc LIMIT 8   [ RunTime:0.0004s ]
SQL: SELECT `state` FROM `collect` WHERE `commodity_id` = 20 AND `user_id` = 3  [ RunTime:0.0003s ]
SQL: SELECT `state` FROM `collect` WHERE `commodity_id` = 40 AND `user_id` = 3  [ RunTime:0.0002s ]
SQL: SELECT `state` FROM `collect` WHERE `commodity_id` = 15 AND `user_id` = 3  [ RunTime:0.0003s ]
SQL: SELECT `state` FROM `collect` WHERE `commodity_id` = 39 AND `user_id` = 3  [ RunTime:0.0003s ]
SQL: SELECT * FROM `commodity` WHERE `subsetType_id` = 12 AND `state` = 0 ORDER BY hintNum desc LIMIT 8   [ RunTime:0.0003s ]
SQL: SELECT `state` FROM `collect` WHERE `commodity_id` = 35 AND `user_id` = 3  [ RunTime:0.0002s ]
SQL: SELECT `state` FROM `collect` WHERE `commodity_id` = 36 AND `user_id` = 3  [ RunTime:0.0003s ]
SQL: SELECT `state` FROM `collect` WHERE `commodity_id` = 37 AND `user_id` = 3  [ RunTime:0.0002s ]
SQL: SELECT * FROM `commodity` WHERE `subsetType_id` = 8 AND `state` = 0 ORDER BY hintNum desc LIMIT 8   [ RunTime:0.0004s ]
SQL: SELECT `state` FROM `collect` WHERE `commodity_id` = 22 AND `user_id` = 3  [ RunTime:0.0002s ]
SQL: SELECT `state` FROM `collect` WHERE `commodity_id` = 21 AND `user_id` = 3  [ RunTime:0.0003s ]
SQL: SELECT `state` FROM `collect` WHERE `commodity_id` = 12 AND `user_id` = 3  [ RunTime:0.0002s ]
SQL: SELECT `state` FROM `collect` WHERE `commodity_id` = 23 AND `user_id` = 3  [ RunTime:0.0002s ]
SQL: SELECT `state` FROM `collect` WHERE `commodity_id` = 13 AND `user_id` = 3  [ RunTime:0.0002s ]
SQL: SELECT * FROM `commodity` WHERE `subsetType_id` = 6 AND `state` = 0 ORDER BY hintNum desc LIMIT 8   [ RunTime:0.0004s ]
SQL: SELECT `state` FROM `collect` WHERE `commodity_id` = 24 AND `user_id` = 3  [ RunTime:0.0003s ]
SQL: SELECT `state` FROM `collect` WHERE `commodity_id` = 14 AND `user_id` = 3  [ RunTime:0.0003s ]
SQL: SELECT * FROM `commodity` WHERE `subsetType_id` = 15 AND `state` = 0 ORDER BY hintNum desc LIMIT 8   [ RunTime:0.0003s ]
SQL: SELECT * FROM `commodity` WHERE `subsetType_id` = 7 AND `state` = 0 ORDER BY hintNum desc LIMIT 8   [ RunTime:0.0003s ]
SQL: SELECT * FROM `commodity` WHERE `subsetType_id` = 9 AND `state` = 0 ORDER BY hintNum desc LIMIT 8   [ RunTime:0.0003s ]
SQL: SELECT `state` FROM `collect` WHERE `commodity_id` = 19 AND `user_id` = 3  [ RunTime:0.0003s ]
SQL: SELECT * FROM `commodity` WHERE `subsetType_id` = 16 AND `state` = 0 ORDER BY hintNum desc LIMIT 8   [ RunTime:0.0003s ]
SQL: SELECT `state` FROM `collect` WHERE `commodity_id` = 33 AND `user_id` = 3  [ RunTime:0.0004s ]
SQL: SELECT `state` FROM `collect` WHERE `commodity_id` = 34 AND `user_id` = 3  [ RunTime:0.0003s ]
SQL: SELECT * FROM `commodity` WHERE `subsetType_id` = 3 AND `state` = 0 ORDER BY hintNum desc LIMIT 8   [ RunTime:0.0003s ]
SQL: SELECT `state` FROM `collect` WHERE `commodity_id` = 30 AND `user_id` = 3  [ RunTime:0.0002s ]
SQL: SELECT `state` FROM `collect` WHERE `commodity_id` = 31 AND `user_id` = 3  [ RunTime:0.0003s ]
SQL: SELECT `state` FROM `collect` WHERE `commodity_id` = 29 AND `user_id` = 3  [ RunTime:0.0001s ]
SQL: SELECT * FROM `commodity` WHERE `subsetType_id` = 14 AND `state` = 0 ORDER BY hintNum desc LIMIT 8   [ RunTime:0.0003s ]
SQL: SELECT `state` FROM `collect` WHERE `commodity_id` = 41 AND `user_id` = 3  [ RunTime:0.0003s ]
SQL: SELECT * FROM `commodity` WHERE `subsetType_id` = 10 AND `state` = 0 ORDER BY hintNum desc LIMIT 8   [ RunTime:0.0003s ]
SQL: SELECT `state` FROM `collect` WHERE `commodity_id` = 32 AND `user_id` = 3  [ RunTime:0.0002s ]
SQL: SELECT * FROM `commodity` WHERE `subsetType_id` = 5 AND `state` = 0 ORDER BY hintNum desc LIMIT 8   [ RunTime:0.0003s ]
SQL: SELECT * FROM `search` ORDER BY time desc LIMIT 8   [ RunTime:0.0003s ]
SQL: SELECT * FROM `commodity` WHERE ( state = 0 ) ORDER BY hintNum desc LIMIT 3   [ RunTime:0.0004s ]
SQL: SELECT * FROM `carousel` WHERE ( state = 0 ) ORDER BY hintNum desc LIMIT 4   [ RunTime:0.0003s ]
SQL: SHOW COLUMNS FROM `cart` [ RunTime:0.1140s ]
SQL: SELECT * FROM `cart` WHERE ( user_id=3 )  [ RunTime:0.0012s ]
SQL: SELECT COUNT(*) AS tp_count FROM `collect` WHERE `user_id` = 3 AND `state` = 1 LIMIT 1   [ RunTime:0.0011s ]
INFO: [ view_parse ] --START--
INFO: [ template_filter ] --START--
INFO: Run Behavior\ContentReplaceBehavior [ RunTime:0.000995s ]
INFO: [ template_filter ] --END-- [ RunTime:0.001177s ]
NOTIC: [8] Use of undefined constant voo - assumed 'voo' F:\wamp\www\ChildrenPlatform\Application\Runtime\Cache\Home\2a94b8bda04ff446dcedd42276fc99ee.php 第 922 行.
NOTIC: [8] Use of undefined constant voo - assumed 'voo' F:\wamp\www\ChildrenPlatform\Application\Runtime\Cache\Home\2a94b8bda04ff446dcedd42276fc99ee.php 第 922 行.
NOTIC: [8] Undefined index: subsetType_id F:\wamp\www\ChildrenPlatform\Application\Runtime\Cache\Home\2a94b8bda04ff446dcedd42276fc99ee.php 第 923 行.
NOTIC: [8] Undefined index: subsetType_id F:\wamp\www\ChildrenPlatform\Application\Runtime\Cache\Home\2a94b8bda04ff446dcedd42276fc99ee.php 第 923 行.
NOTIC: [8] Undefined index: subsetType_id F:\wamp\www\ChildrenPlatform\Application\Runtime\Cache\Home\2a94b8bda04ff446dcedd42276fc99ee.php 第 923 行.
NOTIC: [8] Undefined index: subsetType_id F:\wamp\www\ChildrenPlatform\Application\Runtime\Cache\Home\2a94b8bda04ff446dcedd42276fc99ee.php 第 923 行.
NOTIC: [8] Use of undefined constant voo - assumed 'voo' F:\wamp\www\ChildrenPlatform\Application\Runtime\Cache\Home\2a94b8bda04ff446dcedd42276fc99ee.php 第 922 行.
NOTIC: [8] Use of undefined constant voo - assumed 'voo' F:\wamp\www\ChildrenPlatform\Application\Runtime\Cache\Home\2a94b8bda04ff446dcedd42276fc99ee.php 第 922 行.
NOTIC: [8] Undefined index: subsetType_id F:\wamp\www\ChildrenPlatform\Application\Runtime\Cache\Home\2a94b8bda04ff446dcedd42276fc99ee.php 第 923 行.
NOTIC: [8] Undefined index: subsetType_id F:\wamp\www\ChildrenPlatform\Application\Runtime\Cache\Home\2a94b8bda04ff446dcedd42276fc99ee.php 第 923 行.
NOTIC: [8] Undefined index: subsetType_id F:\wamp\www\ChildrenPlatform\Application\Runtime\Cache\Home\2a94b8bda04ff446dcedd42276fc99ee.php 第 923 行.
NOTIC: [8] Undefined index: subsetType_id F:\wamp\www\ChildrenPlatform\Application\Runtime\Cache\Home\2a94b8bda04ff446dcedd42276fc99ee.php 第 923 行.
NOTIC: [8] Undefined index: subsetType_id F:\wamp\www\ChildrenPlatform\Application\Runtime\Cache\Home\2a94b8bda04ff446dcedd42276fc99ee.php 第 923 行.
NOTIC: [8] Use of undefined constant voo - assumed 'voo' F:\wamp\www\ChildrenPlatform\Application\Runtime\Cache\Home\2a94b8bda04ff446dcedd42276fc99ee.php 第 922 行.
NOTIC: [8] Use of undefined constant voo - assumed 'voo' F:\wamp\www\ChildrenPlatform\Application\Runtime\Cache\Home\2a94b8bda04ff446dcedd42276fc99ee.php 第 922 行.
NOTIC: [8] Undefined index: subsetType_id F:\wamp\www\ChildrenPlatform\Application\Runtime\Cache\Home\2a94b8bda04ff446dcedd42276fc99ee.php 第 923 行.
NOTIC: [8] Undefined index: subsetType_id F:\wamp\www\ChildrenPlatform\Application\Runtime\Cache\Home\2a94b8bda04ff446dcedd42276fc99ee.php 第 923 行.
NOTIC: [8] Undefined index: subsetType_id F:\wamp\www\ChildrenPlatform\Application\Runtime\Cache\Home\2a94b8bda04ff446dcedd42276fc99ee.php 第 923 行.
NOTIC: [8] Undefined index: subsetType_id F:\wamp\www\ChildrenPlatform\Application\Runtime\Cache\Home\2a94b8bda04ff446dcedd42276fc99ee.php 第 923 行.
NOTIC: [8] Use of undefined constant voo - assumed 'voo' F:\wamp\www\ChildrenPlatform\Application\Runtime\Cache\Home\2a94b8bda04ff446dcedd42276fc99ee.php 第 922 行.
NOTIC: [8] Use of undefined constant voo - assumed 'voo' F:\wamp\www\ChildrenPlatform\Application\Runtime\Cache\Home\2a94b8bda04ff446dcedd42276fc99ee.php 第 922 行.
NOTIC: [8] Undefined index: subsetType_id F:\wamp\www\ChildrenPlatform\Application\Runtime\Cache\Home\2a94b8bda04ff446dcedd42276fc99ee.php 第 923 行.
NOTIC: [8] Undefined index: subsetType_id F:\wamp\www\ChildrenPlatform\Application\Runtime\Cache\Home\2a94b8bda04ff446dcedd42276fc99ee.php 第 923 行.
NOTIC: [8] Undefined index: subsetType_id F:\wamp\www\ChildrenPlatform\Application\Runtime\Cache\Home\2a94b8bda04ff446dcedd42276fc99ee.php 第 923 行.
NOTIC: [8] Undefined index: type F:\wamp\www\ChildrenPlatform\Application\Runtime\Cache\Home\2a94b8bda04ff446dcedd42276fc99ee.php 第 1045 行.
NOTIC: [8] Undefined index: type F:\wamp\www\ChildrenPlatform\Application\Runtime\Cache\Home\2a94b8bda04ff446dcedd42276fc99ee.php 第 1050 行.
NOTIC: [8] Undefined index: type F:\wamp\www\ChildrenPlatform\Application\Runtime\Cache\Home\2a94b8bda04ff446dcedd42276fc99ee.php 第 1050 行.
NOTIC: [8] Undefined index: type F:\wamp\www\ChildrenPlatform\Application\Runtime\Cache\Home\2a94b8bda04ff446dcedd42276fc99ee.php 第 1050 行.
NOTIC: [8] Undefined index: type F:\wamp\www\ChildrenPlatform\Application\Runtime\Cache\Home\2a94b8bda04ff446dcedd42276fc99ee.php 第 1050 行.
NOTIC: [8] Use of undefined constant hot_vo - assumed 'hot_vo' F:\wamp\www\ChildrenPlatform\Application\Runtime\Cache\Home\2a94b8bda04ff446dcedd42276fc99ee.php 第 1063 行.
NOTIC: [8] Use of undefined constant hot_vo - assumed 'hot_vo' F:\wamp\www\ChildrenPlatform\Application\Runtime\Cache\Home\2a94b8bda04ff446dcedd42276fc99ee.php 第 1063 行.
NOTIC: [8] Use of undefined constant vo2 - assumed 'vo2' F:\wamp\www\ChildrenPlatform\Application\Runtime\Cache\Home\2a94b8bda04ff446dcedd42276fc99ee.php 第 1126 行.
NOTIC: [8] Use of undefined constant vo2 - assumed 'vo2' F:\wamp\www\ChildrenPlatform\Application\Runtime\Cache\Home\2a94b8bda04ff446dcedd42276fc99ee.php 第 1126 行.
NOTIC: [8] Use of undefined constant vo2 - assumed 'vo2' F:\wamp\www\ChildrenPlatform\Application\Runtime\Cache\Home\2a94b8bda04ff446dcedd42276fc99ee.php 第 1126 行.
NOTIC: [8] Use of undefined constant vo2 - assumed 'vo2' F:\wamp\www\ChildrenPlatform\Application\Runtime\Cache\Home\2a94b8bda04ff446dcedd42276fc99ee.php 第 1126 行.
NOTIC: [8] Use of undefined constant vo2 - assumed 'vo2' F:\wamp\www\ChildrenPlatform\Application\Runtime\Cache\Home\2a94b8bda04ff446dcedd42276fc99ee.php 第 1126 行.
NOTIC: [8] Use of undefined constant vo2 - assumed 'vo2' F:\wamp\www\ChildrenPlatform\Application\Runtime\Cache\Home\2a94b8bda04ff446dcedd42276fc99ee.php 第 1126 行.
NOTIC: [8] Use of undefined constant vo2 - assumed 'vo2' F:\wamp\www\ChildrenPlatform\Application\Runtime\Cache\Home\2a94b8bda04ff446dcedd42276fc99ee.php 第 1126 行.
NOTIC: [8] Use of undefined constant vo2 - assumed 'vo2' F:\wamp\www\ChildrenPlatform\Application\Runtime\Cache\Home\2a94b8bda04ff446dcedd42276fc99ee.php 第 1126 行.
NOTIC: [8] Use of undefined constant hot_vo - assumed 'hot_vo' F:\wamp\www\ChildrenPlatform\Application\Runtime\Cache\Home\2a94b8bda04ff446dcedd42276fc99ee.php 第 1171 行.
NOTIC: [8] Use of undefined constant hot_vo - assumed 'hot_vo' F:\wamp\www\ChildrenPlatform\Application\Runtime\Cache\Home\2a94b8bda04ff446dcedd42276fc99ee.php 第 1171 行.
NOTIC: [8] Use of undefined constant vo2 - assumed 'vo2' F:\wamp\www\ChildrenPlatform\Application\Runtime\Cache\Home\2a94b8bda04ff446dcedd42276fc99ee.php 第 1232 行.
NOTIC: [8] Use of undefined constant vo2 - assumed 'vo2' F:\wamp\www\ChildrenPlatform\Application\Runtime\Cache\Home\2a94b8bda04ff446dcedd42276fc99ee.php 第 1232 行.
NOTIC: [8] Use of undefined constant vo2 - assumed 'vo2' F:\wamp\www\ChildrenPlatform\Application\Runtime\Cache\Home\2a94b8bda04ff446dcedd42276fc99ee.php 第 1232 行.
NOTIC: [8] Use of undefined constant vo2 - assumed 'vo2' F:\wamp\www\ChildrenPlatform\Application\Runtime\Cache\Home\2a94b8bda04ff446dcedd42276fc99ee.php 第 1232 行.
NOTIC: [8] Use of undefined constant vo2 - assumed 'vo2' F:\wamp\www\ChildrenPlatform\Application\Runtime\Cache\Home\2a94b8bda04ff446dcedd42276fc99ee.php 第 1232 行.
NOTIC: [8] Use of undefined constant vo2 - assumed 'vo2' F:\wamp\www\ChildrenPlatform\Application\Runtime\Cache\Home\2a94b8bda04ff446dcedd42276fc99ee.php 第 1232 行.
INFO: Run Behavior\ParseTemplateBehavior [ RunTime:0.089249s ]
INFO: [ view_parse ] --END-- [ RunTime:0.089475s ]
INFO: [ view_filter ] --START--
INFO: Run Behavior\WriteHtmlCacheBehavior [ RunTime:0.000331s ]
INFO: [ view_filter ] --END-- [ RunTime:0.000403s ]
INFO: [ app_end ] --START--
INFO: Run Behavior\ShowPageTraceBehavior [ RunTime:0.000480s ]
INFO: [ app_end ] --END-- [ RunTime:0.000552s ]

[ 2018-04-25T14:04:07+08:00 ] 127.0.0.1 /ChildrenPlatform/Home/Project/project_detail/id/20.html
INFO: [ app_init ] --START--
INFO: Run Behavior\BuildLiteBehavior [ RunTime:0.000030s ]
INFO: [ app_init ] --END-- [ RunTime:0.000569s ]
INFO: [ app_begin ] --START--
INFO: Run Behavior\ReadHtmlCacheBehavior [ RunTime:0.000546s ]
INFO: [ app_begin ] --END-- [ RunTime:0.000706s ]
SQL: SHOW COLUMNS FROM `commodity` [ RunTime:0.0238s ]
SQL: SHOW COLUMNS FROM `star` [ RunTime:0.1624s ]
SQL: SHOW COLUMNS FROM `subsettype` [ RunTime:0.0301s ]
SQL: SHOW COLUMNS FROM `comment` [ RunTime:0.0483s ]
SQL: SHOW COLUMNS FROM `userinfor` [ RunTime:0.0118s ]
SQL: SHOW COLUMNS FROM `collect` [ RunTime:0.0121s ]
SQL: SHOW COLUMNS FROM `company` [ RunTime:0.0114s ]
SQL: SELECT * FROM `commodity` WHERE ( commodity_id=20 ) LIMIT 1   [ RunTime:0.0003s ]
SQL: SELECT * FROM `star` WHERE `user_id` = 3 AND `commodity_id` = 20  [ RunTime:0.0003s ]
SQL: SELECT `name` FROM `subsettype` WHERE `subsetType_id` = 13 LIMIT 1   [ RunTime:0.0002s ]
SQL: SELECT COUNT(*) AS tp_count FROM `comment` WHERE ( commodity_id=20 ) LIMIT 1   [ RunTime:0.0180s ]
SQL: SELECT `name` FROM `company` WHERE ( company_id = 4 ) LIMIT 1   [ RunTime:0.0005s ]
SQL: SELECT `state` FROM `collect` WHERE `commodity_id` = 20 AND `user_id` = 3 LIMIT 1   [ RunTime:0.0003s ]
SQL: SELECT * FROM `comment` WHERE ( commodity_id=20 ) ORDER BY datetime desc  [ RunTime:0.0003s ]
SQL: SELECT * FROM `commodity` WHERE `commodity_id` <> '20' ORDER BY hintNum desc LIMIT 4   [ RunTime:0.0004s ]
SQL: SELECT `state` FROM `collect` WHERE `commodity_id` = 22 AND `user_id` = 3  [ RunTime:0.0003s ]
SQL: SELECT `state` FROM `collect` WHERE `commodity_id` = 21 AND `user_id` = 3  [ RunTime:0.0003s ]
SQL: SELECT `state` FROM `collect` WHERE `commodity_id` = 35 AND `user_id` = 3  [ RunTime:0.0004s ]
SQL: SELECT `state` FROM `collect` WHERE `commodity_id` = 12 AND `user_id` = 3  [ RunTime:0.0007s ]
SQL: SHOW COLUMNS FROM `cart` [ RunTime:0.0111s ]
SQL: SELECT * FROM `cart` WHERE ( user_id=3 )  [ RunTime:0.0003s ]
SQL: SELECT COUNT(*) AS tp_count FROM `collect` WHERE `user_id` = 3 AND `state` = 1 LIMIT 1   [ RunTime:0.0003s ]
SQL: UPDATE `commodity` SET `hintNum`=hintNum+1 WHERE ( commodity_id=20 ) [ RunTime:0.0857s ]
INFO: [ view_parse ] --START--
INFO: [ template_filter ] --START--
INFO: Run Behavior\ContentReplaceBehavior [ RunTime:0.000606s ]
INFO: [ template_filter ] --END-- [ RunTime:0.000722s ]
NOTIC: [8] Undefined index: type F:\wamp\www\ChildrenPlatform\Application\Runtime\Cache\Home\d64d5a7196d6a3879c1a299f10bbb347.php 第 1083 行.
NOTIC: [8] Undefined index: type F:\wamp\www\ChildrenPlatform\Application\Runtime\Cache\Home\d64d5a7196d6a3879c1a299f10bbb347.php 第 1088 行.
NOTIC: [8] Undefined index: type F:\wamp\www\ChildrenPlatform\Application\Runtime\Cache\Home\d64d5a7196d6a3879c1a299f10bbb347.php 第 1088 行.
NOTIC: [8] Undefined index: type F:\wamp\www\ChildrenPlatform\Application\Runtime\Cache\Home\d64d5a7196d6a3879c1a299f10bbb347.php 第 1088 行.
NOTIC: [8] Use of undefined constant voo - assumed 'voo' F:\wamp\www\ChildrenPlatform\Application\Runtime\Cache\Home\d64d5a7196d6a3879c1a299f10bbb347.php 第 1164 行.
NOTIC: [8] Use of undefined constant voo - assumed 'voo' F:\wamp\www\ChildrenPlatform\Application\Runtime\Cache\Home\d64d5a7196d6a3879c1a299f10bbb347.php 第 1164 行.
NOTIC: [8] Use of undefined constant voo - assumed 'voo' F:\wamp\www\ChildrenPlatform\Application\Runtime\Cache\Home\d64d5a7196d6a3879c1a299f10bbb347.php 第 1164 行.
NOTIC: [8] Use of undefined constant voo - assumed 'voo' F:\wamp\www\ChildrenPlatform\Application\Runtime\Cache\Home\d64d5a7196d6a3879c1a299f10bbb347.php 第 1164 行.
NOTIC: [8] Use of undefined constant voo - assumed 'voo' F:\wamp\www\ChildrenPlatform\Application\Runtime\Cache\Home\d64d5a7196d6a3879c1a299f10bbb347.php 第 1164 行.
NOTIC: [8] Use of undefined constant voo - assumed 'voo' F:\wamp\www\ChildrenPlatform\Application\Runtime\Cache\Home\d64d5a7196d6a3879c1a299f10bbb347.php 第 1164 行.
NOTIC: [8] Use of undefined constant voo - assumed 'voo' F:\wamp\www\ChildrenPlatform\Application\Runtime\Cache\Home\d64d5a7196d6a3879c1a299f10bbb347.php 第 1164 行.
NOTIC: [8] Use of undefined constant voo - assumed 'voo' F:\wamp\www\ChildrenPlatform\Application\Runtime\Cache\Home\d64d5a7196d6a3879c1a299f10bbb347.php 第 1164 行.
INFO: Run Behavior\ParseTemplateBehavior [ RunTime:0.066348s ]
INFO: [ view_parse ] --END-- [ RunTime:0.066526s ]
INFO: [ view_filter ] --START--
INFO: Run Behavior\WriteHtmlCacheBehavior [ RunTime:0.000241s ]
INFO: [ view_filter ] --END-- [ RunTime:0.000306s ]
INFO: [ app_end ] --START--
INFO: Run Behavior\ShowPageTraceBehavior [ RunTime:0.000371s ]
INFO: [ app_end ] --END-- [ RunTime:0.000448s ]

[ 2018-04-25T14:04:13+08:00 ] 127.0.0.1 /ChildrenPlatform/Home/Cart/addCart
INFO: [ app_init ] --START--
INFO: Run Behavior\BuildLiteBehavior [ RunTime:0.000018s ]
INFO: [ app_init ] --END-- [ RunTime:0.000329s ]
INFO: [ app_begin ] --START--
INFO: Run Behavior\ReadHtmlCacheBehavior [ RunTime:0.000323s ]
INFO: [ app_begin ] --END-- [ RunTime:0.000392s ]
SQL: SHOW COLUMNS FROM `cart` [ RunTime:0.0431s ]
SQL: SHOW COLUMNS FROM `commodity` [ RunTime:0.0222s ]
SQL: SELECT * FROM `cart` WHERE `commodity_id` = 20 AND `user_id` = 3  [ RunTime:0.0008s ]
SQL: INSERT INTO `cart` (`commodity_id`,`user_id`,`commodity_num`,`shopTime`) VALUES ('20','3','3','2018-04-25 14:04:13') [ RunTime:0.1513s ]
SQL: SELECT * FROM `cart` WHERE ( user_id=3 )  [ RunTime:0.0004s ]
SQL: SELECT * FROM `commodity` WHERE ( commodity_id=20 ) LIMIT 1   [ RunTime:0.0004s ]
SQL: SELECT `name` FROM `commodity` WHERE ( commodity_id = 20 ) LIMIT 1   [ RunTime:0.0003s ]
SQL: SELECT `small_pic` FROM `commodity` WHERE ( commodity_id = 20 ) LIMIT 1   [ RunTime:0.0003s ]
SQL: SELECT `price` FROM `commodity` WHERE ( commodity_id = 20 ) LIMIT 1   [ RunTime:0.0002s ]
INFO: [ app_end ] --START--
INFO: Run Behavior\ShowPageTraceBehavior [ RunTime:0.000640s ]
INFO: [ app_end ] --END-- [ RunTime:0.000762s ]

[ 2018-04-25T14:04:26+08:00 ] 127.0.0.1 /ChildrenPlatform/Home/Cart/addCart
INFO: [ app_init ] --START--
INFO: Run Behavior\BuildLiteBehavior [ RunTime:0.000017s ]
INFO: [ app_init ] --END-- [ RunTime:0.000284s ]
INFO: [ app_begin ] --START--
INFO: Run Behavior\ReadHtmlCacheBehavior [ RunTime:0.000507s ]
INFO: [ app_begin ] --END-- [ RunTime:0.000614s ]
SQL: SHOW COLUMNS FROM `cart` [ RunTime:0.0385s ]
SQL: SHOW COLUMNS FROM `commodity` [ RunTime:0.0175s ]
SQL: SELECT * FROM `cart` WHERE `commodity_id` = 20 AND `user_id` = 3  [ RunTime:0.0006s ]
SQL: UPDATE `cart` SET `commodity_num`=commodity_num+7 WHERE `commodity_id` = 20 AND `user_id` = 3 [ RunTime:0.1670s ]
SQL: SELECT * FROM `cart` WHERE ( user_id=3 )  [ RunTime:0.0012s ]
SQL: SELECT * FROM `commodity` WHERE ( commodity_id=20 ) LIMIT 1   [ RunTime:0.0007s ]
INFO: [ app_end ] --START--
INFO: Run Behavior\ShowPageTraceBehavior [ RunTime:0.000495s ]
INFO: [ app_end ] --END-- [ RunTime:0.000585s ]

[ 2018-04-25T14:04:30+08:00 ] 127.0.0.1 /ChildrenPlatform/Home/Project/project_detail/id/20.html
INFO: [ app_init ] --START--
INFO: Run Behavior\BuildLiteBehavior [ RunTime:0.000018s ]
INFO: [ app_init ] --END-- [ RunTime:0.000281s ]
INFO: [ app_begin ] --START--
INFO: Run Behavior\ReadHtmlCacheBehavior [ RunTime:0.000379s ]
INFO: [ app_begin ] --END-- [ RunTime:0.000493s ]
SQL: SHOW COLUMNS FROM `commodity` [ RunTime:0.0320s ]
SQL: SHOW COLUMNS FROM `star` [ RunTime:0.0207s ]
SQL: SHOW COLUMNS FROM `subsettype` [ RunTime:0.0101s ]
SQL: SHOW COLUMNS FROM `comment` [ RunTime:0.0096s ]
SQL: SHOW COLUMNS FROM `userinfor` [ RunTime:0.0119s ]
SQL: SHOW COLUMNS FROM `collect` [ RunTime:0.0126s ]
SQL: SHOW COLUMNS FROM `company` [ RunTime:0.0117s ]
SQL: SELECT * FROM `commodity` WHERE ( commodity_id=20 ) LIMIT 1   [ RunTime:0.0005s ]
SQL: SELECT * FROM `star` WHERE `user_id` = 3 AND `commodity_id` = 20  [ RunTime:0.0003s ]
SQL: SELECT `name` FROM `subsettype` WHERE `subsetType_id` = 13 LIMIT 1   [ RunTime:0.0002s ]
SQL: SELECT COUNT(*) AS tp_count FROM `comment` WHERE ( commodity_id=20 ) LIMIT 1   [ RunTime:0.0002s ]
SQL: SELECT `name` FROM `company` WHERE ( company_id = 4 ) LIMIT 1   [ RunTime:0.0003s ]
SQL: SELECT `state` FROM `collect` WHERE `commodity_id` = 20 AND `user_id` = 3 LIMIT 1   [ RunTime:0.0003s ]
SQL: SELECT * FROM `comment` WHERE ( commodity_id=20 ) ORDER BY datetime desc  [ RunTime:0.0004s ]
SQL: SELECT * FROM `commodity` WHERE `commodity_id` <> '20' ORDER BY hintNum desc LIMIT 4   [ RunTime:0.0004s ]
SQL: SELECT `state` FROM `collect` WHERE `commodity_id` = 22 AND `user_id` = 3  [ RunTime:0.0003s ]
SQL: SELECT `state` FROM `collect` WHERE `commodity_id` = 21 AND `user_id` = 3  [ RunTime:0.0002s ]
SQL: SELECT `state` FROM `collect` WHERE `commodity_id` = 35 AND `user_id` = 3  [ RunTime:0.0002s ]
SQL: SELECT `state` FROM `collect` WHERE `commodity_id` = 12 AND `user_id` = 3  [ RunTime:0.0002s ]
SQL: SHOW COLUMNS FROM `cart` [ RunTime:0.0116s ]
SQL: SELECT * FROM `cart` WHERE ( user_id=3 )  [ RunTime:0.0003s ]
SQL: SELECT * FROM `commodity` WHERE ( commodity_id=20 ) LIMIT 1   [ RunTime:0.0003s ]
SQL: SELECT COUNT(*) AS tp_count FROM `collect` WHERE `user_id` = 3 AND `state` = 1 LIMIT 1   [ RunTime:0.0003s ]
SQL: UPDATE `commodity` SET `hintNum`=hintNum+1 WHERE ( commodity_id=20 ) [ RunTime:0.1702s ]
INFO: [ view_parse ] --START--
INFO: [ template_filter ] --START--
INFO: Run Behavior\ContentReplaceBehavior [ RunTime:0.000343s ]
INFO: [ template_filter ] --END-- [ RunTime:0.000432s ]
NOTIC: [8] Undefined index: type F:\wamp\www\ChildrenPlatform\Application\Runtime\Cache\Home\d64d5a7196d6a3879c1a299f10bbb347.php 第 1083 行.
NOTIC: [8] Undefined index: type F:\wamp\www\ChildrenPlatform\Application\Runtime\Cache\Home\d64d5a7196d6a3879c1a299f10bbb347.php 第 1088 行.
NOTIC: [8] Undefined index: type F:\wamp\www\ChildrenPlatform\Application\Runtime\Cache\Home\d64d5a7196d6a3879c1a299f10bbb347.php 第 1088 行.
NOTIC: [8] Undefined index: type F:\wamp\www\ChildrenPlatform\Application\Runtime\Cache\Home\d64d5a7196d6a3879c1a299f10bbb347.php 第 1088 行.
NOTIC: [8] Use of undefined constant voo - assumed 'voo' F:\wamp\www\ChildrenPlatform\Application\Runtime\Cache\Home\d64d5a7196d6a3879c1a299f10bbb347.php 第 1164 行.
NOTIC: [8] Use of undefined constant voo - assumed 'voo' F:\wamp\www\ChildrenPlatform\Application\Runtime\Cache\Home\d64d5a7196d6a3879c1a299f10bbb347.php 第 1164 行.
NOTIC: [8] Use of undefined constant voo - assumed 'voo' F:\wamp\www\ChildrenPlatform\Application\Runtime\Cache\Home\d64d5a7196d6a3879c1a299f10bbb347.php 第 1164 行.
NOTIC: [8] Use of undefined constant voo - assumed 'voo' F:\wamp\www\ChildrenPlatform\Application\Runtime\Cache\Home\d64d5a7196d6a3879c1a299f10bbb347.php 第 1164 行.
NOTIC: [8] Use of undefined constant voo - assumed 'voo' F:\wamp\www\ChildrenPlatform\Application\Runtime\Cache\Home\d64d5a7196d6a3879c1a299f10bbb347.php 第 1164 行.
NOTIC: [8] Use of undefined constant voo - assumed 'voo' F:\wamp\www\ChildrenPlatform\Application\Runtime\Cache\Home\d64d5a7196d6a3879c1a299f10bbb347.php 第 1164 行.
NOTIC: [8] Use of undefined constant voo - assumed 'voo' F:\wamp\www\ChildrenPlatform\Application\Runtime\Cache\Home\d64d5a7196d6a3879c1a299f10bbb347.php 第 1164 行.
NOTIC: [8] Use of undefined constant voo - assumed 'voo' F:\wamp\www\ChildrenPlatform\Application\Runtime\Cache\Home\d64d5a7196d6a3879c1a299f10bbb347.php 第 1164 行.
INFO: Run Behavior\ParseTemplateBehavior [ RunTime:0.061918s ]
INFO: [ view_parse ] --END-- [ RunTime:0.062154s ]
INFO: [ view_filter ] --START--
INFO: Run Behavior\WriteHtmlCacheBehavior [ RunTime:0.000190s ]
INFO: [ view_filter ] --END-- [ RunTime:0.000257s ]
INFO: [ app_end ] --START--
INFO: Run Behavior\ShowPageTraceBehavior [ RunTime:0.000321s ]
INFO: [ app_end ] --END-- [ RunTime:0.000406s ]

[ 2018-04-25T14:04:36+08:00 ] 127.0.0.1 /ChildrenPlatform/Home/Cart/addCart
INFO: [ app_init ] --START--
INFO: Run Behavior\BuildLiteBehavior [ RunTime:0.000018s ]
INFO: [ app_init ] --END-- [ RunTime:0.000334s ]
INFO: [ app_begin ] --START--
INFO: Run Behavior\ReadHtmlCacheBehavior [ RunTime:0.000408s ]
INFO: [ app_begin ] --END-- [ RunTime:0.000482s ]
SQL: SHOW COLUMNS FROM `cart` [ RunTime:0.0254s ]
SQL: SHOW COLUMNS FROM `commodity` [ RunTime:0.0176s ]
SQL: SELECT * FROM `cart` WHERE `commodity_id` = 20 AND `user_id` = 3  [ RunTime:0.0005s ]
SQL: UPDATE `cart` SET `commodity_num`=commodity_num+4 WHERE `commodity_id` = 20 AND `user_id` = 3 [ RunTime:0.1868s ]
SQL: SELECT * FROM `cart` WHERE ( user_id=3 )  [ RunTime:0.0012s ]
SQL: SELECT * FROM `commodity` WHERE ( commodity_id=20 ) LIMIT 1   [ RunTime:0.0015s ]
INFO: [ app_end ] --START--
INFO: Run Behavior\ShowPageTraceBehavior [ RunTime:0.001847s ]
INFO: [ app_end ] --END-- [ RunTime:0.002141s ]

[ 2018-04-25T14:04:41+08:00 ] 127.0.0.1 /ChildrenPlatform/Home/Cart/addCart
INFO: [ app_init ] --START--
INFO: Run Behavior\BuildLiteBehavior [ RunTime:0.000018s ]
INFO: [ app_init ] --END-- [ RunTime:0.000283s ]
INFO: [ app_begin ] --START--
INFO: Run Behavior\ReadHtmlCacheBehavior [ RunTime:0.000314s ]
INFO: [ app_begin ] --END-- [ RunTime:0.000434s ]
SQL: SHOW COLUMNS FROM `cart` [ RunTime:0.0279s ]
SQL: SHOW COLUMNS FROM `commodity` [ RunTime:0.0159s ]
SQL: SELECT * FROM `cart` WHERE `commodity_id` = 20 AND `user_id` = 3  [ RunTime:0.0005s ]
SQL: UPDATE `cart` SET `commodity_num`=commodity_num+7 WHERE `commodity_id` = 20 AND `user_id` = 3 [ RunTime:0.1479s ]
SQL: SELECT * FROM `cart` WHERE ( user_id=3 )  [ RunTime:0.0009s ]
SQL: SELECT * FROM `commodity` WHERE ( commodity_id=20 ) LIMIT 1   [ RunTime:0.0010s ]
INFO: [ app_end ] --START--
INFO: Run Behavior\ShowPageTraceBehavior [ RunTime:0.001289s ]
INFO: [ app_end ] --END-- [ RunTime:0.001525s ]

[ 2018-04-25T14:05:00+08:00 ] 127.0.0.1 /ChildrenPlatform/Home/Project/project_detail/id/40.html
INFO: [ app_init ] --START--
INFO: Run Behavior\BuildLiteBehavior [ RunTime:0.000039s ]
INFO: [ app_init ] --END-- [ RunTime:0.000391s ]
INFO: [ app_begin ] --START--
INFO: Run Behavior\ReadHtmlCacheBehavior [ RunTime:0.000456s ]
INFO: [ app_begin ] --END-- [ RunTime:0.000546s ]
SQL: SHOW COLUMNS FROM `commodity` [ RunTime:0.0428s ]
SQL: SHOW COLUMNS FROM `star` [ RunTime:0.0156s ]
SQL: SHOW COLUMNS FROM `subsettype` [ RunTime:0.0154s ]
SQL: SHOW COLUMNS FROM `comment` [ RunTime:0.0107s ]
SQL: SHOW COLUMNS FROM `userinfor` [ RunTime:0.0107s ]
SQL: SHOW COLUMNS FROM `collect` [ RunTime:0.0105s ]
SQL: SHOW COLUMNS FROM `company` [ RunTime:0.0108s ]
SQL: SELECT * FROM `commodity` WHERE ( commodity_id=40 ) LIMIT 1   [ RunTime:0.0004s ]
SQL: SELECT * FROM `star` WHERE `user_id` = 3 AND `commodity_id` = 40  [ RunTime:0.0003s ]
SQL: SELECT `name` FROM `subsettype` WHERE `subsetType_id` = 13 LIMIT 1   [ RunTime:0.0002s ]
SQL: SELECT COUNT(*) AS tp_count FROM `comment` WHERE ( commodity_id=40 ) LIMIT 1   [ RunTime:0.0002s ]
SQL: SELECT `name` FROM `company` WHERE ( company_id = 2 ) LIMIT 1   [ RunTime:0.0002s ]
SQL: SELECT `state` FROM `collect` WHERE `commodity_id` = 40 AND `user_id` = 3 LIMIT 1   [ RunTime:0.0004s ]
SQL: SELECT * FROM `comment` WHERE ( commodity_id=40 ) ORDER BY datetime desc  [ RunTime:0.0004s ]
SQL: SELECT * FROM `commodity` WHERE `commodity_id` <> '40' ORDER BY hintNum desc LIMIT 4   [ RunTime:0.0005s ]
SQL: SELECT `state` FROM `collect` WHERE `commodity_id` = 22 AND `user_id` = 3  [ RunTime:0.0003s ]
SQL: SELECT `state` FROM `collect` WHERE `commodity_id` = 21 AND `user_id` = 3  [ RunTime:0.0002s ]
SQL: SELECT `state` FROM `collect` WHERE `commodity_id` = 35 AND `user_id` = 3  [ RunTime:0.0001s ]
SQL: SELECT `state` FROM `collect` WHERE `commodity_id` = 12 AND `user_id` = 3  [ RunTime:0.0002s ]
SQL: SHOW COLUMNS FROM `cart` [ RunTime:0.0105s ]
SQL: SELECT * FROM `cart` WHERE ( user_id=3 )  [ RunTime:0.0005s ]
SQL: SELECT * FROM `commodity` WHERE ( commodity_id=20 ) LIMIT 1   [ RunTime:0.0005s ]
SQL: SELECT COUNT(*) AS tp_count FROM `collect` WHERE `user_id` = 3 AND `state` = 1 LIMIT 1   [ RunTime:0.0003s ]
SQL: UPDATE `commodity` SET `hintNum`=hintNum+1 WHERE ( commodity_id=40 ) [ RunTime:0.1676s ]
INFO: [ view_parse ] --START--
INFO: [ template_filter ] --START--
INFO: Run Behavior\ContentReplaceBehavior [ RunTime:0.000375s ]
INFO: [ template_filter ] --END-- [ RunTime:0.000465s ]
NOTIC: [8] Undefined index: type F:\wamp\www\ChildrenPlatform\Application\Runtime\Cache\Home\d64d5a7196d6a3879c1a299f10bbb347.php 第 1083 行.
NOTIC: [8] Undefined index: type F:\wamp\www\ChildrenPlatform\Application\Runtime\Cache\Home\d64d5a7196d6a3879c1a299f10bbb347.php 第 1088 行.
NOTIC: [8] Undefined index: type F:\wamp\www\ChildrenPlatform\Application\Runtime\Cache\Home\d64d5a7196d6a3879c1a299f10bbb347.php 第 1088 行.
NOTIC: [8] Undefined index: type F:\wamp\www\ChildrenPlatform\Application\Runtime\Cache\Home\d64d5a7196d6a3879c1a299f10bbb347.php 第 1088 行.
NOTIC: [8] Use of undefined constant voo - assumed 'voo' F:\wamp\www\ChildrenPlatform\Application\Runtime\Cache\Home\d64d5a7196d6a3879c1a299f10bbb347.php 第 1164 行.
NOTIC: [8] Use of undefined constant voo - assumed 'voo' F:\wamp\www\ChildrenPlatform\Application\Runtime\Cache\Home\d64d5a7196d6a3879c1a299f10bbb347.php 第 1164 行.
NOTIC: [8] Use of undefined constant voo - assumed 'voo' F:\wamp\www\ChildrenPlatform\Application\Runtime\Cache\Home\d64d5a7196d6a3879c1a299f10bbb347.php 第 1164 行.
NOTIC: [8] Use of undefined constant voo - assumed 'voo' F:\wamp\www\ChildrenPlatform\Application\Runtime\Cache\Home\d64d5a7196d6a3879c1a299f10bbb347.php 第 1164 行.
NOTIC: [8] Use of undefined constant voo - assumed 'voo' F:\wamp\www\ChildrenPlatform\Application\Runtime\Cache\Home\d64d5a7196d6a3879c1a299f10bbb347.php 第 1164 行.
NOTIC: [8] Use of undefined constant voo - assumed 'voo' F:\wamp\www\ChildrenPlatform\Application\Runtime\Cache\Home\d64d5a7196d6a3879c1a299f10bbb347.php 第 1164 行.
NOTIC: [8] Use of undefined constant voo - assumed 'voo' F:\wamp\www\ChildrenPlatform\Application\Runtime\Cache\Home\d64d5a7196d6a3879c1a299f10bbb347.php 第 1164 行.
NOTIC: [8] Use of undefined constant voo - assumed 'voo' F:\wamp\www\ChildrenPlatform\Application\Runtime\Cache\Home\d64d5a7196d6a3879c1a299f10bbb347.php 第 1164 行.
INFO: Run Behavior\ParseTemplateBehavior [ RunTime:0.051313s ]
INFO: [ view_parse ] --END-- [ RunTime:0.051433s ]
INFO: [ view_filter ] --START--
INFO: Run Behavior\WriteHtmlCacheBehavior [ RunTime:0.000285s ]
INFO: [ view_filter ] --END-- [ RunTime:0.000352s ]
INFO: [ app_end ] --START--
INFO: Run Behavior\ShowPageTraceBehavior [ RunTime:0.000348s ]
INFO: [ app_end ] --END-- [ RunTime:0.000428s ]

[ 2018-04-25T14:05:04+08:00 ] 127.0.0.1 /ChildrenPlatform/Home/Cart/addCart
INFO: [ app_init ] --START--
INFO: Run Behavior\BuildLiteBehavior [ RunTime:0.000017s ]
INFO: [ app_init ] --END-- [ RunTime:0.000293s ]
INFO: [ app_begin ] --START--
INFO: Run Behavior\ReadHtmlCacheBehavior [ RunTime:0.000326s ]
INFO: [ app_begin ] --END-- [ RunTime:0.000396s ]
SQL: SHOW COLUMNS FROM `cart` [ RunTime:0.0387s ]
SQL: SHOW COLUMNS FROM `commodity` [ RunTime:0.0208s ]
SQL: SELECT * FROM `cart` WHERE `commodity_id` = 40 AND `user_id` = 3  [ RunTime:0.0005s ]
SQL: INSERT INTO `cart` (`commodity_id`,`user_id`,`commodity_num`,`shopTime`) VALUES ('40','3','7','2018-04-25 14:05:04') [ RunTime:0.0668s ]
SQL: SELECT * FROM `cart` WHERE ( user_id=3 )  [ RunTime:0.0003s ]
SQL: SELECT * FROM `commodity` WHERE ( commodity_id=20 ) LIMIT 1   [ RunTime:0.0003s ]
SQL: SELECT * FROM `commodity` WHERE ( commodity_id=40 ) LIMIT 1   [ RunTime:0.0003s ]
SQL: SELECT `name` FROM `commodity` WHERE ( commodity_id = 40 ) LIMIT 1   [ RunTime:0.0002s ]
SQL: SELECT `small_pic` FROM `commodity` WHERE ( commodity_id = 40 ) LIMIT 1   [ RunTime:0.0002s ]
SQL: SELECT `price` FROM `commodity` WHERE ( commodity_id = 40 ) LIMIT 1   [ RunTime:0.0002s ]
INFO: [ app_end ] --START--
INFO: Run Behavior\ShowPageTraceBehavior [ RunTime:0.000529s ]
INFO: [ app_end ] --END-- [ RunTime:0.000635s ]

[ 2018-04-25T14:05:13+08:00 ] 127.0.0.1 /ChildrenPlatform/Home/Cart/deleteCart
INFO: [ app_init ] --START--
INFO: Run Behavior\BuildLiteBehavior [ RunTime:0.000017s ]
INFO: [ app_init ] --END-- [ RunTime:0.000309s ]
INFO: [ app_begin ] --START--
INFO: Run Behavior\ReadHtmlCacheBehavior [ RunTime:0.000311s ]
INFO: [ app_begin ] --END-- [ RunTime:0.000379s ]
SQL: SHOW COLUMNS FROM `cart` [ RunTime:0.0348s ]
SQL: DELETE FROM `cart` WHERE `commodity_id` = 40 AND `user_id` = 3 [ RunTime:0.0785s ]
SQL: SHOW COLUMNS FROM `commodity` [ RunTime:0.0361s ]
SQL: SELECT * FROM `cart` WHERE ( user_id=3 )  [ RunTime:0.0006s ]
SQL: SELECT * FROM `commodity` WHERE ( commodity_id=20 ) LIMIT 1   [ RunTime:0.0006s ]
INFO: [ app_end ] --START--
INFO: Run Behavior\ShowPageTraceBehavior [ RunTime:0.000733s ]
INFO: [ app_end ] --END-- [ RunTime:0.000852s ]

[ 2018-04-25T14:07:32+08:00 ] 127.0.0.1 /ChildrenPlatform/Home/Project/project_detail/id/40.html
INFO: [ app_init ] --START--
INFO: Run Behavior\BuildLiteBehavior [ RunTime:0.000026s ]
INFO: [ app_init ] --END-- [ RunTime:0.000469s ]
INFO: [ app_begin ] --START--
INFO: Run Behavior\ReadHtmlCacheBehavior [ RunTime:0.000409s ]
INFO: [ app_begin ] --END-- [ RunTime:0.000489s ]
SQL: SHOW COLUMNS FROM `commodity` [ RunTime:0.0467s ]
SQL: SHOW COLUMNS FROM `star` [ RunTime:0.0213s ]
SQL: SHOW COLUMNS FROM `subsettype` [ RunTime:0.0164s ]
SQL: SHOW COLUMNS FROM `comment` [ RunTime:0.0108s ]
SQL: SHOW COLUMNS FROM `userinfor` [ RunTime:0.0107s ]
SQL: SHOW COLUMNS FROM `collect` [ RunTime:0.0112s ]
SQL: SHOW COLUMNS FROM `company` [ RunTime:0.0106s ]
SQL: SELECT * FROM `commodity` WHERE ( commodity_id=40 ) LIMIT 1   [ RunTime:0.0004s ]
SQL: SELECT * FROM `star` WHERE `user_id` = 3 AND `commodity_id` = 40  [ RunTime:0.0002s ]
SQL: SELECT `name` FROM `subsettype` WHERE `subsetType_id` = 13 LIMIT 1   [ RunTime:0.0002s ]
SQL: SELECT COUNT(*) AS tp_count FROM `comment` WHERE ( commodity_id=40 ) LIMIT 1   [ RunTime:0.0002s ]
SQL: SELECT `name` FROM `company` WHERE ( company_id = 2 ) LIMIT 1   [ RunTime:0.0002s ]
SQL: SELECT `state` FROM `collect` WHERE `commodity_id` = 40 AND `user_id` = 3 LIMIT 1   [ RunTime:0.0003s ]
SQL: SELECT * FROM `comment` WHERE ( commodity_id=40 ) ORDER BY datetime desc  [ RunTime:0.0004s ]
SQL: SELECT * FROM `commodity` WHERE `commodity_id` <> '40' ORDER BY hintNum desc LIMIT 4   [ RunTime:0.0004s ]
SQL: SELECT `state` FROM `collect` WHERE `commodity_id` = 22 AND `user_id` = 3  [ RunTime:0.0003s ]
SQL: SELECT `state` FROM `collect` WHERE `commodity_id` = 21 AND `user_id` = 3  [ RunTime:0.0002s ]
SQL: SELECT `state` FROM `collect` WHERE `commodity_id` = 35 AND `user_id` = 3  [ RunTime:0.0002s ]
SQL: SELECT `state` FROM `collect` WHERE `commodity_id` = 12 AND `user_id` = 3  [ RunTime:0.0002s ]
SQL: SHOW COLUMNS FROM `cart` [ RunTime:0.0112s ]
SQL: SELECT * FROM `cart` WHERE ( user_id=3 )  [ RunTime:0.0003s ]
SQL: SELECT * FROM `commodity` WHERE ( commodity_id=20 ) LIMIT 1   [ RunTime:0.0003s ]
SQL: SELECT COUNT(*) AS tp_count FROM `collect` WHERE `user_id` = 3 AND `state` = 1 LIMIT 1   [ RunTime:0.0003s ]
SQL: UPDATE `commodity` SET `hintNum`=hintNum+1 WHERE ( commodity_id=40 ) [ RunTime:0.5793s ]
INFO: [ view_parse ] --START--
INFO: [ template_filter ] --START--
INFO: Run Behavior\ContentReplaceBehavior [ RunTime:0.000595s ]
INFO: [ template_filter ] --END-- [ RunTime:0.000726s ]
NOTIC: [8] Undefined index: type F:\wamp\www\ChildrenPlatform\Application\Runtime\Cache\Home\d64d5a7196d6a3879c1a299f10bbb347.php 第 1083 行.
NOTIC: [8] Undefined index: type F:\wamp\www\ChildrenPlatform\Application\Runtime\Cache\Home\d64d5a7196d6a3879c1a299f10bbb347.php 第 1088 行.
NOTIC: [8] Undefined index: type F:\wamp\www\ChildrenPlatform\Application\Runtime\Cache\Home\d64d5a7196d6a3879c1a299f10bbb347.php 第 1088 行.
NOTIC: [8] Undefined index: type F:\wamp\www\ChildrenPlatform\Application\Runtime\Cache\Home\d64d5a7196d6a3879c1a299f10bbb347.php 第 1088 行.
NOTIC: [8] Use of undefined constant voo - assumed 'voo' F:\wamp\www\ChildrenPlatform\Application\Runtime\Cache\Home\d64d5a7196d6a3879c1a299f10bbb347.php 第 1164 行.
NOTIC: [8] Use of undefined constant voo - assumed 'voo' F:\wamp\www\ChildrenPlatform\Application\Runtime\Cache\Home\d64d5a7196d6a3879c1a299f10bbb347.php 第 1164 行.
NOTIC: [8] Use of undefined constant voo - assumed 'voo' F:\wamp\www\ChildrenPlatform\Application\Runtime\Cache\Home\d64d5a7196d6a3879c1a299f10bbb347.php 第 1164 行.
NOTIC: [8] Use of undefined constant voo - assumed 'voo' F:\wamp\www\ChildrenPlatform\Application\Runtime\Cache\Home\d64d5a7196d6a3879c1a299f10bbb347.php 第 1164 行.
NOTIC: [8] Use of undefined constant voo - assumed 'voo' F:\wamp\www\ChildrenPlatform\Application\Runtime\Cache\Home\d64d5a7196d6a3879c1a299f10bbb347.php 第 1164 行.
NOTIC: [8] Use of undefined constant voo - assumed 'voo' F:\wamp\www\ChildrenPlatform\Application\Runtime\Cache\Home\d64d5a7196d6a3879c1a299f10bbb347.php 第 1164 行.
NOTIC: [8] Use of undefined constant voo - assumed 'voo' F:\wamp\www\ChildrenPlatform\Application\Runtime\Cache\Home\d64d5a7196d6a3879c1a299f10bbb347.php 第 1164 行.
NOTIC: [8] Use of undefined constant voo - assumed 'voo' F:\wamp\www\ChildrenPlatform\Application\Runtime\Cache\Home\d64d5a7196d6a3879c1a299f10bbb347.php 第 1164 行.
INFO: Run Behavior\ParseTemplateBehavior [ RunTime:0.072205s ]
INFO: [ view_parse ] --END-- [ RunTime:0.072452s ]
INFO: [ view_filter ] --START--
INFO: Run Behavior\WriteHtmlCacheBehavior [ RunTime:0.000269s ]
INFO: [ view_filter ] --END-- [ RunTime:0.000336s ]
INFO: [ app_end ] --START--
INFO: Run Behavior\ShowPageTraceBehavior [ RunTime:0.000504s ]
INFO: [ app_end ] --END-- [ RunTime:0.000575s ]

[ 2018-04-25T17:51:02+08:00 ] 127.0.0.1 /ChildrenPlatform/
INFO: [ app_init ] --START--
INFO: Run Behavior\BuildLiteBehavior [ RunTime:0.000022s ]
INFO: [ app_init ] --END-- [ RunTime:0.000562s ]
INFO: [ app_begin ] --START--
INFO: Run Behavior\ReadHtmlCacheBehavior [ RunTime:0.000442s ]
INFO: [ app_begin ] --END-- [ RunTime:0.000521s ]
SQL: SHOW COLUMNS FROM `type` [ RunTime:0.0435s ]
SQL: SHOW COLUMNS FROM `subsettype` [ RunTime:0.0219s ]
SQL: SHOW COLUMNS FROM `company` [ RunTime:0.1043s ]
SQL: SHOW COLUMNS FROM `commodity` [ RunTime:0.0133s ]
SQL: SHOW COLUMNS FROM `collect` [ RunTime:0.0179s ]
SQL: SHOW COLUMNS FROM `search` [ RunTime:0.0127s ]
SQL: SHOW COLUMNS FROM `carousel` [ RunTime:0.0127s ]
SQL: SELECT * FROM `type`  [ RunTime:0.0005s ]
SQL: SELECT * FROM `subsettype` WHERE ( type_id = 1 )  [ RunTime:0.0003s ]
SQL: SELECT * FROM `subsettype` WHERE ( type_id = 2 )  [ RunTime:0.0004s ]
SQL: SELECT * FROM `subsettype` WHERE ( type_id = 3 )  [ RunTime:0.0003s ]
SQL: SELECT * FROM `subsettype` WHERE ( type_id = 4 )  [ RunTime:0.0004s ]
SQL: SELECT * FROM `subsettype` ORDER BY clickNum desc LIMIT 12   [ RunTime:0.0003s ]
SQL: SELECT * FROM `commodity` WHERE `subsetType_id` = 13 AND `state` = 0 ORDER BY hintNum desc LIMIT 8   [ RunTime:0.0006s ]
SQL: SELECT `state` FROM `collect` WHERE `commodity_id` = 20 AND `user_id` = 0  [ RunTime:0.0003s ]
SQL: SELECT `state` FROM `collect` WHERE `commodity_id` = 40 AND `user_id` = 0  [ RunTime:0.0003s ]
SQL: SELECT `state` FROM `collect` WHERE `commodity_id` = 15 AND `user_id` = 0  [ RunTime:0.0004s ]
SQL: SELECT `state` FROM `collect` WHERE `commodity_id` = 39 AND `user_id` = 0  [ RunTime:0.0003s ]
SQL: SELECT * FROM `commodity` WHERE `subsetType_id` = 12 AND `state` = 0 ORDER BY hintNum desc LIMIT 8   [ RunTime:0.0004s ]
SQL: SELECT `state` FROM `collect` WHERE `commodity_id` = 35 AND `user_id` = 0  [ RunTime:0.0005s ]
SQL: SELECT `state` FROM `collect` WHERE `commodity_id` = 36 AND `user_id` = 0  [ RunTime:0.0003s ]
SQL: SELECT `state` FROM `collect` WHERE `commodity_id` = 37 AND `user_id` = 0  [ RunTime:0.0003s ]
SQL: SELECT * FROM `commodity` WHERE `subsetType_id` = 8 AND `state` = 0 ORDER BY hintNum desc LIMIT 8   [ RunTime:0.0005s ]
SQL: SELECT `state` FROM `collect` WHERE `commodity_id` = 22 AND `user_id` = 0  [ RunTime:0.0003s ]
SQL: SELECT `state` FROM `collect` WHERE `commodity_id` = 21 AND `user_id` = 0  [ RunTime:0.0002s ]
SQL: SELECT `state` FROM `collect` WHERE `commodity_id` = 12 AND `user_id` = 0  [ RunTime:0.0004s ]
SQL: SELECT `state` FROM `collect` WHERE `commodity_id` = 23 AND `user_id` = 0  [ RunTime:0.0003s ]
SQL: SELECT `state` FROM `collect` WHERE `commodity_id` = 13 AND `user_id` = 0  [ RunTime:0.0003s ]
SQL: SELECT * FROM `commodity` WHERE `subsetType_id` = 6 AND `state` = 0 ORDER BY hintNum desc LIMIT 8   [ RunTime:0.0005s ]
SQL: SELECT `state` FROM `collect` WHERE `commodity_id` = 24 AND `user_id` = 0  [ RunTime:0.0003s ]
SQL: SELECT `state` FROM `collect` WHERE `commodity_id` = 14 AND `user_id` = 0  [ RunTime:0.0004s ]
SQL: SELECT * FROM `commodity` WHERE `subsetType_id` = 15 AND `state` = 0 ORDER BY hintNum desc LIMIT 8   [ RunTime:0.0004s ]
SQL: SELECT * FROM `commodity` WHERE `subsetType_id` = 7 AND `state` = 0 ORDER BY hintNum desc LIMIT 8   [ RunTime:0.0003s ]
SQL: SELECT * FROM `commodity` WHERE `subsetType_id` = 9 AND `state` = 0 ORDER BY hintNum desc LIMIT 8   [ RunTime:0.0004s ]
SQL: SELECT `state` FROM `collect` WHERE `commodity_id` = 19 AND `user_id` = 0  [ RunTime:0.0004s ]
SQL: SELECT * FROM `commodity` WHERE `subsetType_id` = 16 AND `state` = 0 ORDER BY hintNum desc LIMIT 8   [ RunTime:0.0004s ]
SQL: SELECT `state` FROM `collect` WHERE `commodity_id` = 33 AND `user_id` = 0  [ RunTime:0.0003s ]
SQL: SELECT `state` FROM `collect` WHERE `commodity_id` = 34 AND `user_id` = 0  [ RunTime:0.0003s ]
SQL: SELECT * FROM `commodity` WHERE `subsetType_id` = 3 AND `state` = 0 ORDER BY hintNum desc LIMIT 8   [ RunTime:0.0004s ]
SQL: SELECT `state` FROM `collect` WHERE `commodity_id` = 30 AND `user_id` = 0  [ RunTime:0.0003s ]
SQL: SELECT `state` FROM `collect` WHERE `commodity_id` = 31 AND `user_id` = 0  [ RunTime:0.0002s ]
SQL: SELECT `state` FROM `collect` WHERE `commodity_id` = 29 AND `user_id` = 0  [ RunTime:0.0003s ]
SQL: SELECT * FROM `commodity` WHERE `subsetType_id` = 14 AND `state` = 0 ORDER BY hintNum desc LIMIT 8   [ RunTime:0.0004s ]
SQL: SELECT `state` FROM `collect` WHERE `commodity_id` = 41 AND `user_id` = 0  [ RunTime:0.0003s ]
SQL: SELECT * FROM `commodity` WHERE `subsetType_id` = 10 AND `state` = 0 ORDER BY hintNum desc LIMIT 8   [ RunTime:0.0004s ]
SQL: SELECT `state` FROM `collect` WHERE `commodity_id` = 32 AND `user_id` = 0  [ RunTime:0.0003s ]
SQL: SELECT * FROM `commodity` WHERE `subsetType_id` = 5 AND `state` = 0 ORDER BY hintNum desc LIMIT 8   [ RunTime:0.0003s ]
SQL: SELECT * FROM `search` ORDER BY time desc LIMIT 8   [ RunTime:0.0003s ]
SQL: SELECT * FROM `commodity` WHERE ( state = 0 ) ORDER BY hintNum desc LIMIT 3   [ RunTime:0.0005s ]
SQL: SELECT * FROM `carousel` WHERE ( state = 0 ) ORDER BY hintNum desc LIMIT 4   [ RunTime:0.0004s ]
INFO: [ view_parse ] --START--
INFO: [ template_filter ] --START--
INFO: Run Behavior\ContentReplaceBehavior [ RunTime:0.000950s ]
INFO: [ template_filter ] --END-- [ RunTime:0.001170s ]
NOTIC: [8] Undefined index: user_id F:\wamp\www\ChildrenPlatform\Application\Runtime\Cache\Home\2a94b8bda04ff446dcedd42276fc99ee.php 第 70 行.
NOTIC: [8] Undefined index: user_id F:\wamp\www\ChildrenPlatform\Application\Runtime\Cache\Home\2a94b8bda04ff446dcedd42276fc99ee.php 第 764 行.
NOTIC: [8] Undefined index: user_id F:\wamp\www\ChildrenPlatform\Application\Runtime\Cache\Home\2a94b8bda04ff446dcedd42276fc99ee.php 第 771 行.
NOTIC: [8] Use of undefined constant voo - assumed 'voo' F:\wamp\www\ChildrenPlatform\Application\Runtime\Cache\Home\2a94b8bda04ff446dcedd42276fc99ee.php 第 922 行.
NOTIC: [8] Use of undefined constant voo - assumed 'voo' F:\wamp\www\ChildrenPlatform\Application\Runtime\Cache\Home\2a94b8bda04ff446dcedd42276fc99ee.php 第 922 行.
NOTIC: [8] Undefined index: subsetType_id F:\wamp\www\ChildrenPlatform\Application\Runtime\Cache\Home\2a94b8bda04ff446dcedd42276fc99ee.php 第 923 行.
NOTIC: [8] Undefined index: subsetType_id F:\wamp\www\ChildrenPlatform\Application\Runtime\Cache\Home\2a94b8bda04ff446dcedd42276fc99ee.php 第 923 行.
NOTIC: [8] Undefined index: subsetType_id F:\wamp\www\ChildrenPlatform\Application\Runtime\Cache\Home\2a94b8bda04ff446dcedd42276fc99ee.php 第 923 行.
NOTIC: [8] Undefined index: subsetType_id F:\wamp\www\ChildrenPlatform\Application\Runtime\Cache\Home\2a94b8bda04ff446dcedd42276fc99ee.php 第 923 行.
NOTIC: [8] Use of undefined constant voo - assumed 'voo' F:\wamp\www\ChildrenPlatform\Application\Runtime\Cache\Home\2a94b8bda04ff446dcedd42276fc99ee.php 第 922 行.
NOTIC: [8] Use of undefined constant voo - assumed 'voo' F:\wamp\www\ChildrenPlatform\Application\Runtime\Cache\Home\2a94b8bda04ff446dcedd42276fc99ee.php 第 922 行.
NOTIC: [8] Undefined index: subsetType_id F:\wamp\www\ChildrenPlatform\Application\Runtime\Cache\Home\2a94b8bda04ff446dcedd42276fc99ee.php 第 923 行.
NOTIC: [8] Undefined index: subsetType_id F:\wamp\www\ChildrenPlatform\Application\Runtime\Cache\Home\2a94b8bda04ff446dcedd42276fc99ee.php 第 923 行.
NOTIC: [8] Undefined index: subsetType_id F:\wamp\www\ChildrenPlatform\Application\Runtime\Cache\Home\2a94b8bda04ff446dcedd42276fc99ee.php 第 923 行.
NOTIC: [8] Undefined index: subsetType_id F:\wamp\www\ChildrenPlatform\Application\Runtime\Cache\Home\2a94b8bda04ff446dcedd42276fc99ee.php 第 923 行.
NOTIC: [8] Undefined index: subsetType_id F:\wamp\www\ChildrenPlatform\Application\Runtime\Cache\Home\2a94b8bda04ff446dcedd42276fc99ee.php 第 923 行.
NOTIC: [8] Use of undefined constant voo - assumed 'voo' F:\wamp\www\ChildrenPlatform\Application\Runtime\Cache\Home\2a94b8bda04ff446dcedd42276fc99ee.php 第 922 行.
NOTIC: [8] Use of undefined constant voo - assumed 'voo' F:\wamp\www\ChildrenPlatform\Application\Runtime\Cache\Home\2a94b8bda04ff446dcedd42276fc99ee.php 第 922 行.
NOTIC: [8] Undefined index: subsetType_id F:\wamp\www\ChildrenPlatform\Application\Runtime\Cache\Home\2a94b8bda04ff446dcedd42276fc99ee.php 第 923 行.
NOTIC: [8] Undefined index: subsetType_id F:\wamp\www\ChildrenPlatform\Application\Runtime\Cache\Home\2a94b8bda04ff446dcedd42276fc99ee.php 第 923 行.
NOTIC: [8] Undefined index: subsetType_id F:\wamp\www\ChildrenPlatform\Application\Runtime\Cache\Home\2a94b8bda04ff446dcedd42276fc99ee.php 第 923 行.
NOTIC: [8] Undefined index: subsetType_id F:\wamp\www\ChildrenPlatform\Application\Runtime\Cache\Home\2a94b8bda04ff446dcedd42276fc99ee.php 第 923 行.
NOTIC: [8] Use of undefined constant voo - assumed 'voo' F:\wamp\www\ChildrenPlatform\Application\Runtime\Cache\Home\2a94b8bda04ff446dcedd42276fc99ee.php 第 922 行.
NOTIC: [8] Use of undefined constant voo - assumed 'voo' F:\wamp\www\ChildrenPlatform\Application\Runtime\Cache\Home\2a94b8bda04ff446dcedd42276fc99ee.php 第 922 行.
NOTIC: [8] Undefined index: subsetType_id F:\wamp\www\ChildrenPlatform\Application\Runtime\Cache\Home\2a94b8bda04ff446dcedd42276fc99ee.php 第 923 行.
NOTIC: [8] Undefined index: subsetType_id F:\wamp\www\ChildrenPlatform\Application\Runtime\Cache\Home\2a94b8bda04ff446dcedd42276fc99ee.php 第 923 行.
NOTIC: [8] Undefined index: subsetType_id F:\wamp\www\ChildrenPlatform\Application\Runtime\Cache\Home\2a94b8bda04ff446dcedd42276fc99ee.php 第 923 行.
NOTIC: [8] Undefined index: type F:\wamp\www\ChildrenPlatform\Application\Runtime\Cache\Home\2a94b8bda04ff446dcedd42276fc99ee.php 第 1045 行.
NOTIC: [8] Undefined index: type F:\wamp\www\ChildrenPlatform\Application\Runtime\Cache\Home\2a94b8bda04ff446dcedd42276fc99ee.php 第 1050 行.
NOTIC: [8] Undefined index: type F:\wamp\www\ChildrenPlatform\Application\Runtime\Cache\Home\2a94b8bda04ff446dcedd42276fc99ee.php 第 1050 行.
NOTIC: [8] Undefined index: type F:\wamp\www\ChildrenPlatform\Application\Runtime\Cache\Home\2a94b8bda04ff446dcedd42276fc99ee.php 第 1050 行.
NOTIC: [8] Undefined index: type F:\wamp\www\ChildrenPlatform\Application\Runtime\Cache\Home\2a94b8bda04ff446dcedd42276fc99ee.php 第 1050 行.
NOTIC: [8] Use of undefined constant hot_vo - assumed 'hot_vo' F:\wamp\www\ChildrenPlatform\Application\Runtime\Cache\Home\2a94b8bda04ff446dcedd42276fc99ee.php 第 1063 行.
NOTIC: [8] Use of undefined constant hot_vo - assumed 'hot_vo' F:\wamp\www\ChildrenPlatform\Application\Runtime\Cache\Home\2a94b8bda04ff446dcedd42276fc99ee.php 第 1063 行.
NOTIC: [8] Use of undefined constant vo2 - assumed 'vo2' F:\wamp\www\ChildrenPlatform\Application\Runtime\Cache\Home\2a94b8bda04ff446dcedd42276fc99ee.php 第 1126 行.
NOTIC: [8] Use of undefined constant vo2 - assumed 'vo2' F:\wamp\www\ChildrenPlatform\Application\Runtime\Cache\Home\2a94b8bda04ff446dcedd42276fc99ee.php 第 1126 行.
NOTIC: [8] Use of undefined constant vo2 - assumed 'vo2' F:\wamp\www\ChildrenPlatform\Application\Runtime\Cache\Home\2a94b8bda04ff446dcedd42276fc99ee.php 第 1126 行.
NOTIC: [8] Use of undefined constant vo2 - assumed 'vo2' F:\wamp\www\ChildrenPlatform\Application\Runtime\Cache\Home\2a94b8bda04ff446dcedd42276fc99ee.php 第 1126 行.
NOTIC: [8] Use of undefined constant vo2 - assumed 'vo2' F:\wamp\www\ChildrenPlatform\Application\Runtime\Cache\Home\2a94b8bda04ff446dcedd42276fc99ee.php 第 1126 行.
NOTIC: [8] Use of undefined constant vo2 - assumed 'vo2' F:\wamp\www\ChildrenPlatform\Application\Runtime\Cache\Home\2a94b8bda04ff446dcedd42276fc99ee.php 第 1126 行.
NOTIC: [8] Use of undefined constant vo2 - assumed 'vo2' F:\wamp\www\ChildrenPlatform\Application\Runtime\Cache\Home\2a94b8bda04ff446dcedd42276fc99ee.php 第 1126 行.
NOTIC: [8] Use of undefined constant vo2 - assumed 'vo2' F:\wamp\www\ChildrenPlatform\Application\Runtime\Cache\Home\2a94b8bda04ff446dcedd42276fc99ee.php 第 1126 行.
NOTIC: [8] Use of undefined constant hot_vo - assumed 'hot_vo' F:\wamp\www\ChildrenPlatform\Application\Runtime\Cache\Home\2a94b8bda04ff446dcedd42276fc99ee.php 第 1171 行.
NOTIC: [8] Use of undefined constant hot_vo - assumed 'hot_vo' F:\wamp\www\ChildrenPlatform\Application\Runtime\Cache\Home\2a94b8bda04ff446dcedd42276fc99ee.php 第 1171 行.
NOTIC: [8] Use of undefined constant vo2 - assumed 'vo2' F:\wamp\www\ChildrenPlatform\Application\Runtime\Cache\Home\2a94b8bda04ff446dcedd42276fc99ee.php 第 1232 行.
NOTIC: [8] Use of undefined constant vo2 - assumed 'vo2' F:\wamp\www\ChildrenPlatform\Application\Runtime\Cache\Home\2a94b8bda04ff446dcedd42276fc99ee.php 第 1232 行.
NOTIC: [8] Use of undefined constant vo2 - assumed 'vo2' F:\wamp\www\ChildrenPlatform\Application\Runtime\Cache\Home\2a94b8bda04ff446dcedd42276fc99ee.php 第 1232 行.
NOTIC: [8] Use of undefined constant vo2 - assumed 'vo2' F:\wamp\www\ChildrenPlatform\Application\Runtime\Cache\Home\2a94b8bda04ff446dcedd42276fc99ee.php 第 1232 行.
NOTIC: [8] Use of undefined constant vo2 - assumed 'vo2' F:\wamp\www\ChildrenPlatform\Application\Runtime\Cache\Home\2a94b8bda04ff446dcedd42276fc99ee.php 第 1232 行.
NOTIC: [8] Use of undefined constant vo2 - assumed 'vo2' F:\wamp\www\ChildrenPlatform\Application\Runtime\Cache\Home\2a94b8bda04ff446dcedd42276fc99ee.php 第 1232 行.
INFO: Run Behavior\ParseTemplateBehavior [ RunTime:0.059908s ]
INFO: [ view_parse ] --END-- [ RunTime:0.059985s ]
INFO: [ view_filter ] --START--
INFO: Run Behavior\WriteHtmlCacheBehavior [ RunTime:0.000633s ]
INFO: [ view_filter ] --END-- [ RunTime:0.000712s ]
INFO: [ app_end ] --START--
INFO: Run Behavior\ShowPageTraceBehavior [ RunTime:0.000941s ]
INFO: [ app_end ] --END-- [ RunTime:0.001030s ]

