[ 2018-03-27T18:42:37+08:00 ] 127.0.0.1 /ChildrenPlatform/
INFO: [ app_init ] --START--
INFO: Run Behavior\BuildLiteBehavior [ RunTime:0.000035s ]
INFO: [ app_init ] --END-- [ RunTime:0.021622s ]
INFO: [ app_begin ] --START--
INFO: Run Behavior\ReadHtmlCacheBehavior [ RunTime:0.004120s ]
INFO: [ app_begin ] --END-- [ RunTime:0.004268s ]
SQL: SHOW COLUMNS FROM `maintype` [ RunTime:0.0980s ]
SQL: SHOW COLUMNS FROM `2lvtype` [ RunTime:0.0090s ]
SQL: SELECT * FROM `maintype`  [ RunTime:0.0008s ]
NOTIC: [8] Undefined offset: 0 E:\wamp\www\ChildrenPlatform\ThinkPHP\Library\Think\Model.class.php 第 222 行.
SQL: SELECT * FROM `2lvtype` WHERE ( m_id = 1 )  [ RunTime:0.0587s ]
NOTIC: [8] Undefined offset: 0 E:\wamp\www\ChildrenPlatform\ThinkPHP\Library\Think\Model.class.php 第 222 行.
SQL: SELECT * FROM `2lvtype` WHERE ( m_id = 2 )  [ RunTime:0.0005s ]
NOTIC: [8] Undefined offset: 0 E:\wamp\www\ChildrenPlatform\ThinkPHP\Library\Think\Model.class.php 第 222 行.
SQL: SELECT * FROM `2lvtype` WHERE ( m_id = 3 )  [ RunTime:0.0005s ]
NOTIC: [8] Undefined offset: 0 E:\wamp\www\ChildrenPlatform\ThinkPHP\Library\Think\Model.class.php 第 222 行.
SQL: SELECT * FROM `2lvtype` WHERE ( m_id = 4 )  [ RunTime:0.0006s ]
SQL: SELECT * FROM `2lvtype` ORDER BY hint desc LIMIT 12   [ RunTime:0.0007s ]
SQL: SHOW COLUMNS FROM `items` [ RunTime:0.0123s ]
SQL: SELECT * FROM `items` WHERE `s_id` = 13 AND `state` = 0 ORDER BY hint desc LIMIT 8   [ RunTime:0.0018s ]
SQL: SHOW COLUMNS FROM `collect` [ RunTime:0.0083s ]
SQL: SELECT `state` FROM `collect` WHERE `f_id` = 20 AND `u_id` = 0  [ RunTime:0.0004s ]
SQL: SELECT `state` FROM `collect` WHERE `f_id` = 40 AND `u_id` = 0  [ RunTime:0.0004s ]
SQL: SELECT `state` FROM `collect` WHERE `f_id` = 15 AND `u_id` = 0  [ RunTime:0.0004s ]
SQL: SELECT `state` FROM `collect` WHERE `f_id` = 39 AND `u_id` = 0  [ RunTime:0.0003s ]
SQL: SELECT * FROM `items` WHERE `s_id` = 12 AND `state` = 0 ORDER BY hint desc LIMIT 8   [ RunTime:0.0005s ]
SQL: SELECT `state` FROM `collect` WHERE `f_id` = 35 AND `u_id` = 0  [ RunTime:0.0003s ]
SQL: SELECT `state` FROM `collect` WHERE `f_id` = 36 AND `u_id` = 0  [ RunTime:0.0004s ]
SQL: SELECT `state` FROM `collect` WHERE `f_id` = 37 AND `u_id` = 0  [ RunTime:0.0003s ]
SQL: SELECT * FROM `items` WHERE `s_id` = 8 AND `state` = 0 ORDER BY hint desc LIMIT 8   [ RunTime:0.0005s ]
SQL: SELECT `state` FROM `collect` WHERE `f_id` = 22 AND `u_id` = 0  [ RunTime:0.0003s ]
SQL: SELECT `state` FROM `collect` WHERE `f_id` = 21 AND `u_id` = 0  [ RunTime:0.0003s ]
SQL: SELECT `state` FROM `collect` WHERE `f_id` = 12 AND `u_id` = 0  [ RunTime:0.0003s ]
SQL: SELECT `state` FROM `collect` WHERE `f_id` = 23 AND `u_id` = 0  [ RunTime:0.0003s ]
SQL: SELECT `state` FROM `collect` WHERE `f_id` = 13 AND `u_id` = 0  [ RunTime:0.0003s ]
SQL: SELECT * FROM `items` WHERE `s_id` = 6 AND `state` = 0 ORDER BY hint desc LIMIT 8   [ RunTime:0.0004s ]
SQL: SELECT `state` FROM `collect` WHERE `f_id` = 24 AND `u_id` = 0  [ RunTime:0.0003s ]
SQL: SELECT `state` FROM `collect` WHERE `f_id` = 14 AND `u_id` = 0  [ RunTime:0.0003s ]
SQL: SELECT * FROM `items` WHERE `s_id` = 15 AND `state` = 0 ORDER BY hint desc LIMIT 8   [ RunTime:0.0004s ]
SQL: SELECT * FROM `items` WHERE `s_id` = 7 AND `state` = 0 ORDER BY hint desc LIMIT 8   [ RunTime:0.0004s ]
SQL: SELECT `state` FROM `collect` WHERE `f_id` = 9 AND `u_id` = 0  [ RunTime:0.0003s ]
SQL: SELECT * FROM `items` WHERE `s_id` = 9 AND `state` = 0 ORDER BY hint desc LIMIT 8   [ RunTime:0.0005s ]
SQL: SELECT `state` FROM `collect` WHERE `f_id` = 19 AND `u_id` = 0  [ RunTime:0.0004s ]
SQL: SELECT * FROM `items` WHERE `s_id` = 16 AND `state` = 0 ORDER BY hint desc LIMIT 8   [ RunTime:0.0005s ]
SQL: SELECT `state` FROM `collect` WHERE `f_id` = 33 AND `u_id` = 0  [ RunTime:0.0003s ]
SQL: SELECT `state` FROM `collect` WHERE `f_id` = 34 AND `u_id` = 0  [ RunTime:0.0003s ]
SQL: SELECT * FROM `items` WHERE `s_id` = 3 AND `state` = 0 ORDER BY hint desc LIMIT 8   [ RunTime:0.0005s ]
SQL: SELECT `state` FROM `collect` WHERE `f_id` = 30 AND `u_id` = 0  [ RunTime:0.0003s ]
SQL: SELECT `state` FROM `collect` WHERE `f_id` = 31 AND `u_id` = 0  [ RunTime:0.0003s ]
SQL: SELECT `state` FROM `collect` WHERE `f_id` = 29 AND `u_id` = 0  [ RunTime:0.0003s ]
SQL: SELECT * FROM `items` WHERE `s_id` = 14 AND `state` = 0 ORDER BY hint desc LIMIT 8   [ RunTime:0.0005s ]
SQL: SELECT `state` FROM `collect` WHERE `f_id` = 41 AND `u_id` = 0  [ RunTime:0.0003s ]
SQL: SELECT * FROM `items` WHERE `s_id` = 10 AND `state` = 0 ORDER BY hint desc LIMIT 8   [ RunTime:0.0004s ]
SQL: SELECT `state` FROM `collect` WHERE `f_id` = 32 AND `u_id` = 0  [ RunTime:0.0003s ]
SQL: SELECT * FROM `items` WHERE `s_id` = 5 AND `state` = 0 ORDER BY hint desc LIMIT 8   [ RunTime:0.0004s ]
SQL: SHOW COLUMNS FROM `search` [ RunTime:0.0094s ]
SQL: SELECT * FROM `search` ORDER BY time desc LIMIT 8   [ RunTime:0.0005s ]
SQL: SELECT * FROM `items` WHERE ( state = 0 ) ORDER BY hint desc LIMIT 3   [ RunTime:0.0005s ]
SQL: SHOW COLUMNS FROM `carousel` [ RunTime:0.0084s ]
SQL: SELECT * FROM `carousel` WHERE ( state = 0 ) ORDER BY hint desc LIMIT 4   [ RunTime:0.0006s ]
SQL: SELECT COUNT(*) AS tp_count FROM `collect` WHERE `u_id` = 0 AND `state` = 1 LIMIT 1   [ RunTime:0.0009s ]
SQL: SHOW COLUMNS FROM `index` [ RunTime:0.0092s ]
SQL: UPDATE `index` SET `pageview`=pageview+1 WHERE ( id = 1 ) [ RunTime:0.0196s ]
INFO: [ view_parse ] --START--
INFO: [ template_filter ] --START--
INFO: Run Behavior\ContentReplaceBehavior [ RunTime:0.000399s ]
INFO: [ template_filter ] --END-- [ RunTime:0.000501s ]
NOTIC: [8] Undefined index: u_id E:\wamp\www\ChildrenPlatform\Application\Runtime\Cache\Home\2a94b8bda04ff446dcedd42276fc99ee.php 第 69 行.
NOTIC: [8] Use of undefined constant voo - assumed 'voo' E:\wamp\www\ChildrenPlatform\Application\Runtime\Cache\Home\2a94b8bda04ff446dcedd42276fc99ee.php 第 853 行.
NOTIC: [8] Use of undefined constant voo - assumed 'voo' E:\wamp\www\ChildrenPlatform\Application\Runtime\Cache\Home\2a94b8bda04ff446dcedd42276fc99ee.php 第 853 行.
NOTIC: [8] Use of undefined constant voo - assumed 'voo' E:\wamp\www\ChildrenPlatform\Application\Runtime\Cache\Home\2a94b8bda04ff446dcedd42276fc99ee.php 第 853 行.
NOTIC: [8] Use of undefined constant voo - assumed 'voo' E:\wamp\www\ChildrenPlatform\Application\Runtime\Cache\Home\2a94b8bda04ff446dcedd42276fc99ee.php 第 853 行.
NOTIC: [8] Use of undefined constant voo - assumed 'voo' E:\wamp\www\ChildrenPlatform\Application\Runtime\Cache\Home\2a94b8bda04ff446dcedd42276fc99ee.php 第 853 行.
NOTIC: [8] Use of undefined constant voo - assumed 'voo' E:\wamp\www\ChildrenPlatform\Application\Runtime\Cache\Home\2a94b8bda04ff446dcedd42276fc99ee.php 第 853 行.
NOTIC: [8] Use of undefined constant voo - assumed 'voo' E:\wamp\www\ChildrenPlatform\Application\Runtime\Cache\Home\2a94b8bda04ff446dcedd42276fc99ee.php 第 853 行.
NOTIC: [8] Use of undefined constant voo - assumed 'voo' E:\wamp\www\ChildrenPlatform\Application\Runtime\Cache\Home\2a94b8bda04ff446dcedd42276fc99ee.php 第 853 行.
NOTIC: [8] Use of undefined constant hot_vo - assumed 'hot_vo' E:\wamp\www\ChildrenPlatform\Application\Runtime\Cache\Home\2a94b8bda04ff446dcedd42276fc99ee.php 第 994 行.
NOTIC: [8] Use of undefined constant hot_vo - assumed 'hot_vo' E:\wamp\www\ChildrenPlatform\Application\Runtime\Cache\Home\2a94b8bda04ff446dcedd42276fc99ee.php 第 994 行.
NOTIC: [8] Use of undefined constant vo2 - assumed 'vo2' E:\wamp\www\ChildrenPlatform\Application\Runtime\Cache\Home\2a94b8bda04ff446dcedd42276fc99ee.php 第 1057 行.
NOTIC: [8] Use of undefined constant vo2 - assumed 'vo2' E:\wamp\www\ChildrenPlatform\Application\Runtime\Cache\Home\2a94b8bda04ff446dcedd42276fc99ee.php 第 1057 行.
NOTIC: [8] Use of undefined constant vo2 - assumed 'vo2' E:\wamp\www\ChildrenPlatform\Application\Runtime\Cache\Home\2a94b8bda04ff446dcedd42276fc99ee.php 第 1057 行.
NOTIC: [8] Use of undefined constant vo2 - assumed 'vo2' E:\wamp\www\ChildrenPlatform\Application\Runtime\Cache\Home\2a94b8bda04ff446dcedd42276fc99ee.php 第 1057 行.
NOTIC: [8] Use of undefined constant vo2 - assumed 'vo2' E:\wamp\www\ChildrenPlatform\Application\Runtime\Cache\Home\2a94b8bda04ff446dcedd42276fc99ee.php 第 1057 行.
NOTIC: [8] Use of undefined constant vo2 - assumed 'vo2' E:\wamp\www\ChildrenPlatform\Application\Runtime\Cache\Home\2a94b8bda04ff446dcedd42276fc99ee.php 第 1057 行.
NOTIC: [8] Use of undefined constant vo2 - assumed 'vo2' E:\wamp\www\ChildrenPlatform\Application\Runtime\Cache\Home\2a94b8bda04ff446dcedd42276fc99ee.php 第 1057 行.
NOTIC: [8] Use of undefined constant vo2 - assumed 'vo2' E:\wamp\www\ChildrenPlatform\Application\Runtime\Cache\Home\2a94b8bda04ff446dcedd42276fc99ee.php 第 1057 行.
NOTIC: [8] Use of undefined constant hot_vo - assumed 'hot_vo' E:\wamp\www\ChildrenPlatform\Application\Runtime\Cache\Home\2a94b8bda04ff446dcedd42276fc99ee.php 第 1102 行.
NOTIC: [8] Use of undefined constant hot_vo - assumed 'hot_vo' E:\wamp\www\ChildrenPlatform\Application\Runtime\Cache\Home\2a94b8bda04ff446dcedd42276fc99ee.php 第 1102 行.
NOTIC: [8] Use of undefined constant vo2 - assumed 'vo2' E:\wamp\www\ChildrenPlatform\Application\Runtime\Cache\Home\2a94b8bda04ff446dcedd42276fc99ee.php 第 1163 行.
NOTIC: [8] Use of undefined constant vo2 - assumed 'vo2' E:\wamp\www\ChildrenPlatform\Application\Runtime\Cache\Home\2a94b8bda04ff446dcedd42276fc99ee.php 第 1163 行.
NOTIC: [8] Use of undefined constant vo2 - assumed 'vo2' E:\wamp\www\ChildrenPlatform\Application\Runtime\Cache\Home\2a94b8bda04ff446dcedd42276fc99ee.php 第 1163 行.
NOTIC: [8] Use of undefined constant vo2 - assumed 'vo2' E:\wamp\www\ChildrenPlatform\Application\Runtime\Cache\Home\2a94b8bda04ff446dcedd42276fc99ee.php 第 1163 行.
NOTIC: [8] Use of undefined constant vo2 - assumed 'vo2' E:\wamp\www\ChildrenPlatform\Application\Runtime\Cache\Home\2a94b8bda04ff446dcedd42276fc99ee.php 第 1163 行.
NOTIC: [8] Use of undefined constant vo2 - assumed 'vo2' E:\wamp\www\ChildrenPlatform\Application\Runtime\Cache\Home\2a94b8bda04ff446dcedd42276fc99ee.php 第 1163 行.
INFO: Run Behavior\ParseTemplateBehavior [ RunTime:0.155117s ]
INFO: [ view_parse ] --END-- [ RunTime:0.155252s ]
INFO: [ view_filter ] --START--
INFO: Run Behavior\WriteHtmlCacheBehavior [ RunTime:0.009459s ]
INFO: [ view_filter ] --END-- [ RunTime:0.009577s ]
INFO: [ app_end ] --START--
INFO: Run Behavior\ShowPageTraceBehavior [ RunTime:0.001177s ]
INFO: [ app_end ] --END-- [ RunTime:0.001289s ]

[ 2018-03-27T18:44:34+08:00 ] 127.0.0.1 /ChildrenPlatform/Home/Project/projectchildtype/id/12.html
INFO: [ app_init ] --START--
INFO: Run Behavior\BuildLiteBehavior [ RunTime:0.000025s ]
INFO: [ app_init ] --END-- [ RunTime:0.000462s ]
INFO: [ app_begin ] --START--
INFO: Run Behavior\ReadHtmlCacheBehavior [ RunTime:0.000557s ]
INFO: [ app_begin ] --END-- [ RunTime:0.000648s ]
SQL: SHOW COLUMNS FROM `maintype` [ RunTime:0.0415s ]
SQL: SHOW COLUMNS FROM `2lvtype` [ RunTime:0.0057s ]
SQL: SHOW COLUMNS FROM `items` [ RunTime:0.0068s ]
SQL: SELECT `m_id` FROM `2lvtype` WHERE ( s_id = 12 ) LIMIT 1   [ RunTime:0.0004s ]
SQL: SELECT `type` FROM `maintype` WHERE ( m_id = 3 ) LIMIT 1   [ RunTime:0.0003s ]
SQL: SELECT `type` FROM `2lvtype` WHERE ( s_id = 12 ) LIMIT 1   [ RunTime:0.0003s ]
SQL: SELECT * FROM `maintype`  [ RunTime:0.0002s ]
NOTIC: [8] Undefined offset: 0 E:\wamp\www\ChildrenPlatform\ThinkPHP\Library\Think\Model.class.php 第 222 行.
SQL: SELECT * FROM `2lvtype` WHERE ( m_id = 1 )  [ RunTime:0.0003s ]
NOTIC: [8] Undefined offset: 0 E:\wamp\www\ChildrenPlatform\ThinkPHP\Library\Think\Model.class.php 第 222 行.
SQL: SELECT * FROM `2lvtype` WHERE ( m_id = 2 )  [ RunTime:0.0003s ]
NOTIC: [8] Undefined offset: 0 E:\wamp\www\ChildrenPlatform\ThinkPHP\Library\Think\Model.class.php 第 222 行.
SQL: SELECT * FROM `2lvtype` WHERE ( m_id = 3 )  [ RunTime:0.0003s ]
NOTIC: [8] Undefined offset: 0 E:\wamp\www\ChildrenPlatform\ThinkPHP\Library\Think\Model.class.php 第 222 行.
SQL: SELECT * FROM `2lvtype` WHERE ( m_id = 4 )  [ RunTime:0.0003s ]
SQL: SELECT * FROM `2lvtype` WHERE `m_id` <> 3 ORDER BY hint desc LIMIT 10   [ RunTime:0.0004s ]
SQL: SELECT * FROM `items` WHERE `m_id` <> 3 AND `state` = 0 ORDER BY hint desc LIMIT 4   [ RunTime:0.0006s ]
SQL: SELECT * FROM `items` WHERE `state` = 0 AND `s_id` = 12 ORDER BY hint desc  [ RunTime:0.0004s ]
SQL: SHOW COLUMNS FROM `collect` [ RunTime:0.0058s ]
SQL: SELECT `state` FROM `collect` WHERE `f_id` = 35 AND `u_id` = 0  [ RunTime:0.0003s ]
SQL: SELECT `state` FROM `collect` WHERE `f_id` = 36 AND `u_id` = 0  [ RunTime:0.0003s ]
SQL: SELECT `state` FROM `collect` WHERE `f_id` = 37 AND `u_id` = 0  [ RunTime:0.0003s ]
SQL: UPDATE `2lvtype` SET `hint`=hint+1 WHERE ( s_id=12 ) [ RunTime:0.3780s ]
SQL: UPDATE `maintype` SET `hint`=hint+1 WHERE ( m_id=3 ) [ RunTime:0.0982s ]
SQL: SELECT COUNT(*) AS tp_count FROM `collect` WHERE `u_id` = 0 AND `state` = 1 LIMIT 1   [ RunTime:0.0005s ]
INFO: [ view_parse ] --START--
INFO: [ template_filter ] --START--
INFO: Run Behavior\ContentReplaceBehavior [ RunTime:0.000286s ]
INFO: [ template_filter ] --END-- [ RunTime:0.000381s ]
NOTIC: [8] Undefined index: u_id E:\wamp\www\ChildrenPlatform\Application\Runtime\Cache\Home\b6d8481546005c91f4334c7b23b977ba.php 第 58 行.
NOTIC: [8] Use of undefined constant voo - assumed 'voo' E:\wamp\www\ChildrenPlatform\Application\Runtime\Cache\Home\b6d8481546005c91f4334c7b23b977ba.php 第 792 行.
NOTIC: [8] Use of undefined constant voo - assumed 'voo' E:\wamp\www\ChildrenPlatform\Application\Runtime\Cache\Home\b6d8481546005c91f4334c7b23b977ba.php 第 792 行.
NOTIC: [8] Use of undefined constant voo - assumed 'voo' E:\wamp\www\ChildrenPlatform\Application\Runtime\Cache\Home\b6d8481546005c91f4334c7b23b977ba.php 第 792 行.
NOTIC: [8] Use of undefined constant voo - assumed 'voo' E:\wamp\www\ChildrenPlatform\Application\Runtime\Cache\Home\b6d8481546005c91f4334c7b23b977ba.php 第 792 行.
NOTIC: [8] Use of undefined constant voo - assumed 'voo' E:\wamp\www\ChildrenPlatform\Application\Runtime\Cache\Home\b6d8481546005c91f4334c7b23b977ba.php 第 792 行.
NOTIC: [8] Use of undefined constant voo - assumed 'voo' E:\wamp\www\ChildrenPlatform\Application\Runtime\Cache\Home\b6d8481546005c91f4334c7b23b977ba.php 第 792 行.
NOTIC: [8] Use of undefined constant voo - assumed 'voo' E:\wamp\www\ChildrenPlatform\Application\Runtime\Cache\Home\b6d8481546005c91f4334c7b23b977ba.php 第 792 行.
NOTIC: [8] Use of undefined constant voo - assumed 'voo' E:\wamp\www\ChildrenPlatform\Application\Runtime\Cache\Home\b6d8481546005c91f4334c7b23b977ba.php 第 792 行.
NOTIC: [8] Use of undefined constant voo - assumed 'voo' E:\wamp\www\ChildrenPlatform\Application\Runtime\Cache\Home\b6d8481546005c91f4334c7b23b977ba.php 第 975 行.
NOTIC: [8] Use of undefined constant voo - assumed 'voo' E:\wamp\www\ChildrenPlatform\Application\Runtime\Cache\Home\b6d8481546005c91f4334c7b23b977ba.php 第 975 行.
NOTIC: [8] Use of undefined constant voo - assumed 'voo' E:\wamp\www\ChildrenPlatform\Application\Runtime\Cache\Home\b6d8481546005c91f4334c7b23b977ba.php 第 975 行.
NOTIC: [8] Use of undefined constant voo - assumed 'voo' E:\wamp\www\ChildrenPlatform\Application\Runtime\Cache\Home\b6d8481546005c91f4334c7b23b977ba.php 第 975 行.
NOTIC: [8] Use of undefined constant voo - assumed 'voo' E:\wamp\www\ChildrenPlatform\Application\Runtime\Cache\Home\b6d8481546005c91f4334c7b23b977ba.php 第 975 行.
NOTIC: [8] Use of undefined constant voo - assumed 'voo' E:\wamp\www\ChildrenPlatform\Application\Runtime\Cache\Home\b6d8481546005c91f4334c7b23b977ba.php 第 975 行.
INFO: Run Behavior\ParseTemplateBehavior [ RunTime:0.128410s ]
INFO: [ view_parse ] --END-- [ RunTime:0.128670s ]
INFO: [ view_filter ] --START--
INFO: Run Behavior\WriteHtmlCacheBehavior [ RunTime:0.001221s ]
INFO: [ view_filter ] --END-- [ RunTime:0.001423s ]
INFO: [ app_end ] --START--
INFO: Run Behavior\ShowPageTraceBehavior [ RunTime:0.000902s ]
INFO: [ app_end ] --END-- [ RunTime:0.001029s ]

[ 2018-03-27T18:45:16+08:00 ] 127.0.0.1 /ChildrenPlatform/Home/Index/login
INFO: [ app_init ] --START--
INFO: Run Behavior\BuildLiteBehavior [ RunTime:0.000060s ]
INFO: [ app_init ] --END-- [ RunTime:0.000953s ]
INFO: [ app_begin ] --START--
INFO: Run Behavior\ReadHtmlCacheBehavior [ RunTime:0.000775s ]
INFO: [ app_begin ] --END-- [ RunTime:0.000904s ]
SQL: SHOW COLUMNS FROM `user` [ RunTime:0.0663s ]
SQL: SELECT `u_id` FROM `user` WHERE `telephone` = '17640410053' AND `password` = '675e192c556ac6a22abdcc8e57c25935' LIMIT 1   [ RunTime:0.0005s ]
SQL: SHOW COLUMNS FROM `u_information` [ RunTime:0.0404s ]
SQL: SELECT `state` FROM `u_information` WHERE ( u_id=2405 ) LIMIT 1   [ RunTime:0.0004s ]
SQL: SELECT `username` FROM `u_information` WHERE ( u_id=2405 ) LIMIT 1   [ RunTime:0.0003s ]
NOTIC: [2] Illegal offset type in isset or empty E:\wamp\www\ChildrenPlatform\ThinkPHP\Library\Think\Model.class.php 第 445 行.
SQL: UPDATE `user` SET `num`=num+1 WHERE `telephone` = '17640410053' AND `password` = '675e192c556ac6a22abdcc8e57c25935' [ RunTime:0.0597s ]
NOTIC: [2] Illegal offset type in isset or empty E:\wamp\www\ChildrenPlatform\ThinkPHP\Library\Think\Model.class.php 第 445 行.
SQL: UPDATE `user` SET `createtime`='2018-03-27 18:45:15',`ip`='127.0.0.1' WHERE `telephone` = '17640410053' AND `password` = '675e192c556ac6a22abdcc8e57c25935' [ RunTime:0.0492s ]
NOTIC: [8] Use of undefined constant json - assumed 'json' E:\wamp\www\ChildrenPlatform\Application\Home\Controller\IndexController.class.php 第 150 行.

[ 2018-03-27T18:45:17+08:00 ] 127.0.0.1 /ChildrenPlatform/Home/Project/projectchildtype/id/12.html
INFO: [ app_init ] --START--
INFO: Run Behavior\BuildLiteBehavior [ RunTime:0.000032s ]
INFO: [ app_init ] --END-- [ RunTime:0.000494s ]
INFO: [ app_begin ] --START--
INFO: Run Behavior\ReadHtmlCacheBehavior [ RunTime:0.000555s ]
INFO: [ app_begin ] --END-- [ RunTime:0.000694s ]
SQL: SHOW COLUMNS FROM `maintype` [ RunTime:0.0071s ]
SQL: SHOW COLUMNS FROM `2lvtype` [ RunTime:0.0067s ]
SQL: SHOW COLUMNS FROM `items` [ RunTime:0.0071s ]
SQL: SELECT `m_id` FROM `2lvtype` WHERE ( s_id = 12 ) LIMIT 1   [ RunTime:0.0004s ]
SQL: SELECT `type` FROM `maintype` WHERE ( m_id = 3 ) LIMIT 1   [ RunTime:0.0003s ]
SQL: SELECT `type` FROM `2lvtype` WHERE ( s_id = 12 ) LIMIT 1   [ RunTime:0.0003s ]
SQL: SELECT * FROM `maintype`  [ RunTime:0.0003s ]
NOTIC: [8] Undefined offset: 0 E:\wamp\www\ChildrenPlatform\ThinkPHP\Library\Think\Model.class.php 第 222 行.
SQL: SELECT * FROM `2lvtype` WHERE ( m_id = 1 )  [ RunTime:0.0004s ]
NOTIC: [8] Undefined offset: 0 E:\wamp\www\ChildrenPlatform\ThinkPHP\Library\Think\Model.class.php 第 222 行.
SQL: SELECT * FROM `2lvtype` WHERE ( m_id = 2 )  [ RunTime:0.0003s ]
NOTIC: [8] Undefined offset: 0 E:\wamp\www\ChildrenPlatform\ThinkPHP\Library\Think\Model.class.php 第 222 行.
SQL: SELECT * FROM `2lvtype` WHERE ( m_id = 3 )  [ RunTime:0.0003s ]
NOTIC: [8] Undefined offset: 0 E:\wamp\www\ChildrenPlatform\ThinkPHP\Library\Think\Model.class.php 第 222 行.
SQL: SELECT * FROM `2lvtype` WHERE ( m_id = 4 )  [ RunTime:0.0003s ]
SQL: SELECT * FROM `2lvtype` WHERE `m_id` <> 3 ORDER BY hint desc LIMIT 10   [ RunTime:0.0004s ]
SQL: SELECT * FROM `items` WHERE `m_id` <> 3 AND `state` = 0 ORDER BY hint desc LIMIT 4   [ RunTime:0.0005s ]
SQL: SELECT * FROM `items` WHERE `state` = 0 AND `s_id` = 12 ORDER BY hint desc  [ RunTime:0.0004s ]
SQL: SHOW COLUMNS FROM `collect` [ RunTime:0.0055s ]
SQL: SELECT `state` FROM `collect` WHERE `f_id` = 35 AND `u_id` = 2405  [ RunTime:0.0004s ]
SQL: SELECT `state` FROM `collect` WHERE `f_id` = 36 AND `u_id` = 2405  [ RunTime:0.0003s ]
SQL: SELECT `state` FROM `collect` WHERE `f_id` = 37 AND `u_id` = 2405  [ RunTime:0.0003s ]
SQL: UPDATE `2lvtype` SET `hint`=hint+1 WHERE ( s_id=12 ) [ RunTime:0.0569s ]
SQL: UPDATE `maintype` SET `hint`=hint+1 WHERE ( m_id=3 ) [ RunTime:0.0496s ]
SQL: SELECT COUNT(*) AS tp_count FROM `collect` WHERE `u_id` = 2405 AND `state` = 1 LIMIT 1   [ RunTime:0.0005s ]
INFO: [ view_parse ] --START--
INFO: [ template_filter ] --START--
INFO: Run Behavior\ContentReplaceBehavior [ RunTime:0.000289s ]
INFO: [ template_filter ] --END-- [ RunTime:0.000404s ]
NOTIC: [8] Use of undefined constant voo - assumed 'voo' E:\wamp\www\ChildrenPlatform\Application\Runtime\Cache\Home\b6d8481546005c91f4334c7b23b977ba.php 第 792 行.
NOTIC: [8] Use of undefined constant voo - assumed 'voo' E:\wamp\www\ChildrenPlatform\Application\Runtime\Cache\Home\b6d8481546005c91f4334c7b23b977ba.php 第 792 行.
NOTIC: [8] Use of undefined constant voo - assumed 'voo' E:\wamp\www\ChildrenPlatform\Application\Runtime\Cache\Home\b6d8481546005c91f4334c7b23b977ba.php 第 792 行.
NOTIC: [8] Use of undefined constant voo - assumed 'voo' E:\wamp\www\ChildrenPlatform\Application\Runtime\Cache\Home\b6d8481546005c91f4334c7b23b977ba.php 第 792 行.
NOTIC: [8] Use of undefined constant voo - assumed 'voo' E:\wamp\www\ChildrenPlatform\Application\Runtime\Cache\Home\b6d8481546005c91f4334c7b23b977ba.php 第 792 行.
NOTIC: [8] Use of undefined constant voo - assumed 'voo' E:\wamp\www\ChildrenPlatform\Application\Runtime\Cache\Home\b6d8481546005c91f4334c7b23b977ba.php 第 792 行.
NOTIC: [8] Use of undefined constant voo - assumed 'voo' E:\wamp\www\ChildrenPlatform\Application\Runtime\Cache\Home\b6d8481546005c91f4334c7b23b977ba.php 第 792 行.
NOTIC: [8] Use of undefined constant voo - assumed 'voo' E:\wamp\www\ChildrenPlatform\Application\Runtime\Cache\Home\b6d8481546005c91f4334c7b23b977ba.php 第 792 行.
NOTIC: [8] Use of undefined constant voo - assumed 'voo' E:\wamp\www\ChildrenPlatform\Application\Runtime\Cache\Home\b6d8481546005c91f4334c7b23b977ba.php 第 975 行.
NOTIC: [8] Use of undefined constant voo - assumed 'voo' E:\wamp\www\ChildrenPlatform\Application\Runtime\Cache\Home\b6d8481546005c91f4334c7b23b977ba.php 第 975 行.
NOTIC: [8] Use of undefined constant voo - assumed 'voo' E:\wamp\www\ChildrenPlatform\Application\Runtime\Cache\Home\b6d8481546005c91f4334c7b23b977ba.php 第 975 行.
NOTIC: [8] Use of undefined constant voo - assumed 'voo' E:\wamp\www\ChildrenPlatform\Application\Runtime\Cache\Home\b6d8481546005c91f4334c7b23b977ba.php 第 975 行.
NOTIC: [8] Use of undefined constant voo - assumed 'voo' E:\wamp\www\ChildrenPlatform\Application\Runtime\Cache\Home\b6d8481546005c91f4334c7b23b977ba.php 第 975 行.
NOTIC: [8] Use of undefined constant voo - assumed 'voo' E:\wamp\www\ChildrenPlatform\Application\Runtime\Cache\Home\b6d8481546005c91f4334c7b23b977ba.php 第 975 行.
INFO: Run Behavior\ParseTemplateBehavior [ RunTime:0.056939s ]
INFO: [ view_parse ] --END-- [ RunTime:0.057072s ]
INFO: [ view_filter ] --START--
INFO: Run Behavior\WriteHtmlCacheBehavior [ RunTime:0.000441s ]
INFO: [ view_filter ] --END-- [ RunTime:0.000521s ]
INFO: [ app_end ] --START--
INFO: Run Behavior\ShowPageTraceBehavior [ RunTime:0.000550s ]
INFO: [ app_end ] --END-- [ RunTime:0.000632s ]

[ 2018-03-27T18:45:22+08:00 ] 127.0.0.1 /ChildrenPlatform/Home/Index/collect
INFO: [ app_init ] --START--
INFO: Run Behavior\BuildLiteBehavior [ RunTime:0.000024s ]
INFO: [ app_init ] --END-- [ RunTime:0.000383s ]
INFO: [ app_begin ] --START--
INFO: Run Behavior\ReadHtmlCacheBehavior [ RunTime:0.000409s ]
INFO: [ app_begin ] --END-- [ RunTime:0.000506s ]
SQL: SHOW COLUMNS FROM `collect` [ RunTime:0.0192s ]
SQL: UPDATE `collect` SET `state`='0',`datetime`='2018-03-27 18:45:22' WHERE `u_id` = 2405 AND `f_id` = 35 [ RunTime:0.0738s ]
INFO: [ app_end ] --START--
INFO: Run Behavior\ShowPageTraceBehavior [ RunTime:0.000836s ]
INFO: [ app_end ] --END-- [ RunTime:0.000941s ]

[ 2018-03-27T18:45:25+08:00 ] 127.0.0.1 /ChildrenPlatform/Home/Project/projectdetail/id/35.html
INFO: [ app_init ] --START--
INFO: Run Behavior\BuildLiteBehavior [ RunTime:0.000029s ]
INFO: [ app_init ] --END-- [ RunTime:0.000485s ]
INFO: [ app_begin ] --START--
INFO: Run Behavior\ReadHtmlCacheBehavior [ RunTime:0.000684s ]
INFO: [ app_begin ] --END-- [ RunTime:0.000825s ]
SQL: SHOW COLUMNS FROM `items` [ RunTime:0.0245s ]
SQL: SELECT * FROM `items` WHERE ( f_id=35 ) LIMIT 1   [ RunTime:0.0005s ]
SQL: SHOW COLUMNS FROM `star` [ RunTime:0.0344s ]
SQL: SELECT * FROM `star` WHERE `u_id` = 2405 AND `f_id` = 35  [ RunTime:0.0004s ]
SQL: SHOW COLUMNS FROM `2lvtype` [ RunTime:0.0084s ]
SQL: SELECT `type` FROM `2lvtype` WHERE `s_id` = 12 LIMIT 1   [ RunTime:0.0003s ]
SQL: SHOW COLUMNS FROM `comment` [ RunTime:0.0066s ]
SQL: SELECT COUNT(*) AS tp_count FROM `comment` WHERE ( f_id=35 ) LIMIT 1   [ RunTime:0.0003s ]
SQL: SHOW COLUMNS FROM `collect` [ RunTime:0.0052s ]
SQL: SELECT `state` FROM `collect` WHERE `f_id` = 35 AND `u_id` = 2405 LIMIT 1   [ RunTime:0.0003s ]
SQL: SHOW COLUMNS FROM `u_information` [ RunTime:0.0056s ]
SQL: SELECT * FROM `comment` WHERE ( f_id=35 ) ORDER BY datetime desc  [ RunTime:0.0003s ]
SQL: SELECT * FROM `items` WHERE `f_id` <> '35' ORDER BY hint desc LIMIT 4   [ RunTime:0.0004s ]
SQL: SELECT `state` FROM `collect` WHERE `f_id` = 22 AND `u_id` = 2405  [ RunTime:0.0003s ]
SQL: SELECT `state` FROM `collect` WHERE `f_id` = 21 AND `u_id` = 2405  [ RunTime:0.0003s ]
SQL: SELECT `state` FROM `collect` WHERE `f_id` = 12 AND `u_id` = 2405  [ RunTime:0.0003s ]
SQL: SELECT `state` FROM `collect` WHERE `f_id` = 36 AND `u_id` = 2405  [ RunTime:0.0003s ]
SQL: SELECT COUNT(*) AS tp_count FROM `collect` WHERE `u_id` = 2405 AND `state` = 1 LIMIT 1   [ RunTime:0.0003s ]
SQL: UPDATE `items` SET `hint`=hint+1 WHERE ( f_id=35 ) [ RunTime:0.0688s ]
INFO: [ view_parse ] --START--
INFO: [ template_filter ] --START--
INFO: Run Behavior\ContentReplaceBehavior [ RunTime:0.000408s ]
INFO: [ template_filter ] --END-- [ RunTime:0.000509s ]
NOTIC: [8] Undefined index: type E:\wamp\www\ChildrenPlatform\Application\Runtime\Cache\Home\10228148ef29efb0d4bb1fcab8e8a467.php 第 966 行.
NOTIC: [8] Undefined index: type E:\wamp\www\ChildrenPlatform\Application\Runtime\Cache\Home\10228148ef29efb0d4bb1fcab8e8a467.php 第 971 行.
NOTIC: [8] Undefined index: type E:\wamp\www\ChildrenPlatform\Application\Runtime\Cache\Home\10228148ef29efb0d4bb1fcab8e8a467.php 第 971 行.
NOTIC: [8] Undefined index: type E:\wamp\www\ChildrenPlatform\Application\Runtime\Cache\Home\10228148ef29efb0d4bb1fcab8e8a467.php 第 971 行.
NOTIC: [8] Use of undefined constant voo - assumed 'voo' E:\wamp\www\ChildrenPlatform\Application\Runtime\Cache\Home\10228148ef29efb0d4bb1fcab8e8a467.php 第 1047 行.
NOTIC: [8] Use of undefined constant voo - assumed 'voo' E:\wamp\www\ChildrenPlatform\Application\Runtime\Cache\Home\10228148ef29efb0d4bb1fcab8e8a467.php 第 1047 行.
NOTIC: [8] Use of undefined constant voo - assumed 'voo' E:\wamp\www\ChildrenPlatform\Application\Runtime\Cache\Home\10228148ef29efb0d4bb1fcab8e8a467.php 第 1047 行.
NOTIC: [8] Use of undefined constant voo - assumed 'voo' E:\wamp\www\ChildrenPlatform\Application\Runtime\Cache\Home\10228148ef29efb0d4bb1fcab8e8a467.php 第 1047 行.
NOTIC: [8] Use of undefined constant voo - assumed 'voo' E:\wamp\www\ChildrenPlatform\Application\Runtime\Cache\Home\10228148ef29efb0d4bb1fcab8e8a467.php 第 1047 行.
NOTIC: [8] Use of undefined constant voo - assumed 'voo' E:\wamp\www\ChildrenPlatform\Application\Runtime\Cache\Home\10228148ef29efb0d4bb1fcab8e8a467.php 第 1047 行.
NOTIC: [8] Use of undefined constant voo - assumed 'voo' E:\wamp\www\ChildrenPlatform\Application\Runtime\Cache\Home\10228148ef29efb0d4bb1fcab8e8a467.php 第 1047 行.
NOTIC: [8] Use of undefined constant voo - assumed 'voo' E:\wamp\www\ChildrenPlatform\Application\Runtime\Cache\Home\10228148ef29efb0d4bb1fcab8e8a467.php 第 1047 行.
INFO: Run Behavior\ParseTemplateBehavior [ RunTime:0.042942s ]
INFO: [ view_parse ] --END-- [ RunTime:0.043105s ]
INFO: [ view_filter ] --START--
INFO: Run Behavior\WriteHtmlCacheBehavior [ RunTime:0.000417s ]
INFO: [ view_filter ] --END-- [ RunTime:0.000517s ]
INFO: [ app_end ] --START--
INFO: Run Behavior\ShowPageTraceBehavior [ RunTime:0.000564s ]
INFO: [ app_end ] --END-- [ RunTime:0.000652s ]

[ 2018-03-27T18:45:54+08:00 ] 127.0.0.1 /ChildrenPlatform/Home/Project/add_cot
INFO: [ app_init ] --START--
INFO: Run Behavior\BuildLiteBehavior [ RunTime:0.000024s ]
INFO: [ app_init ] --END-- [ RunTime:0.000396s ]
INFO: [ app_begin ] --START--
INFO: Run Behavior\ReadHtmlCacheBehavior [ RunTime:0.000417s ]
INFO: [ app_begin ] --END-- [ RunTime:0.000495s ]
SQL: SHOW COLUMNS FROM `comment` [ RunTime:0.0125s ]
SQL: INSERT INTO `comment` (`f_id`,`u_id`,`details`,`datetime`) VALUES ('35','2405','很好的东西','2018-03-27 18:45:54') [ RunTime:0.0691s ]
INFO: [ app_end ] --START--
INFO: Run Behavior\ShowPageTraceBehavior [ RunTime:0.001655s ]
INFO: [ app_end ] --END-- [ RunTime:0.001854s ]

[ 2018-03-27T18:45:59+08:00 ] 127.0.0.1 /ChildrenPlatform/Home/Project/projectdetail/id/35.html
INFO: [ app_init ] --START--
INFO: Run Behavior\BuildLiteBehavior [ RunTime:0.000022s ]
INFO: [ app_init ] --END-- [ RunTime:0.000391s ]
INFO: [ app_begin ] --START--
INFO: Run Behavior\ReadHtmlCacheBehavior [ RunTime:0.000497s ]
INFO: [ app_begin ] --END-- [ RunTime:0.000592s ]
SQL: SHOW COLUMNS FROM `items` [ RunTime:0.0305s ]
SQL: SELECT * FROM `items` WHERE ( f_id=35 ) LIMIT 1   [ RunTime:0.0006s ]
SQL: SHOW COLUMNS FROM `star` [ RunTime:0.0087s ]
SQL: SELECT * FROM `star` WHERE `u_id` = 2405 AND `f_id` = 35  [ RunTime:0.0005s ]
SQL: SHOW COLUMNS FROM `2lvtype` [ RunTime:0.0065s ]
SQL: SELECT `type` FROM `2lvtype` WHERE `s_id` = 12 LIMIT 1   [ RunTime:0.0003s ]
SQL: SHOW COLUMNS FROM `comment` [ RunTime:0.0059s ]
SQL: SELECT COUNT(*) AS tp_count FROM `comment` WHERE ( f_id=35 ) LIMIT 1   [ RunTime:0.0003s ]
SQL: SHOW COLUMNS FROM `collect` [ RunTime:0.0053s ]
SQL: SELECT `state` FROM `collect` WHERE `f_id` = 35 AND `u_id` = 2405 LIMIT 1   [ RunTime:0.0003s ]
SQL: SHOW COLUMNS FROM `u_information` [ RunTime:0.0054s ]
SQL: SELECT * FROM `comment` WHERE ( f_id=35 ) ORDER BY datetime desc  [ RunTime:0.0003s ]
NOTIC: [8] Undefined offset: 0 E:\wamp\www\ChildrenPlatform\ThinkPHP\Library\Think\Model.class.php 第 222 行.
SQL: SELECT * FROM `u_information` WHERE ( u_id = 2405 )  [ RunTime:0.0003s ]
SQL: SELECT * FROM `items` WHERE `f_id` <> '35' ORDER BY hint desc LIMIT 4   [ RunTime:0.0003s ]
SQL: SELECT `state` FROM `collect` WHERE `f_id` = 22 AND `u_id` = 2405  [ RunTime:0.0002s ]
SQL: SELECT `state` FROM `collect` WHERE `f_id` = 21 AND `u_id` = 2405  [ RunTime:0.0002s ]
SQL: SELECT `state` FROM `collect` WHERE `f_id` = 12 AND `u_id` = 2405  [ RunTime:0.0002s ]
SQL: SELECT `state` FROM `collect` WHERE `f_id` = 36 AND `u_id` = 2405  [ RunTime:0.0002s ]
SQL: SELECT COUNT(*) AS tp_count FROM `collect` WHERE `u_id` = 2405 AND `state` = 1 LIMIT 1   [ RunTime:0.0002s ]
SQL: UPDATE `items` SET `hint`=hint+1 WHERE ( f_id=35 ) [ RunTime:0.0571s ]
INFO: [ view_parse ] --START--
INFO: [ template_filter ] --START--
INFO: Run Behavior\ContentReplaceBehavior [ RunTime:0.000312s ]
INFO: [ template_filter ] --END-- [ RunTime:0.000423s ]
NOTIC: [8] Use of undefined constant voo - assumed 'voo' E:\wamp\www\ChildrenPlatform\Application\Runtime\Cache\Home\10228148ef29efb0d4bb1fcab8e8a467.php 第 912 行.
NOTIC: [8] Use of undefined constant voo - assumed 'voo' E:\wamp\www\ChildrenPlatform\Application\Runtime\Cache\Home\10228148ef29efb0d4bb1fcab8e8a467.php 第 912 行.
NOTIC: [8] Undefined index: type E:\wamp\www\ChildrenPlatform\Application\Runtime\Cache\Home\10228148ef29efb0d4bb1fcab8e8a467.php 第 966 行.
NOTIC: [8] Undefined index: type E:\wamp\www\ChildrenPlatform\Application\Runtime\Cache\Home\10228148ef29efb0d4bb1fcab8e8a467.php 第 971 行.
NOTIC: [8] Undefined index: type E:\wamp\www\ChildrenPlatform\Application\Runtime\Cache\Home\10228148ef29efb0d4bb1fcab8e8a467.php 第 971 行.
NOTIC: [8] Undefined index: type E:\wamp\www\ChildrenPlatform\Application\Runtime\Cache\Home\10228148ef29efb0d4bb1fcab8e8a467.php 第 971 行.
NOTIC: [8] Use of undefined constant voo - assumed 'voo' E:\wamp\www\ChildrenPlatform\Application\Runtime\Cache\Home\10228148ef29efb0d4bb1fcab8e8a467.php 第 1047 行.
NOTIC: [8] Use of undefined constant voo - assumed 'voo' E:\wamp\www\ChildrenPlatform\Application\Runtime\Cache\Home\10228148ef29efb0d4bb1fcab8e8a467.php 第 1047 行.
NOTIC: [8] Use of undefined constant voo - assumed 'voo' E:\wamp\www\ChildrenPlatform\Application\Runtime\Cache\Home\10228148ef29efb0d4bb1fcab8e8a467.php 第 1047 行.
NOTIC: [8] Use of undefined constant voo - assumed 'voo' E:\wamp\www\ChildrenPlatform\Application\Runtime\Cache\Home\10228148ef29efb0d4bb1fcab8e8a467.php 第 1047 行.
NOTIC: [8] Use of undefined constant voo - assumed 'voo' E:\wamp\www\ChildrenPlatform\Application\Runtime\Cache\Home\10228148ef29efb0d4bb1fcab8e8a467.php 第 1047 行.
NOTIC: [8] Use of undefined constant voo - assumed 'voo' E:\wamp\www\ChildrenPlatform\Application\Runtime\Cache\Home\10228148ef29efb0d4bb1fcab8e8a467.php 第 1047 行.
NOTIC: [8] Use of undefined constant voo - assumed 'voo' E:\wamp\www\ChildrenPlatform\Application\Runtime\Cache\Home\10228148ef29efb0d4bb1fcab8e8a467.php 第 1047 行.
NOTIC: [8] Use of undefined constant voo - assumed 'voo' E:\wamp\www\ChildrenPlatform\Application\Runtime\Cache\Home\10228148ef29efb0d4bb1fcab8e8a467.php 第 1047 行.
INFO: Run Behavior\ParseTemplateBehavior [ RunTime:0.029120s ]
INFO: [ view_parse ] --END-- [ RunTime:0.029243s ]
INFO: [ view_filter ] --START--
INFO: Run Behavior\WriteHtmlCacheBehavior [ RunTime:0.000451s ]
INFO: [ view_filter ] --END-- [ RunTime:0.000522s ]
INFO: [ app_end ] --START--
INFO: Run Behavior\ShowPageTraceBehavior [ RunTime:0.000552s ]
INFO: [ app_end ] --END-- [ RunTime:0.000624s ]

[ 2018-03-27T18:46:17+08:00 ] 127.0.0.1 /ChildrenPlatform/Home/Project/add_cot
INFO: [ app_init ] --START--
INFO: Run Behavior\BuildLiteBehavior [ RunTime:0.000044s ]
INFO: [ app_init ] --END-- [ RunTime:0.000782s ]
INFO: [ app_begin ] --START--
INFO: Run Behavior\ReadHtmlCacheBehavior [ RunTime:0.001072s ]
INFO: [ app_begin ] --END-- [ RunTime:0.001299s ]
SQL: SHOW COLUMNS FROM `comment` [ RunTime:0.0141s ]
SQL: INSERT INTO `comment` (`f_id`,`u_id`,`details`,`datetime`) VALUES ('35','2405','啦啦啦啦啦了','2018-03-27 18:46:17') [ RunTime:0.0780s ]
INFO: [ app_end ] --START--
INFO: Run Behavior\ShowPageTraceBehavior [ RunTime:0.001446s ]
INFO: [ app_end ] --END-- [ RunTime:0.001650s ]

[ 2018-03-27T18:46:19+08:00 ] 127.0.0.1 /ChildrenPlatform/Home/Project/projectdetail/id/35.html
INFO: [ app_init ] --START--
INFO: Run Behavior\BuildLiteBehavior [ RunTime:0.000028s ]
INFO: [ app_init ] --END-- [ RunTime:0.000494s ]
INFO: [ app_begin ] --START--
INFO: Run Behavior\ReadHtmlCacheBehavior [ RunTime:0.000545s ]
INFO: [ app_begin ] --END-- [ RunTime:0.000649s ]
SQL: SHOW COLUMNS FROM `items` [ RunTime:0.0075s ]
SQL: SELECT * FROM `items` WHERE ( f_id=35 ) LIMIT 1   [ RunTime:0.0005s ]
SQL: SHOW COLUMNS FROM `star` [ RunTime:0.0155s ]
SQL: SELECT * FROM `star` WHERE `u_id` = 2405 AND `f_id` = 35  [ RunTime:0.0004s ]
SQL: SHOW COLUMNS FROM `2lvtype` [ RunTime:0.0072s ]
SQL: SELECT `type` FROM `2lvtype` WHERE `s_id` = 12 LIMIT 1   [ RunTime:0.0004s ]
SQL: SHOW COLUMNS FROM `comment` [ RunTime:0.0070s ]
SQL: SELECT COUNT(*) AS tp_count FROM `comment` WHERE ( f_id=35 ) LIMIT 1   [ RunTime:0.0004s ]
SQL: SHOW COLUMNS FROM `collect` [ RunTime:0.0073s ]
SQL: SELECT `state` FROM `collect` WHERE `f_id` = 35 AND `u_id` = 2405 LIMIT 1   [ RunTime:0.0004s ]
SQL: SHOW COLUMNS FROM `u_information` [ RunTime:0.0061s ]
SQL: SELECT * FROM `comment` WHERE ( f_id=35 ) ORDER BY datetime desc  [ RunTime:0.0004s ]
NOTIC: [8] Undefined offset: 0 E:\wamp\www\ChildrenPlatform\ThinkPHP\Library\Think\Model.class.php 第 222 行.
SQL: SELECT * FROM `u_information` WHERE ( u_id = 2405 )  [ RunTime:0.0004s ]
NOTIC: [8] Undefined offset: 0 E:\wamp\www\ChildrenPlatform\ThinkPHP\Library\Think\Model.class.php 第 222 行.
SQL: SELECT * FROM `u_information` WHERE ( u_id = 2405 )  [ RunTime:0.0004s ]
SQL: SELECT * FROM `items` WHERE `f_id` <> '35' ORDER BY hint desc LIMIT 4   [ RunTime:0.0005s ]
SQL: SELECT `state` FROM `collect` WHERE `f_id` = 22 AND `u_id` = 2405  [ RunTime:0.0003s ]
SQL: SELECT `state` FROM `collect` WHERE `f_id` = 21 AND `u_id` = 2405  [ RunTime:0.0003s ]
SQL: SELECT `state` FROM `collect` WHERE `f_id` = 12 AND `u_id` = 2405  [ RunTime:0.0003s ]
SQL: SELECT `state` FROM `collect` WHERE `f_id` = 36 AND `u_id` = 2405  [ RunTime:0.0003s ]
SQL: SELECT COUNT(*) AS tp_count FROM `collect` WHERE `u_id` = 2405 AND `state` = 1 LIMIT 1   [ RunTime:0.0004s ]
SQL: UPDATE `items` SET `hint`=hint+1 WHERE ( f_id=35 ) [ RunTime:0.0681s ]
INFO: [ view_parse ] --START--
INFO: [ template_filter ] --START--
INFO: Run Behavior\ContentReplaceBehavior [ RunTime:0.000425s ]
INFO: [ template_filter ] --END-- [ RunTime:0.000553s ]
NOTIC: [8] Use of undefined constant voo - assumed 'voo' E:\wamp\www\ChildrenPlatform\Application\Runtime\Cache\Home\10228148ef29efb0d4bb1fcab8e8a467.php 第 912 行.
NOTIC: [8] Use of undefined constant voo - assumed 'voo' E:\wamp\www\ChildrenPlatform\Application\Runtime\Cache\Home\10228148ef29efb0d4bb1fcab8e8a467.php 第 912 行.
NOTIC: [8] Use of undefined constant voo - assumed 'voo' E:\wamp\www\ChildrenPlatform\Application\Runtime\Cache\Home\10228148ef29efb0d4bb1fcab8e8a467.php 第 912 行.
NOTIC: [8] Use of undefined constant voo - assumed 'voo' E:\wamp\www\ChildrenPlatform\Application\Runtime\Cache\Home\10228148ef29efb0d4bb1fcab8e8a467.php 第 912 行.
NOTIC: [8] Undefined index: type E:\wamp\www\ChildrenPlatform\Application\Runtime\Cache\Home\10228148ef29efb0d4bb1fcab8e8a467.php 第 966 行.
NOTIC: [8] Undefined index: type E:\wamp\www\ChildrenPlatform\Application\Runtime\Cache\Home\10228148ef29efb0d4bb1fcab8e8a467.php 第 971 行.
NOTIC: [8] Undefined index: type E:\wamp\www\ChildrenPlatform\Application\Runtime\Cache\Home\10228148ef29efb0d4bb1fcab8e8a467.php 第 971 行.
NOTIC: [8] Undefined index: type E:\wamp\www\ChildrenPlatform\Application\Runtime\Cache\Home\10228148ef29efb0d4bb1fcab8e8a467.php 第 971 行.
NOTIC: [8] Use of undefined constant voo - assumed 'voo' E:\wamp\www\ChildrenPlatform\Application\Runtime\Cache\Home\10228148ef29efb0d4bb1fcab8e8a467.php 第 1047 行.
NOTIC: [8] Use of undefined constant voo - assumed 'voo' E:\wamp\www\ChildrenPlatform\Application\Runtime\Cache\Home\10228148ef29efb0d4bb1fcab8e8a467.php 第 1047 行.
NOTIC: [8] Use of undefined constant voo - assumed 'voo' E:\wamp\www\ChildrenPlatform\Application\Runtime\Cache\Home\10228148ef29efb0d4bb1fcab8e8a467.php 第 1047 行.
NOTIC: [8] Use of undefined constant voo - assumed 'voo' E:\wamp\www\ChildrenPlatform\Application\Runtime\Cache\Home\10228148ef29efb0d4bb1fcab8e8a467.php 第 1047 行.
NOTIC: [8] Use of undefined constant voo - assumed 'voo' E:\wamp\www\ChildrenPlatform\Application\Runtime\Cache\Home\10228148ef29efb0d4bb1fcab8e8a467.php 第 1047 行.
NOTIC: [8] Use of undefined constant voo - assumed 'voo' E:\wamp\www\ChildrenPlatform\Application\Runtime\Cache\Home\10228148ef29efb0d4bb1fcab8e8a467.php 第 1047 行.
NOTIC: [8] Use of undefined constant voo - assumed 'voo' E:\wamp\www\ChildrenPlatform\Application\Runtime\Cache\Home\10228148ef29efb0d4bb1fcab8e8a467.php 第 1047 行.
NOTIC: [8] Use of undefined constant voo - assumed 'voo' E:\wamp\www\ChildrenPlatform\Application\Runtime\Cache\Home\10228148ef29efb0d4bb1fcab8e8a467.php 第 1047 行.
INFO: Run Behavior\ParseTemplateBehavior [ RunTime:0.044598s ]
INFO: [ view_parse ] --END-- [ RunTime:0.044710s ]
INFO: [ view_filter ] --START--
INFO: Run Behavior\WriteHtmlCacheBehavior [ RunTime:0.000405s ]
INFO: [ view_filter ] --END-- [ RunTime:0.000473s ]
INFO: [ app_end ] --START--
INFO: Run Behavior\ShowPageTraceBehavior [ RunTime:0.000398s ]
INFO: [ app_end ] --END-- [ RunTime:0.000472s ]

[ 2018-03-27T18:46:28+08:00 ] 127.0.0.1 /ChildrenPlatform/Home/Project/add_cot
INFO: [ app_init ] --START--
INFO: Run Behavior\BuildLiteBehavior [ RunTime:0.000022s ]
INFO: [ app_init ] --END-- [ RunTime:0.000354s ]
INFO: [ app_begin ] --START--
INFO: Run Behavior\ReadHtmlCacheBehavior [ RunTime:0.000390s ]
INFO: [ app_begin ] --END-- [ RunTime:0.000469s ]
SQL: SHOW COLUMNS FROM `comment` [ RunTime:0.0233s ]
SQL: INSERT INTO `comment` (`f_id`,`u_id`,`details`,`datetime`) VALUES ('35','2405','2154642156','2018-03-27 18:46:28') [ RunTime:0.0651s ]
INFO: [ app_end ] --START--
INFO: Run Behavior\ShowPageTraceBehavior [ RunTime:0.001567s ]
INFO: [ app_end ] --END-- [ RunTime:0.001757s ]

[ 2018-03-27T18:46:30+08:00 ] 127.0.0.1 /ChildrenPlatform/Home/Project/projectdetail/id/35.html
INFO: [ app_init ] --START--
INFO: Run Behavior\BuildLiteBehavior [ RunTime:0.000031s ]
INFO: [ app_init ] --END-- [ RunTime:0.000528s ]
INFO: [ app_begin ] --START--
INFO: Run Behavior\ReadHtmlCacheBehavior [ RunTime:0.000561s ]
INFO: [ app_begin ] --END-- [ RunTime:0.000681s ]
SQL: SHOW COLUMNS FROM `items` [ RunTime:0.0076s ]
SQL: SELECT * FROM `items` WHERE ( f_id=35 ) LIMIT 1   [ RunTime:0.0005s ]
SQL: SHOW COLUMNS FROM `star` [ RunTime:0.0066s ]
SQL: SELECT * FROM `star` WHERE `u_id` = 2405 AND `f_id` = 35  [ RunTime:0.0014s ]
SQL: SHOW COLUMNS FROM `2lvtype` [ RunTime:0.0206s ]
SQL: SELECT `type` FROM `2lvtype` WHERE `s_id` = 12 LIMIT 1   [ RunTime:0.0010s ]
SQL: SHOW COLUMNS FROM `comment` [ RunTime:0.0122s ]
SQL: SELECT COUNT(*) AS tp_count FROM `comment` WHERE ( f_id=35 ) LIMIT 1   [ RunTime:0.0006s ]
SQL: SHOW COLUMNS FROM `collect` [ RunTime:0.0190s ]
SQL: SELECT `state` FROM `collect` WHERE `f_id` = 35 AND `u_id` = 2405 LIMIT 1   [ RunTime:0.0005s ]
SQL: SHOW COLUMNS FROM `u_information` [ RunTime:0.0084s ]
SQL: SELECT * FROM `comment` WHERE ( f_id=35 ) ORDER BY datetime desc  [ RunTime:0.0006s ]
NOTIC: [8] Undefined offset: 0 E:\wamp\www\ChildrenPlatform\ThinkPHP\Library\Think\Model.class.php 第 222 行.
SQL: SELECT * FROM `u_information` WHERE ( u_id = 2405 )  [ RunTime:0.0005s ]
NOTIC: [8] Undefined offset: 0 E:\wamp\www\ChildrenPlatform\ThinkPHP\Library\Think\Model.class.php 第 222 行.
SQL: SELECT * FROM `u_information` WHERE ( u_id = 2405 )  [ RunTime:0.0005s ]
NOTIC: [8] Undefined offset: 0 E:\wamp\www\ChildrenPlatform\ThinkPHP\Library\Think\Model.class.php 第 222 行.
SQL: SELECT * FROM `u_information` WHERE ( u_id = 2405 )  [ RunTime:0.0005s ]
SQL: SELECT * FROM `items` WHERE `f_id` <> '35' ORDER BY hint desc LIMIT 4   [ RunTime:0.0006s ]
SQL: SELECT `state` FROM `collect` WHERE `f_id` = 22 AND `u_id` = 2405  [ RunTime:0.0004s ]
SQL: SELECT `state` FROM `collect` WHERE `f_id` = 21 AND `u_id` = 2405  [ RunTime:0.0004s ]
SQL: SELECT `state` FROM `collect` WHERE `f_id` = 12 AND `u_id` = 2405  [ RunTime:0.0004s ]
SQL: SELECT `state` FROM `collect` WHERE `f_id` = 36 AND `u_id` = 2405  [ RunTime:0.0003s ]
SQL: SELECT COUNT(*) AS tp_count FROM `collect` WHERE `u_id` = 2405 AND `state` = 1 LIMIT 1   [ RunTime:0.0003s ]
SQL: UPDATE `items` SET `hint`=hint+1 WHERE ( f_id=35 ) [ RunTime:0.1527s ]
INFO: [ view_parse ] --START--
INFO: [ template_filter ] --START--
INFO: Run Behavior\ContentReplaceBehavior [ RunTime:0.000468s ]
INFO: [ template_filter ] --END-- [ RunTime:0.000604s ]
NOTIC: [8] Use of undefined constant voo - assumed 'voo' E:\wamp\www\ChildrenPlatform\Application\Runtime\Cache\Home\10228148ef29efb0d4bb1fcab8e8a467.php 第 912 行.
NOTIC: [8] Use of undefined constant voo - assumed 'voo' E:\wamp\www\ChildrenPlatform\Application\Runtime\Cache\Home\10228148ef29efb0d4bb1fcab8e8a467.php 第 912 行.
NOTIC: [8] Use of undefined constant voo - assumed 'voo' E:\wamp\www\ChildrenPlatform\Application\Runtime\Cache\Home\10228148ef29efb0d4bb1fcab8e8a467.php 第 912 行.
NOTIC: [8] Use of undefined constant voo - assumed 'voo' E:\wamp\www\ChildrenPlatform\Application\Runtime\Cache\Home\10228148ef29efb0d4bb1fcab8e8a467.php 第 912 行.
NOTIC: [8] Use of undefined constant voo - assumed 'voo' E:\wamp\www\ChildrenPlatform\Application\Runtime\Cache\Home\10228148ef29efb0d4bb1fcab8e8a467.php 第 912 行.
NOTIC: [8] Use of undefined constant voo - assumed 'voo' E:\wamp\www\ChildrenPlatform\Application\Runtime\Cache\Home\10228148ef29efb0d4bb1fcab8e8a467.php 第 912 行.
NOTIC: [8] Undefined index: type E:\wamp\www\ChildrenPlatform\Application\Runtime\Cache\Home\10228148ef29efb0d4bb1fcab8e8a467.php 第 966 行.
NOTIC: [8] Undefined index: type E:\wamp\www\ChildrenPlatform\Application\Runtime\Cache\Home\10228148ef29efb0d4bb1fcab8e8a467.php 第 971 行.
NOTIC: [8] Undefined index: type E:\wamp\www\ChildrenPlatform\Application\Runtime\Cache\Home\10228148ef29efb0d4bb1fcab8e8a467.php 第 971 行.
NOTIC: [8] Undefined index: type E:\wamp\www\ChildrenPlatform\Application\Runtime\Cache\Home\10228148ef29efb0d4bb1fcab8e8a467.php 第 971 行.
NOTIC: [8] Use of undefined constant voo - assumed 'voo' E:\wamp\www\ChildrenPlatform\Application\Runtime\Cache\Home\10228148ef29efb0d4bb1fcab8e8a467.php 第 1047 行.
NOTIC: [8] Use of undefined constant voo - assumed 'voo' E:\wamp\www\ChildrenPlatform\Application\Runtime\Cache\Home\10228148ef29efb0d4bb1fcab8e8a467.php 第 1047 行.
NOTIC: [8] Use of undefined constant voo - assumed 'voo' E:\wamp\www\ChildrenPlatform\Application\Runtime\Cache\Home\10228148ef29efb0d4bb1fcab8e8a467.php 第 1047 行.
NOTIC: [8] Use of undefined constant voo - assumed 'voo' E:\wamp\www\ChildrenPlatform\Application\Runtime\Cache\Home\10228148ef29efb0d4bb1fcab8e8a467.php 第 1047 行.
NOTIC: [8] Use of undefined constant voo - assumed 'voo' E:\wamp\www\ChildrenPlatform\Application\Runtime\Cache\Home\10228148ef29efb0d4bb1fcab8e8a467.php 第 1047 行.
NOTIC: [8] Use of undefined constant voo - assumed 'voo' E:\wamp\www\ChildrenPlatform\Application\Runtime\Cache\Home\10228148ef29efb0d4bb1fcab8e8a467.php 第 1047 行.
NOTIC: [8] Use of undefined constant voo - assumed 'voo' E:\wamp\www\ChildrenPlatform\Application\Runtime\Cache\Home\10228148ef29efb0d4bb1fcab8e8a467.php 第 1047 行.
NOTIC: [8] Use of undefined constant voo - assumed 'voo' E:\wamp\www\ChildrenPlatform\Application\Runtime\Cache\Home\10228148ef29efb0d4bb1fcab8e8a467.php 第 1047 行.
INFO: Run Behavior\ParseTemplateBehavior [ RunTime:0.038769s ]
INFO: [ view_parse ] --END-- [ RunTime:0.038891s ]
INFO: [ view_filter ] --START--
INFO: Run Behavior\WriteHtmlCacheBehavior [ RunTime:0.000439s ]
INFO: [ view_filter ] --END-- [ RunTime:0.000507s ]
INFO: [ app_end ] --START--
INFO: Run Behavior\ShowPageTraceBehavior [ RunTime:0.000531s ]
INFO: [ app_end ] --END-- [ RunTime:0.000604s ]

