[ 2018-04-19T16:08:24+08:00 ] 127.0.0.1 /ChildrenPlatform/
INFO: [ app_init ] --START--
INFO: Run Behavior\BuildLiteBehavior [ RunTime:0.000019s ]
INFO: [ app_init ] --END-- [ RunTime:0.000357s ]
INFO: [ app_begin ] --START--
INFO: Run Behavior\ReadHtmlCacheBehavior [ RunTime:0.000731s ]
INFO: [ app_begin ] --END-- [ RunTime:0.000813s ]
SQL: SHOW COLUMNS FROM `type` [ RunTime:0.0438s ]
SQL: SHOW COLUMNS FROM `subsettype` [ RunTime:0.0264s ]
SQL: SHOW COLUMNS FROM `company` [ RunTime:0.0233s ]
SQL: SHOW COLUMNS FROM `commodity` [ RunTime:0.0225s ]
SQL: SHOW COLUMNS FROM `collect` [ RunTime:0.0238s ]
SQL: SHOW COLUMNS FROM `search` [ RunTime:0.0244s ]
SQL: SHOW COLUMNS FROM `carousel` [ RunTime:0.0235s ]
SQL: SELECT * FROM `type`  [ RunTime:0.0002s ]
SQL: SELECT * FROM `subsettype` WHERE ( type_id = 1 )  [ RunTime:0.0003s ]
SQL: SELECT * FROM `subsettype` WHERE ( type_id = 2 )  [ RunTime:0.0002s ]
SQL: SELECT * FROM `subsettype` WHERE ( type_id = 3 )  [ RunTime:0.0002s ]
SQL: SELECT * FROM `subsettype` WHERE ( type_id = 4 )  [ RunTime:0.0002s ]
SQL: SELECT * FROM `subsettype` ORDER BY clickNum desc LIMIT 12   [ RunTime:0.0002s ]
SQL: SELECT * FROM `commodity` WHERE `subsetType_id` = 13 AND `state` = 0 ORDER BY hintNum desc LIMIT 8   [ RunTime:0.0017s ]
SQL: SELECT `state` FROM `collect` WHERE `commodity_id` = 20 AND `user_id` = 0  [ RunTime:0.0012s ]
SQL: SELECT `state` FROM `collect` WHERE `commodity_id` = 40 AND `user_id` = 0  [ RunTime:0.0009s ]
SQL: SELECT `state` FROM `collect` WHERE `commodity_id` = 15 AND `user_id` = 0  [ RunTime:0.0008s ]
SQL: SELECT `state` FROM `collect` WHERE `commodity_id` = 39 AND `user_id` = 0  [ RunTime:0.0009s ]
SQL: SELECT * FROM `commodity` WHERE `subsetType_id` = 12 AND `state` = 0 ORDER BY hintNum desc LIMIT 8   [ RunTime:0.0014s ]
SQL: SELECT `state` FROM `collect` WHERE `commodity_id` = 35 AND `user_id` = 0  [ RunTime:0.0009s ]
SQL: SELECT `state` FROM `collect` WHERE `commodity_id` = 36 AND `user_id` = 0  [ RunTime:0.0008s ]
SQL: SELECT `state` FROM `collect` WHERE `commodity_id` = 37 AND `user_id` = 0  [ RunTime:0.0008s ]
SQL: SELECT * FROM `commodity` WHERE `subsetType_id` = 8 AND `state` = 0 ORDER BY hintNum desc LIMIT 8   [ RunTime:0.0013s ]
SQL: SELECT `state` FROM `collect` WHERE `commodity_id` = 22 AND `user_id` = 0  [ RunTime:0.0008s ]
SQL: SELECT `state` FROM `collect` WHERE `commodity_id` = 21 AND `user_id` = 0  [ RunTime:0.0008s ]
SQL: SELECT `state` FROM `collect` WHERE `commodity_id` = 12 AND `user_id` = 0  [ RunTime:0.0008s ]
SQL: SELECT `state` FROM `collect` WHERE `commodity_id` = 23 AND `user_id` = 0  [ RunTime:0.0009s ]
SQL: SELECT `state` FROM `collect` WHERE `commodity_id` = 13 AND `user_id` = 0  [ RunTime:0.0006s ]
SQL: SELECT * FROM `commodity` WHERE `subsetType_id` = 6 AND `state` = 0 ORDER BY hintNum desc LIMIT 8   [ RunTime:0.0007s ]
SQL: SELECT `state` FROM `collect` WHERE `commodity_id` = 24 AND `user_id` = 0  [ RunTime:0.0005s ]
SQL: SELECT `state` FROM `collect` WHERE `commodity_id` = 14 AND `user_id` = 0  [ RunTime:0.0004s ]
SQL: SELECT * FROM `commodity` WHERE `subsetType_id` = 15 AND `state` = 0 ORDER BY hintNum desc LIMIT 8   [ RunTime:0.0006s ]
SQL: SELECT * FROM `commodity` WHERE `subsetType_id` = 7 AND `state` = 0 ORDER BY hintNum desc LIMIT 8   [ RunTime:0.0006s ]
SQL: SELECT * FROM `commodity` WHERE `subsetType_id` = 9 AND `state` = 0 ORDER BY hintNum desc LIMIT 8   [ RunTime:0.0006s ]
SQL: SELECT `state` FROM `collect` WHERE `commodity_id` = 19 AND `user_id` = 0  [ RunTime:0.0004s ]
SQL: SELECT * FROM `commodity` WHERE `subsetType_id` = 16 AND `state` = 0 ORDER BY hintNum desc LIMIT 8   [ RunTime:0.0006s ]
SQL: SELECT `state` FROM `collect` WHERE `commodity_id` = 33 AND `user_id` = 0  [ RunTime:0.0004s ]
SQL: SELECT `state` FROM `collect` WHERE `commodity_id` = 34 AND `user_id` = 0  [ RunTime:0.0004s ]
SQL: SELECT * FROM `commodity` WHERE `subsetType_id` = 3 AND `state` = 0 ORDER BY hintNum desc LIMIT 8   [ RunTime:0.0006s ]
SQL: SELECT `state` FROM `collect` WHERE `commodity_id` = 30 AND `user_id` = 0  [ RunTime:0.0004s ]
SQL: SELECT `state` FROM `collect` WHERE `commodity_id` = 31 AND `user_id` = 0  [ RunTime:0.0004s ]
SQL: SELECT `state` FROM `collect` WHERE `commodity_id` = 29 AND `user_id` = 0  [ RunTime:0.0005s ]
SQL: SELECT * FROM `commodity` WHERE `subsetType_id` = 14 AND `state` = 0 ORDER BY hintNum desc LIMIT 8   [ RunTime:0.0006s ]
SQL: SELECT `state` FROM `collect` WHERE `commodity_id` = 41 AND `user_id` = 0  [ RunTime:0.0004s ]
SQL: SELECT * FROM `commodity` WHERE `subsetType_id` = 10 AND `state` = 0 ORDER BY hintNum desc LIMIT 8   [ RunTime:0.0006s ]
SQL: SELECT `state` FROM `collect` WHERE `commodity_id` = 32 AND `user_id` = 0  [ RunTime:0.0004s ]
SQL: SELECT * FROM `commodity` WHERE `subsetType_id` = 5 AND `state` = 0 ORDER BY hintNum desc LIMIT 8   [ RunTime:0.0006s ]
SQL: SELECT * FROM `search` ORDER BY time desc LIMIT 8   [ RunTime:0.0006s ]
SQL: SELECT * FROM `commodity` WHERE ( state = 0 ) ORDER BY hintNum desc LIMIT 3   [ RunTime:0.0006s ]
SQL: SELECT * FROM `carousel` WHERE ( state = 0 ) ORDER BY hintNum desc LIMIT 4   [ RunTime:0.0006s ]
SQL: SELECT COUNT(*) AS tp_count FROM `collect` WHERE `user_id` = 0 AND `state` = 1 LIMIT 1   [ RunTime:0.0005s ]
INFO: [ view_parse ] --START--
INFO: [ template_filter ] --START--
INFO: Run Behavior\ContentReplaceBehavior [ RunTime:0.000493s ]
INFO: [ template_filter ] --END-- [ RunTime:0.000576s ]
NOTIC: [8] Undefined index: user_id F:\wamp\www\ChildrenPlatform\Application\Runtime\Cache\Home\2a94b8bda04ff446dcedd42276fc99ee.php 第 69 行.
NOTIC: [8] Use of undefined constant voo - assumed 'voo' F:\wamp\www\ChildrenPlatform\Application\Runtime\Cache\Home\2a94b8bda04ff446dcedd42276fc99ee.php 第 853 行.
NOTIC: [8] Use of undefined constant voo - assumed 'voo' F:\wamp\www\ChildrenPlatform\Application\Runtime\Cache\Home\2a94b8bda04ff446dcedd42276fc99ee.php 第 853 行.
NOTIC: [8] Undefined index: subsetType_id F:\wamp\www\ChildrenPlatform\Application\Runtime\Cache\Home\2a94b8bda04ff446dcedd42276fc99ee.php 第 854 行.
NOTIC: [8] Undefined index: subsetType_id F:\wamp\www\ChildrenPlatform\Application\Runtime\Cache\Home\2a94b8bda04ff446dcedd42276fc99ee.php 第 854 行.
NOTIC: [8] Undefined index: subsetType_id F:\wamp\www\ChildrenPlatform\Application\Runtime\Cache\Home\2a94b8bda04ff446dcedd42276fc99ee.php 第 854 行.
NOTIC: [8] Undefined index: subsetType_id F:\wamp\www\ChildrenPlatform\Application\Runtime\Cache\Home\2a94b8bda04ff446dcedd42276fc99ee.php 第 854 行.
NOTIC: [8] Use of undefined constant voo - assumed 'voo' F:\wamp\www\ChildrenPlatform\Application\Runtime\Cache\Home\2a94b8bda04ff446dcedd42276fc99ee.php 第 853 行.
NOTIC: [8] Use of undefined constant voo - assumed 'voo' F:\wamp\www\ChildrenPlatform\Application\Runtime\Cache\Home\2a94b8bda04ff446dcedd42276fc99ee.php 第 853 行.
NOTIC: [8] Undefined index: subsetType_id F:\wamp\www\ChildrenPlatform\Application\Runtime\Cache\Home\2a94b8bda04ff446dcedd42276fc99ee.php 第 854 行.
NOTIC: [8] Undefined index: subsetType_id F:\wamp\www\ChildrenPlatform\Application\Runtime\Cache\Home\2a94b8bda04ff446dcedd42276fc99ee.php 第 854 行.
NOTIC: [8] Undefined index: subsetType_id F:\wamp\www\ChildrenPlatform\Application\Runtime\Cache\Home\2a94b8bda04ff446dcedd42276fc99ee.php 第 854 行.
NOTIC: [8] Undefined index: subsetType_id F:\wamp\www\ChildrenPlatform\Application\Runtime\Cache\Home\2a94b8bda04ff446dcedd42276fc99ee.php 第 854 行.
NOTIC: [8] Undefined index: subsetType_id F:\wamp\www\ChildrenPlatform\Application\Runtime\Cache\Home\2a94b8bda04ff446dcedd42276fc99ee.php 第 854 行.
NOTIC: [8] Use of undefined constant voo - assumed 'voo' F:\wamp\www\ChildrenPlatform\Application\Runtime\Cache\Home\2a94b8bda04ff446dcedd42276fc99ee.php 第 853 行.
NOTIC: [8] Use of undefined constant voo - assumed 'voo' F:\wamp\www\ChildrenPlatform\Application\Runtime\Cache\Home\2a94b8bda04ff446dcedd42276fc99ee.php 第 853 行.
NOTIC: [8] Undefined index: subsetType_id F:\wamp\www\ChildrenPlatform\Application\Runtime\Cache\Home\2a94b8bda04ff446dcedd42276fc99ee.php 第 854 行.
NOTIC: [8] Undefined index: subsetType_id F:\wamp\www\ChildrenPlatform\Application\Runtime\Cache\Home\2a94b8bda04ff446dcedd42276fc99ee.php 第 854 行.
NOTIC: [8] Undefined index: subsetType_id F:\wamp\www\ChildrenPlatform\Application\Runtime\Cache\Home\2a94b8bda04ff446dcedd42276fc99ee.php 第 854 行.
NOTIC: [8] Undefined index: subsetType_id F:\wamp\www\ChildrenPlatform\Application\Runtime\Cache\Home\2a94b8bda04ff446dcedd42276fc99ee.php 第 854 行.
NOTIC: [8] Use of undefined constant voo - assumed 'voo' F:\wamp\www\ChildrenPlatform\Application\Runtime\Cache\Home\2a94b8bda04ff446dcedd42276fc99ee.php 第 853 行.
NOTIC: [8] Use of undefined constant voo - assumed 'voo' F:\wamp\www\ChildrenPlatform\Application\Runtime\Cache\Home\2a94b8bda04ff446dcedd42276fc99ee.php 第 853 行.
NOTIC: [8] Undefined index: subsetType_id F:\wamp\www\ChildrenPlatform\Application\Runtime\Cache\Home\2a94b8bda04ff446dcedd42276fc99ee.php 第 854 行.
NOTIC: [8] Undefined index: subsetType_id F:\wamp\www\ChildrenPlatform\Application\Runtime\Cache\Home\2a94b8bda04ff446dcedd42276fc99ee.php 第 854 行.
NOTIC: [8] Undefined index: subsetType_id F:\wamp\www\ChildrenPlatform\Application\Runtime\Cache\Home\2a94b8bda04ff446dcedd42276fc99ee.php 第 854 行.
NOTIC: [8] Undefined index: type F:\wamp\www\ChildrenPlatform\Application\Runtime\Cache\Home\2a94b8bda04ff446dcedd42276fc99ee.php 第 976 行.
NOTIC: [8] Undefined index: type F:\wamp\www\ChildrenPlatform\Application\Runtime\Cache\Home\2a94b8bda04ff446dcedd42276fc99ee.php 第 981 行.
NOTIC: [8] Undefined index: type F:\wamp\www\ChildrenPlatform\Application\Runtime\Cache\Home\2a94b8bda04ff446dcedd42276fc99ee.php 第 981 行.
NOTIC: [8] Undefined index: type F:\wamp\www\ChildrenPlatform\Application\Runtime\Cache\Home\2a94b8bda04ff446dcedd42276fc99ee.php 第 981 行.
NOTIC: [8] Undefined index: type F:\wamp\www\ChildrenPlatform\Application\Runtime\Cache\Home\2a94b8bda04ff446dcedd42276fc99ee.php 第 981 行.
NOTIC: [8] Use of undefined constant hot_vo - assumed 'hot_vo' F:\wamp\www\ChildrenPlatform\Application\Runtime\Cache\Home\2a94b8bda04ff446dcedd42276fc99ee.php 第 994 行.
NOTIC: [8] Use of undefined constant hot_vo - assumed 'hot_vo' F:\wamp\www\ChildrenPlatform\Application\Runtime\Cache\Home\2a94b8bda04ff446dcedd42276fc99ee.php 第 994 行.
NOTIC: [8] Use of undefined constant vo2 - assumed 'vo2' F:\wamp\www\ChildrenPlatform\Application\Runtime\Cache\Home\2a94b8bda04ff446dcedd42276fc99ee.php 第 1057 行.
NOTIC: [8] Use of undefined constant vo2 - assumed 'vo2' F:\wamp\www\ChildrenPlatform\Application\Runtime\Cache\Home\2a94b8bda04ff446dcedd42276fc99ee.php 第 1057 行.
NOTIC: [8] Use of undefined constant vo2 - assumed 'vo2' F:\wamp\www\ChildrenPlatform\Application\Runtime\Cache\Home\2a94b8bda04ff446dcedd42276fc99ee.php 第 1057 行.
NOTIC: [8] Use of undefined constant vo2 - assumed 'vo2' F:\wamp\www\ChildrenPlatform\Application\Runtime\Cache\Home\2a94b8bda04ff446dcedd42276fc99ee.php 第 1057 行.
NOTIC: [8] Use of undefined constant vo2 - assumed 'vo2' F:\wamp\www\ChildrenPlatform\Application\Runtime\Cache\Home\2a94b8bda04ff446dcedd42276fc99ee.php 第 1057 行.
NOTIC: [8] Use of undefined constant vo2 - assumed 'vo2' F:\wamp\www\ChildrenPlatform\Application\Runtime\Cache\Home\2a94b8bda04ff446dcedd42276fc99ee.php 第 1057 行.
NOTIC: [8] Use of undefined constant vo2 - assumed 'vo2' F:\wamp\www\ChildrenPlatform\Application\Runtime\Cache\Home\2a94b8bda04ff446dcedd42276fc99ee.php 第 1057 行.
NOTIC: [8] Use of undefined constant vo2 - assumed 'vo2' F:\wamp\www\ChildrenPlatform\Application\Runtime\Cache\Home\2a94b8bda04ff446dcedd42276fc99ee.php 第 1057 行.
NOTIC: [8] Use of undefined constant hot_vo - assumed 'hot_vo' F:\wamp\www\ChildrenPlatform\Application\Runtime\Cache\Home\2a94b8bda04ff446dcedd42276fc99ee.php 第 1102 行.
NOTIC: [8] Use of undefined constant hot_vo - assumed 'hot_vo' F:\wamp\www\ChildrenPlatform\Application\Runtime\Cache\Home\2a94b8bda04ff446dcedd42276fc99ee.php 第 1102 行.
NOTIC: [8] Use of undefined constant vo2 - assumed 'vo2' F:\wamp\www\ChildrenPlatform\Application\Runtime\Cache\Home\2a94b8bda04ff446dcedd42276fc99ee.php 第 1163 行.
NOTIC: [8] Use of undefined constant vo2 - assumed 'vo2' F:\wamp\www\ChildrenPlatform\Application\Runtime\Cache\Home\2a94b8bda04ff446dcedd42276fc99ee.php 第 1163 行.
NOTIC: [8] Use of undefined constant vo2 - assumed 'vo2' F:\wamp\www\ChildrenPlatform\Application\Runtime\Cache\Home\2a94b8bda04ff446dcedd42276fc99ee.php 第 1163 行.
NOTIC: [8] Use of undefined constant vo2 - assumed 'vo2' F:\wamp\www\ChildrenPlatform\Application\Runtime\Cache\Home\2a94b8bda04ff446dcedd42276fc99ee.php 第 1163 行.
NOTIC: [8] Use of undefined constant vo2 - assumed 'vo2' F:\wamp\www\ChildrenPlatform\Application\Runtime\Cache\Home\2a94b8bda04ff446dcedd42276fc99ee.php 第 1163 行.
NOTIC: [8] Use of undefined constant vo2 - assumed 'vo2' F:\wamp\www\ChildrenPlatform\Application\Runtime\Cache\Home\2a94b8bda04ff446dcedd42276fc99ee.php 第 1163 行.
INFO: Run Behavior\ParseTemplateBehavior [ RunTime:0.198331s ]
INFO: [ view_parse ] --END-- [ RunTime:0.198443s ]
INFO: [ view_filter ] --START--
INFO: Run Behavior\WriteHtmlCacheBehavior [ RunTime:0.000703s ]
INFO: [ view_filter ] --END-- [ RunTime:0.000776s ]
INFO: [ app_end ] --START--
INFO: Run Behavior\ShowPageTraceBehavior [ RunTime:0.000759s ]
INFO: [ app_end ] --END-- [ RunTime:0.000829s ]

