[ 2017-09-28T09:42:51+08:00 ] 127.0.0.1 /ChildrenPlatform/image/demo/shop/category/health-beauty.jpg
INFO: [ app_init ] --START--
INFO: Run Behavior\BuildLiteBehavior [ RunTime:0.000021s ]
INFO: [ app_init ] --END-- [ RunTime:0.000404s ]
ERR: 无法加载模块:Image

[ 2017-09-28T09:43:25+08:00 ] 127.0.0.1 /ChildrenPlatform/image/demo/shop/category/health-beauty.jpg
INFO: [ app_init ] --START--
INFO: Run Behavior\BuildLiteBehavior [ RunTime:0.000027s ]
INFO: [ app_init ] --END-- [ RunTime:0.000375s ]
ERR: 无法加载模块:Image

[ 2017-09-28T09:43:26+08:00 ] 127.0.0.1 /ChildrenPlatform/header/header1-container.html
INFO: [ app_init ] --START--
INFO: Run Behavior\BuildLiteBehavior [ RunTime:0.000054s ]
INFO: [ app_init ] --END-- [ RunTime:0.000893s ]
ERR: 无法加载模块:Header

[ 2017-09-28T09:43:26+08:00 ] 127.0.0.1 /ChildrenPlatform/js/themejs/so_megamenu.js?_=1506563005524
INFO: [ app_init ] --START--
INFO: Run Behavior\BuildLiteBehavior [ RunTime:0.000024s ]
INFO: [ app_init ] --END-- [ RunTime:0.000384s ]
ERR: 无法加载模块:Js

[ 2017-09-28T09:43:50+08:00 ] 127.0.0.1 /ChildrenPlatform/image/demo/shop/category/health-beauty.jpg
INFO: [ app_init ] --START--
INFO: Run Behavior\BuildLiteBehavior [ RunTime:0.000038s ]
INFO: [ app_init ] --END-- [ RunTime:0.000554s ]
ERR: 无法加载模块:Image

[ 2017-09-28T09:43:51+08:00 ] 127.0.0.1 /ChildrenPlatform/header/header1-container.html
INFO: [ app_init ] --START--
INFO: Run Behavior\BuildLiteBehavior [ RunTime:0.000036s ]
INFO: [ app_init ] --END-- [ RunTime:0.000514s ]
ERR: 无法加载模块:Header

[ 2017-09-28T09:43:51+08:00 ] 127.0.0.1 /ChildrenPlatform/js/themejs/so_megamenu.js?_=1506563030495
INFO: [ app_init ] --START--
INFO: Run Behavior\BuildLiteBehavior [ RunTime:0.000026s ]
INFO: [ app_init ] --END-- [ RunTime:0.000497s ]
ERR: 无法加载模块:Js

[ 2017-09-28T09:43:54+08:00 ] 127.0.0.1 /ChildrenPlatform/Public/frontdesk/css/theme.css.map
INFO: [ app_init ] --START--
INFO: Run Behavior\BuildLiteBehavior [ RunTime:0.000071s ]
INFO: [ app_init ] --END-- [ RunTime:0.000627s ]
ERR: 无法加载模块:Public

[ 2017-09-28T09:43:54+08:00 ] 127.0.0.1 /ChildrenPlatform/Public/frontdesk/css/responsive.css.map
INFO: [ app_init ] --START--
INFO: Run Behavior\BuildLiteBehavior [ RunTime:0.000065s ]
INFO: [ app_init ] --END-- [ RunTime:0.000830s ]
ERR: 无法加载模块:Public

[ 2017-09-28T09:43:56+08:00 ] 127.0.0.1 /ChildrenPlatform/Public/frontdesk/css/theme.css.map
INFO: [ app_init ] --START--
INFO: Run Behavior\BuildLiteBehavior [ RunTime:0.000030s ]
INFO: [ app_init ] --END-- [ RunTime:0.000527s ]
ERR: 无法加载模块:Public

[ 2017-09-28T09:43:56+08:00 ] 127.0.0.1 /ChildrenPlatform/Public/frontdesk/css/responsive.css.map
INFO: [ app_init ] --START--
INFO: Run Behavior\BuildLiteBehavior [ RunTime:0.000026s ]
INFO: [ app_init ] --END-- [ RunTime:0.000400s ]
ERR: 无法加载模块:Public

[ 2017-09-28T09:43:56+08:00 ] 127.0.0.1 /ChildrenPlatform/image/demo/shop/category/health-beauty.jpg
INFO: [ app_init ] --START--
INFO: Run Behavior\BuildLiteBehavior [ RunTime:0.000042s ]
INFO: [ app_init ] --END-- [ RunTime:0.000602s ]
ERR: 无法加载模块:Image

[ 2017-09-28T09:43:59+08:00 ] 127.0.0.1 /ChildrenPlatform/header/header1-container.html
INFO: [ app_init ] --START--
INFO: Run Behavior\BuildLiteBehavior [ RunTime:0.000033s ]
INFO: [ app_init ] --END-- [ RunTime:0.000427s ]
ERR: 无法加载模块:Header

[ 2017-09-28T09:43:59+08:00 ] 127.0.0.1 /ChildrenPlatform/js/themejs/so_megamenu.js?_=1506563037315
INFO: [ app_init ] --START--
INFO: Run Behavior\BuildLiteBehavior [ RunTime:0.000033s ]
INFO: [ app_init ] --END-- [ RunTime:0.000388s ]
ERR: 无法加载模块:Js

[ 2017-09-28T09:44:07+08:00 ] 127.0.0.1 /ChildrenPlatform/Public/frontdesk/css/theme.css.map
INFO: [ app_init ] --START--
INFO: Run Behavior\BuildLiteBehavior [ RunTime:0.000023s ]
INFO: [ app_init ] --END-- [ RunTime:0.000345s ]
ERR: 无法加载模块:Public

[ 2017-09-28T09:44:07+08:00 ] 127.0.0.1 /ChildrenPlatform/Public/frontdesk/css/responsive.css.map
INFO: [ app_init ] --START--
INFO: Run Behavior\BuildLiteBehavior [ RunTime:0.000027s ]
INFO: [ app_init ] --END-- [ RunTime:0.000448s ]
ERR: 无法加载模块:Public

[ 2017-09-28T09:44:08+08:00 ] 127.0.0.1 /ChildrenPlatform/image/demo/shop/category/health-beauty.jpg
INFO: [ app_init ] --START--
INFO: Run Behavior\BuildLiteBehavior [ RunTime:0.000043s ]
INFO: [ app_init ] --END-- [ RunTime:0.000458s ]
ERR: 无法加载模块:Image

[ 2017-09-28T09:44:09+08:00 ] 127.0.0.1 /ChildrenPlatform/header/header1-container.html
INFO: [ app_init ] --START--
INFO: Run Behavior\BuildLiteBehavior [ RunTime:0.000031s ]
INFO: [ app_init ] --END-- [ RunTime:0.000379s ]
ERR: 无法加载模块:Header

[ 2017-09-28T09:44:10+08:00 ] 127.0.0.1 /ChildrenPlatform/js/themejs/so_megamenu.js?_=1506563048491
INFO: [ app_init ] --START--
INFO: Run Behavior\BuildLiteBehavior [ RunTime:0.000032s ]
INFO: [ app_init ] --END-- [ RunTime:0.000383s ]
ERR: 无法加载模块:Js

[ 2017-09-28T09:44:25+08:00 ] 127.0.0.1 /ChildrenPlatform/Public/frontdesk/css/theme.css.map
INFO: [ app_init ] --START--
INFO: Run Behavior\BuildLiteBehavior [ RunTime:0.000056s ]
INFO: [ app_init ] --END-- [ RunTime:0.000662s ]
ERR: 无法加载模块:Public

[ 2017-09-28T09:44:25+08:00 ] 127.0.0.1 /ChildrenPlatform/Public/frontdesk/css/responsive.css.map
INFO: [ app_init ] --START--
INFO: Run Behavior\BuildLiteBehavior [ RunTime:0.000037s ]
INFO: [ app_init ] --END-- [ RunTime:0.000552s ]
ERR: 无法加载模块:Public

[ 2017-09-28T09:44:25+08:00 ] 127.0.0.1 /ChildrenPlatform/image/demo/shop/category/health-beauty.jpg
INFO: [ app_init ] --START--
INFO: Run Behavior\BuildLiteBehavior [ RunTime:0.000058s ]
INFO: [ app_init ] --END-- [ RunTime:0.000657s ]
ERR: 无法加载模块:Image

[ 2017-09-28T09:44:26+08:00 ] 127.0.0.1 /ChildrenPlatform/header/header1-container.html
INFO: [ app_init ] --START--
INFO: Run Behavior\BuildLiteBehavior [ RunTime:0.000059s ]
INFO: [ app_init ] --END-- [ RunTime:0.000539s ]
ERR: 无法加载模块:Header

[ 2017-09-28T09:44:26+08:00 ] 127.0.0.1 /ChildrenPlatform/js/themejs/so_megamenu.js?_=1506563065482
INFO: [ app_init ] --START--
INFO: Run Behavior\BuildLiteBehavior [ RunTime:0.000033s ]
INFO: [ app_init ] --END-- [ RunTime:0.000395s ]
ERR: 无法加载模块:Js

[ 2017-09-28T09:44:45+08:00 ] 127.0.0.1 /ChildrenPlatform/image/demo/shop/category/health-beauty.jpg
INFO: [ app_init ] --START--
INFO: Run Behavior\BuildLiteBehavior [ RunTime:0.000025s ]
INFO: [ app_init ] --END-- [ RunTime:0.000384s ]
ERR: 无法加载模块:Image

[ 2017-09-28T09:44:46+08:00 ] 127.0.0.1 /ChildrenPlatform/header/header1-container.html
INFO: [ app_init ] --START--
INFO: Run Behavior\BuildLiteBehavior [ RunTime:0.000025s ]
INFO: [ app_init ] --END-- [ RunTime:0.000380s ]
ERR: 无法加载模块:Header

[ 2017-09-28T09:44:46+08:00 ] 127.0.0.1 /ChildrenPlatform/js/themejs/so_megamenu.js?_=1506563085390
INFO: [ app_init ] --START--
INFO: Run Behavior\BuildLiteBehavior [ RunTime:0.000028s ]
INFO: [ app_init ] --END-- [ RunTime:0.000382s ]
ERR: 无法加载模块:Js

[ 2017-09-28T09:50:19+08:00 ] 127.0.0.1 /ChildrenPlatform/Public/frontdesk/css/theme.css.map
INFO: [ app_init ] --START--
INFO: Run Behavior\BuildLiteBehavior [ RunTime:0.000036s ]
INFO: [ app_init ] --END-- [ RunTime:0.000478s ]
ERR: 无法加载模块:Public

[ 2017-09-28T09:50:19+08:00 ] 127.0.0.1 /ChildrenPlatform/Public/frontdesk/css/responsive.css.map
INFO: [ app_init ] --START--
INFO: Run Behavior\BuildLiteBehavior [ RunTime:0.000029s ]
INFO: [ app_init ] --END-- [ RunTime:0.000414s ]
ERR: 无法加载模块:Public

[ 2017-09-28T09:50:20+08:00 ] 127.0.0.1 /ChildrenPlatform/image/demo/shop/category/health-beauty.jpg
INFO: [ app_init ] --START--
INFO: Run Behavior\BuildLiteBehavior [ RunTime:0.000038s ]
INFO: [ app_init ] --END-- [ RunTime:0.000476s ]
ERR: 无法加载模块:Image

[ 2017-09-28T09:50:21+08:00 ] 127.0.0.1 /ChildrenPlatform/header/header1-container.html
INFO: [ app_init ] --START--
INFO: Run Behavior\BuildLiteBehavior [ RunTime:0.000022s ]
INFO: [ app_init ] --END-- [ RunTime:0.000432s ]
ERR: 无法加载模块:Header

[ 2017-09-28T09:50:21+08:00 ] 127.0.0.1 /ChildrenPlatform/js/themejs/so_megamenu.js?_=1506563420513
INFO: [ app_init ] --START--
INFO: Run Behavior\BuildLiteBehavior [ RunTime:0.000020s ]
INFO: [ app_init ] --END-- [ RunTime:0.000353s ]
ERR: 无法加载模块:Js

[ 2017-09-28T09:52:38+08:00 ] 127.0.0.1 /ChildrenPlatform/Public/frontdesk/css/theme.css.map
INFO: [ app_init ] --START--
INFO: Run Behavior\BuildLiteBehavior [ RunTime:0.000041s ]
INFO: [ app_init ] --END-- [ RunTime:0.000713s ]
ERR: 无法加载模块:Public

[ 2017-09-28T09:52:38+08:00 ] 127.0.0.1 /ChildrenPlatform/Public/frontdesk/css/responsive.css.map
INFO: [ app_init ] --START--
INFO: Run Behavior\BuildLiteBehavior [ RunTime:0.000038s ]
INFO: [ app_init ] --END-- [ RunTime:0.000469s ]
ERR: 无法加载模块:Public

[ 2017-09-28T09:52:39+08:00 ] 127.0.0.1 /ChildrenPlatform/image/demo/shop/category/health-beauty.jpg
INFO: [ app_init ] --START--
INFO: Run Behavior\BuildLiteBehavior [ RunTime:0.000024s ]
INFO: [ app_init ] --END-- [ RunTime:0.000495s ]
ERR: 无法加载模块:Image

[ 2017-09-28T09:52:40+08:00 ] 127.0.0.1 /ChildrenPlatform/header/header1-container.html
INFO: [ app_init ] --START--
INFO: Run Behavior\BuildLiteBehavior [ RunTime:0.000020s ]
INFO: [ app_init ] --END-- [ RunTime:0.000339s ]
ERR: 无法加载模块:Header

[ 2017-09-28T09:52:40+08:00 ] 127.0.0.1 /ChildrenPlatform/js/themejs/so_megamenu.js?_=1506563559369
INFO: [ app_init ] --START--
INFO: Run Behavior\BuildLiteBehavior [ RunTime:0.000033s ]
INFO: [ app_init ] --END-- [ RunTime:0.000539s ]
ERR: 无法加载模块:Js

[ 2017-09-28T09:56:20+08:00 ] 127.0.0.1 /ChildrenPlatform/image/demo/shop/category/health-beauty.jpg
INFO: [ app_init ] --START--
INFO: Run Behavior\BuildLiteBehavior [ RunTime:0.000022s ]
INFO: [ app_init ] --END-- [ RunTime:0.000397s ]
ERR: 无法加载模块:Image

[ 2017-09-28T09:56:21+08:00 ] 127.0.0.1 /ChildrenPlatform/header/header1-container.html
INFO: [ app_init ] --START--
INFO: Run Behavior\BuildLiteBehavior [ RunTime:0.000029s ]
INFO: [ app_init ] --END-- [ RunTime:0.000403s ]
ERR: 无法加载模块:Header

[ 2017-09-28T09:56:21+08:00 ] 127.0.0.1 /ChildrenPlatform/js/themejs/so_megamenu.js?_=1506563780533
INFO: [ app_init ] --START--
INFO: Run Behavior\BuildLiteBehavior [ RunTime:0.000026s ]
INFO: [ app_init ] --END-- [ RunTime:0.000365s ]
ERR: 无法加载模块:Js

[ 2017-09-28T09:59:00+08:00 ] 127.0.0.1 /ChildrenPlatform/image/demo/shop/category/health-beauty.jpg
INFO: [ app_init ] --START--
INFO: Run Behavior\BuildLiteBehavior [ RunTime:0.000024s ]
INFO: [ app_init ] --END-- [ RunTime:0.000425s ]
ERR: 无法加载模块:Image

[ 2017-09-28T09:59:01+08:00 ] 127.0.0.1 /ChildrenPlatform/header/header1-container.html
INFO: [ app_init ] --START--
INFO: Run Behavior\BuildLiteBehavior [ RunTime:0.000024s ]
INFO: [ app_init ] --END-- [ RunTime:0.000405s ]
ERR: 无法加载模块:Header

[ 2017-09-28T09:59:01+08:00 ] 127.0.0.1 /ChildrenPlatform/js/themejs/so_megamenu.js?_=1506563940542
INFO: [ app_init ] --START--
INFO: Run Behavior\BuildLiteBehavior [ RunTime:0.000022s ]
INFO: [ app_init ] --END-- [ RunTime:0.000351s ]
ERR: 无法加载模块:Js

[ 2017-09-28T09:59:12+08:00 ] 127.0.0.1 /ChildrenPlatform/hint/id/13
INFO: [ app_init ] --START--
INFO: Run Behavior\BuildLiteBehavior [ RunTime:0.000045s ]
INFO: [ app_init ] --END-- [ RunTime:0.000566s ]
ERR: 无法加载模块:Hint

[ 2017-09-28T09:59:14+08:00 ] 127.0.0.1 /ChildrenPlatform/image/demo/shop/category/health-beauty.jpg
INFO: [ app_init ] --START--
INFO: Run Behavior\BuildLiteBehavior [ RunTime:0.000032s ]
INFO: [ app_init ] --END-- [ RunTime:0.000398s ]
ERR: 无法加载模块:Image

[ 2017-09-28T09:59:15+08:00 ] 127.0.0.1 /ChildrenPlatform/header/header1-container.html
INFO: [ app_init ] --START--
INFO: Run Behavior\BuildLiteBehavior [ RunTime:0.000025s ]
INFO: [ app_init ] --END-- [ RunTime:0.000355s ]
ERR: 无法加载模块:Header

[ 2017-09-28T09:59:15+08:00 ] 127.0.0.1 /ChildrenPlatform/js/themejs/so_megamenu.js?_=1506563954797
INFO: [ app_init ] --START--
INFO: Run Behavior\BuildLiteBehavior [ RunTime:0.000032s ]
INFO: [ app_init ] --END-- [ RunTime:0.000373s ]
ERR: 无法加载模块:Js

[ 2017-09-28T10:00:04+08:00 ] 127.0.0.1 /ChildrenPlatform/hint/id/13
INFO: [ app_init ] --START--
INFO: Run Behavior\BuildLiteBehavior [ RunTime:0.000036s ]
INFO: [ app_init ] --END-- [ RunTime:0.000588s ]
ERR: 无法加载模块:Hint

[ 2017-09-28T10:00:07+08:00 ] 127.0.0.1 /ChildrenPlatform/image/demo/shop/category/health-beauty.jpg
INFO: [ app_init ] --START--
INFO: Run Behavior\BuildLiteBehavior [ RunTime:0.000038s ]
INFO: [ app_init ] --END-- [ RunTime:0.000499s ]
ERR: 无法加载模块:Image

[ 2017-09-28T10:00:08+08:00 ] 127.0.0.1 /ChildrenPlatform/header/header1-container.html
INFO: [ app_init ] --START--
INFO: Run Behavior\BuildLiteBehavior [ RunTime:0.000026s ]
INFO: [ app_init ] --END-- [ RunTime:0.000458s ]
ERR: 无法加载模块:Header

[ 2017-09-28T10:00:08+08:00 ] 127.0.0.1 /ChildrenPlatform/js/themejs/so_megamenu.js?_=1506564007784
INFO: [ app_init ] --START--
INFO: Run Behavior\BuildLiteBehavior [ RunTime:0.000022s ]
INFO: [ app_init ] --END-- [ RunTime:0.000346s ]
ERR: 无法加载模块:Js

[ 2017-09-28T10:00:19+08:00 ] 127.0.0.1 /ChildrenPlatform/hint/id/13
INFO: [ app_init ] --START--
INFO: Run Behavior\BuildLiteBehavior [ RunTime:0.000041s ]
INFO: [ app_init ] --END-- [ RunTime:0.000530s ]
ERR: 无法加载模块:Hint

[ 2017-09-28T10:00:20+08:00 ] 127.0.0.1 /ChildrenPlatform/image/demo/shop/category/health-beauty.jpg
INFO: [ app_init ] --START--
INFO: Run Behavior\BuildLiteBehavior [ RunTime:0.000032s ]
INFO: [ app_init ] --END-- [ RunTime:0.000472s ]
ERR: 无法加载模块:Image

[ 2017-09-28T10:00:23+08:00 ] 127.0.0.1 /ChildrenPlatform/image/demo/shop/category/health-beauty.jpg
INFO: [ app_init ] --START--
INFO: Run Behavior\BuildLiteBehavior [ RunTime:0.000028s ]
INFO: [ app_init ] --END-- [ RunTime:0.000377s ]
ERR: 无法加载模块:Image

[ 2017-09-28T10:00:24+08:00 ] 127.0.0.1 /ChildrenPlatform/header/header1-container.html
INFO: [ app_init ] --START--
INFO: Run Behavior\BuildLiteBehavior [ RunTime:0.000032s ]
INFO: [ app_init ] --END-- [ RunTime:0.000388s ]
ERR: 无法加载模块:Header

[ 2017-09-28T10:00:24+08:00 ] 127.0.0.1 /ChildrenPlatform/js/themejs/so_megamenu.js?_=1506564023765
INFO: [ app_init ] --START--
INFO: Run Behavior\BuildLiteBehavior [ RunTime:0.000031s ]
INFO: [ app_init ] --END-- [ RunTime:0.000382s ]
ERR: 无法加载模块:Js

[ 2017-09-28T10:00:25+08:00 ] 127.0.0.1 /ChildrenPlatform/Index/hint/id/13
INFO: [ app_init ] --START--
INFO: Run Behavior\BuildLiteBehavior [ RunTime:0.000028s ]
INFO: [ app_init ] --END-- [ RunTime:0.000371s ]
ERR: 无法加载模块:Index

[ 2017-09-28T10:00:27+08:00 ] 127.0.0.1 /ChildrenPlatform/image/demo/shop/category/health-beauty.jpg
INFO: [ app_init ] --START--
INFO: Run Behavior\BuildLiteBehavior [ RunTime:0.000052s ]
INFO: [ app_init ] --END-- [ RunTime:0.000781s ]
ERR: 无法加载模块:Image

[ 2017-09-28T10:00:28+08:00 ] 127.0.0.1 /ChildrenPlatform/header/header1-container.html
INFO: [ app_init ] --START--
INFO: Run Behavior\BuildLiteBehavior [ RunTime:0.000031s ]
INFO: [ app_init ] --END-- [ RunTime:0.000544s ]
ERR: 无法加载模块:Header

[ 2017-09-28T10:00:28+08:00 ] 127.0.0.1 /ChildrenPlatform/js/themejs/so_megamenu.js?_=1506564027246
INFO: [ app_init ] --START--
INFO: Run Behavior\BuildLiteBehavior [ RunTime:0.000021s ]
INFO: [ app_init ] --END-- [ RunTime:0.000338s ]
ERR: 无法加载模块:Js

[ 2017-09-28T10:00:29+08:00 ] 127.0.0.1 /ChildrenPlatform/Index/hint/id/13
INFO: [ app_init ] --START--
INFO: Run Behavior\BuildLiteBehavior [ RunTime:0.000026s ]
INFO: [ app_init ] --END-- [ RunTime:0.000452s ]
ERR: 无法加载模块:Index

[ 2017-09-28T10:00:41+08:00 ] 127.0.0.1 /ChildrenPlatform/hint/id/13
INFO: [ app_init ] --START--
INFO: Run Behavior\BuildLiteBehavior [ RunTime:0.000021s ]
INFO: [ app_init ] --END-- [ RunTime:0.000358s ]
ERR: 无法加载模块:Hint

[ 2017-09-28T10:01:22+08:00 ] 127.0.0.1 /ChildrenPlatform/hint/id/13
INFO: [ app_init ] --START--
INFO: Run Behavior\BuildLiteBehavior [ RunTime:0.000025s ]
INFO: [ app_init ] --END-- [ RunTime:0.000582s ]
ERR: 无法加载模块:Hint

[ 2017-09-28T10:01:22+08:00 ] 127.0.0.1 /ChildrenPlatform/Index/hint/id/13
INFO: [ app_init ] --START--
INFO: Run Behavior\BuildLiteBehavior [ RunTime:0.000024s ]
INFO: [ app_init ] --END-- [ RunTime:0.000442s ]
ERR: 无法加载模块:Index

[ 2017-09-28T10:01:25+08:00 ] 127.0.0.1 /ChildrenPlatform/image/demo/shop/category/health-beauty.jpg
INFO: [ app_init ] --START--
INFO: Run Behavior\BuildLiteBehavior [ RunTime:0.000027s ]
INFO: [ app_init ] --END-- [ RunTime:0.000420s ]
ERR: 无法加载模块:Image

[ 2017-09-28T10:01:26+08:00 ] 127.0.0.1 /ChildrenPlatform/header/header1-container.html
INFO: [ app_init ] --START--
INFO: Run Behavior\BuildLiteBehavior [ RunTime:0.000021s ]
INFO: [ app_init ] --END-- [ RunTime:0.000339s ]
ERR: 无法加载模块:Header

[ 2017-09-28T10:01:26+08:00 ] 127.0.0.1 /ChildrenPlatform/js/themejs/so_megamenu.js?_=1506564085174
INFO: [ app_init ] --START--
INFO: Run Behavior\BuildLiteBehavior [ RunTime:0.000020s ]
INFO: [ app_init ] --END-- [ RunTime:0.000342s ]
ERR: 无法加载模块:Js

[ 2017-09-28T10:01:28+08:00 ] 127.0.0.1 /ChildrenPlatform/image/demo/shop/category/health-beauty.jpg
INFO: [ app_init ] --START--
INFO: Run Behavior\BuildLiteBehavior [ RunTime:0.000024s ]
INFO: [ app_init ] --END-- [ RunTime:0.000392s ]
ERR: 无法加载模块:Image

[ 2017-09-28T10:01:29+08:00 ] 127.0.0.1 /ChildrenPlatform/header/header1-container.html
INFO: [ app_init ] --START--
INFO: Run Behavior\BuildLiteBehavior [ RunTime:0.000036s ]
INFO: [ app_init ] --END-- [ RunTime:0.000482s ]
ERR: 无法加载模块:Header

[ 2017-09-28T10:01:29+08:00 ] 127.0.0.1 /ChildrenPlatform/js/themejs/so_megamenu.js?_=1506564088206
INFO: [ app_init ] --START--
INFO: Run Behavior\BuildLiteBehavior [ RunTime:0.000033s ]
INFO: [ app_init ] --END-- [ RunTime:0.000473s ]
ERR: 无法加载模块:Js

[ 2017-09-28T10:02:08+08:00 ] 127.0.0.1 /ChildrenPlatform/image/demo/shop/category/health-beauty.jpg
INFO: [ app_init ] --START--
INFO: Run Behavior\BuildLiteBehavior [ RunTime:0.000048s ]
INFO: [ app_init ] --END-- [ RunTime:0.000619s ]
ERR: 无法加载模块:Image

[ 2017-09-28T10:02:09+08:00 ] 127.0.0.1 /ChildrenPlatform/header/header1-container.html
INFO: [ app_init ] --START--
INFO: Run Behavior\BuildLiteBehavior [ RunTime:0.000052s ]
INFO: [ app_init ] --END-- [ RunTime:0.000760s ]
ERR: 无法加载模块:Header

[ 2017-09-28T10:02:09+08:00 ] 127.0.0.1 /ChildrenPlatform/js/themejs/so_megamenu.js?_=1506564128941
INFO: [ app_init ] --START--
INFO: Run Behavior\BuildLiteBehavior [ RunTime:0.000032s ]
INFO: [ app_init ] --END-- [ RunTime:0.000397s ]
ERR: 无法加载模块:Js

[ 2017-09-28T10:02:11+08:00 ] 127.0.0.1 /ChildrenPlatform/image/demo/shop/category/health-beauty.jpg
INFO: [ app_init ] --START--
INFO: Run Behavior\BuildLiteBehavior [ RunTime:0.000023s ]
INFO: [ app_init ] --END-- [ RunTime:0.000364s ]
ERR: 无法加载模块:Image

[ 2017-09-28T10:02:13+08:00 ] 127.0.0.1 /ChildrenPlatform/header/header1-container.html
INFO: [ app_init ] --START--
INFO: Run Behavior\BuildLiteBehavior [ RunTime:0.000020s ]
INFO: [ app_init ] --END-- [ RunTime:0.000405s ]
ERR: 无法加载模块:Header

[ 2017-09-28T10:02:13+08:00 ] 127.0.0.1 /ChildrenPlatform/js/themejs/so_megamenu.js?_=1506564132169
INFO: [ app_init ] --START--
INFO: Run Behavior\BuildLiteBehavior [ RunTime:0.000020s ]
INFO: [ app_init ] --END-- [ RunTime:0.000358s ]
ERR: 无法加载模块:Js

[ 2017-09-28T10:02:23+08:00 ] 127.0.0.1 /ChildrenPlatform/image/demo/shop/category/health-beauty.jpg
INFO: [ app_init ] --START--
INFO: Run Behavior\BuildLiteBehavior [ RunTime:0.000035s ]
INFO: [ app_init ] --END-- [ RunTime:0.000682s ]
ERR: 无法加载模块:Image

[ 2017-09-28T10:02:24+08:00 ] 127.0.0.1 /ChildrenPlatform/header/header1-container.html
INFO: [ app_init ] --START--
INFO: Run Behavior\BuildLiteBehavior [ RunTime:0.000025s ]
INFO: [ app_init ] --END-- [ RunTime:0.000388s ]
ERR: 无法加载模块:Header

[ 2017-09-28T10:02:24+08:00 ] 127.0.0.1 /ChildrenPlatform/js/themejs/so_megamenu.js?_=1506564143276
INFO: [ app_init ] --START--
INFO: Run Behavior\BuildLiteBehavior [ RunTime:0.000032s ]
INFO: [ app_init ] --END-- [ RunTime:0.000391s ]
ERR: 无法加载模块:Js

[ 2017-09-28T10:02:27+08:00 ] 127.0.0.1 /ChildrenPlatform/image/demo/shop/category/health-beauty.jpg
INFO: [ app_init ] --START--
INFO: Run Behavior\BuildLiteBehavior [ RunTime:0.000055s ]
INFO: [ app_init ] --END-- [ RunTime:0.000639s ]
ERR: 无法加载模块:Image

[ 2017-09-28T10:02:28+08:00 ] 127.0.0.1 /ChildrenPlatform/header/header1-container.html
INFO: [ app_init ] --START--
INFO: Run Behavior\BuildLiteBehavior [ RunTime:0.000027s ]
INFO: [ app_init ] --END-- [ RunTime:0.000360s ]
ERR: 无法加载模块:Header

[ 2017-09-28T10:02:28+08:00 ] 127.0.0.1 /ChildrenPlatform/js/themejs/so_megamenu.js?_=1506564147287
INFO: [ app_init ] --START--
INFO: Run Behavior\BuildLiteBehavior [ RunTime:0.000026s ]
INFO: [ app_init ] --END-- [ RunTime:0.000400s ]
ERR: 无法加载模块:Js

[ 2017-09-28T10:02:30+08:00 ] 127.0.0.1 /ChildrenPlatform/image/demo/shop/category/health-beauty.jpg
INFO: [ app_init ] --START--
INFO: Run Behavior\BuildLiteBehavior [ RunTime:0.000022s ]
INFO: [ app_init ] --END-- [ RunTime:0.000377s ]
ERR: 无法加载模块:Image

[ 2017-09-28T10:02:31+08:00 ] 127.0.0.1 /ChildrenPlatform/header/header1-container.html
INFO: [ app_init ] --START--
INFO: Run Behavior\BuildLiteBehavior [ RunTime:0.000032s ]
INFO: [ app_init ] --END-- [ RunTime:0.000489s ]
ERR: 无法加载模块:Header

[ 2017-09-28T10:02:31+08:00 ] 127.0.0.1 /ChildrenPlatform/js/themejs/so_megamenu.js?_=1506564150238
INFO: [ app_init ] --START--
INFO: Run Behavior\BuildLiteBehavior [ RunTime:0.000029s ]
INFO: [ app_init ] --END-- [ RunTime:0.000465s ]
ERR: 无法加载模块:Js

[ 2017-09-28T10:02:35+08:00 ] 127.0.0.1 /ChildrenPlatform/hint/id/13
INFO: [ app_init ] --START--
INFO: Run Behavior\BuildLiteBehavior [ RunTime:0.000030s ]
INFO: [ app_init ] --END-- [ RunTime:0.000461s ]
ERR: 无法加载模块:Hint

[ 2017-09-28T10:02:56+08:00 ] 127.0.0.1 /ChildrenPlatform/image/demo/shop/category/health-beauty.jpg
INFO: [ app_init ] --START--
INFO: Run Behavior\BuildLiteBehavior [ RunTime:0.000040s ]
INFO: [ app_init ] --END-- [ RunTime:0.000718s ]
ERR: 无法加载模块:Image

[ 2017-09-28T10:02:58+08:00 ] 127.0.0.1 /ChildrenPlatform/header/header1-container.html
INFO: [ app_init ] --START--
INFO: Run Behavior\BuildLiteBehavior [ RunTime:0.000022s ]
INFO: [ app_init ] --END-- [ RunTime:0.000345s ]
ERR: 无法加载模块:Header

[ 2017-09-28T10:02:58+08:00 ] 127.0.0.1 /ChildrenPlatform/js/themejs/so_megamenu.js?_=1506564177046
INFO: [ app_init ] --START--
INFO: Run Behavior\BuildLiteBehavior [ RunTime:0.000022s ]
INFO: [ app_init ] --END-- [ RunTime:0.000366s ]
ERR: 无法加载模块:Js

[ 2017-09-28T10:02:59+08:00 ] 127.0.0.1 /ChildrenPlatform/hint/id/13
INFO: [ app_init ] --START--
INFO: Run Behavior\BuildLiteBehavior [ RunTime:0.000028s ]
INFO: [ app_init ] --END-- [ RunTime:0.000456s ]
ERR: 无法加载模块:Hint

[ 2017-09-28T10:03:01+08:00 ] 127.0.0.1 /ChildrenPlatform/image/demo/shop/category/health-beauty.jpg
INFO: [ app_init ] --START--
INFO: Run Behavior\BuildLiteBehavior [ RunTime:0.000030s ]
INFO: [ app_init ] --END-- [ RunTime:0.000501s ]
ERR: 无法加载模块:Image

[ 2017-09-28T10:03:02+08:00 ] 127.0.0.1 /ChildrenPlatform/header/header1-container.html
INFO: [ app_init ] --START--
INFO: Run Behavior\BuildLiteBehavior [ RunTime:0.000022s ]
INFO: [ app_init ] --END-- [ RunTime:0.000368s ]
ERR: 无法加载模块:Header

[ 2017-09-28T10:03:02+08:00 ] 127.0.0.1 /ChildrenPlatform/js/themejs/so_megamenu.js?_=1506564181800
INFO: [ app_init ] --START--
INFO: Run Behavior\BuildLiteBehavior [ RunTime:0.000022s ]
INFO: [ app_init ] --END-- [ RunTime:0.000367s ]
ERR: 无法加载模块:Js

[ 2017-09-28T10:03:07+08:00 ] 127.0.0.1 /ChildrenPlatform/image/demo/shop/category/health-beauty.jpg
INFO: [ app_init ] --START--
INFO: Run Behavior\BuildLiteBehavior [ RunTime:0.000025s ]
INFO: [ app_init ] --END-- [ RunTime:0.000376s ]
ERR: 无法加载模块:Image

[ 2017-09-28T10:03:08+08:00 ] 127.0.0.1 /ChildrenPlatform/header/header1-container.html
INFO: [ app_init ] --START--
INFO: Run Behavior\BuildLiteBehavior [ RunTime:0.000022s ]
INFO: [ app_init ] --END-- [ RunTime:0.000360s ]
ERR: 无法加载模块:Header

[ 2017-09-28T10:03:08+08:00 ] 127.0.0.1 /ChildrenPlatform/js/themejs/so_megamenu.js?_=1506564187727
INFO: [ app_init ] --START--
INFO: Run Behavior\BuildLiteBehavior [ RunTime:0.000024s ]
INFO: [ app_init ] --END-- [ RunTime:0.000378s ]
ERR: 无法加载模块:Js

[ 2017-09-28T10:03:10+08:00 ] 127.0.0.1 /ChildrenPlatform/Index/hint/id/13
INFO: [ app_init ] --START--
INFO: Run Behavior\BuildLiteBehavior [ RunTime:0.000029s ]
INFO: [ app_init ] --END-- [ RunTime:0.000473s ]
ERR: 无法加载模块:Index

[ 2017-09-28T10:04:43+08:00 ] 127.0.0.1 /ChildrenPlatform/image/demo/shop/category/health-beauty.jpg
INFO: [ app_init ] --START--
INFO: Run Behavior\BuildLiteBehavior [ RunTime:0.000041s ]
INFO: [ app_init ] --END-- [ RunTime:0.000664s ]
ERR: 无法加载模块:Image

[ 2017-09-28T10:04:44+08:00 ] 127.0.0.1 /ChildrenPlatform/header/header1-container.html
INFO: [ app_init ] --START--
INFO: Run Behavior\BuildLiteBehavior [ RunTime:0.000026s ]
INFO: [ app_init ] --END-- [ RunTime:0.000417s ]
ERR: 无法加载模块:Header

[ 2017-09-28T10:04:44+08:00 ] 127.0.0.1 /ChildrenPlatform/js/themejs/so_megamenu.js?_=1506564283297
INFO: [ app_init ] --START--
INFO: Run Behavior\BuildLiteBehavior [ RunTime:0.000024s ]
INFO: [ app_init ] --END-- [ RunTime:0.000391s ]
ERR: 无法加载模块:Js

[ 2017-09-28T10:04:46+08:00 ] 127.0.0.1 /ChildrenPlatform/image/demo/shop/category/health-beauty.jpg
INFO: [ app_init ] --START--
INFO: Run Behavior\BuildLiteBehavior [ RunTime:0.000023s ]
INFO: [ app_init ] --END-- [ RunTime:0.000404s ]
ERR: 无法加载模块:Image

[ 2017-09-28T10:04:47+08:00 ] 127.0.0.1 /ChildrenPlatform/header/header1-container.html
INFO: [ app_init ] --START--
INFO: Run Behavior\BuildLiteBehavior [ RunTime:0.000022s ]
INFO: [ app_init ] --END-- [ RunTime:0.000379s ]
ERR: 无法加载模块:Header

[ 2017-09-28T10:04:47+08:00 ] 127.0.0.1 /ChildrenPlatform/js/themejs/so_megamenu.js?_=1506564286390
INFO: [ app_init ] --START--
INFO: Run Behavior\BuildLiteBehavior [ RunTime:0.000035s ]
INFO: [ app_init ] --END-- [ RunTime:0.000526s ]
ERR: 无法加载模块:Js

[ 2017-09-28T10:04:48+08:00 ] 127.0.0.1 /ChildrenPlatform/hint/id/13
INFO: [ app_init ] --START--
INFO: Run Behavior\BuildLiteBehavior [ RunTime:0.000029s ]
INFO: [ app_init ] --END-- [ RunTime:0.000466s ]
ERR: 无法加载模块:Hint

[ 2017-09-28T10:05:07+08:00 ] 127.0.0.1 /ChildrenPlatform/hint/id/13
INFO: [ app_init ] --START--
INFO: Run Behavior\BuildLiteBehavior [ RunTime:0.000029s ]
INFO: [ app_init ] --END-- [ RunTime:0.000458s ]
ERR: 无法加载模块:Hint

[ 2017-09-28T10:05:08+08:00 ] 127.0.0.1 /ChildrenPlatform/hint/id/13
INFO: [ app_init ] --START--
INFO: Run Behavior\BuildLiteBehavior [ RunTime:0.000037s ]
INFO: [ app_init ] --END-- [ RunTime:0.000609s ]
ERR: 无法加载模块:Hint

[ 2017-09-28T10:05:10+08:00 ] 127.0.0.1 /ChildrenPlatform/hint/id/13
INFO: [ app_init ] --START--
INFO: Run Behavior\BuildLiteBehavior [ RunTime:0.000041s ]
INFO: [ app_init ] --END-- [ RunTime:0.000647s ]
ERR: 无法加载模块:Hint

[ 2017-09-28T10:05:10+08:00 ] 127.0.0.1 /ChildrenPlatform/image/demo/shop/category/health-beauty.jpg
INFO: [ app_init ] --START--
INFO: Run Behavior\BuildLiteBehavior [ RunTime:0.000030s ]
INFO: [ app_init ] --END-- [ RunTime:0.000480s ]
ERR: 无法加载模块:Image

[ 2017-09-28T10:05:11+08:00 ] 127.0.0.1 /ChildrenPlatform/header/header1-container.html
INFO: [ app_init ] --START--
INFO: Run Behavior\BuildLiteBehavior [ RunTime:0.000021s ]
INFO: [ app_init ] --END-- [ RunTime:0.000343s ]
ERR: 无法加载模块:Header

[ 2017-09-28T10:05:11+08:00 ] 127.0.0.1 /ChildrenPlatform/js/themejs/so_megamenu.js?_=1506564311037
INFO: [ app_init ] --START--
INFO: Run Behavior\BuildLiteBehavior [ RunTime:0.000023s ]
INFO: [ app_init ] --END-- [ RunTime:0.000357s ]
ERR: 无法加载模块:Js

[ 2017-09-28T10:05:14+08:00 ] 127.0.0.1 /ChildrenPlatform/image/demo/shop/category/health-beauty.jpg
INFO: [ app_init ] --START--
INFO: Run Behavior\BuildLiteBehavior [ RunTime:0.000023s ]
INFO: [ app_init ] --END-- [ RunTime:0.000357s ]
ERR: 无法加载模块:Image

[ 2017-09-28T10:05:15+08:00 ] 127.0.0.1 /ChildrenPlatform/header/header1-container.html
INFO: [ app_init ] --START--
INFO: Run Behavior\BuildLiteBehavior [ RunTime:0.000023s ]
INFO: [ app_init ] --END-- [ RunTime:0.000348s ]
ERR: 无法加载模块:Header

[ 2017-09-28T10:05:15+08:00 ] 127.0.0.1 /ChildrenPlatform/js/themejs/so_megamenu.js?_=1506564314305
INFO: [ app_init ] --START--
INFO: Run Behavior\BuildLiteBehavior [ RunTime:0.000022s ]
INFO: [ app_init ] --END-- [ RunTime:0.000355s ]
ERR: 无法加载模块:Js

[ 2017-09-28T10:05:16+08:00 ] 127.0.0.1 /ChildrenPlatform/hint/id/15
INFO: [ app_init ] --START--
INFO: Run Behavior\BuildLiteBehavior [ RunTime:0.000023s ]
INFO: [ app_init ] --END-- [ RunTime:0.000368s ]
ERR: 无法加载模块:Hint

[ 2017-09-28T10:05:18+08:00 ] 127.0.0.1 /ChildrenPlatform/image/demo/shop/category/health-beauty.jpg
INFO: [ app_init ] --START--
INFO: Run Behavior\BuildLiteBehavior [ RunTime:0.000041s ]
INFO: [ app_init ] --END-- [ RunTime:0.000590s ]
ERR: 无法加载模块:Image

[ 2017-09-28T10:05:19+08:00 ] 127.0.0.1 /ChildrenPlatform/header/header1-container.html
INFO: [ app_init ] --START--
INFO: Run Behavior\BuildLiteBehavior [ RunTime:0.000035s ]
INFO: [ app_init ] --END-- [ RunTime:0.000473s ]
ERR: 无法加载模块:Header

[ 2017-09-28T10:05:19+08:00 ] 127.0.0.1 /ChildrenPlatform/js/themejs/so_megamenu.js?_=1506564318533
INFO: [ app_init ] --START--
INFO: Run Behavior\BuildLiteBehavior [ RunTime:0.000026s ]
INFO: [ app_init ] --END-- [ RunTime:0.000362s ]
ERR: 无法加载模块:Js

[ 2017-09-28T10:06:14+08:00 ] 127.0.0.1 /ChildrenPlatform/hint/id/13
INFO: [ app_init ] --START--
INFO: Run Behavior\BuildLiteBehavior [ RunTime:0.000031s ]
INFO: [ app_init ] --END-- [ RunTime:0.000376s ]
ERR: 无法加载模块:Hint

[ 2017-09-28T10:06:37+08:00 ] 127.0.0.1 /ChildrenPlatform/image/demo/shop/category/health-beauty.jpg
INFO: [ app_init ] --START--
INFO: Run Behavior\BuildLiteBehavior [ RunTime:0.000034s ]
INFO: [ app_init ] --END-- [ RunTime:0.000430s ]
ERR: 无法加载模块:Image

[ 2017-09-28T10:06:38+08:00 ] 127.0.0.1 /ChildrenPlatform/header/header1-container.html
INFO: [ app_init ] --START--
INFO: Run Behavior\BuildLiteBehavior [ RunTime:0.000026s ]
INFO: [ app_init ] --END-- [ RunTime:0.000356s ]
ERR: 无法加载模块:Header

[ 2017-09-28T10:06:38+08:00 ] 127.0.0.1 /ChildrenPlatform/js/themejs/so_megamenu.js?_=1506564397933
INFO: [ app_init ] --START--
INFO: Run Behavior\BuildLiteBehavior [ RunTime:0.000026s ]
INFO: [ app_init ] --END-- [ RunTime:0.000360s ]
ERR: 无法加载模块:Js

[ 2017-09-28T10:06:41+08:00 ] 127.0.0.1 /ChildrenPlatform/image/demo/shop/category/health-beauty.jpg
INFO: [ app_init ] --START--
INFO: Run Behavior\BuildLiteBehavior [ RunTime:0.000024s ]
INFO: [ app_init ] --END-- [ RunTime:0.000395s ]
ERR: 无法加载模块:Image

[ 2017-09-28T10:06:42+08:00 ] 127.0.0.1 /ChildrenPlatform/header/header1-container.html
INFO: [ app_init ] --START--
INFO: Run Behavior\BuildLiteBehavior [ RunTime:0.000033s ]
INFO: [ app_init ] --END-- [ RunTime:0.000529s ]
ERR: 无法加载模块:Header

[ 2017-09-28T10:06:42+08:00 ] 127.0.0.1 /ChildrenPlatform/js/themejs/so_megamenu.js?_=1506564401649
INFO: [ app_init ] --START--
INFO: Run Behavior\BuildLiteBehavior [ RunTime:0.000024s ]
INFO: [ app_init ] --END-- [ RunTime:0.000365s ]
ERR: 无法加载模块:Js

[ 2017-09-28T10:06:43+08:00 ] 127.0.0.1 /ChildrenPlatform/hint/id/13
INFO: [ app_init ] --START--
INFO: Run Behavior\BuildLiteBehavior [ RunTime:0.000027s ]
INFO: [ app_init ] --END-- [ RunTime:0.000451s ]
ERR: 无法加载模块:Hint

[ 2017-09-28T10:07:01+08:00 ] 127.0.0.1 /ChildrenPlatform/Index/hint/id/13
INFO: [ app_init ] --START--
INFO: Run Behavior\BuildLiteBehavior [ RunTime:0.000024s ]
INFO: [ app_init ] --END-- [ RunTime:0.000501s ]
ERR: 无法加载模块:Index

[ 2017-09-28T10:07:11+08:00 ] 127.0.0.1 /ChildrenPlatform/hint/id/13
INFO: [ app_init ] --START--
INFO: Run Behavior\BuildLiteBehavior [ RunTime:0.000030s ]
INFO: [ app_init ] --END-- [ RunTime:0.000465s ]
ERR: 无法加载模块:Hint

[ 2017-09-28T10:09:20+08:00 ] 127.0.0.1 /ChildrenPlatform/Index/hint/id/13
INFO: [ app_init ] --START--
INFO: Run Behavior\BuildLiteBehavior [ RunTime:0.000030s ]
INFO: [ app_init ] --END-- [ RunTime:0.000533s ]
ERR: 无法加载模块:Index

[ 2017-09-28T10:09:22+08:00 ] 127.0.0.1 /ChildrenPlatform/hint/id/13
INFO: [ app_init ] --START--
INFO: Run Behavior\BuildLiteBehavior [ RunTime:0.000027s ]
INFO: [ app_init ] --END-- [ RunTime:0.000459s ]
ERR: 无法加载模块:Hint

[ 2017-09-28T10:09:23+08:00 ] 127.0.0.1 /ChildrenPlatform/image/demo/shop/category/health-beauty.jpg
INFO: [ app_init ] --START--
INFO: Run Behavior\BuildLiteBehavior [ RunTime:0.000033s ]
INFO: [ app_init ] --END-- [ RunTime:0.000452s ]
ERR: 无法加载模块:Image

[ 2017-09-28T10:09:24+08:00 ] 127.0.0.1 /ChildrenPlatform/header/header1-container.html
INFO: [ app_init ] --START--
INFO: Run Behavior\BuildLiteBehavior [ RunTime:0.000036s ]
INFO: [ app_init ] --END-- [ RunTime:0.000538s ]
ERR: 无法加载模块:Header

[ 2017-09-28T10:09:24+08:00 ] 127.0.0.1 /ChildrenPlatform/js/themejs/so_megamenu.js?_=1506564563402
INFO: [ app_init ] --START--
INFO: Run Behavior\BuildLiteBehavior [ RunTime:0.000027s ]
INFO: [ app_init ] --END-- [ RunTime:0.000372s ]
ERR: 无法加载模块:Js

[ 2017-09-28T10:09:27+08:00 ] 127.0.0.1 /ChildrenPlatform/image/demo/shop/category/health-beauty.jpg
INFO: [ app_init ] --START--
INFO: Run Behavior\BuildLiteBehavior [ RunTime:0.000023s ]
INFO: [ app_init ] --END-- [ RunTime:0.000366s ]
ERR: 无法加载模块:Image

[ 2017-09-28T10:09:28+08:00 ] 127.0.0.1 /ChildrenPlatform/header/header1-container.html
INFO: [ app_init ] --START--
INFO: Run Behavior\BuildLiteBehavior [ RunTime:0.000036s ]
INFO: [ app_init ] --END-- [ RunTime:0.000572s ]
ERR: 无法加载模块:Header

[ 2017-09-28T10:09:28+08:00 ] 127.0.0.1 /ChildrenPlatform/js/themejs/so_megamenu.js?_=1506564567413
INFO: [ app_init ] --START--
INFO: Run Behavior\BuildLiteBehavior [ RunTime:0.000023s ]
INFO: [ app_init ] --END-- [ RunTime:0.000362s ]
ERR: 无法加载模块:Js

[ 2017-09-28T10:09:33+08:00 ] 127.0.0.1 /ChildrenPlatform/image/demo/shop/category/health-beauty.jpg
INFO: [ app_init ] --START--
INFO: Run Behavior\BuildLiteBehavior [ RunTime:0.000027s ]
INFO: [ app_init ] --END-- [ RunTime:0.000462s ]
ERR: 无法加载模块:Image

[ 2017-09-28T10:09:34+08:00 ] 127.0.0.1 /ChildrenPlatform/header/header1-container.html
INFO: [ app_init ] --START--
INFO: Run Behavior\BuildLiteBehavior [ RunTime:0.000025s ]
INFO: [ app_init ] --END-- [ RunTime:0.000377s ]
ERR: 无法加载模块:Header

[ 2017-09-28T10:09:34+08:00 ] 127.0.0.1 /ChildrenPlatform/js/themejs/so_megamenu.js?_=1506564573253
INFO: [ app_init ] --START--
INFO: Run Behavior\BuildLiteBehavior [ RunTime:0.000024s ]
INFO: [ app_init ] --END-- [ RunTime:0.000376s ]
ERR: 无法加载模块:Js

[ 2017-09-28T10:11:09+08:00 ] 127.0.0.1 /ChildrenPlatform/image/demo/shop/category/health-beauty.jpg
INFO: [ app_init ] --START--
INFO: Run Behavior\BuildLiteBehavior [ RunTime:0.000023s ]
INFO: [ app_init ] --END-- [ RunTime:0.000369s ]
ERR: 无法加载模块:Image

[ 2017-09-28T10:11:10+08:00 ] 127.0.0.1 /ChildrenPlatform/header/header1-container.html
INFO: [ app_init ] --START--
INFO: Run Behavior\BuildLiteBehavior [ RunTime:0.000032s ]
INFO: [ app_init ] --END-- [ RunTime:0.000413s ]
ERR: 无法加载模块:Header

[ 2017-09-28T10:11:10+08:00 ] 127.0.0.1 /ChildrenPlatform/js/themejs/so_megamenu.js?_=1506564669626
INFO: [ app_init ] --START--
INFO: Run Behavior\BuildLiteBehavior [ RunTime:0.000027s ]
INFO: [ app_init ] --END-- [ RunTime:0.000399s ]
ERR: 无法加载模块:Js

[ 2017-09-28T10:11:41+08:00 ] 127.0.0.1 /ChildrenPlatform/image/demo/shop/category/health-beauty.jpg
INFO: [ app_init ] --START--
INFO: Run Behavior\BuildLiteBehavior [ RunTime:0.000029s ]
INFO: [ app_init ] --END-- [ RunTime:0.000410s ]
ERR: 无法加载模块:Image

[ 2017-09-28T10:11:42+08:00 ] 127.0.0.1 /ChildrenPlatform/header/header1-container.html
INFO: [ app_init ] --START--
INFO: Run Behavior\BuildLiteBehavior [ RunTime:0.000031s ]
INFO: [ app_init ] --END-- [ RunTime:0.000377s ]
ERR: 无法加载模块:Header

[ 2017-09-28T10:11:42+08:00 ] 127.0.0.1 /ChildrenPlatform/js/themejs/so_megamenu.js?_=1506564701492
INFO: [ app_init ] --START--
INFO: Run Behavior\BuildLiteBehavior [ RunTime:0.000031s ]
INFO: [ app_init ] --END-- [ RunTime:0.000383s ]
ERR: 无法加载模块:Js

[ 2017-09-28T10:12:09+08:00 ] 127.0.0.1 /ChildrenPlatform/image/demo/shop/category/health-beauty.jpg
INFO: [ app_init ] --START--
INFO: Run Behavior\BuildLiteBehavior [ RunTime:0.000027s ]
INFO: [ app_init ] --END-- [ RunTime:0.000459s ]
ERR: 无法加载模块:Image

[ 2017-09-28T10:12:10+08:00 ] 127.0.0.1 /ChildrenPlatform/header/header1-container.html
INFO: [ app_init ] --START--
INFO: Run Behavior\BuildLiteBehavior [ RunTime:0.000023s ]
INFO: [ app_init ] --END-- [ RunTime:0.000359s ]
ERR: 无法加载模块:Header

[ 2017-09-28T10:12:10+08:00 ] 127.0.0.1 /ChildrenPlatform/js/themejs/so_megamenu.js?_=1506564729490
INFO: [ app_init ] --START--
INFO: Run Behavior\BuildLiteBehavior [ RunTime:0.000024s ]
INFO: [ app_init ] --END-- [ RunTime:0.000363s ]
ERR: 无法加载模块:Js

[ 2017-09-28T10:12:12+08:00 ] 127.0.0.1 /ChildrenPlatform/image/demo/shop/category/health-beauty.jpg
INFO: [ app_init ] --START--
INFO: Run Behavior\BuildLiteBehavior [ RunTime:0.000032s ]
INFO: [ app_init ] --END-- [ RunTime:0.000385s ]
ERR: 无法加载模块:Image

[ 2017-09-28T10:12:13+08:00 ] 127.0.0.1 /ChildrenPlatform/header/header1-container.html
INFO: [ app_init ] --START--
INFO: Run Behavior\BuildLiteBehavior [ RunTime:0.000020s ]
INFO: [ app_init ] --END-- [ RunTime:0.000383s ]
ERR: 无法加载模块:Header

[ 2017-09-28T10:12:14+08:00 ] 127.0.0.1 /ChildrenPlatform/js/themejs/so_megamenu.js?_=1506564733117
INFO: [ app_init ] --START--
INFO: Run Behavior\BuildLiteBehavior [ RunTime:0.000020s ]
INFO: [ app_init ] --END-- [ RunTime:0.000347s ]
ERR: 无法加载模块:Js

[ 2017-09-28T10:12:27+08:00 ] 127.0.0.1 /ChildrenPlatform/image/demo/shop/category/health-beauty.jpg
INFO: [ app_init ] --START--
INFO: Run Behavior\BuildLiteBehavior [ RunTime:0.000038s ]
INFO: [ app_init ] --END-- [ RunTime:0.000574s ]
ERR: 无法加载模块:Image

[ 2017-09-28T10:12:28+08:00 ] 127.0.0.1 /ChildrenPlatform/header/header1-container.html
INFO: [ app_init ] --START--
INFO: Run Behavior\BuildLiteBehavior [ RunTime:0.000030s ]
INFO: [ app_init ] --END-- [ RunTime:0.000470s ]
ERR: 无法加载模块:Header

[ 2017-09-28T10:12:28+08:00 ] 127.0.0.1 /ChildrenPlatform/js/themejs/so_megamenu.js?_=1506564747659
INFO: [ app_init ] --START--
INFO: Run Behavior\BuildLiteBehavior [ RunTime:0.000029s ]
INFO: [ app_init ] --END-- [ RunTime:0.000462s ]
ERR: 无法加载模块:Js

[ 2017-09-28T10:12:42+08:00 ] 127.0.0.1 /ChildrenPlatform/image/demo/shop/category/health-beauty.jpg
INFO: [ app_init ] --START--
INFO: Run Behavior\BuildLiteBehavior [ RunTime:0.000035s ]
INFO: [ app_init ] --END-- [ RunTime:0.000431s ]
ERR: 无法加载模块:Image

[ 2017-09-28T10:12:43+08:00 ] 127.0.0.1 /ChildrenPlatform/header/header1-container.html
INFO: [ app_init ] --START--
INFO: Run Behavior\BuildLiteBehavior [ RunTime:0.000045s ]
INFO: [ app_init ] --END-- [ RunTime:0.000634s ]
ERR: 无法加载模块:Header

[ 2017-09-28T10:12:43+08:00 ] 127.0.0.1 /ChildrenPlatform/js/themejs/so_megamenu.js?_=1506564762792
INFO: [ app_init ] --START--
INFO: Run Behavior\BuildLiteBehavior [ RunTime:0.000026s ]
INFO: [ app_init ] --END-- [ RunTime:0.000363s ]
ERR: 无法加载模块:Js

[ 2017-09-28T11:33:16+08:00 ] 127.0.0.1 /ChildrenPlatform/image/demo/shop/category/health-beauty.jpg
INFO: [ app_init ] --START--
INFO: Run Behavior\BuildLiteBehavior [ RunTime:0.000057s ]
INFO: [ app_init ] --END-- [ RunTime:0.000645s ]
ERR: 无法加载模块:Image

[ 2017-09-28T11:33:17+08:00 ] 127.0.0.1 /ChildrenPlatform/header/header1-container.html
INFO: [ app_init ] --START--
INFO: Run Behavior\BuildLiteBehavior [ RunTime:0.000044s ]
INFO: [ app_init ] --END-- [ RunTime:0.000542s ]
ERR: 无法加载模块:Header

[ 2017-09-28T11:33:17+08:00 ] 127.0.0.1 /ChildrenPlatform/js/themejs/so_megamenu.js?_=1506569597048
INFO: [ app_init ] --START--
INFO: Run Behavior\BuildLiteBehavior [ RunTime:0.000035s ]
INFO: [ app_init ] --END-- [ RunTime:0.000395s ]
ERR: 无法加载模块:Js

[ 2017-09-28T11:34:51+08:00 ] 127.0.0.1 /ChildrenPlatform/image/demo/shop/category/health-beauty.jpg
INFO: [ app_init ] --START--
INFO: Run Behavior\BuildLiteBehavior [ RunTime:0.000024s ]
INFO: [ app_init ] --END-- [ RunTime:0.000415s ]
ERR: 无法加载模块:Image

[ 2017-09-28T11:34:52+08:00 ] 127.0.0.1 /ChildrenPlatform/header/header1-container.html
INFO: [ app_init ] --START--
INFO: Run Behavior\BuildLiteBehavior [ RunTime:0.000021s ]
INFO: [ app_init ] --END-- [ RunTime:0.000363s ]
ERR: 无法加载模块:Header

[ 2017-09-28T11:34:52+08:00 ] 127.0.0.1 /ChildrenPlatform/js/themejs/so_megamenu.js?_=1506569691185
INFO: [ app_init ] --START--
INFO: Run Behavior\BuildLiteBehavior [ RunTime:0.000019s ]
INFO: [ app_init ] --END-- [ RunTime:0.000337s ]
ERR: 无法加载模块:Js

[ 2017-09-28T11:35:55+08:00 ] 127.0.0.1 /ChildrenPlatform/image/demo/shop/category/health-beauty.jpg
INFO: [ app_init ] --START--
INFO: Run Behavior\BuildLiteBehavior [ RunTime:0.000025s ]
INFO: [ app_init ] --END-- [ RunTime:0.000371s ]
ERR: 无法加载模块:Image

[ 2017-09-28T11:35:56+08:00 ] 127.0.0.1 /ChildrenPlatform/header/header1-container.html
INFO: [ app_init ] --START--
INFO: Run Behavior\BuildLiteBehavior [ RunTime:0.000038s ]
INFO: [ app_init ] --END-- [ RunTime:0.000591s ]
ERR: 无法加载模块:Header

[ 2017-09-28T11:35:56+08:00 ] 127.0.0.1 /ChildrenPlatform/js/themejs/so_megamenu.js?_=1506569755573
INFO: [ app_init ] --START--
INFO: Run Behavior\BuildLiteBehavior [ RunTime:0.000023s ]
INFO: [ app_init ] --END-- [ RunTime:0.000349s ]
ERR: 无法加载模块:Js

[ 2017-09-28T11:38:26+08:00 ] 127.0.0.1 /ChildrenPlatform/image/demo/shop/category/health-beauty.jpg
INFO: [ app_init ] --START--
INFO: Run Behavior\BuildLiteBehavior [ RunTime:0.000029s ]
INFO: [ app_init ] --END-- [ RunTime:0.000427s ]
ERR: 无法加载模块:Image

[ 2017-09-28T11:38:27+08:00 ] 127.0.0.1 /ChildrenPlatform/header/header1-container.html
INFO: [ app_init ] --START--
INFO: Run Behavior\BuildLiteBehavior [ RunTime:0.000026s ]
INFO: [ app_init ] --END-- [ RunTime:0.000508s ]
ERR: 无法加载模块:Header

[ 2017-09-28T11:38:27+08:00 ] 127.0.0.1 /ChildrenPlatform/js/themejs/so_megamenu.js?_=1506569906770
INFO: [ app_init ] --START--
INFO: Run Behavior\BuildLiteBehavior [ RunTime:0.000020s ]
INFO: [ app_init ] --END-- [ RunTime:0.000340s ]
ERR: 无法加载模块:Js

[ 2017-09-28T11:39:08+08:00 ] 127.0.0.1 /ChildrenPlatform/image/demo/shop/category/health-beauty.jpg
INFO: [ app_init ] --START--
INFO: Run Behavior\BuildLiteBehavior [ RunTime:0.000020s ]
INFO: [ app_init ] --END-- [ RunTime:0.000346s ]
ERR: 无法加载模块:Image

[ 2017-09-28T11:39:09+08:00 ] 127.0.0.1 /ChildrenPlatform/header/header1-container.html
INFO: [ app_init ] --START--
INFO: Run Behavior\BuildLiteBehavior [ RunTime:0.000019s ]
INFO: [ app_init ] --END-- [ RunTime:0.000340s ]
ERR: 无法加载模块:Header

[ 2017-09-28T11:39:09+08:00 ] 127.0.0.1 /ChildrenPlatform/js/themejs/so_megamenu.js?_=1506569948329
INFO: [ app_init ] --START--
INFO: Run Behavior\BuildLiteBehavior [ RunTime:0.000021s ]
INFO: [ app_init ] --END-- [ RunTime:0.000357s ]
ERR: 无法加载模块:Js

[ 2017-09-28T11:39:22+08:00 ] 127.0.0.1 /ChildrenPlatform/image/demo/shop/category/health-beauty.jpg
INFO: [ app_init ] --START--
INFO: Run Behavior\BuildLiteBehavior [ RunTime:0.000021s ]
INFO: [ app_init ] --END-- [ RunTime:0.000361s ]
ERR: 无法加载模块:Image

[ 2017-09-28T11:39:23+08:00 ] 127.0.0.1 /ChildrenPlatform/header/header1-container.html
INFO: [ app_init ] --START--
INFO: Run Behavior\BuildLiteBehavior [ RunTime:0.000021s ]
INFO: [ app_init ] --END-- [ RunTime:0.000361s ]
ERR: 无法加载模块:Header

[ 2017-09-28T11:39:23+08:00 ] 127.0.0.1 /ChildrenPlatform/js/themejs/so_megamenu.js?_=1506569962712
INFO: [ app_init ] --START--
INFO: Run Behavior\BuildLiteBehavior [ RunTime:0.000023s ]
INFO: [ app_init ] --END-- [ RunTime:0.000353s ]
ERR: 无法加载模块:Js

[ 2017-09-28T11:39:46+08:00 ] 127.0.0.1 /ChildrenPlatform/image/demo/shop/category/health-beauty.jpg
INFO: [ app_init ] --START--
INFO: Run Behavior\BuildLiteBehavior [ RunTime:0.000025s ]
INFO: [ app_init ] --END-- [ RunTime:0.000392s ]
ERR: 无法加载模块:Image

[ 2017-09-28T11:39:47+08:00 ] 127.0.0.1 /ChildrenPlatform/header/header1-container.html
INFO: [ app_init ] --START--
INFO: Run Behavior\BuildLiteBehavior [ RunTime:0.000021s ]
INFO: [ app_init ] --END-- [ RunTime:0.000351s ]
ERR: 无法加载模块:Header

[ 2017-09-28T11:39:47+08:00 ] 127.0.0.1 /ChildrenPlatform/js/themejs/so_megamenu.js?_=1506569986292
INFO: [ app_init ] --START--
INFO: Run Behavior\BuildLiteBehavior [ RunTime:0.000022s ]
INFO: [ app_init ] --END-- [ RunTime:0.000346s ]
ERR: 无法加载模块:Js

[ 2017-09-28T11:42:10+08:00 ] 127.0.0.1 /ChildrenPlatform/image/demo/shop/category/health-beauty.jpg
INFO: [ app_init ] --START--
INFO: Run Behavior\BuildLiteBehavior [ RunTime:0.000021s ]
INFO: [ app_init ] --END-- [ RunTime:0.000371s ]
ERR: 无法加载模块:Image

[ 2017-09-28T11:42:11+08:00 ] 127.0.0.1 /ChildrenPlatform/header/header1-container.html
INFO: [ app_init ] --START--
INFO: Run Behavior\BuildLiteBehavior [ RunTime:0.000026s ]
INFO: [ app_init ] --END-- [ RunTime:0.000451s ]
ERR: 无法加载模块:Header

[ 2017-09-28T11:42:11+08:00 ] 127.0.0.1 /ChildrenPlatform/js/themejs/so_megamenu.js?_=1506570130936
INFO: [ app_init ] --START--
INFO: Run Behavior\BuildLiteBehavior [ RunTime:0.000022s ]
INFO: [ app_init ] --END-- [ RunTime:0.000365s ]
ERR: 无法加载模块:Js

[ 2017-09-28T12:32:42+08:00 ] 127.0.0.1 /ChildrenPlatform/image/demo/shop/category/health-beauty.jpg
INFO: [ app_init ] --START--
INFO: Run Behavior\BuildLiteBehavior [ RunTime:0.000056s ]
INFO: [ app_init ] --END-- [ RunTime:0.000699s ]
ERR: 无法加载模块:Image

[ 2017-09-28T12:32:43+08:00 ] 127.0.0.1 /ChildrenPlatform/header/header1-container.html
INFO: [ app_init ] --START--
INFO: Run Behavior\BuildLiteBehavior [ RunTime:0.000027s ]
INFO: [ app_init ] --END-- [ RunTime:0.000379s ]
ERR: 无法加载模块:Header

[ 2017-09-28T12:32:43+08:00 ] 127.0.0.1 /ChildrenPlatform/js/themejs/so_megamenu.js?_=1506573162314
INFO: [ app_init ] --START--
INFO: Run Behavior\BuildLiteBehavior [ RunTime:0.000027s ]
INFO: [ app_init ] --END-- [ RunTime:0.000361s ]
ERR: 无法加载模块:Js

[ 2017-09-28T13:00:11+08:00 ] 127.0.0.1 /ChildrenPlatform/Public/frontdesk/css/theme.css.map
INFO: [ app_init ] --START--
INFO: Run Behavior\BuildLiteBehavior [ RunTime:0.000033s ]
INFO: [ app_init ] --END-- [ RunTime:0.000437s ]
ERR: 无法加载模块:Public

[ 2017-09-28T13:00:11+08:00 ] 127.0.0.1 /ChildrenPlatform/Public/frontdesk/css/responsive.css.map
INFO: [ app_init ] --START--
INFO: Run Behavior\BuildLiteBehavior [ RunTime:0.000033s ]
INFO: [ app_init ] --END-- [ RunTime:0.000583s ]
ERR: 无法加载模块:Public

[ 2017-09-28T13:03:41+08:00 ] 127.0.0.1 /ChildrenPlatform/image/demo/shop/category/health-beauty.jpg
INFO: [ app_init ] --START--
INFO: Run Behavior\BuildLiteBehavior [ RunTime:0.000027s ]
INFO: [ app_init ] --END-- [ RunTime:0.000517s ]
ERR: 无法加载模块:Image

[ 2017-09-28T13:03:43+08:00 ] 127.0.0.1 /ChildrenPlatform/header/header1-container.html
INFO: [ app_init ] --START--
INFO: Run Behavior\BuildLiteBehavior [ RunTime:0.000023s ]
INFO: [ app_init ] --END-- [ RunTime:0.000358s ]
ERR: 无法加载模块:Header

[ 2017-09-28T13:03:43+08:00 ] 127.0.0.1 /ChildrenPlatform/js/themejs/so_megamenu.js?_=1506575022108
INFO: [ app_init ] --START--
INFO: Run Behavior\BuildLiteBehavior [ RunTime:0.000024s ]
INFO: [ app_init ] --END-- [ RunTime:0.000393s ]
ERR: 无法加载模块:Js

[ 2017-09-28T13:03:51+08:00 ] 127.0.0.1 /ChildrenPlatform/image/demo/shop/category/health-beauty.jpg
INFO: [ app_init ] --START--
INFO: Run Behavior\BuildLiteBehavior [ RunTime:0.000027s ]
INFO: [ app_init ] --END-- [ RunTime:0.000371s ]
ERR: 无法加载模块:Image

[ 2017-09-28T13:03:52+08:00 ] 127.0.0.1 /ChildrenPlatform/header/header1-container.html
INFO: [ app_init ] --START--
INFO: Run Behavior\BuildLiteBehavior [ RunTime:0.000032s ]
INFO: [ app_init ] --END-- [ RunTime:0.000394s ]
ERR: 无法加载模块:Header

[ 2017-09-28T13:03:52+08:00 ] 127.0.0.1 /ChildrenPlatform/js/themejs/so_megamenu.js?_=1506575031209
INFO: [ app_init ] --START--
INFO: Run Behavior\BuildLiteBehavior [ RunTime:0.000031s ]
INFO: [ app_init ] --END-- [ RunTime:0.000375s ]
ERR: 无法加载模块:Js

[ 2017-09-28T13:04:01+08:00 ] 127.0.0.1 /ChildrenPlatform/image/demo/shop/category/health-beauty.jpg
INFO: [ app_init ] --START--
INFO: Run Behavior\BuildLiteBehavior [ RunTime:0.000023s ]
INFO: [ app_init ] --END-- [ RunTime:0.000362s ]
ERR: 无法加载模块:Image

[ 2017-09-28T13:04:02+08:00 ] 127.0.0.1 /ChildrenPlatform/header/header1-container.html
INFO: [ app_init ] --START--
INFO: Run Behavior\BuildLiteBehavior [ RunTime:0.000031s ]
INFO: [ app_init ] --END-- [ RunTime:0.000372s ]
ERR: 无法加载模块:Header

[ 2017-09-28T13:04:02+08:00 ] 127.0.0.1 /ChildrenPlatform/js/themejs/so_megamenu.js?_=1506575041272
INFO: [ app_init ] --START--
INFO: Run Behavior\BuildLiteBehavior [ RunTime:0.000031s ]
INFO: [ app_init ] --END-- [ RunTime:0.000402s ]
ERR: 无法加载模块:Js

[ 2017-09-28T13:26:11+08:00 ] 127.0.0.1 /ChildrenPlatform/image/demo/shop/category/health-beauty.jpg
INFO: [ app_init ] --START--
INFO: Run Behavior\BuildLiteBehavior [ RunTime:0.000021s ]
INFO: [ app_init ] --END-- [ RunTime:0.000489s ]
ERR: 无法加载模块:Image

[ 2017-09-28T13:26:12+08:00 ] 127.0.0.1 /ChildrenPlatform/header/header1-container.html
INFO: [ app_init ] --START--
INFO: Run Behavior\BuildLiteBehavior [ RunTime:0.000021s ]
INFO: [ app_init ] --END-- [ RunTime:0.000351s ]
ERR: 无法加载模块:Header

[ 2017-09-28T13:26:12+08:00 ] 127.0.0.1 /ChildrenPlatform/js/themejs/so_megamenu.js?_=1506576371737
INFO: [ app_init ] --START--
INFO: Run Behavior\BuildLiteBehavior [ RunTime:0.000020s ]
INFO: [ app_init ] --END-- [ RunTime:0.000351s ]
ERR: 无法加载模块:Js

[ 2017-09-28T13:27:39+08:00 ] 127.0.0.1 /ChildrenPlatform/image/demo/shop/category/health-beauty.jpg
INFO: [ app_init ] --START--
INFO: Run Behavior\BuildLiteBehavior [ RunTime:0.000032s ]
INFO: [ app_init ] --END-- [ RunTime:0.000418s ]
ERR: 无法加载模块:Image

[ 2017-09-28T13:27:40+08:00 ] 127.0.0.1 /ChildrenPlatform/header/header1-container.html
INFO: [ app_init ] --START--
INFO: Run Behavior\BuildLiteBehavior [ RunTime:0.000019s ]
INFO: [ app_init ] --END-- [ RunTime:0.000350s ]
ERR: 无法加载模块:Header

[ 2017-09-28T13:27:40+08:00 ] 127.0.0.1 /ChildrenPlatform/js/themejs/so_megamenu.js?_=1506576459485
INFO: [ app_init ] --START--
INFO: Run Behavior\BuildLiteBehavior [ RunTime:0.000020s ]
INFO: [ app_init ] --END-- [ RunTime:0.000344s ]
ERR: 无法加载模块:Js

[ 2017-09-28T13:48:47+08:00 ] 127.0.0.1 /ChildrenPlatform/Public/frontdesk/css/theme.css.map
INFO: [ app_init ] --START--
INFO: Run Behavior\BuildLiteBehavior [ RunTime:0.000074s ]
INFO: [ app_init ] --END-- [ RunTime:0.001197s ]
ERR: 无法加载模块:Public

[ 2017-09-28T13:48:48+08:00 ] 127.0.0.1 /ChildrenPlatform/Public/frontdesk/css/responsive.css.map
INFO: [ app_init ] --START--
INFO: Run Behavior\BuildLiteBehavior [ RunTime:0.000025s ]
INFO: [ app_init ] --END-- [ RunTime:0.000386s ]
ERR: 无法加载模块:Public

[ 2017-09-28T13:49:51+08:00 ] 127.0.0.1 /ChildrenPlatform/image/demo/shop/category/health-beauty.jpg
INFO: [ app_init ] --START--
INFO: Run Behavior\BuildLiteBehavior [ RunTime:0.000027s ]
INFO: [ app_init ] --END-- [ RunTime:0.000451s ]
ERR: 无法加载模块:Image

[ 2017-09-28T13:49:52+08:00 ] 127.0.0.1 /ChildrenPlatform/header/header1-container.html
INFO: [ app_init ] --START--
INFO: Run Behavior\BuildLiteBehavior [ RunTime:0.000024s ]
INFO: [ app_init ] --END-- [ RunTime:0.000367s ]
ERR: 无法加载模块:Header

[ 2017-09-28T13:49:52+08:00 ] 127.0.0.1 /ChildrenPlatform/js/themejs/so_megamenu.js?_=1506577791446
INFO: [ app_init ] --START--
INFO: Run Behavior\BuildLiteBehavior [ RunTime:0.000023s ]
INFO: [ app_init ] --END-- [ RunTime:0.000353s ]
ERR: 无法加载模块:Js

[ 2017-09-28T13:52:16+08:00 ] 127.0.0.1 /ChildrenPlatform/image/demo/shop/category/health-beauty.jpg
INFO: [ app_init ] --START--
INFO: Run Behavior\BuildLiteBehavior [ RunTime:0.000030s ]
INFO: [ app_init ] --END-- [ RunTime:0.000443s ]
ERR: 无法加载模块:Image

[ 2017-09-28T13:52:17+08:00 ] 127.0.0.1 /ChildrenPlatform/header/header1-container.html
INFO: [ app_init ] --START--
INFO: Run Behavior\BuildLiteBehavior [ RunTime:0.000024s ]
INFO: [ app_init ] --END-- [ RunTime:0.000364s ]
ERR: 无法加载模块:Header

[ 2017-09-28T13:52:17+08:00 ] 127.0.0.1 /ChildrenPlatform/js/themejs/so_megamenu.js?_=1506577936691
INFO: [ app_init ] --START--
INFO: Run Behavior\BuildLiteBehavior [ RunTime:0.000026s ]
INFO: [ app_init ] --END-- [ RunTime:0.000416s ]
ERR: 无法加载模块:Js

[ 2017-09-28T14:07:04+08:00 ] 127.0.0.1 /ChildrenPlatform/image/demo/shop/category/health-beauty.jpg
INFO: [ app_init ] --START--
INFO: Run Behavior\BuildLiteBehavior [ RunTime:0.000033s ]
INFO: [ app_init ] --END-- [ RunTime:0.000457s ]
ERR: 无法加载模块:Image

[ 2017-09-28T14:07:05+08:00 ] 127.0.0.1 /ChildrenPlatform/header/header1-container.html
INFO: [ app_init ] --START--
INFO: Run Behavior\BuildLiteBehavior [ RunTime:0.000031s ]
INFO: [ app_init ] --END-- [ RunTime:0.000398s ]
ERR: 无法加载模块:Header

[ 2017-09-28T14:07:05+08:00 ] 127.0.0.1 /ChildrenPlatform/js/themejs/so_megamenu.js?_=1506578824844
INFO: [ app_init ] --START--
INFO: Run Behavior\BuildLiteBehavior [ RunTime:0.000032s ]
INFO: [ app_init ] --END-- [ RunTime:0.000390s ]
ERR: 无法加载模块:Js

[ 2017-09-28T14:08:09+08:00 ] 127.0.0.1 /ChildrenPlatform/image/demo/shop/category/health-beauty.jpg
INFO: [ app_init ] --START--
INFO: Run Behavior\BuildLiteBehavior [ RunTime:0.000053s ]
INFO: [ app_init ] --END-- [ RunTime:0.000618s ]
ERR: 无法加载模块:Image

[ 2017-09-28T14:08:10+08:00 ] 127.0.0.1 /ChildrenPlatform/header/header1-container.html
INFO: [ app_init ] --START--
INFO: Run Behavior\BuildLiteBehavior [ RunTime:0.000033s ]
INFO: [ app_init ] --END-- [ RunTime:0.000382s ]
ERR: 无法加载模块:Header

[ 2017-09-28T14:08:10+08:00 ] 127.0.0.1 /ChildrenPlatform/js/themejs/so_megamenu.js?_=1506578890100
INFO: [ app_init ] --START--
INFO: Run Behavior\BuildLiteBehavior [ RunTime:0.000025s ]
INFO: [ app_init ] --END-- [ RunTime:0.000356s ]
ERR: 无法加载模块:Js

[ 2017-09-28T14:11:51+08:00 ] 127.0.0.1 /ChildrenPlatform/Public/frontdesk/css/theme.css.map
INFO: [ app_init ] --START--
INFO: Run Behavior\BuildLiteBehavior [ RunTime:0.000044s ]
INFO: [ app_init ] --END-- [ RunTime:0.000639s ]
ERR: 无法加载模块:Public

[ 2017-09-28T14:11:51+08:00 ] 127.0.0.1 /ChildrenPlatform/Public/frontdesk/css/responsive.css.map
INFO: [ app_init ] --START--
INFO: Run Behavior\BuildLiteBehavior [ RunTime:0.000045s ]
INFO: [ app_init ] --END-- [ RunTime:0.000481s ]
ERR: 无法加载模块:Public

[ 2017-09-28T14:12:45+08:00 ] 127.0.0.1 /ChildrenPlatform/Public/frontdesk/css/theme.css.map
INFO: [ app_init ] --START--
INFO: Run Behavior\BuildLiteBehavior [ RunTime:0.000058s ]
INFO: [ app_init ] --END-- [ RunTime:0.000712s ]
ERR: 无法加载模块:Public

[ 2017-09-28T14:12:45+08:00 ] 127.0.0.1 /ChildrenPlatform/Public/frontdesk/css/responsive.css.map
INFO: [ app_init ] --START--
INFO: Run Behavior\BuildLiteBehavior [ RunTime:0.000038s ]
INFO: [ app_init ] --END-- [ RunTime:0.000662s ]
ERR: 无法加载模块:Public

[ 2017-09-28T14:39:56+08:00 ] 127.0.0.1 /ChildrenPlatform/Public/frontdesk/css/theme.css.map
INFO: [ app_init ] --START--
INFO: Run Behavior\BuildLiteBehavior [ RunTime:0.000035s ]
INFO: [ app_init ] --END-- [ RunTime:0.000530s ]
ERR: 无法加载模块:Public

[ 2017-09-28T14:39:56+08:00 ] 127.0.0.1 /ChildrenPlatform/Public/frontdesk/css/responsive.css.map
INFO: [ app_init ] --START--
INFO: Run Behavior\BuildLiteBehavior [ RunTime:0.000038s ]
INFO: [ app_init ] --END-- [ RunTime:0.000556s ]
ERR: 无法加载模块:Public

[ 2017-09-28T14:50:03+08:00 ] 127.0.0.1 /ChildrenPlatform/Public/frontdesk/css/theme.css.map
INFO: [ app_init ] --START--
INFO: Run Behavior\BuildLiteBehavior [ RunTime:0.000036s ]
INFO: [ app_init ] --END-- [ RunTime:0.000501s ]
ERR: 无法加载模块:Public

[ 2017-09-28T14:50:03+08:00 ] 127.0.0.1 /ChildrenPlatform/Public/frontdesk/css/responsive.css.map
INFO: [ app_init ] --START--
INFO: Run Behavior\BuildLiteBehavior [ RunTime:0.000041s ]
INFO: [ app_init ] --END-- [ RunTime:0.000634s ]
ERR: 无法加载模块:Public

[ 2017-09-28T14:52:07+08:00 ] 127.0.0.1 /ChildrenPlatform/Public/frontdesk/css/theme.css.map
INFO: [ app_init ] --START--
INFO: Run Behavior\BuildLiteBehavior [ RunTime:0.000023s ]
INFO: [ app_init ] --END-- [ RunTime:0.000441s ]
ERR: 无法加载模块:Public

[ 2017-09-28T14:52:07+08:00 ] 127.0.0.1 /ChildrenPlatform/Public/frontdesk/css/responsive.css.map
INFO: [ app_init ] --START--
INFO: Run Behavior\BuildLiteBehavior [ RunTime:0.000021s ]
INFO: [ app_init ] --END-- [ RunTime:0.000390s ]
ERR: 无法加载模块:Public

[ 2017-09-28T14:52:48+08:00 ] 127.0.0.1 /ChildrenPlatform/Public/frontdesk/css/theme.css.map
INFO: [ app_init ] --START--
INFO: Run Behavior\BuildLiteBehavior [ RunTime:0.000037s ]
INFO: [ app_init ] --END-- [ RunTime:0.000580s ]
ERR: 无法加载模块:Public

[ 2017-09-28T14:52:48+08:00 ] 127.0.0.1 /ChildrenPlatform/Public/frontdesk/css/responsive.css.map
INFO: [ app_init ] --START--
INFO: Run Behavior\BuildLiteBehavior [ RunTime:0.000034s ]
INFO: [ app_init ] --END-- [ RunTime:0.000559s ]
ERR: 无法加载模块:Public

[ 2017-09-28T14:53:54+08:00 ] 127.0.0.1 /ChildrenPlatform/Public/frontdesk/css/theme.css.map
INFO: [ app_init ] --START--
INFO: Run Behavior\BuildLiteBehavior [ RunTime:0.000021s ]
INFO: [ app_init ] --END-- [ RunTime:0.000379s ]
ERR: 无法加载模块:Public

[ 2017-09-28T14:53:54+08:00 ] 127.0.0.1 /ChildrenPlatform/Public/frontdesk/css/responsive.css.map
INFO: [ app_init ] --START--
INFO: Run Behavior\BuildLiteBehavior [ RunTime:0.000019s ]
INFO: [ app_init ] --END-- [ RunTime:0.000353s ]
ERR: 无法加载模块:Public

[ 2017-09-28T14:54:16+08:00 ] 127.0.0.1 /ChildrenPlatform/Public/frontdesk/css/theme.css.map
INFO: [ app_init ] --START--
INFO: Run Behavior\BuildLiteBehavior [ RunTime:0.000020s ]
INFO: [ app_init ] --END-- [ RunTime:0.000347s ]
ERR: 无法加载模块:Public

[ 2017-09-28T14:54:17+08:00 ] 127.0.0.1 /ChildrenPlatform/Public/frontdesk/css/responsive.css.map
INFO: [ app_init ] --START--
INFO: Run Behavior\BuildLiteBehavior [ RunTime:0.000021s ]
INFO: [ app_init ] --END-- [ RunTime:0.000399s ]
ERR: 无法加载模块:Public

[ 2017-09-28T14:54:43+08:00 ] 127.0.0.1 /ChildrenPlatform/Public/frontdesk/css/theme.css.map
INFO: [ app_init ] --START--
INFO: Run Behavior\BuildLiteBehavior [ RunTime:0.000048s ]
INFO: [ app_init ] --END-- [ RunTime:0.000436s ]
ERR: 无法加载模块:Public

[ 2017-09-28T14:54:43+08:00 ] 127.0.0.1 /ChildrenPlatform/Public/frontdesk/css/responsive.css.map
INFO: [ app_init ] --START--
INFO: Run Behavior\BuildLiteBehavior [ RunTime:0.000036s ]
INFO: [ app_init ] --END-- [ RunTime:0.000510s ]
ERR: 无法加载模块:Public

[ 2017-09-28T14:55:06+08:00 ] 127.0.0.1 /ChildrenPlatform/Public/frontdesk/css/responsive.css.map
INFO: [ app_init ] --START--
INFO: Run Behavior\BuildLiteBehavior [ RunTime:0.000020s ]
INFO: [ app_init ] --END-- [ RunTime:0.000350s ]
ERR: 无法加载模块:Public

[ 2017-09-28T14:55:06+08:00 ] 127.0.0.1 /ChildrenPlatform/Public/frontdesk/css/theme.css.map
INFO: [ app_init ] --START--
INFO: Run Behavior\BuildLiteBehavior [ RunTime:0.000031s ]
INFO: [ app_init ] --END-- [ RunTime:0.000471s ]
ERR: 无法加载模块:Public

[ 2017-09-28T14:55:32+08:00 ] 127.0.0.1 /ChildrenPlatform/Public/frontdesk/css/theme.css.map
INFO: [ app_init ] --START--
INFO: Run Behavior\BuildLiteBehavior [ RunTime:0.000022s ]
INFO: [ app_init ] --END-- [ RunTime:0.000365s ]
ERR: 无法加载模块:Public

[ 2017-09-28T14:55:32+08:00 ] 127.0.0.1 /ChildrenPlatform/Public/frontdesk/css/responsive.css.map
INFO: [ app_init ] --START--
INFO: Run Behavior\BuildLiteBehavior [ RunTime:0.000020s ]
INFO: [ app_init ] --END-- [ RunTime:0.000349s ]
ERR: 无法加载模块:Public

[ 2017-09-28T14:56:26+08:00 ] 127.0.0.1 /ChildrenPlatform/Public/frontdesk/css/theme.css.map
INFO: [ app_init ] --START--
INFO: Run Behavior\BuildLiteBehavior [ RunTime:0.000025s ]
INFO: [ app_init ] --END-- [ RunTime:0.000372s ]
ERR: 无法加载模块:Public

[ 2017-09-28T14:56:26+08:00 ] 127.0.0.1 /ChildrenPlatform/Public/frontdesk/css/responsive.css.map
INFO: [ app_init ] --START--
INFO: Run Behavior\BuildLiteBehavior [ RunTime:0.000019s ]
INFO: [ app_init ] --END-- [ RunTime:0.000345s ]
ERR: 无法加载模块:Public

[ 2017-09-28T14:57:11+08:00 ] 127.0.0.1 /ChildrenPlatform/Public/frontdesk/css/theme.css.map
INFO: [ app_init ] --START--
INFO: Run Behavior\BuildLiteBehavior [ RunTime:0.000021s ]
INFO: [ app_init ] --END-- [ RunTime:0.000361s ]
ERR: 无法加载模块:Public

[ 2017-09-28T14:57:11+08:00 ] 127.0.0.1 /ChildrenPlatform/Public/frontdesk/css/responsive.css.map
INFO: [ app_init ] --START--
INFO: Run Behavior\BuildLiteBehavior [ RunTime:0.000021s ]
INFO: [ app_init ] --END-- [ RunTime:0.000408s ]
ERR: 无法加载模块:Public

[ 2017-09-28T14:57:40+08:00 ] 127.0.0.1 /ChildrenPlatform/Public/frontdesk/css/theme.css.map
INFO: [ app_init ] --START--
INFO: Run Behavior\BuildLiteBehavior [ RunTime:0.000036s ]
INFO: [ app_init ] --END-- [ RunTime:0.000452s ]
ERR: 无法加载模块:Public

[ 2017-09-28T14:57:40+08:00 ] 127.0.0.1 /ChildrenPlatform/Public/frontdesk/css/responsive.css.map
INFO: [ app_init ] --START--
INFO: Run Behavior\BuildLiteBehavior [ RunTime:0.000020s ]
INFO: [ app_init ] --END-- [ RunTime:0.000353s ]
ERR: 无法加载模块:Public

[ 2017-09-28T14:58:14+08:00 ] 127.0.0.1 /ChildrenPlatform/Public/frontdesk/css/theme.css.map
INFO: [ app_init ] --START--
INFO: Run Behavior\BuildLiteBehavior [ RunTime:0.000020s ]
INFO: [ app_init ] --END-- [ RunTime:0.000358s ]
ERR: 无法加载模块:Public

[ 2017-09-28T14:58:14+08:00 ] 127.0.0.1 /ChildrenPlatform/Public/frontdesk/css/responsive.css.map
INFO: [ app_init ] --START--
INFO: Run Behavior\BuildLiteBehavior [ RunTime:0.000022s ]
INFO: [ app_init ] --END-- [ RunTime:0.000544s ]
ERR: 无法加载模块:Public

[ 2017-09-28T14:59:02+08:00 ] 127.0.0.1 /ChildrenPlatform/Public/frontdesk/css/theme.css.map
INFO: [ app_init ] --START--
INFO: Run Behavior\BuildLiteBehavior [ RunTime:0.000023s ]
INFO: [ app_init ] --END-- [ RunTime:0.000463s ]
ERR: 无法加载模块:Public

[ 2017-09-28T14:59:02+08:00 ] 127.0.0.1 /ChildrenPlatform/Public/frontdesk/css/responsive.css.map
INFO: [ app_init ] --START--
INFO: Run Behavior\BuildLiteBehavior [ RunTime:0.000036s ]
INFO: [ app_init ] --END-- [ RunTime:0.000646s ]
ERR: 无法加载模块:Public

[ 2017-09-28T14:59:18+08:00 ] 127.0.0.1 /ChildrenPlatform/Public/frontdesk/css/theme.css.map
INFO: [ app_init ] --START--
INFO: Run Behavior\BuildLiteBehavior [ RunTime:0.000023s ]
INFO: [ app_init ] --END-- [ RunTime:0.000372s ]
ERR: 无法加载模块:Public

[ 2017-09-28T14:59:18+08:00 ] 127.0.0.1 /ChildrenPlatform/Public/frontdesk/css/responsive.css.map
INFO: [ app_init ] --START--
INFO: Run Behavior\BuildLiteBehavior [ RunTime:0.000020s ]
INFO: [ app_init ] --END-- [ RunTime:0.000337s ]
ERR: 无法加载模块:Public

[ 2017-09-28T15:00:13+08:00 ] 127.0.0.1 /ChildrenPlatform/Public/frontdesk/css/theme.css.map
INFO: [ app_init ] --START--
INFO: Run Behavior\BuildLiteBehavior [ RunTime:0.000026s ]
INFO: [ app_init ] --END-- [ RunTime:0.000381s ]
ERR: 无法加载模块:Public

[ 2017-09-28T15:00:13+08:00 ] 127.0.0.1 /ChildrenPlatform/Public/frontdesk/css/responsive.css.map
INFO: [ app_init ] --START--
INFO: Run Behavior\BuildLiteBehavior [ RunTime:0.000022s ]
INFO: [ app_init ] --END-- [ RunTime:0.000438s ]
ERR: 无法加载模块:Public

[ 2017-09-28T15:01:48+08:00 ] 127.0.0.1 /ChildrenPlatform/Public/frontdesk/css/theme.css.map
INFO: [ app_init ] --START--
INFO: Run Behavior\BuildLiteBehavior [ RunTime:0.000035s ]
INFO: [ app_init ] --END-- [ RunTime:0.000515s ]
ERR: 无法加载模块:Public

[ 2017-09-28T15:01:48+08:00 ] 127.0.0.1 /ChildrenPlatform/Public/frontdesk/css/responsive.css.map
INFO: [ app_init ] --START--
INFO: Run Behavior\BuildLiteBehavior [ RunTime:0.000026s ]
INFO: [ app_init ] --END-- [ RunTime:0.000431s ]
ERR: 无法加载模块:Public

[ 2017-09-28T15:23:32+08:00 ] 127.0.0.1 /ChildrenPlatform/Public/frontdesk/css/theme.css.map
INFO: [ app_init ] --START--
INFO: Run Behavior\BuildLiteBehavior [ RunTime:0.000021s ]
INFO: [ app_init ] --END-- [ RunTime:0.000340s ]
ERR: 无法加载模块:Public

[ 2017-09-28T15:23:32+08:00 ] 127.0.0.1 /ChildrenPlatform/Public/frontdesk/css/responsive.css.map
INFO: [ app_init ] --START--
INFO: Run Behavior\BuildLiteBehavior [ RunTime:0.000022s ]
INFO: [ app_init ] --END-- [ RunTime:0.000359s ]
ERR: 无法加载模块:Public

[ 2017-09-28T15:34:07+08:00 ] 127.0.0.1 /ChildrenPlatform/image/demo/shop/category/health-beauty.jpg
INFO: [ app_init ] --START--
INFO: Run Behavior\BuildLiteBehavior [ RunTime:0.000031s ]
INFO: [ app_init ] --END-- [ RunTime:0.000633s ]
ERR: 无法加载模块:Image

[ 2017-09-28T15:34:08+08:00 ] 127.0.0.1 /ChildrenPlatform/header/header1-container.html
INFO: [ app_init ] --START--
INFO: Run Behavior\BuildLiteBehavior [ RunTime:0.000020s ]
INFO: [ app_init ] --END-- [ RunTime:0.000338s ]
ERR: 无法加载模块:Header

[ 2017-09-28T15:34:08+08:00 ] 127.0.0.1 /ChildrenPlatform/js/themejs/so_megamenu.js?_=1506584047498
INFO: [ app_init ] --START--
INFO: Run Behavior\BuildLiteBehavior [ RunTime:0.000020s ]
INFO: [ app_init ] --END-- [ RunTime:0.000334s ]
ERR: 无法加载模块:Js

