[ 2017-10-09T12:09:46+08:00 ] 127.0.0.1 /ChildrenPlatform/image/demo/shop/category/health-beauty.jpg
INFO: [ app_init ] --START--
INFO: Run Behavior\BuildLiteBehavior [ RunTime:0.000021s ]
INFO: [ app_init ] --END-- [ RunTime:0.000431s ]
ERR: 无法加载模块:Image

[ 2017-10-09T12:09:47+08:00 ] 127.0.0.1 /ChildrenPlatform/header/header1-container.html
INFO: [ app_init ] --START--
INFO: Run Behavior\BuildLiteBehavior [ RunTime:0.000033s ]
INFO: [ app_init ] --END-- [ RunTime:0.000580s ]
ERR: 无法加载模块:Header

[ 2017-10-09T12:09:47+08:00 ] 127.0.0.1 /ChildrenPlatform/js/themejs/so_megamenu.js?_=1507522186481
INFO: [ app_init ] --START--
INFO: Run Behavior\BuildLiteBehavior [ RunTime:0.000025s ]
INFO: [ app_init ] --END-- [ RunTime:0.000439s ]
ERR: 无法加载模块:Js

[ 2017-10-09T12:34:13+08:00 ] 127.0.0.1 /ChildrenPlatform/image/demo/shop/category/health-beauty.jpg
INFO: [ app_init ] --START--
INFO: Run Behavior\BuildLiteBehavior [ RunTime:0.000022s ]
INFO: [ app_init ] --END-- [ RunTime:0.000435s ]
ERR: 无法加载模块:Image

[ 2017-10-09T12:34:14+08:00 ] 127.0.0.1 /ChildrenPlatform/header/header1-container.html
INFO: [ app_init ] --START--
INFO: Run Behavior\BuildLiteBehavior [ RunTime:0.000021s ]
INFO: [ app_init ] --END-- [ RunTime:0.000355s ]
ERR: 无法加载模块:Header

[ 2017-10-09T12:34:14+08:00 ] 127.0.0.1 /ChildrenPlatform/js/themejs/so_megamenu.js?_=1507523653725
INFO: [ app_init ] --START--
INFO: Run Behavior\BuildLiteBehavior [ RunTime:0.000025s ]
INFO: [ app_init ] --END-- [ RunTime:0.000350s ]
ERR: 无法加载模块:Js

[ 2017-10-09T12:37:31+08:00 ] 127.0.0.1 /ChildrenPlatform/image/demo/shop/category/health-beauty.jpg
INFO: [ app_init ] --START--
INFO: Run Behavior\BuildLiteBehavior [ RunTime:0.000035s ]
INFO: [ app_init ] --END-- [ RunTime:0.000560s ]
ERR: 无法加载模块:Image

[ 2017-10-09T12:37:32+08:00 ] 127.0.0.1 /ChildrenPlatform/header/header1-container.html
INFO: [ app_init ] --START--
INFO: Run Behavior\BuildLiteBehavior [ RunTime:0.000022s ]
INFO: [ app_init ] --END-- [ RunTime:0.000360s ]
ERR: 无法加载模块:Header

[ 2017-10-09T12:37:32+08:00 ] 127.0.0.1 /ChildrenPlatform/js/themejs/so_megamenu.js?_=1507523851743
INFO: [ app_init ] --START--
INFO: Run Behavior\BuildLiteBehavior [ RunTime:0.000020s ]
INFO: [ app_init ] --END-- [ RunTime:0.000340s ]
ERR: 无法加载模块:Js

[ 2017-10-09T12:51:57+08:00 ] 127.0.0.1 /ChildrenPlatform/Public/frontdesk/css/theme.css.map
INFO: [ app_init ] --START--
INFO: Run Behavior\BuildLiteBehavior [ RunTime:0.000022s ]
INFO: [ app_init ] --END-- [ RunTime:0.000385s ]
ERR: 无法加载模块:Public

[ 2017-10-09T12:51:57+08:00 ] 127.0.0.1 /ChildrenPlatform/Public/frontdesk/css/responsive.css.map
INFO: [ app_init ] --START--
INFO: Run Behavior\BuildLiteBehavior [ RunTime:0.000025s ]
INFO: [ app_init ] --END-- [ RunTime:0.000358s ]
ERR: 无法加载模块:Public

[ 2017-10-09T12:55:52+08:00 ] 127.0.0.1 /ChildrenPlatform/Public/frontdesk/css/theme.css.map
INFO: [ app_init ] --START--
INFO: Run Behavior\BuildLiteBehavior [ RunTime:0.000037s ]
INFO: [ app_init ] --END-- [ RunTime:0.000542s ]
ERR: 无法加载模块:Public

[ 2017-10-09T12:55:52+08:00 ] 127.0.0.1 /ChildrenPlatform/Public/frontdesk/css/responsive.css.map
INFO: [ app_init ] --START--
INFO: Run Behavior\BuildLiteBehavior [ RunTime:0.000029s ]
INFO: [ app_init ] --END-- [ RunTime:0.000483s ]
ERR: 无法加载模块:Public

[ 2017-10-09T12:55:52+08:00 ] 127.0.0.1 /ChildrenPlatform/Public/foodpic/193847461973.png
INFO: [ app_init ] --START--
INFO: Run Behavior\BuildLiteBehavior [ RunTime:0.000041s ]
INFO: [ app_init ] --END-- [ RunTime:0.000588s ]
ERR: 无法加载模块:Public

[ 2017-10-09T12:55:52+08:00 ] 127.0.0.1 /ChildrenPlatform/Public/foodpic/
INFO: [ app_init ] --START--
INFO: Run Behavior\BuildLiteBehavior [ RunTime:0.000047s ]
INFO: [ app_init ] --END-- [ RunTime:0.000692s ]
ERR: 无法加载模块:Public

[ 2017-10-09T12:55:52+08:00 ] 127.0.0.1 /ChildrenPlatform/image/demo/shop/category/health-beauty.jpg
INFO: [ app_init ] --START--
INFO: Run Behavior\BuildLiteBehavior [ RunTime:0.000035s ]
INFO: [ app_init ] --END-- [ RunTime:0.000503s ]
ERR: 无法加载模块:Image

[ 2017-10-09T12:55:54+08:00 ] 127.0.0.1 /ChildrenPlatform/header/header1-container.html
INFO: [ app_init ] --START--
INFO: Run Behavior\BuildLiteBehavior [ RunTime:0.000028s ]
INFO: [ app_init ] --END-- [ RunTime:0.000506s ]
ERR: 无法加载模块:Header

[ 2017-10-09T12:55:54+08:00 ] 127.0.0.1 /ChildrenPlatform/js/themejs/so_megamenu.js?_=1507524952696
INFO: [ app_init ] --START--
INFO: Run Behavior\BuildLiteBehavior [ RunTime:0.000038s ]
INFO: [ app_init ] --END-- [ RunTime:0.000593s ]
ERR: 无法加载模块:Js

[ 2017-10-09T12:56:23+08:00 ] 127.0.0.1 /ChildrenPlatform/Public/frontdesk/css/theme.css.map
INFO: [ app_init ] --START--
INFO: Run Behavior\BuildLiteBehavior [ RunTime:0.000023s ]
INFO: [ app_init ] --END-- [ RunTime:0.000470s ]
ERR: 无法加载模块:Public

[ 2017-10-09T12:56:23+08:00 ] 127.0.0.1 /ChildrenPlatform/Public/frontdesk/css/responsive.css.map
INFO: [ app_init ] --START--
INFO: Run Behavior\BuildLiteBehavior [ RunTime:0.000051s ]
INFO: [ app_init ] --END-- [ RunTime:0.000796s ]
ERR: 无法加载模块:Public

[ 2017-10-09T12:56:24+08:00 ] 127.0.0.1 /ChildrenPlatform/image/demo/shop/category/health-beauty.jpg
INFO: [ app_init ] --START--
INFO: Run Behavior\BuildLiteBehavior [ RunTime:0.000037s ]
INFO: [ app_init ] --END-- [ RunTime:0.000587s ]
ERR: 无法加载模块:Image

[ 2017-10-09T12:56:26+08:00 ] 127.0.0.1 /ChildrenPlatform/header/header1-container.html
INFO: [ app_init ] --START--
INFO: Run Behavior\BuildLiteBehavior [ RunTime:0.000029s ]
INFO: [ app_init ] --END-- [ RunTime:0.000458s ]
ERR: 无法加载模块:Header

[ 2017-10-09T12:56:26+08:00 ] 127.0.0.1 /ChildrenPlatform/js/themejs/so_megamenu.js?_=1507524984489
INFO: [ app_init ] --START--
INFO: Run Behavior\BuildLiteBehavior [ RunTime:0.000024s ]
INFO: [ app_init ] --END-- [ RunTime:0.000419s ]
ERR: 无法加载模块:Js

[ 2017-10-09T12:56:45+08:00 ] 127.0.0.1 /ChildrenPlatform/Public/frontdesk/css/theme.css.map
INFO: [ app_init ] --START--
INFO: Run Behavior\BuildLiteBehavior [ RunTime:0.000048s ]
INFO: [ app_init ] --END-- [ RunTime:0.000740s ]
ERR: 无法加载模块:Public

[ 2017-10-09T12:56:45+08:00 ] 127.0.0.1 /ChildrenPlatform/Public/frontdesk/css/responsive.css.map
INFO: [ app_init ] --START--
INFO: Run Behavior\BuildLiteBehavior [ RunTime:0.000037s ]
INFO: [ app_init ] --END-- [ RunTime:0.000595s ]
ERR: 无法加载模块:Public

[ 2017-10-09T12:56:45+08:00 ] 127.0.0.1 /ChildrenPlatform/image/demo/shop/category/health-beauty.jpg
INFO: [ app_init ] --START--
INFO: Run Behavior\BuildLiteBehavior [ RunTime:0.000028s ]
INFO: [ app_init ] --END-- [ RunTime:0.000467s ]
ERR: 无法加载模块:Image

[ 2017-10-09T12:56:47+08:00 ] 127.0.0.1 /ChildrenPlatform/header/header1-container.html
INFO: [ app_init ] --START--
INFO: Run Behavior\BuildLiteBehavior [ RunTime:0.000031s ]
INFO: [ app_init ] --END-- [ RunTime:0.000535s ]
ERR: 无法加载模块:Header

[ 2017-10-09T12:56:47+08:00 ] 127.0.0.1 /ChildrenPlatform/js/themejs/so_megamenu.js?_=1507525005730
INFO: [ app_init ] --START--
INFO: Run Behavior\BuildLiteBehavior [ RunTime:0.000024s ]
INFO: [ app_init ] --END-- [ RunTime:0.000382s ]
ERR: 无法加载模块:Js

[ 2017-10-09T13:15:27+08:00 ] 127.0.0.1 /ChildrenPlatform/Public/uploads/foodpic/193847461973.png
INFO: [ app_init ] --START--
INFO: Run Behavior\BuildLiteBehavior [ RunTime:0.000024s ]
INFO: [ app_init ] --END-- [ RunTime:0.000447s ]
ERR: 无法加载模块:Public

[ 2017-10-09T13:15:27+08:00 ] 127.0.0.1 /ChildrenPlatform/image/demo/shop/category/health-beauty.jpg
INFO: [ app_init ] --START--
INFO: Run Behavior\BuildLiteBehavior [ RunTime:0.000023s ]
INFO: [ app_init ] --END-- [ RunTime:0.000349s ]
ERR: 无法加载模块:Image

[ 2017-10-09T13:15:28+08:00 ] 127.0.0.1 /ChildrenPlatform/header/header1-container.html
INFO: [ app_init ] --START--
INFO: Run Behavior\BuildLiteBehavior [ RunTime:0.000025s ]
INFO: [ app_init ] --END-- [ RunTime:0.000442s ]
ERR: 无法加载模块:Header

[ 2017-10-09T13:15:28+08:00 ] 127.0.0.1 /ChildrenPlatform/js/themejs/so_megamenu.js?_=1507526127863
INFO: [ app_init ] --START--
INFO: Run Behavior\BuildLiteBehavior [ RunTime:0.000025s ]
INFO: [ app_init ] --END-- [ RunTime:0.000366s ]
ERR: 无法加载模块:Js

[ 2017-10-09T13:16:17+08:00 ] 127.0.0.1 /ChildrenPlatform/image/demo/shop/category/health-beauty.jpg
INFO: [ app_init ] --START--
INFO: Run Behavior\BuildLiteBehavior [ RunTime:0.000025s ]
INFO: [ app_init ] --END-- [ RunTime:0.000373s ]
ERR: 无法加载模块:Image

[ 2017-10-09T13:16:18+08:00 ] 127.0.0.1 /ChildrenPlatform/header/header1-container.html
INFO: [ app_init ] --START--
INFO: Run Behavior\BuildLiteBehavior [ RunTime:0.000023s ]
INFO: [ app_init ] --END-- [ RunTime:0.000360s ]
ERR: 无法加载模块:Header

[ 2017-10-09T13:16:18+08:00 ] 127.0.0.1 /ChildrenPlatform/js/themejs/so_megamenu.js?_=1507526177226
INFO: [ app_init ] --START--
INFO: Run Behavior\BuildLiteBehavior [ RunTime:0.000021s ]
INFO: [ app_init ] --END-- [ RunTime:0.000343s ]
ERR: 无法加载模块:Js

[ 2017-10-09T13:21:46+08:00 ] 127.0.0.1 /ChildrenPlatform/image/demo/shop/category/health-beauty.jpg
INFO: [ app_init ] --START--
INFO: Run Behavior\BuildLiteBehavior [ RunTime:0.000023s ]
INFO: [ app_init ] --END-- [ RunTime:0.000423s ]
ERR: 无法加载模块:Image

[ 2017-10-09T13:21:47+08:00 ] 127.0.0.1 /ChildrenPlatform/header/header1-container.html
INFO: [ app_init ] --START--
INFO: Run Behavior\BuildLiteBehavior [ RunTime:0.000020s ]
INFO: [ app_init ] --END-- [ RunTime:0.000352s ]
ERR: 无法加载模块:Header

[ 2017-10-09T13:21:47+08:00 ] 127.0.0.1 /ChildrenPlatform/js/themejs/so_megamenu.js?_=1507526506985
INFO: [ app_init ] --START--
INFO: Run Behavior\BuildLiteBehavior [ RunTime:0.000020s ]
INFO: [ app_init ] --END-- [ RunTime:0.000358s ]
ERR: 无法加载模块:Js

[ 2017-10-09T13:25:30+08:00 ] 127.0.0.1 /ChildrenPlatform/image/demo/shop/category/health-beauty.jpg
INFO: [ app_init ] --START--
INFO: Run Behavior\BuildLiteBehavior [ RunTime:0.000025s ]
INFO: [ app_init ] --END-- [ RunTime:0.000375s ]
ERR: 无法加载模块:Image

[ 2017-10-09T13:25:31+08:00 ] 127.0.0.1 /ChildrenPlatform/header/header1-container.html
INFO: [ app_init ] --START--
INFO: Run Behavior\BuildLiteBehavior [ RunTime:0.000023s ]
INFO: [ app_init ] --END-- [ RunTime:0.000418s ]
ERR: 无法加载模块:Header

[ 2017-10-09T13:25:31+08:00 ] 127.0.0.1 /ChildrenPlatform/js/themejs/so_megamenu.js?_=1507526730320
INFO: [ app_init ] --START--
INFO: Run Behavior\BuildLiteBehavior [ RunTime:0.000024s ]
INFO: [ app_init ] --END-- [ RunTime:0.000359s ]
ERR: 无法加载模块:Js

[ 2017-10-09T13:28:40+08:00 ] 127.0.0.1 /ChildrenPlatform/image/demo/shop/category/health-beauty.jpg
INFO: [ app_init ] --START--
INFO: Run Behavior\BuildLiteBehavior [ RunTime:0.000026s ]
INFO: [ app_init ] --END-- [ RunTime:0.000374s ]
ERR: 无法加载模块:Image

[ 2017-10-09T13:28:42+08:00 ] 127.0.0.1 /ChildrenPlatform/header/header1-container.html
INFO: [ app_init ] --START--
INFO: Run Behavior\BuildLiteBehavior [ RunTime:0.000033s ]
INFO: [ app_init ] --END-- [ RunTime:0.000440s ]
ERR: 无法加载模块:Header

[ 2017-10-09T13:28:42+08:00 ] 127.0.0.1 /ChildrenPlatform/js/themejs/so_megamenu.js?_=1507526921090
INFO: [ app_init ] --START--
INFO: Run Behavior\BuildLiteBehavior [ RunTime:0.000025s ]
INFO: [ app_init ] --END-- [ RunTime:0.000357s ]
ERR: 无法加载模块:Js

[ 2017-10-09T13:35:07+08:00 ] 127.0.0.1 /ChildrenPlatform/image/demo/shop/category/health-beauty.jpg
INFO: [ app_init ] --START--
INFO: Run Behavior\BuildLiteBehavior [ RunTime:0.000024s ]
INFO: [ app_init ] --END-- [ RunTime:0.000354s ]
ERR: 无法加载模块:Image

[ 2017-10-09T13:35:08+08:00 ] 127.0.0.1 /ChildrenPlatform/header/header1-container.html
INFO: [ app_init ] --START--
INFO: Run Behavior\BuildLiteBehavior [ RunTime:0.000029s ]
INFO: [ app_init ] --END-- [ RunTime:0.000484s ]
ERR: 无法加载模块:Header

[ 2017-10-09T13:35:08+08:00 ] 127.0.0.1 /ChildrenPlatform/js/themejs/so_megamenu.js?_=1507527307841
INFO: [ app_init ] --START--
INFO: Run Behavior\BuildLiteBehavior [ RunTime:0.000030s ]
INFO: [ app_init ] --END-- [ RunTime:0.000412s ]
ERR: 无法加载模块:Js

[ 2017-10-09T13:35:29+08:00 ] 127.0.0.1 /ChildrenPlatform/image/demo/shop/category/health-beauty.jpg
INFO: [ app_init ] --START--
INFO: Run Behavior\BuildLiteBehavior [ RunTime:0.000025s ]
INFO: [ app_init ] --END-- [ RunTime:0.000431s ]
ERR: 无法加载模块:Image

[ 2017-10-09T13:35:30+08:00 ] 127.0.0.1 /ChildrenPlatform/header/header1-container.html
INFO: [ app_init ] --START--
INFO: Run Behavior\BuildLiteBehavior [ RunTime:0.000021s ]
INFO: [ app_init ] --END-- [ RunTime:0.000364s ]
ERR: 无法加载模块:Header

[ 2017-10-09T13:35:30+08:00 ] 127.0.0.1 /ChildrenPlatform/js/themejs/so_megamenu.js?_=1507527329561
INFO: [ app_init ] --START--
INFO: Run Behavior\BuildLiteBehavior [ RunTime:0.000035s ]
INFO: [ app_init ] --END-- [ RunTime:0.000394s ]
ERR: 无法加载模块:Js

[ 2017-10-09T13:36:22+08:00 ] 127.0.0.1 /ChildrenPlatform/image/demo/shop/category/health-beauty.jpg
INFO: [ app_init ] --START--
INFO: Run Behavior\BuildLiteBehavior [ RunTime:0.000024s ]
INFO: [ app_init ] --END-- [ RunTime:0.000360s ]
ERR: 无法加载模块:Image

[ 2017-10-09T13:36:23+08:00 ] 127.0.0.1 /ChildrenPlatform/header/header1-container.html
INFO: [ app_init ] --START--
INFO: Run Behavior\BuildLiteBehavior [ RunTime:0.000031s ]
INFO: [ app_init ] --END-- [ RunTime:0.000493s ]
ERR: 无法加载模块:Header

[ 2017-10-09T13:36:23+08:00 ] 127.0.0.1 /ChildrenPlatform/js/themejs/so_megamenu.js?_=1507527382730
INFO: [ app_init ] --START--
INFO: Run Behavior\BuildLiteBehavior [ RunTime:0.000020s ]
INFO: [ app_init ] --END-- [ RunTime:0.000341s ]
ERR: 无法加载模块:Js

[ 2017-10-09T13:41:39+08:00 ] 127.0.0.1 /ChildrenPlatform/image/demo/shop/category/health-beauty.jpg
INFO: [ app_init ] --START--
INFO: Run Behavior\BuildLiteBehavior [ RunTime:0.000026s ]
INFO: [ app_init ] --END-- [ RunTime:0.000376s ]
ERR: 无法加载模块:Image

[ 2017-10-09T13:41:40+08:00 ] 127.0.0.1 /ChildrenPlatform/header/header1-container.html
INFO: [ app_init ] --START--
INFO: Run Behavior\BuildLiteBehavior [ RunTime:0.000032s ]
INFO: [ app_init ] --END-- [ RunTime:0.000448s ]
ERR: 无法加载模块:Header

[ 2017-10-09T13:41:40+08:00 ] 127.0.0.1 /ChildrenPlatform/js/themejs/so_megamenu.js?_=1507527699794
INFO: [ app_init ] --START--
INFO: Run Behavior\BuildLiteBehavior [ RunTime:0.000023s ]
INFO: [ app_init ] --END-- [ RunTime:0.000352s ]
ERR: 无法加载模块:Js

[ 2017-10-09T13:45:49+08:00 ] 127.0.0.1 /ChildrenPlatform/image/demo/shop/category/health-beauty.jpg
INFO: [ app_init ] --START--
INFO: Run Behavior\BuildLiteBehavior [ RunTime:0.000024s ]
INFO: [ app_init ] --END-- [ RunTime:0.000368s ]
ERR: 无法加载模块:Image

[ 2017-10-09T13:45:50+08:00 ] 127.0.0.1 /ChildrenPlatform/header/header1-container.html
INFO: [ app_init ] --START--
INFO: Run Behavior\BuildLiteBehavior [ RunTime:0.000028s ]
INFO: [ app_init ] --END-- [ RunTime:0.000495s ]
ERR: 无法加载模块:Header

[ 2017-10-09T13:45:50+08:00 ] 127.0.0.1 /ChildrenPlatform/js/themejs/so_megamenu.js?_=1507527949418
INFO: [ app_init ] --START--
INFO: Run Behavior\BuildLiteBehavior [ RunTime:0.000022s ]
INFO: [ app_init ] --END-- [ RunTime:0.000349s ]
ERR: 无法加载模块:Js

[ 2017-10-09T13:49:48+08:00 ] 127.0.0.1 /ChildrenPlatform/image/demo/shop/category/health-beauty.jpg
INFO: [ app_init ] --START--
INFO: Run Behavior\BuildLiteBehavior [ RunTime:0.000022s ]
INFO: [ app_init ] --END-- [ RunTime:0.000350s ]
ERR: 无法加载模块:Image

[ 2017-10-09T13:49:49+08:00 ] 127.0.0.1 /ChildrenPlatform/header/header1-container.html
INFO: [ app_init ] --START--
INFO: Run Behavior\BuildLiteBehavior [ RunTime:0.000023s ]
INFO: [ app_init ] --END-- [ RunTime:0.000416s ]
ERR: 无法加载模块:Header

[ 2017-10-09T13:49:49+08:00 ] 127.0.0.1 /ChildrenPlatform/js/themejs/so_megamenu.js?_=1507528188702
INFO: [ app_init ] --START--
INFO: Run Behavior\BuildLiteBehavior [ RunTime:0.000023s ]
INFO: [ app_init ] --END-- [ RunTime:0.000361s ]
ERR: 无法加载模块:Js

[ 2017-10-09T13:50:49+08:00 ] 127.0.0.1 /ChildrenPlatform/image/demo/shop/category/health-beauty.jpg
INFO: [ app_init ] --START--
INFO: Run Behavior\BuildLiteBehavior [ RunTime:0.000024s ]
INFO: [ app_init ] --END-- [ RunTime:0.000365s ]
ERR: 无法加载模块:Image

[ 2017-10-09T13:50:50+08:00 ] 127.0.0.1 /ChildrenPlatform/header/header1-container.html
INFO: [ app_init ] --START--
INFO: Run Behavior\BuildLiteBehavior [ RunTime:0.000030s ]
INFO: [ app_init ] --END-- [ RunTime:0.000339s ]
ERR: 无法加载模块:Header

[ 2017-10-09T13:50:50+08:00 ] 127.0.0.1 /ChildrenPlatform/js/themejs/so_megamenu.js?_=1507528249368
INFO: [ app_init ] --START--
INFO: Run Behavior\BuildLiteBehavior [ RunTime:0.000020s ]
INFO: [ app_init ] --END-- [ RunTime:0.000355s ]
ERR: 无法加载模块:Js

[ 2017-10-09T13:51:49+08:00 ] 127.0.0.1 /ChildrenPlatform/image/demo/shop/category/health-beauty.jpg
INFO: [ app_init ] --START--
INFO: Run Behavior\BuildLiteBehavior [ RunTime:0.000022s ]
INFO: [ app_init ] --END-- [ RunTime:0.000357s ]
ERR: 无法加载模块:Image

[ 2017-10-09T13:51:50+08:00 ] 127.0.0.1 /ChildrenPlatform/header/header1-container.html
INFO: [ app_init ] --START--
INFO: Run Behavior\BuildLiteBehavior [ RunTime:0.000030s ]
INFO: [ app_init ] --END-- [ RunTime:0.000467s ]
ERR: 无法加载模块:Header

[ 2017-10-09T13:51:50+08:00 ] 127.0.0.1 /ChildrenPlatform/js/themejs/so_megamenu.js?_=1507528309976
INFO: [ app_init ] --START--
INFO: Run Behavior\BuildLiteBehavior [ RunTime:0.000025s ]
INFO: [ app_init ] --END-- [ RunTime:0.000383s ]
ERR: 无法加载模块:Js

[ 2017-10-09T13:58:14+08:00 ] 127.0.0.1 /ChildrenPlatform/image/demo/shop/category/health-beauty.jpg
INFO: [ app_init ] --START--
INFO: Run Behavior\BuildLiteBehavior [ RunTime:0.000027s ]
INFO: [ app_init ] --END-- [ RunTime:0.000384s ]
ERR: 无法加载模块:Image

[ 2017-10-09T13:58:15+08:00 ] 127.0.0.1 /ChildrenPlatform/header/header1-container.html
INFO: [ app_init ] --START--
INFO: Run Behavior\BuildLiteBehavior [ RunTime:0.000020s ]
INFO: [ app_init ] --END-- [ RunTime:0.000404s ]
ERR: 无法加载模块:Header

[ 2017-10-09T13:58:15+08:00 ] 127.0.0.1 /ChildrenPlatform/js/themejs/so_megamenu.js?_=1507528694880
INFO: [ app_init ] --START--
INFO: Run Behavior\BuildLiteBehavior [ RunTime:0.000020s ]
INFO: [ app_init ] --END-- [ RunTime:0.000346s ]
ERR: 无法加载模块:Js

[ 2017-10-09T14:04:33+08:00 ] 127.0.0.1 /ChildrenPlatform/image/demo/shop/category/health-beauty.jpg
INFO: [ app_init ] --START--
INFO: Run Behavior\BuildLiteBehavior [ RunTime:0.000021s ]
INFO: [ app_init ] --END-- [ RunTime:0.000374s ]
ERR: 无法加载模块:Image

[ 2017-10-09T14:04:34+08:00 ] 127.0.0.1 /ChildrenPlatform/header/header1-container.html
INFO: [ app_init ] --START--
INFO: Run Behavior\BuildLiteBehavior [ RunTime:0.000033s ]
INFO: [ app_init ] --END-- [ RunTime:0.000413s ]
ERR: 无法加载模块:Header

[ 2017-10-09T14:04:34+08:00 ] 127.0.0.1 /ChildrenPlatform/js/themejs/so_megamenu.js?_=1507529073715
INFO: [ app_init ] --START--
INFO: Run Behavior\BuildLiteBehavior [ RunTime:0.000020s ]
INFO: [ app_init ] --END-- [ RunTime:0.000337s ]
ERR: 无法加载模块:Js

[ 2017-10-09T14:06:45+08:00 ] 127.0.0.1 /ChildrenPlatform/image/demo/shop/category/health-beauty.jpg
INFO: [ app_init ] --START--
INFO: Run Behavior\BuildLiteBehavior [ RunTime:0.000056s ]
INFO: [ app_init ] --END-- [ RunTime:0.000530s ]
ERR: 无法加载模块:Image

[ 2017-10-09T14:06:46+08:00 ] 127.0.0.1 /ChildrenPlatform/header/header1-container.html
INFO: [ app_init ] --START--
INFO: Run Behavior\BuildLiteBehavior [ RunTime:0.000023s ]
INFO: [ app_init ] --END-- [ RunTime:0.000401s ]
ERR: 无法加载模块:Header

[ 2017-10-09T14:06:46+08:00 ] 127.0.0.1 /ChildrenPlatform/js/themejs/so_megamenu.js?_=1507529205846
INFO: [ app_init ] --START--
INFO: Run Behavior\BuildLiteBehavior [ RunTime:0.000023s ]
INFO: [ app_init ] --END-- [ RunTime:0.000383s ]
ERR: 无法加载模块:Js

[ 2017-10-09T14:08:12+08:00 ] 127.0.0.1 /ChildrenPlatform/image/demo/shop/category/health-beauty.jpg
INFO: [ app_init ] --START--
INFO: Run Behavior\BuildLiteBehavior [ RunTime:0.000037s ]
INFO: [ app_init ] --END-- [ RunTime:0.000563s ]
ERR: 无法加载模块:Image

[ 2017-10-09T14:08:13+08:00 ] 127.0.0.1 /ChildrenPlatform/header/header1-container.html
INFO: [ app_init ] --START--
INFO: Run Behavior\BuildLiteBehavior [ RunTime:0.000061s ]
INFO: [ app_init ] --END-- [ RunTime:0.001010s ]
ERR: 无法加载模块:Header

[ 2017-10-09T14:08:13+08:00 ] 127.0.0.1 /ChildrenPlatform/js/themejs/so_megamenu.js?_=1507529292467
INFO: [ app_init ] --START--
INFO: Run Behavior\BuildLiteBehavior [ RunTime:0.000065s ]
INFO: [ app_init ] --END-- [ RunTime:0.001052s ]
ERR: 无法加载模块:Js

[ 2017-10-09T14:08:48+08:00 ] 127.0.0.1 /ChildrenPlatform/image/demo/shop/category/health-beauty.jpg
INFO: [ app_init ] --START--
INFO: Run Behavior\BuildLiteBehavior [ RunTime:0.000037s ]
INFO: [ app_init ] --END-- [ RunTime:0.000549s ]
ERR: 无法加载模块:Image

[ 2017-10-09T14:08:49+08:00 ] 127.0.0.1 /ChildrenPlatform/header/header1-container.html
INFO: [ app_init ] --START--
INFO: Run Behavior\BuildLiteBehavior [ RunTime:0.000025s ]
INFO: [ app_init ] --END-- [ RunTime:0.000432s ]
ERR: 无法加载模块:Header

[ 2017-10-09T14:08:49+08:00 ] 127.0.0.1 /ChildrenPlatform/js/themejs/so_megamenu.js?_=1507529328746
INFO: [ app_init ] --START--
INFO: Run Behavior\BuildLiteBehavior [ RunTime:0.000026s ]
INFO: [ app_init ] --END-- [ RunTime:0.000385s ]
ERR: 无法加载模块:Js

[ 2017-10-09T14:09:06+08:00 ] 127.0.0.1 /ChildrenPlatform/image/demo/shop/category/health-beauty.jpg
INFO: [ app_init ] --START--
INFO: Run Behavior\BuildLiteBehavior [ RunTime:0.000021s ]
INFO: [ app_init ] --END-- [ RunTime:0.000361s ]
ERR: 无法加载模块:Image

[ 2017-10-09T14:09:07+08:00 ] 127.0.0.1 /ChildrenPlatform/header/header1-container.html
INFO: [ app_init ] --START--
INFO: Run Behavior\BuildLiteBehavior [ RunTime:0.000042s ]
INFO: [ app_init ] --END-- [ RunTime:0.000475s ]
ERR: 无法加载模块:Header

[ 2017-10-09T14:09:07+08:00 ] 127.0.0.1 /ChildrenPlatform/js/themejs/so_megamenu.js?_=1507529347054
INFO: [ app_init ] --START--
INFO: Run Behavior\BuildLiteBehavior [ RunTime:0.000027s ]
INFO: [ app_init ] --END-- [ RunTime:0.000428s ]
ERR: 无法加载模块:Js

[ 2017-10-09T14:09:38+08:00 ] 127.0.0.1 /ChildrenPlatform/image/demo/shop/category/health-beauty.jpg
INFO: [ app_init ] --START--
INFO: Run Behavior\BuildLiteBehavior [ RunTime:0.000024s ]
INFO: [ app_init ] --END-- [ RunTime:0.000370s ]
ERR: 无法加载模块:Image

[ 2017-10-09T14:09:39+08:00 ] 127.0.0.1 /ChildrenPlatform/header/header1-container.html
INFO: [ app_init ] --START--
INFO: Run Behavior\BuildLiteBehavior [ RunTime:0.000027s ]
INFO: [ app_init ] --END-- [ RunTime:0.000398s ]
ERR: 无法加载模块:Header

[ 2017-10-09T14:09:40+08:00 ] 127.0.0.1 /ChildrenPlatform/js/themejs/so_megamenu.js?_=1507529379088
INFO: [ app_init ] --START--
INFO: Run Behavior\BuildLiteBehavior [ RunTime:0.000026s ]
INFO: [ app_init ] --END-- [ RunTime:0.000400s ]
ERR: 无法加载模块:Js

[ 2017-10-09T14:09:56+08:00 ] 127.0.0.1 /ChildrenPlatform/image/demo/shop/category/health-beauty.jpg
INFO: [ app_init ] --START--
INFO: Run Behavior\BuildLiteBehavior [ RunTime:0.000025s ]
INFO: [ app_init ] --END-- [ RunTime:0.000389s ]
ERR: 无法加载模块:Image

[ 2017-10-09T14:09:57+08:00 ] 127.0.0.1 /ChildrenPlatform/header/header1-container.html
INFO: [ app_init ] --START--
INFO: Run Behavior\BuildLiteBehavior [ RunTime:0.000029s ]
INFO: [ app_init ] --END-- [ RunTime:0.000404s ]
ERR: 无法加载模块:Header

[ 2017-10-09T14:09:57+08:00 ] 127.0.0.1 /ChildrenPlatform/js/themejs/so_megamenu.js?_=1507529396162
INFO: [ app_init ] --START--
INFO: Run Behavior\BuildLiteBehavior [ RunTime:0.000025s ]
INFO: [ app_init ] --END-- [ RunTime:0.000377s ]
ERR: 无法加载模块:Js

[ 2017-10-09T14:11:06+08:00 ] 127.0.0.1 /ChildrenPlatform/image/demo/shop/category/health-beauty.jpg
INFO: [ app_init ] --START--
INFO: Run Behavior\BuildLiteBehavior [ RunTime:0.000024s ]
INFO: [ app_init ] --END-- [ RunTime:0.000363s ]
ERR: 无法加载模块:Image

[ 2017-10-09T14:11:07+08:00 ] 127.0.0.1 /ChildrenPlatform/header/header1-container.html
INFO: [ app_init ] --START--
INFO: Run Behavior\BuildLiteBehavior [ RunTime:0.000023s ]
INFO: [ app_init ] --END-- [ RunTime:0.000414s ]
ERR: 无法加载模块:Header

[ 2017-10-09T14:11:07+08:00 ] 127.0.0.1 /ChildrenPlatform/js/themejs/so_megamenu.js?_=1507529466857
INFO: [ app_init ] --START--
INFO: Run Behavior\BuildLiteBehavior [ RunTime:0.000024s ]
INFO: [ app_init ] --END-- [ RunTime:0.000399s ]
ERR: 无法加载模块:Js

[ 2017-10-09T14:11:17+08:00 ] 127.0.0.1 /ChildrenPlatform/image/demo/shop/category/health-beauty.jpg
INFO: [ app_init ] --START--
INFO: Run Behavior\BuildLiteBehavior [ RunTime:0.000022s ]
INFO: [ app_init ] --END-- [ RunTime:0.000356s ]
ERR: 无法加载模块:Image

[ 2017-10-09T14:11:18+08:00 ] 127.0.0.1 /ChildrenPlatform/header/header1-container.html
INFO: [ app_init ] --START--
INFO: Run Behavior\BuildLiteBehavior [ RunTime:0.000023s ]
INFO: [ app_init ] --END-- [ RunTime:0.000374s ]
ERR: 无法加载模块:Header

[ 2017-10-09T14:11:18+08:00 ] 127.0.0.1 /ChildrenPlatform/js/themejs/so_megamenu.js?_=1507529477819
INFO: [ app_init ] --START--
INFO: Run Behavior\BuildLiteBehavior [ RunTime:0.000023s ]
INFO: [ app_init ] --END-- [ RunTime:0.000351s ]
ERR: 无法加载模块:Js

[ 2017-10-09T14:11:44+08:00 ] 127.0.0.1 /ChildrenPlatform/image/demo/shop/category/health-beauty.jpg
INFO: [ app_init ] --START--
INFO: Run Behavior\BuildLiteBehavior [ RunTime:0.000024s ]
INFO: [ app_init ] --END-- [ RunTime:0.000370s ]
ERR: 无法加载模块:Image

[ 2017-10-09T14:11:45+08:00 ] 127.0.0.1 /ChildrenPlatform/header/header1-container.html
INFO: [ app_init ] --START--
INFO: Run Behavior\BuildLiteBehavior [ RunTime:0.000024s ]
INFO: [ app_init ] --END-- [ RunTime:0.000367s ]
ERR: 无法加载模块:Header

[ 2017-10-09T14:11:45+08:00 ] 127.0.0.1 /ChildrenPlatform/js/themejs/so_megamenu.js?_=1507529504468
INFO: [ app_init ] --START--
INFO: Run Behavior\BuildLiteBehavior [ RunTime:0.000024s ]
INFO: [ app_init ] --END-- [ RunTime:0.000367s ]
ERR: 无法加载模块:Js

[ 2017-10-09T14:12:48+08:00 ] 127.0.0.1 /ChildrenPlatform/image/demo/shop/category/health-beauty.jpg
INFO: [ app_init ] --START--
INFO: Run Behavior\BuildLiteBehavior [ RunTime:0.000022s ]
INFO: [ app_init ] --END-- [ RunTime:0.000355s ]
ERR: 无法加载模块:Image

[ 2017-10-09T14:12:49+08:00 ] 127.0.0.1 /ChildrenPlatform/header/header1-container.html
INFO: [ app_init ] --START--
INFO: Run Behavior\BuildLiteBehavior [ RunTime:0.000030s ]
INFO: [ app_init ] --END-- [ RunTime:0.000505s ]
ERR: 无法加载模块:Header

[ 2017-10-09T14:12:49+08:00 ] 127.0.0.1 /ChildrenPlatform/js/themejs/so_megamenu.js?_=1507529568913
INFO: [ app_init ] --START--
INFO: Run Behavior\BuildLiteBehavior [ RunTime:0.000023s ]
INFO: [ app_init ] --END-- [ RunTime:0.000363s ]
ERR: 无法加载模块:Js

[ 2017-10-09T14:13:18+08:00 ] 127.0.0.1 /ChildrenPlatform/image/demo/shop/category/health-beauty.jpg
INFO: [ app_init ] --START--
INFO: Run Behavior\BuildLiteBehavior [ RunTime:0.000044s ]
INFO: [ app_init ] --END-- [ RunTime:0.000444s ]
ERR: 无法加载模块:Image

[ 2017-10-09T14:13:19+08:00 ] 127.0.0.1 /ChildrenPlatform/header/header1-container.html
INFO: [ app_init ] --START--
INFO: Run Behavior\BuildLiteBehavior [ RunTime:0.000029s ]
INFO: [ app_init ] --END-- [ RunTime:0.000480s ]
ERR: 无法加载模块:Header

[ 2017-10-09T14:13:19+08:00 ] 127.0.0.1 /ChildrenPlatform/js/themejs/so_megamenu.js?_=1507529599028
INFO: [ app_init ] --START--
INFO: Run Behavior\BuildLiteBehavior [ RunTime:0.000019s ]
INFO: [ app_init ] --END-- [ RunTime:0.000331s ]
ERR: 无法加载模块:Js

[ 2017-10-09T14:40:45+08:00 ] 127.0.0.1 /ChildrenPlatform/image/demo/shop/category/health-beauty.jpg
INFO: [ app_init ] --START--
INFO: Run Behavior\BuildLiteBehavior [ RunTime:0.000021s ]
INFO: [ app_init ] --END-- [ RunTime:0.000397s ]
ERR: 无法加载模块:Image

[ 2017-10-09T14:40:46+08:00 ] 127.0.0.1 /ChildrenPlatform/header/header1-container.html
INFO: [ app_init ] --START--
INFO: Run Behavior\BuildLiteBehavior [ RunTime:0.000022s ]
INFO: [ app_init ] --END-- [ RunTime:0.000364s ]
ERR: 无法加载模块:Header

[ 2017-10-09T14:40:46+08:00 ] 127.0.0.1 /ChildrenPlatform/js/themejs/so_megamenu.js?_=1507531246006
INFO: [ app_init ] --START--
INFO: Run Behavior\BuildLiteBehavior [ RunTime:0.000021s ]
INFO: [ app_init ] --END-- [ RunTime:0.000342s ]
ERR: 无法加载模块:Js

[ 2017-10-09T14:41:00+08:00 ] 127.0.0.1 /ChildrenPlatform/image/demo/shop/category/health-beauty.jpg
INFO: [ app_init ] --START--
INFO: Run Behavior\BuildLiteBehavior [ RunTime:0.000026s ]
INFO: [ app_init ] --END-- [ RunTime:0.000428s ]
ERR: 无法加载模块:Image

[ 2017-10-09T14:41:01+08:00 ] 127.0.0.1 /ChildrenPlatform/header/header1-container.html
INFO: [ app_init ] --START--
INFO: Run Behavior\BuildLiteBehavior [ RunTime:0.000032s ]
INFO: [ app_init ] --END-- [ RunTime:0.000561s ]
ERR: 无法加载模块:Header

[ 2017-10-09T14:41:01+08:00 ] 127.0.0.1 /ChildrenPlatform/js/themejs/so_megamenu.js?_=1507531260905
INFO: [ app_init ] --START--
INFO: Run Behavior\BuildLiteBehavior [ RunTime:0.000021s ]
INFO: [ app_init ] --END-- [ RunTime:0.000351s ]
ERR: 无法加载模块:Js

[ 2017-10-09T15:07:52+08:00 ] 127.0.0.1 /ChildrenPlatform/Public/frontdesk/css/theme.css.map
INFO: [ app_init ] --START--
INFO: Run Behavior\BuildLiteBehavior [ RunTime:0.000036s ]
INFO: [ app_init ] --END-- [ RunTime:0.000628s ]
ERR: 无法加载模块:Public

[ 2017-10-09T15:07:52+08:00 ] 127.0.0.1 /ChildrenPlatform/Public/frontdesk/css/responsive.css.map
INFO: [ app_init ] --START--
INFO: Run Behavior\BuildLiteBehavior [ RunTime:0.000037s ]
INFO: [ app_init ] --END-- [ RunTime:0.000587s ]
ERR: 无法加载模块:Public

[ 2017-10-09T15:13:39+08:00 ] 127.0.0.1 /ChildrenPlatform/image/demo/shop/category/health-beauty.jpg
INFO: [ app_init ] --START--
INFO: Run Behavior\BuildLiteBehavior [ RunTime:0.000046s ]
INFO: [ app_init ] --END-- [ RunTime:0.000709s ]
ERR: 无法加载模块:Image

[ 2017-10-09T15:13:39+08:00 ] 127.0.0.1 /ChildrenPlatform/Public/frontdesk/css/theme.css.map
INFO: [ app_init ] --START--
INFO: Run Behavior\BuildLiteBehavior [ RunTime:0.000048s ]
INFO: [ app_init ] --END-- [ RunTime:0.000698s ]
ERR: 无法加载模块:Public

[ 2017-10-09T15:13:39+08:00 ] 127.0.0.1 /ChildrenPlatform/Public/frontdesk/css/responsive.css.map
INFO: [ app_init ] --START--
INFO: Run Behavior\BuildLiteBehavior [ RunTime:0.000042s ]
INFO: [ app_init ] --END-- [ RunTime:0.000703s ]
ERR: 无法加载模块:Public

[ 2017-10-09T15:13:41+08:00 ] 127.0.0.1 /ChildrenPlatform/header/header1-container.html
INFO: [ app_init ] --START--
INFO: Run Behavior\BuildLiteBehavior [ RunTime:0.000054s ]
INFO: [ app_init ] --END-- [ RunTime:0.000698s ]
ERR: 无法加载模块:Header

[ 2017-10-09T15:13:41+08:00 ] 127.0.0.1 /ChildrenPlatform/js/themejs/so_megamenu.js?_=1507533219950
INFO: [ app_init ] --START--
INFO: Run Behavior\BuildLiteBehavior [ RunTime:0.000028s ]
INFO: [ app_init ] --END-- [ RunTime:0.000419s ]
ERR: 无法加载模块:Js

[ 2017-10-09T15:14:31+08:00 ] 127.0.0.1 /ChildrenPlatform/Public/frontdesk/css/theme.css.map
INFO: [ app_init ] --START--
INFO: Run Behavior\BuildLiteBehavior [ RunTime:0.000022s ]
INFO: [ app_init ] --END-- [ RunTime:0.000350s ]
ERR: 无法加载模块:Public

[ 2017-10-09T15:14:31+08:00 ] 127.0.0.1 /ChildrenPlatform/Public/frontdesk/css/responsive.css.map
INFO: [ app_init ] --START--
INFO: Run Behavior\BuildLiteBehavior [ RunTime:0.000026s ]
INFO: [ app_init ] --END-- [ RunTime:0.000440s ]
ERR: 无法加载模块:Public

[ 2017-10-09T15:14:31+08:00 ] 127.0.0.1 /ChildrenPlatform/image/demo/shop/category/health-beauty.jpg
INFO: [ app_init ] --START--
INFO: Run Behavior\BuildLiteBehavior [ RunTime:0.000039s ]
INFO: [ app_init ] --END-- [ RunTime:0.000636s ]
ERR: 无法加载模块:Image

[ 2017-10-09T15:14:32+08:00 ] 127.0.0.1 /ChildrenPlatform/header/header1-container.html
INFO: [ app_init ] --START--
INFO: Run Behavior\BuildLiteBehavior [ RunTime:0.000027s ]
INFO: [ app_init ] --END-- [ RunTime:0.000364s ]
ERR: 无法加载模块:Header

[ 2017-10-09T15:14:33+08:00 ] 127.0.0.1 /ChildrenPlatform/js/themejs/so_megamenu.js?_=1507533271365
INFO: [ app_init ] --START--
INFO: Run Behavior\BuildLiteBehavior [ RunTime:0.000036s ]
INFO: [ app_init ] --END-- [ RunTime:0.000563s ]
ERR: 无法加载模块:Js

[ 2017-10-09T15:58:56+08:00 ] 127.0.0.1 /ChildrenPlatform/image/demo/shop/product/e11.jpg
INFO: [ app_init ] --START--
INFO: Run Behavior\BuildLiteBehavior [ RunTime:0.000083s ]
INFO: [ app_init ] --END-- [ RunTime:0.001390s ]
ERR: 无法加载模块:Image

[ 2017-10-09T15:59:42+08:00 ] 127.0.0.1 /ChildrenPlatform/Public/frontdesk/css/theme.css.map
INFO: [ app_init ] --START--
INFO: Run Behavior\BuildLiteBehavior [ RunTime:0.000027s ]
INFO: [ app_init ] --END-- [ RunTime:0.000375s ]
ERR: 无法加载模块:Public

[ 2017-10-09T15:59:42+08:00 ] 127.0.0.1 /ChildrenPlatform/Public/frontdesk/css/responsive.css.map
INFO: [ app_init ] --START--
INFO: Run Behavior\BuildLiteBehavior [ RunTime:0.000024s ]
INFO: [ app_init ] --END-- [ RunTime:0.000476s ]
ERR: 无法加载模块:Public

[ 2017-10-09T15:59:42+08:00 ] 127.0.0.1 /ChildrenPlatform/image/demo/shop/category/health-beauty.jpg
INFO: [ app_init ] --START--
INFO: Run Behavior\BuildLiteBehavior [ RunTime:0.000028s ]
INFO: [ app_init ] --END-- [ RunTime:0.000403s ]
ERR: 无法加载模块:Image

[ 2017-10-09T15:59:45+08:00 ] 127.0.0.1 /ChildrenPlatform/header/header1-container.html
INFO: [ app_init ] --START--
INFO: Run Behavior\BuildLiteBehavior [ RunTime:0.000039s ]
INFO: [ app_init ] --END-- [ RunTime:0.000623s ]
ERR: 无法加载模块:Header

[ 2017-10-09T15:59:45+08:00 ] 127.0.0.1 /ChildrenPlatform/js/themejs/so_megamenu.js?_=1507535983309
INFO: [ app_init ] --START--
INFO: Run Behavior\BuildLiteBehavior [ RunTime:0.000023s ]
INFO: [ app_init ] --END-- [ RunTime:0.000375s ]
ERR: 无法加载模块:Js

[ 2017-10-09T16:00:33+08:00 ] 127.0.0.1 /ChildrenPlatform/Public/frontdesk/css/theme.css.map
INFO: [ app_init ] --START--
INFO: Run Behavior\BuildLiteBehavior [ RunTime:0.000040s ]
INFO: [ app_init ] --END-- [ RunTime:0.000559s ]
ERR: 无法加载模块:Public

[ 2017-10-09T16:00:33+08:00 ] 127.0.0.1 /ChildrenPlatform/Public/frontdesk/css/responsive.css.map
INFO: [ app_init ] --START--
INFO: Run Behavior\BuildLiteBehavior [ RunTime:0.000038s ]
INFO: [ app_init ] --END-- [ RunTime:0.000464s ]
ERR: 无法加载模块:Public

[ 2017-10-09T16:00:33+08:00 ] 127.0.0.1 /ChildrenPlatform/image/demo/shop/category/health-beauty.jpg
INFO: [ app_init ] --START--
INFO: Run Behavior\BuildLiteBehavior [ RunTime:0.000032s ]
INFO: [ app_init ] --END-- [ RunTime:0.000519s ]
ERR: 无法加载模块:Image

[ 2017-10-09T16:00:35+08:00 ] 127.0.0.1 /ChildrenPlatform/header/header1-container.html
INFO: [ app_init ] --START--
INFO: Run Behavior\BuildLiteBehavior [ RunTime:0.000022s ]
INFO: [ app_init ] --END-- [ RunTime:0.000353s ]
ERR: 无法加载模块:Header

[ 2017-10-09T16:00:35+08:00 ] 127.0.0.1 /ChildrenPlatform/js/themejs/so_megamenu.js?_=1507536033794
INFO: [ app_init ] --START--
INFO: Run Behavior\BuildLiteBehavior [ RunTime:0.000027s ]
INFO: [ app_init ] --END-- [ RunTime:0.000423s ]
ERR: 无法加载模块:Js

[ 2017-10-09T16:04:26+08:00 ] 127.0.0.1 /ChildrenPlatform/Public/frontdesk/css/theme.css.map
INFO: [ app_init ] --START--
INFO: Run Behavior\BuildLiteBehavior [ RunTime:0.000041s ]
INFO: [ app_init ] --END-- [ RunTime:0.000565s ]
ERR: 无法加载模块:Public

[ 2017-10-09T16:04:26+08:00 ] 127.0.0.1 /ChildrenPlatform/Public/frontdesk/css/responsive.css.map
INFO: [ app_init ] --START--
INFO: Run Behavior\BuildLiteBehavior [ RunTime:0.000046s ]
INFO: [ app_init ] --END-- [ RunTime:0.000617s ]
ERR: 无法加载模块:Public

[ 2017-10-09T16:04:27+08:00 ] 127.0.0.1 /ChildrenPlatform/image/demo/shop/category/health-beauty.jpg
INFO: [ app_init ] --START--
INFO: Run Behavior\BuildLiteBehavior [ RunTime:0.000040s ]
INFO: [ app_init ] --END-- [ RunTime:0.000830s ]
ERR: 无法加载模块:Image

[ 2017-10-09T16:04:28+08:00 ] 127.0.0.1 /ChildrenPlatform/header/header1-container.html
INFO: [ app_init ] --START--
INFO: Run Behavior\BuildLiteBehavior [ RunTime:0.000027s ]
INFO: [ app_init ] --END-- [ RunTime:0.000385s ]
ERR: 无法加载模块:Header

[ 2017-10-09T16:04:28+08:00 ] 127.0.0.1 /ChildrenPlatform/js/themejs/so_megamenu.js?_=1507536267278
INFO: [ app_init ] --START--
INFO: Run Behavior\BuildLiteBehavior [ RunTime:0.000021s ]
INFO: [ app_init ] --END-- [ RunTime:0.000342s ]
ERR: 无法加载模块:Js

[ 2017-10-09T16:05:10+08:00 ] 127.0.0.1 /ChildrenPlatform/Public/frontdesk/css/theme.css.map
INFO: [ app_init ] --START--
INFO: Run Behavior\BuildLiteBehavior [ RunTime:0.000026s ]
INFO: [ app_init ] --END-- [ RunTime:0.000421s ]
ERR: 无法加载模块:Public

[ 2017-10-09T16:05:10+08:00 ] 127.0.0.1 /ChildrenPlatform/Public/frontdesk/css/responsive.css.map
INFO: [ app_init ] --START--
INFO: Run Behavior\BuildLiteBehavior [ RunTime:0.000044s ]
INFO: [ app_init ] --END-- [ RunTime:0.000650s ]
ERR: 无法加载模块:Public

[ 2017-10-09T16:05:10+08:00 ] 127.0.0.1 /ChildrenPlatform/image/demo/shop/category/health-beauty.jpg
INFO: [ app_init ] --START--
INFO: Run Behavior\BuildLiteBehavior [ RunTime:0.000023s ]
INFO: [ app_init ] --END-- [ RunTime:0.000424s ]
ERR: 无法加载模块:Image

[ 2017-10-09T16:05:12+08:00 ] 127.0.0.1 /ChildrenPlatform/header/header1-container.html
INFO: [ app_init ] --START--
INFO: Run Behavior\BuildLiteBehavior [ RunTime:0.000027s ]
INFO: [ app_init ] --END-- [ RunTime:0.000392s ]
ERR: 无法加载模块:Header

[ 2017-10-09T16:05:12+08:00 ] 127.0.0.1 /ChildrenPlatform/js/themejs/so_megamenu.js?_=1507536310709
INFO: [ app_init ] --START--
INFO: Run Behavior\BuildLiteBehavior [ RunTime:0.000023s ]
INFO: [ app_init ] --END-- [ RunTime:0.000376s ]
ERR: 无法加载模块:Js

