[ 2017-11-30T09:19:01+08:00 ] 124.93.196.2 /ChildrenPlatform/Public/uploads/userpic/null
INFO: [ app_init ] --START--
INFO: Run Behavior\BuildLiteBehavior [ RunTime:0.000014s ]
INFO: [ app_init ] --END-- [ RunTime:0.000270s ]
ERR: 无法加载模块:Public

[ 2017-11-30T10:17:50+08:00 ] 124.93.196.2 /ChildrenPlatform/Public/uploads/userpic/null
INFO: [ app_init ] --START--
INFO: Run Behavior\BuildLiteBehavior [ RunTime:0.000014s ]
INFO: [ app_init ] --END-- [ RunTime:0.000277s ]
ERR: 无法加载模块:Public

[ 2017-11-30T11:50:52+08:00 ] 124.93.196.2 /ChildrenPlatform/Public/uploads/userpic/null
INFO: [ app_init ] --START--
INFO: Run Behavior\BuildLiteBehavior [ RunTime:0.000015s ]
INFO: [ app_init ] --END-- [ RunTime:0.000277s ]
ERR: 无法加载模块:Public

[ 2017-11-30T14:32:00+08:00 ] 183.57.53.196 /ChildrenPlatform/Public/uploads/userpic/null
INFO: [ app_init ] --START--
INFO: Run Behavior\BuildLiteBehavior [ RunTime:0.000015s ]
INFO: [ app_init ] --END-- [ RunTime:0.000284s ]
ERR: 无法加载模块:Public

[ 2017-11-30T18:49:18+08:00 ] 124.93.196.2 /ChildrenPlatform/Public/uploads/userpic/null
INFO: [ app_init ] --START--
INFO: Run Behavior\BuildLiteBehavior [ RunTime:0.000014s ]
INFO: [ app_init ] --END-- [ RunTime:0.000277s ]
ERR: 无法加载模块:Public

[ 2017-11-30T18:59:54+08:00 ] 124.93.196.2 /ChildrenPlatform/Public/uploads/userpic/null
INFO: [ app_init ] --START--
INFO: Run Behavior\BuildLiteBehavior [ RunTime:0.000013s ]
INFO: [ app_init ] --END-- [ RunTime:0.000284s ]
ERR: 无法加载模块:Public

[ 2017-11-30T19:00:25+08:00 ] 124.93.196.2 /ChildrenPlatform/Public/uploads/userpic/null
INFO: [ app_init ] --START--
INFO: Run Behavior\BuildLiteBehavior [ RunTime:0.000014s ]
INFO: [ app_init ] --END-- [ RunTime:0.000284s ]
ERR: 无法加载模块:Public

[ 2017-11-30T19:02:27+08:00 ] 124.93.196.2 /ChildrenPlatform/Public/uploads/userpic/null
INFO: [ app_init ] --START--
INFO: Run Behavior\BuildLiteBehavior [ RunTime:0.000012s ]
INFO: [ app_init ] --END-- [ RunTime:0.000282s ]
ERR: 无法加载模块:Public

[ 2017-11-30T19:04:06+08:00 ] 124.93.196.2 /ChildrenPlatform/Public/uploads/userpic/null
INFO: [ app_init ] --START--
INFO: Run Behavior\BuildLiteBehavior [ RunTime:0.000013s ]
INFO: [ app_init ] --END-- [ RunTime:0.000314s ]
ERR: 无法加载模块:Public

[ 2017-11-30T19:07:07+08:00 ] 124.93.196.2 /ChildrenPlatform/Public/uploads/userpic/null
INFO: [ app_init ] --START--
INFO: Run Behavior\BuildLiteBehavior [ RunTime:0.000045s ]
INFO: [ app_init ] --END-- [ RunTime:0.000332s ]
ERR: 无法加载模块:Public

