[ 2017-11-23T10:19:43+08:00 ] 127.0.0.1 /ChildrenPlatform/Public/backstage/assets/js/images/sort_both.png
INFO: [ app_init ] --START--
INFO: Run Behavior\BuildLiteBehavior [ RunTime:0.000053s ]
INFO: [ app_init ] --END-- [ RunTime:0.000777s ]
ERR: 无法加载模块:Public

[ 2017-11-23T10:19:49+08:00 ] 127.0.0.1 /ChildrenPlatform/Public/backstage/assets/js/images/sort_both.png
INFO: [ app_init ] --START--
INFO: Run Behavior\BuildLiteBehavior [ RunTime:0.000021s ]
INFO: [ app_init ] --END-- [ RunTime:0.000355s ]
ERR: 无法加载模块:Public

[ 2017-11-23T10:19:49+08:00 ] 127.0.0.1 /ChildrenPlatform/Public/backstage/assets/js/images/sort_asc.png
INFO: [ app_init ] --START--
INFO: Run Behavior\BuildLiteBehavior [ RunTime:0.000036s ]
INFO: [ app_init ] --END-- [ RunTime:0.000782s ]
ERR: 无法加载模块:Public

[ 2017-11-23T10:19:58+08:00 ] 127.0.0.1 /ChildrenPlatform/Public/backstage/assets/js/images/sort_both.png
INFO: [ app_init ] --START--
INFO: Run Behavior\BuildLiteBehavior [ RunTime:0.000025s ]
INFO: [ app_init ] --END-- [ RunTime:0.000414s ]
ERR: 无法加载模块:Public

[ 2017-11-23T10:19:58+08:00 ] 127.0.0.1 /ChildrenPlatform/Public/backstage/assets/js/images/sort_asc.png
INFO: [ app_init ] --START--
INFO: Run Behavior\BuildLiteBehavior [ RunTime:0.000022s ]
INFO: [ app_init ] --END-- [ RunTime:0.000387s ]
ERR: 无法加载模块:Public

