[ 2017-11-04T11:42:22+08:00 ] 127.0.0.1 /ChildrenPlatform/Public/backstage/assets/js/images/sort_asc.png
INFO: [ app_init ] --START--
INFO: Run Behavior\BuildLiteBehavior [ RunTime:0.000018s ]
INFO: [ app_init ] --END-- [ RunTime:0.000421s ]
ERR: 无法加载模块:Public

[ 2017-11-04T11:42:22+08:00 ] 127.0.0.1 /ChildrenPlatform/Public/backstage/assets/js/images/sort_both.png
INFO: [ app_init ] --START--
INFO: Run Behavior\BuildLiteBehavior [ RunTime:0.000035s ]
INFO: [ app_init ] --END-- [ RunTime:0.000625s ]
ERR: 无法加载模块:Public

[ 2017-11-04T11:42:25+08:00 ] 127.0.0.1 /ChildrenPlatform/Public/backstage/assets/js/images/sort_asc.png
INFO: [ app_init ] --START--
INFO: Run Behavior\BuildLiteBehavior [ RunTime:0.000040s ]
INFO: [ app_init ] --END-- [ RunTime:0.000483s ]
ERR: 无法加载模块:Public

[ 2017-11-04T11:42:25+08:00 ] 127.0.0.1 /ChildrenPlatform/Public/backstage/assets/js/images/sort_both.png
INFO: [ app_init ] --START--
INFO: Run Behavior\BuildLiteBehavior [ RunTime:0.000044s ]
INFO: [ app_init ] --END-- [ RunTime:0.000705s ]
ERR: 无法加载模块:Public

[ 2017-11-04T11:42:33+08:00 ] 127.0.0.1 /ChildrenPlatform/Public/backstage/assets/js/images/sort_both.png
INFO: [ app_init ] --START--
INFO: Run Behavior\BuildLiteBehavior [ RunTime:0.000027s ]
INFO: [ app_init ] --END-- [ RunTime:0.000388s ]
ERR: 无法加载模块:Public

[ 2017-11-04T11:42:33+08:00 ] 127.0.0.1 /ChildrenPlatform/Public/backstage/assets/js/images/sort_asc.png
INFO: [ app_init ] --START--
INFO: Run Behavior\BuildLiteBehavior [ RunTime:0.000021s ]
INFO: [ app_init ] --END-- [ RunTime:0.000356s ]
ERR: 无法加载模块:Public

[ 2017-11-04T11:42:50+08:00 ] 127.0.0.1 /ChildrenPlatform/Public/backstage/assets/js/images/sort_both.png
INFO: [ app_init ] --START--
INFO: Run Behavior\BuildLiteBehavior [ RunTime:0.000031s ]
INFO: [ app_init ] --END-- [ RunTime:0.000422s ]
ERR: 无法加载模块:Public

[ 2017-11-04T11:42:50+08:00 ] 127.0.0.1 /ChildrenPlatform/Public/backstage/assets/js/images/sort_asc.png
INFO: [ app_init ] --START--
INFO: Run Behavior\BuildLiteBehavior [ RunTime:0.000021s ]
INFO: [ app_init ] --END-- [ RunTime:0.000350s ]
ERR: 无法加载模块:Public

[ 2017-11-04T11:43:22+08:00 ] 127.0.0.1 /ChildrenPlatform/Public/backstage/assets/js/images/sort_both.png
INFO: [ app_init ] --START--
INFO: Run Behavior\BuildLiteBehavior [ RunTime:0.000028s ]
INFO: [ app_init ] --END-- [ RunTime:0.000485s ]
ERR: 无法加载模块:Public

[ 2017-11-04T11:43:22+08:00 ] 127.0.0.1 /ChildrenPlatform/Public/backstage/assets/js/images/sort_asc.png
INFO: [ app_init ] --START--
INFO: Run Behavior\BuildLiteBehavior [ RunTime:0.000026s ]
INFO: [ app_init ] --END-- [ RunTime:0.000387s ]
ERR: 无法加载模块:Public

[ 2017-11-04T11:43:53+08:00 ] 127.0.0.1 /ChildrenPlatform/Public/backstage/assets/js/images/sort_asc.png
INFO: [ app_init ] --START--
INFO: Run Behavior\BuildLiteBehavior [ RunTime:0.000024s ]
INFO: [ app_init ] --END-- [ RunTime:0.000377s ]
ERR: 无法加载模块:Public

[ 2017-11-04T11:43:53+08:00 ] 127.0.0.1 /ChildrenPlatform/Public/backstage/assets/js/images/sort_both.png
INFO: [ app_init ] --START--
INFO: Run Behavior\BuildLiteBehavior [ RunTime:0.000024s ]
INFO: [ app_init ] --END-- [ RunTime:0.000480s ]
ERR: 无法加载模块:Public

[ 2017-11-04T11:46:07+08:00 ] 127.0.0.1 /ChildrenPlatform/Public/backstage/assets/js/images/sort_both.png
INFO: [ app_init ] --START--
INFO: Run Behavior\BuildLiteBehavior [ RunTime:0.000031s ]
INFO: [ app_init ] --END-- [ RunTime:0.000399s ]
ERR: 无法加载模块:Public

[ 2017-11-04T11:46:07+08:00 ] 127.0.0.1 /ChildrenPlatform/Public/backstage/assets/js/images/sort_asc.png
INFO: [ app_init ] --START--
INFO: Run Behavior\BuildLiteBehavior [ RunTime:0.000028s ]
INFO: [ app_init ] --END-- [ RunTime:0.000631s ]
ERR: 无法加载模块:Public

[ 2017-11-04T11:59:48+08:00 ] 127.0.0.1 /ChildrenPlatform/Public/backstage/assets/js/images/sort_both.png
INFO: [ app_init ] --START--
INFO: Run Behavior\BuildLiteBehavior [ RunTime:0.000027s ]
INFO: [ app_init ] --END-- [ RunTime:0.000378s ]
ERR: 无法加载模块:Public

[ 2017-11-04T11:59:48+08:00 ] 127.0.0.1 /ChildrenPlatform/Public/backstage/assets/js/images/sort_asc.png
INFO: [ app_init ] --START--
INFO: Run Behavior\BuildLiteBehavior [ RunTime:0.000025s ]
INFO: [ app_init ] --END-- [ RunTime:0.000506s ]
ERR: 无法加载模块:Public

[ 2017-11-04T12:00:26+08:00 ] 127.0.0.1 /ChildrenPlatform/Public/backstage/assets/js/images/sort_asc.png
INFO: [ app_init ] --START--
INFO: Run Behavior\BuildLiteBehavior [ RunTime:0.000025s ]
INFO: [ app_init ] --END-- [ RunTime:0.000433s ]
ERR: 无法加载模块:Public

[ 2017-11-04T12:00:26+08:00 ] 127.0.0.1 /ChildrenPlatform/Public/backstage/assets/js/images/sort_both.png
INFO: [ app_init ] --START--
INFO: Run Behavior\BuildLiteBehavior [ RunTime:0.000023s ]
INFO: [ app_init ] --END-- [ RunTime:0.000438s ]
ERR: 无法加载模块:Public

