[ 2017-10-27T11:22:54+08:00 ] 127.0.0.1 /ChildrenPlatform/image/demo/shop/category/health-beauty.jpg
INFO: [ app_init ] --START--
INFO: Run Behavior\BuildLiteBehavior [ RunTime:0.000053s ]
INFO: [ app_init ] --END-- [ RunTime:0.000906s ]
ERR: 无法加载模块:Image

[ 2017-10-27T12:06:44+08:00 ] 127.0.0.1 /ChildrenPlatform/Public/PostbirdAlertBox/css/bootstrap.min.css.map
INFO: [ app_init ] --START--
INFO: Run Behavior\BuildLiteBehavior [ RunTime:0.000021s ]
INFO: [ app_init ] --END-- [ RunTime:0.000340s ]
ERR: 无法加载模块:Public

[ 2017-10-27T12:34:58+08:00 ] 127.0.0.1 /ChildrenPlatform/Public/PostbirdAlertBox/css/bootstrap.min.css.map
INFO: [ app_init ] --START--
INFO: Run Behavior\BuildLiteBehavior [ RunTime:0.000026s ]
INFO: [ app_init ] --END-- [ RunTime:0.000395s ]
ERR: 无法加载模块:Public

[ 2017-10-27T12:47:21+08:00 ] 127.0.0.1 /ChildrenPlatform/Public/PostbirdAlertBox/css/bootstrap.min.css.map
INFO: [ app_init ] --START--
INFO: Run Behavior\BuildLiteBehavior [ RunTime:0.000037s ]
INFO: [ app_init ] --END-- [ RunTime:0.000564s ]
ERR: 无法加载模块:Public

[ 2017-10-27T12:48:13+08:00 ] 127.0.0.1 /ChildrenPlatform/Public/PostbirdAlertBox/css/bootstrap.min.css.map
INFO: [ app_init ] --START--
INFO: Run Behavior\BuildLiteBehavior [ RunTime:0.000037s ]
INFO: [ app_init ] --END-- [ RunTime:0.000554s ]
ERR: 无法加载模块:Public

[ 2017-10-27T12:50:04+08:00 ] 127.0.0.1 /ChildrenPlatform/Public/PostbirdAlertBox/css/bootstrap.min.css.map
INFO: [ app_init ] --START--
INFO: Run Behavior\BuildLiteBehavior [ RunTime:0.000026s ]
INFO: [ app_init ] --END-- [ RunTime:0.000384s ]
ERR: 无法加载模块:Public

[ 2017-10-27T12:50:43+08:00 ] 127.0.0.1 /ChildrenPlatform/Public/PostbirdAlertBox/css/bootstrap.min.css.map
INFO: [ app_init ] --START--
INFO: Run Behavior\BuildLiteBehavior [ RunTime:0.000023s ]
INFO: [ app_init ] --END-- [ RunTime:0.000362s ]
ERR: 无法加载模块:Public

[ 2017-10-27T12:51:02+08:00 ] 127.0.0.1 /ChildrenPlatform/Public/PostbirdAlertBox/css/bootstrap.min.css.map
INFO: [ app_init ] --START--
INFO: Run Behavior\BuildLiteBehavior [ RunTime:0.000021s ]
INFO: [ app_init ] --END-- [ RunTime:0.000333s ]
ERR: 无法加载模块:Public

[ 2017-10-27T13:00:42+08:00 ] 127.0.0.1 /ChildrenPlatform/Public/PostbirdAlertBox/css/bootstrap.min.css.map
INFO: [ app_init ] --START--
INFO: Run Behavior\BuildLiteBehavior [ RunTime:0.000045s ]
INFO: [ app_init ] --END-- [ RunTime:0.000710s ]
ERR: 无法加载模块:Public

[ 2017-10-27T13:04:14+08:00 ] 127.0.0.1 /ChildrenPlatform/Public/PostbirdAlertBox/css/bootstrap.min.css.map
INFO: [ app_init ] --START--
INFO: Run Behavior\BuildLiteBehavior [ RunTime:0.000035s ]
INFO: [ app_init ] --END-- [ RunTime:0.000928s ]
ERR: 无法加载模块:Public

