[ 2017-12-01T10:01:27+08:00 ] 124.93.196.5 /ChildrenPlatform/Public/uploads/userpic/null
INFO: [ app_init ] --START--
INFO: Run Behavior\BuildLiteBehavior [ RunTime:0.000015s ]
INFO: [ app_init ] --END-- [ RunTime:0.000298s ]
ERR: 无法加载模块:Public

[ 2017-12-01T10:07:27+08:00 ] 124.93.196.5 /ChildrenPlatform/Public/uploads/userpic/null
INFO: [ app_init ] --START--
INFO: Run Behavior\BuildLiteBehavior [ RunTime:0.000015s ]
INFO: [ app_init ] --END-- [ RunTime:0.000320s ]
ERR: 无法加载模块:Public

[ 2017-12-01T10:24:56+08:00 ] 175.167.154.143 /ChildrenPlatform/Public/uploads/userpic/null
INFO: [ app_init ] --START--
INFO: Run Behavior\BuildLiteBehavior [ RunTime:0.000015s ]
INFO: [ app_init ] --END-- [ RunTime:0.000307s ]
ERR: 无法加载模块:Public

[ 2017-12-01T10:41:27+08:00 ] 124.93.196.5 /ChildrenPlatform/Public/uploads/userpic/null
INFO: [ app_init ] --START--
INFO: Run Behavior\BuildLiteBehavior [ RunTime:0.000019s ]
INFO: [ app_init ] --END-- [ RunTime:0.000334s ]
ERR: 无法加载模块:Public

