[ 2018-05-13T13:19:06+08:00 ] 192.168.191.1 /ChildrenPlatform/Public/uploads/company_image/5sd8z6d8q54.jpg
INFO: [ app_init ] --START--
INFO: Run Behavior\BuildLiteBehavior [ RunTime:0.000072s ]
INFO: [ app_init ] --END-- [ RunTime:0.001307s ]
ERR: 无法加载模块:Public

[ 2018-05-13T13:20:36+08:00 ] 192.168.191.1 /ChildrenPlatform/Public/uploads/company_image/5sd8z6d8q54.jpg
INFO: [ app_init ] --START--
INFO: Run Behavior\BuildLiteBehavior [ RunTime:0.000018s ]
INFO: [ app_init ] --END-- [ RunTime:0.000291s ]
ERR: 无法加载模块:Public

[ 2018-05-13T13:21:24+08:00 ] 192.168.191.1 /ChildrenPlatform/Public/uploads/company_image/5sd8z6d8q54.jpg
INFO: [ app_init ] --START--
INFO: Run Behavior\BuildLiteBehavior [ RunTime:0.000017s ]
INFO: [ app_init ] --END-- [ RunTime:0.000272s ]
ERR: 无法加载模块:Public

[ 2018-05-13T13:23:13+08:00 ] 192.168.191.1 /ChildrenPlatform/Public/uploads/company_image/5sd8z6d8q54.jpg
INFO: [ app_init ] --START--
INFO: Run Behavior\BuildLiteBehavior [ RunTime:0.000034s ]
INFO: [ app_init ] --END-- [ RunTime:0.000327s ]
ERR: 无法加载模块:Public

[ 2018-05-13T13:23:13+08:00 ] 192.168.191.1 /ChildrenPlatform/Public/uploads/company_image/5sd8z6d8q54.jpg
INFO: [ app_init ] --START--
INFO: Run Behavior\BuildLiteBehavior [ RunTime:0.000018s ]
INFO: [ app_init ] --END-- [ RunTime:0.000300s ]
ERR: 无法加载模块:Public

[ 2018-05-13T13:24:33+08:00 ] 192.168.191.1 /ChildrenPlatform/Public/uploads/company_image/5sd8z6d8q54.jpg
INFO: [ app_init ] --START--
INFO: Run Behavior\BuildLiteBehavior [ RunTime:0.000032s ]
INFO: [ app_init ] --END-- [ RunTime:0.000392s ]
ERR: 无法加载模块:Public

[ 2018-05-13T13:24:46+08:00 ] 192.168.191.1 /ChildrenPlatform/Public/uploads/company_image/5sd8z6d8q54.jpg
INFO: [ app_init ] --START--
INFO: Run Behavior\BuildLiteBehavior [ RunTime:0.000019s ]
INFO: [ app_init ] --END-- [ RunTime:0.000349s ]
ERR: 无法加载模块:Public

[ 2018-05-13T13:24:51+08:00 ] 192.168.191.1 /ChildrenPlatform/Public/uploads/company_image/5a090254ss486.jpg
INFO: [ app_init ] --START--
INFO: Run Behavior\BuildLiteBehavior [ RunTime:0.000053s ]
INFO: [ app_init ] --END-- [ RunTime:0.000490s ]
ERR: 无法加载模块:Public

[ 2018-05-13T13:25:00+08:00 ] 192.168.191.1 /ChildrenPlatform/Public/uploads/company_image/5a090254ss486.jpg
INFO: [ app_init ] --START--
INFO: Run Behavior\BuildLiteBehavior [ RunTime:0.000019s ]
INFO: [ app_init ] --END-- [ RunTime:0.000323s ]
ERR: 无法加载模块:Public

[ 2018-05-13T13:25:19+08:00 ] 192.168.191.1 /ChildrenPlatform/Public/uploads/company_image/5sd8z6d8q54.jpg
INFO: [ app_init ] --START--
INFO: Run Behavior\BuildLiteBehavior [ RunTime:0.000017s ]
INFO: [ app_init ] --END-- [ RunTime:0.000326s ]
ERR: 无法加载模块:Public

[ 2018-05-13T13:25:25+08:00 ] 192.168.191.1 /ChildrenPlatform/Public/uploads/company_image/5sd8z6d8q54.jpg
INFO: [ app_init ] --START--
INFO: Run Behavior\BuildLiteBehavior [ RunTime:0.000022s ]
INFO: [ app_init ] --END-- [ RunTime:0.000336s ]
ERR: 无法加载模块:Public

[ 2018-05-13T13:34:00+08:00 ] 192.168.191.1 /ChildrenPlatform/Public/uploads/company_image/5sd8z6d8q54.jpg
INFO: [ app_init ] --START--
INFO: Run Behavior\BuildLiteBehavior [ RunTime:0.000017s ]
INFO: [ app_init ] --END-- [ RunTime:0.000317s ]
ERR: 无法加载模块:Public

[ 2018-05-13T13:36:08+08:00 ] 192.168.191.1 /ChildrenPlatform/Public/uploads/company_image/5sd8z6d8q54.jpg
INFO: [ app_init ] --START--
INFO: Run Behavior\BuildLiteBehavior [ RunTime:0.000023s ]
INFO: [ app_init ] --END-- [ RunTime:0.000419s ]
ERR: 无法加载模块:Public

[ 2018-05-13T13:37:30+08:00 ] 192.168.191.1 /ChildrenPlatform/Public/uploads/company_image/5sd8z6d8q54.jpg
INFO: [ app_init ] --START--
INFO: Run Behavior\BuildLiteBehavior [ RunTime:0.000026s ]
INFO: [ app_init ] --END-- [ RunTime:0.000450s ]
ERR: 无法加载模块:Public

[ 2018-05-13T15:33:21+08:00 ] 192.168.191.1 /ChildrenPlatform/Public/uploads/company_image/5sd8z6d8q54.jpg
INFO: [ app_init ] --START--
INFO: Run Behavior\BuildLiteBehavior [ RunTime:0.000026s ]
INFO: [ app_init ] --END-- [ RunTime:0.000342s ]
ERR: 无法加载模块:Public

[ 2018-05-13T15:51:36+08:00 ] 192.168.191.1 /ChildrenPlatform/Public/uploads/company_image/5sd8z6d8q54.jpg
INFO: [ app_init ] --START--
INFO: Run Behavior\BuildLiteBehavior [ RunTime:0.000035s ]
INFO: [ app_init ] --END-- [ RunTime:0.000518s ]
ERR: 无法加载模块:Public

[ 2018-05-13T15:51:42+08:00 ] 192.168.191.1 /ChildrenPlatform/Public/uploads/company_image/5sd8z6d8q54.jpg
INFO: [ app_init ] --START--
INFO: Run Behavior\BuildLiteBehavior [ RunTime:0.000028s ]
INFO: [ app_init ] --END-- [ RunTime:0.000589s ]
ERR: 无法加载模块:Public

[ 2018-05-13T15:51:59+08:00 ] 192.168.191.1 /ChildrenPlatform/Public/uploads/company_image/20180111053222536.jpg
INFO: [ app_init ] --START--
INFO: Run Behavior\BuildLiteBehavior [ RunTime:0.000033s ]
INFO: [ app_init ] --END-- [ RunTime:0.000456s ]
ERR: 无法加载模块:Public

[ 2018-05-13T15:51:59+08:00 ] 192.168.191.1 /ChildrenPlatform/Public/uploads/company_image/20180111053222536.jpg
INFO: [ app_init ] --START--
INFO: Run Behavior\BuildLiteBehavior [ RunTime:0.000017s ]
INFO: [ app_init ] --END-- [ RunTime:0.000278s ]
ERR: 无法加载模块:Public

[ 2018-05-13T16:45:14+08:00 ] 192.168.191.2 /ChildrenPlatform/Public/uploads/company_image/20180111053222536.jpg
INFO: [ app_init ] --START--
INFO: Run Behavior\BuildLiteBehavior [ RunTime:0.000017s ]
INFO: [ app_init ] --END-- [ RunTime:0.000307s ]
ERR: 无法加载模块:Public

[ 2018-05-13T16:57:46+08:00 ] 192.168.191.2 /ChildrenPlatform/Public/uploads/company_image/5sd8z6d8q54.jpg
INFO: [ app_init ] --START--
INFO: Run Behavior\BuildLiteBehavior [ RunTime:0.000039s ]
INFO: [ app_init ] --END-- [ RunTime:0.000574s ]
ERR: 无法加载模块:Public

