[ 2018-05-06T11:00:03+08:00 ] 127.0.0.1 /ChildrenPlatform/Public/frontdesk/css/theme.css.map
INFO: [ app_init ] --START--
INFO: Run Behavior\BuildLiteBehavior [ RunTime:0.000020s ]
INFO: [ app_init ] --END-- [ RunTime:0.000326s ]
ERR: 无法加载模块:Public

[ 2018-05-06T11:00:03+08:00 ] 127.0.0.1 /ChildrenPlatform/Public/frontdesk/css/responsive.css.map
INFO: [ app_init ] --START--
INFO: Run Behavior\BuildLiteBehavior [ RunTime:0.000017s ]
INFO: [ app_init ] --END-- [ RunTime:0.000297s ]
ERR: 无法加载模块:Public

[ 2018-05-06T11:00:03+08:00 ] 127.0.0.1 /ChildrenPlatform/Public/PostbirdAlertBox/css/bootstrap.min.css.map
INFO: [ app_init ] --START--
INFO: Run Behavior\BuildLiteBehavior [ RunTime:0.000017s ]
INFO: [ app_init ] --END-- [ RunTime:0.000334s ]
ERR: 无法加载模块:Public

[ 2018-05-06T11:00:45+08:00 ] 127.0.0.1 /ChildrenPlatform/Public/PostbirdAlertBox/css/bootstrap.min.css.map
INFO: [ app_init ] --START--
INFO: Run Behavior\BuildLiteBehavior [ RunTime:0.000020s ]
INFO: [ app_init ] --END-- [ RunTime:0.000313s ]
ERR: 无法加载模块:Public

[ 2018-05-06T11:00:45+08:00 ] 127.0.0.1 /ChildrenPlatform/Public/frontdesk/css/responsive.css.map
INFO: [ app_init ] --START--
INFO: Run Behavior\BuildLiteBehavior [ RunTime:0.000019s ]
INFO: [ app_init ] --END-- [ RunTime:0.000310s ]
ERR: 无法加载模块:Public

[ 2018-05-06T11:00:45+08:00 ] 127.0.0.1 /ChildrenPlatform/Public/frontdesk/css/theme.css.map
INFO: [ app_init ] --START--
INFO: Run Behavior\BuildLiteBehavior [ RunTime:0.000035s ]
INFO: [ app_init ] --END-- [ RunTime:0.000535s ]
ERR: 无法加载模块:Public

[ 2018-05-06T11:00:53+08:00 ] 127.0.0.1 /ChildrenPlatform/Public/PostbirdAlertBox/css/bootstrap.min.css.map
INFO: [ app_init ] --START--
INFO: Run Behavior\BuildLiteBehavior [ RunTime:0.000022s ]
INFO: [ app_init ] --END-- [ RunTime:0.000383s ]
ERR: 无法加载模块:Public

[ 2018-05-06T11:00:54+08:00 ] 127.0.0.1 /ChildrenPlatform/Public/frontdesk/css/responsive.css.map
INFO: [ app_init ] --START--
INFO: Run Behavior\BuildLiteBehavior [ RunTime:0.000017s ]
INFO: [ app_init ] --END-- [ RunTime:0.000309s ]
ERR: 无法加载模块:Public

[ 2018-05-06T11:00:54+08:00 ] 127.0.0.1 /ChildrenPlatform/Public/frontdesk/css/theme.css.map
INFO: [ app_init ] --START--
INFO: Run Behavior\BuildLiteBehavior [ RunTime:0.000023s ]
INFO: [ app_init ] --END-- [ RunTime:0.000519s ]
ERR: 无法加载模块:Public

[ 2018-05-06T11:01:09+08:00 ] 127.0.0.1 /ChildrenPlatform/Public/PostbirdAlertBox/css/bootstrap.min.css.map
INFO: [ app_init ] --START--
INFO: Run Behavior\BuildLiteBehavior [ RunTime:0.000046s ]
INFO: [ app_init ] --END-- [ RunTime:0.000501s ]
ERR: 无法加载模块:Public

[ 2018-05-06T11:01:09+08:00 ] 127.0.0.1 /ChildrenPlatform/Public/frontdesk/css/theme.css.map
INFO: [ app_init ] --START--
INFO: Run Behavior\BuildLiteBehavior [ RunTime:0.000038s ]
INFO: [ app_init ] --END-- [ RunTime:0.000537s ]
ERR: 无法加载模块:Public

[ 2018-05-06T11:01:09+08:00 ] 127.0.0.1 /ChildrenPlatform/Public/frontdesk/css/responsive.css.map
INFO: [ app_init ] --START--
INFO: Run Behavior\BuildLiteBehavior [ RunTime:0.000028s ]
INFO: [ app_init ] --END-- [ RunTime:0.000544s ]
ERR: 无法加载模块:Public

[ 2018-05-06T11:02:06+08:00 ] 127.0.0.1 /ChildrenPlatform/Public/frontdesk/css/responsive.css.map
INFO: [ app_init ] --START--
INFO: Run Behavior\BuildLiteBehavior [ RunTime:0.000023s ]
INFO: [ app_init ] --END-- [ RunTime:0.000369s ]
ERR: 无法加载模块:Public

[ 2018-05-06T11:02:07+08:00 ] 127.0.0.1 /ChildrenPlatform/Public/PostbirdAlertBox/css/bootstrap.min.css.map
INFO: [ app_init ] --START--
INFO: Run Behavior\BuildLiteBehavior [ RunTime:0.000031s ]
INFO: [ app_init ] --END-- [ RunTime:0.000616s ]
ERR: 无法加载模块:Public

[ 2018-05-06T11:02:07+08:00 ] 127.0.0.1 /ChildrenPlatform/Public/frontdesk/css/theme.css.map
INFO: [ app_init ] --START--
INFO: Run Behavior\BuildLiteBehavior [ RunTime:0.000018s ]
INFO: [ app_init ] --END-- [ RunTime:0.000395s ]
ERR: 无法加载模块:Public

