[ 2018-05-03T12:47:40+08:00 ] 127.0.0.1 /ChildrenPlatform/Public/frontdesk/css/responsive.css.map
INFO: [ app_init ] --START--
INFO: Run Behavior\BuildLiteBehavior [ RunTime:0.000030s ]
INFO: [ app_init ] --END-- [ RunTime:0.000552s ]
ERR: 无法加载模块:Public

[ 2018-05-03T12:47:40+08:00 ] 127.0.0.1 /ChildrenPlatform/Public/ImgCropping/css/cropper.min.css.map
INFO: [ app_init ] --START--
INFO: Run Behavior\BuildLiteBehavior [ RunTime:0.000036s ]
INFO: [ app_init ] --END-- [ RunTime:0.000600s ]
ERR: 无法加载模块:Public

[ 2018-05-03T12:47:40+08:00 ] 127.0.0.1 /ChildrenPlatform/Public/frontdesk/css/theme.css.map
INFO: [ app_init ] --START--
INFO: Run Behavior\BuildLiteBehavior [ RunTime:0.000021s ]
INFO: [ app_init ] --END-- [ RunTime:0.000327s ]
ERR: 无法加载模块:Public

[ 2018-05-03T12:48:00+08:00 ] 127.0.0.1 /ChildrenPlatform/Public/ImgCropping/css/cropper.min.css.map
INFO: [ app_init ] --START--
INFO: Run Behavior\BuildLiteBehavior [ RunTime:0.000036s ]
INFO: [ app_init ] --END-- [ RunTime:0.000417s ]
ERR: 无法加载模块:Public

[ 2018-05-03T12:48:00+08:00 ] 127.0.0.1 /ChildrenPlatform/Public/frontdesk/css/responsive.css.map
INFO: [ app_init ] --START--
INFO: Run Behavior\BuildLiteBehavior [ RunTime:0.000021s ]
INFO: [ app_init ] --END-- [ RunTime:0.000339s ]
ERR: 无法加载模块:Public

[ 2018-05-03T12:48:01+08:00 ] 127.0.0.1 /ChildrenPlatform/Public/frontdesk/css/theme.css.map
INFO: [ app_init ] --START--
INFO: Run Behavior\BuildLiteBehavior [ RunTime:0.000033s ]
INFO: [ app_init ] --END-- [ RunTime:0.000456s ]
ERR: 无法加载模块:Public

[ 2018-05-03T12:49:18+08:00 ] 127.0.0.1 /ChildrenPlatform/Public/ImgCropping/css/cropper.min.css.map
INFO: [ app_init ] --START--
INFO: Run Behavior\BuildLiteBehavior [ RunTime:0.000030s ]
INFO: [ app_init ] --END-- [ RunTime:0.000489s ]
ERR: 无法加载模块:Public

[ 2018-05-03T12:49:18+08:00 ] 127.0.0.1 /ChildrenPlatform/Public/frontdesk/css/responsive.css.map
INFO: [ app_init ] --START--
INFO: Run Behavior\BuildLiteBehavior [ RunTime:0.000032s ]
INFO: [ app_init ] --END-- [ RunTime:0.000524s ]
ERR: 无法加载模块:Public

[ 2018-05-03T12:49:18+08:00 ] 127.0.0.1 /ChildrenPlatform/Public/frontdesk/css/theme.css.map
INFO: [ app_init ] --START--
INFO: Run Behavior\BuildLiteBehavior [ RunTime:0.000032s ]
INFO: [ app_init ] --END-- [ RunTime:0.000460s ]
ERR: 无法加载模块:Public

[ 2018-05-03T12:49:51+08:00 ] 127.0.0.1 /ChildrenPlatform/Public/ImgCropping/css/cropper.min.css.map
INFO: [ app_init ] --START--
INFO: Run Behavior\BuildLiteBehavior [ RunTime:0.000020s ]
INFO: [ app_init ] --END-- [ RunTime:0.000442s ]
ERR: 无法加载模块:Public

[ 2018-05-03T12:49:51+08:00 ] 127.0.0.1 /ChildrenPlatform/Public/frontdesk/css/responsive.css.map
INFO: [ app_init ] --START--
INFO: Run Behavior\BuildLiteBehavior [ RunTime:0.000023s ]
INFO: [ app_init ] --END-- [ RunTime:0.000377s ]
ERR: 无法加载模块:Public

[ 2018-05-03T12:49:52+08:00 ] 127.0.0.1 /ChildrenPlatform/Public/frontdesk/css/theme.css.map
INFO: [ app_init ] --START--
INFO: Run Behavior\BuildLiteBehavior [ RunTime:0.000022s ]
INFO: [ app_init ] --END-- [ RunTime:0.000358s ]
ERR: 无法加载模块:Public

[ 2018-05-03T12:51:08+08:00 ] 127.0.0.1 /ChildrenPlatform/Public/ImgCropping/css/cropper.min.css.map
INFO: [ app_init ] --START--
INFO: Run Behavior\BuildLiteBehavior [ RunTime:0.000033s ]
INFO: [ app_init ] --END-- [ RunTime:0.000500s ]
ERR: 无法加载模块:Public

[ 2018-05-03T12:51:08+08:00 ] 127.0.0.1 /ChildrenPlatform/Public/frontdesk/css/responsive.css.map
INFO: [ app_init ] --START--
INFO: Run Behavior\BuildLiteBehavior [ RunTime:0.000032s ]
INFO: [ app_init ] --END-- [ RunTime:0.000458s ]
ERR: 无法加载模块:Public

[ 2018-05-03T12:51:08+08:00 ] 127.0.0.1 /ChildrenPlatform/Public/frontdesk/css/theme.css.map
INFO: [ app_init ] --START--
INFO: Run Behavior\BuildLiteBehavior [ RunTime:0.000019s ]
INFO: [ app_init ] --END-- [ RunTime:0.000307s ]
ERR: 无法加载模块:Public

[ 2018-05-03T12:52:23+08:00 ] 127.0.0.1 /ChildrenPlatform/Public/ImgCropping/css/cropper.min.css.map
INFO: [ app_init ] --START--
INFO: Run Behavior\BuildLiteBehavior [ RunTime:0.000048s ]
INFO: [ app_init ] --END-- [ RunTime:0.000698s ]
ERR: 无法加载模块:Public

[ 2018-05-03T12:52:23+08:00 ] 127.0.0.1 /ChildrenPlatform/Public/frontdesk/css/responsive.css.map
INFO: [ app_init ] --START--
INFO: Run Behavior\BuildLiteBehavior [ RunTime:0.000032s ]
INFO: [ app_init ] --END-- [ RunTime:0.000553s ]
ERR: 无法加载模块:Public

[ 2018-05-03T12:52:24+08:00 ] 127.0.0.1 /ChildrenPlatform/Public/frontdesk/css/theme.css.map
INFO: [ app_init ] --START--
INFO: Run Behavior\BuildLiteBehavior [ RunTime:0.000047s ]
INFO: [ app_init ] --END-- [ RunTime:0.000692s ]
ERR: 无法加载模块:Public

[ 2018-05-03T12:53:00+08:00 ] 127.0.0.1 /ChildrenPlatform/Public/frontdesk/css/responsive.css.map
INFO: [ app_init ] --START--
INFO: Run Behavior\BuildLiteBehavior [ RunTime:0.000036s ]
INFO: [ app_init ] --END-- [ RunTime:0.000512s ]
ERR: 无法加载模块:Public

[ 2018-05-03T12:53:00+08:00 ] 127.0.0.1 /ChildrenPlatform/Public/ImgCropping/css/cropper.min.css.map
INFO: [ app_init ] --START--
INFO: Run Behavior\BuildLiteBehavior [ RunTime:0.000036s ]
INFO: [ app_init ] --END-- [ RunTime:0.000484s ]
ERR: 无法加载模块:Public

[ 2018-05-03T12:53:00+08:00 ] 127.0.0.1 /ChildrenPlatform/Public/frontdesk/css/theme.css.map
INFO: [ app_init ] --START--
INFO: Run Behavior\BuildLiteBehavior [ RunTime:0.000027s ]
INFO: [ app_init ] --END-- [ RunTime:0.000352s ]
ERR: 无法加载模块:Public

[ 2018-05-03T12:53:29+08:00 ] 127.0.0.1 /ChildrenPlatform/Public/ImgCropping/css/cropper.min.css.map
INFO: [ app_init ] --START--
INFO: Run Behavior\BuildLiteBehavior [ RunTime:0.000028s ]
INFO: [ app_init ] --END-- [ RunTime:0.000491s ]
ERR: 无法加载模块:Public

[ 2018-05-03T12:53:29+08:00 ] 127.0.0.1 /ChildrenPlatform/Public/frontdesk/css/responsive.css.map
INFO: [ app_init ] --START--
INFO: Run Behavior\BuildLiteBehavior [ RunTime:0.000045s ]
INFO: [ app_init ] --END-- [ RunTime:0.000510s ]
ERR: 无法加载模块:Public

[ 2018-05-03T12:53:29+08:00 ] 127.0.0.1 /ChildrenPlatform/Public/frontdesk/css/theme.css.map
INFO: [ app_init ] --START--
INFO: Run Behavior\BuildLiteBehavior [ RunTime:0.000032s ]
INFO: [ app_init ] --END-- [ RunTime:0.000512s ]
ERR: 无法加载模块:Public

[ 2018-05-03T12:56:08+08:00 ] 127.0.0.1 /ChildrenPlatform/Public/ImgCropping/css/cropper.min.css.map
INFO: [ app_init ] --START--
INFO: Run Behavior\BuildLiteBehavior [ RunTime:0.000032s ]
INFO: [ app_init ] --END-- [ RunTime:0.000585s ]
ERR: 无法加载模块:Public

[ 2018-05-03T12:56:08+08:00 ] 127.0.0.1 /ChildrenPlatform/Public/frontdesk/css/responsive.css.map
INFO: [ app_init ] --START--
INFO: Run Behavior\BuildLiteBehavior [ RunTime:0.000057s ]
INFO: [ app_init ] --END-- [ RunTime:0.000457s ]
ERR: 无法加载模块:Public

[ 2018-05-03T12:56:08+08:00 ] 127.0.0.1 /ChildrenPlatform/Public/frontdesk/css/theme.css.map
INFO: [ app_init ] --START--
INFO: Run Behavior\BuildLiteBehavior [ RunTime:0.000021s ]
INFO: [ app_init ] --END-- [ RunTime:0.000415s ]
ERR: 无法加载模块:Public

[ 2018-05-03T12:56:31+08:00 ] 127.0.0.1 /ChildrenPlatform/Public/ImgCropping/css/cropper.min.css.map
INFO: [ app_init ] --START--
INFO: Run Behavior\BuildLiteBehavior [ RunTime:0.000036s ]
INFO: [ app_init ] --END-- [ RunTime:0.000542s ]
ERR: 无法加载模块:Public

[ 2018-05-03T12:56:32+08:00 ] 127.0.0.1 /ChildrenPlatform/Public/frontdesk/css/responsive.css.map
INFO: [ app_init ] --START--
INFO: Run Behavior\BuildLiteBehavior [ RunTime:0.000029s ]
INFO: [ app_init ] --END-- [ RunTime:0.000555s ]
ERR: 无法加载模块:Public

[ 2018-05-03T12:56:32+08:00 ] 127.0.0.1 /ChildrenPlatform/Public/frontdesk/css/theme.css.map
INFO: [ app_init ] --START--
INFO: Run Behavior\BuildLiteBehavior [ RunTime:0.000023s ]
INFO: [ app_init ] --END-- [ RunTime:0.000358s ]
ERR: 无法加载模块:Public

[ 2018-05-03T12:57:39+08:00 ] 127.0.0.1 /ChildrenPlatform/Public/ImgCropping/css/cropper.min.css.map
INFO: [ app_init ] --START--
INFO: Run Behavior\BuildLiteBehavior [ RunTime:0.000040s ]
INFO: [ app_init ] --END-- [ RunTime:0.000424s ]
ERR: 无法加载模块:Public

[ 2018-05-03T12:57:40+08:00 ] 127.0.0.1 /ChildrenPlatform/Public/frontdesk/css/responsive.css.map
INFO: [ app_init ] --START--
INFO: Run Behavior\BuildLiteBehavior [ RunTime:0.000032s ]
INFO: [ app_init ] --END-- [ RunTime:0.000496s ]
ERR: 无法加载模块:Public

[ 2018-05-03T12:57:40+08:00 ] 127.0.0.1 /ChildrenPlatform/Public/frontdesk/css/theme.css.map
INFO: [ app_init ] --START--
INFO: Run Behavior\BuildLiteBehavior [ RunTime:0.000035s ]
INFO: [ app_init ] --END-- [ RunTime:0.000468s ]
ERR: 无法加载模块:Public

[ 2018-05-03T12:58:13+08:00 ] 127.0.0.1 /ChildrenPlatform/Public/ImgCropping/css/cropper.min.css.map
INFO: [ app_init ] --START--
INFO: Run Behavior\BuildLiteBehavior [ RunTime:0.000025s ]
INFO: [ app_init ] --END-- [ RunTime:0.000408s ]
ERR: 无法加载模块:Public

[ 2018-05-03T12:58:13+08:00 ] 127.0.0.1 /ChildrenPlatform/Public/frontdesk/css/responsive.css.map
INFO: [ app_init ] --START--
INFO: Run Behavior\BuildLiteBehavior [ RunTime:0.000033s ]
INFO: [ app_init ] --END-- [ RunTime:0.000508s ]
ERR: 无法加载模块:Public

[ 2018-05-03T12:58:13+08:00 ] 127.0.0.1 /ChildrenPlatform/Public/frontdesk/css/theme.css.map
INFO: [ app_init ] --START--
INFO: Run Behavior\BuildLiteBehavior [ RunTime:0.000032s ]
INFO: [ app_init ] --END-- [ RunTime:0.000499s ]
ERR: 无法加载模块:Public

[ 2018-05-03T12:59:16+08:00 ] 127.0.0.1 /ChildrenPlatform/Public/ImgCropping/css/cropper.min.css.map
INFO: [ app_init ] --START--
INFO: Run Behavior\BuildLiteBehavior [ RunTime:0.000040s ]
INFO: [ app_init ] --END-- [ RunTime:0.000511s ]
ERR: 无法加载模块:Public

[ 2018-05-03T12:59:16+08:00 ] 127.0.0.1 /ChildrenPlatform/Public/frontdesk/css/responsive.css.map
INFO: [ app_init ] --START--
INFO: Run Behavior\BuildLiteBehavior [ RunTime:0.000021s ]
INFO: [ app_init ] --END-- [ RunTime:0.000291s ]
ERR: 无法加载模块:Public

[ 2018-05-03T12:59:16+08:00 ] 127.0.0.1 /ChildrenPlatform/Public/frontdesk/css/theme.css.map
INFO: [ app_init ] --START--
INFO: Run Behavior\BuildLiteBehavior [ RunTime:0.000035s ]
INFO: [ app_init ] --END-- [ RunTime:0.000573s ]
ERR: 无法加载模块:Public

[ 2018-05-03T12:59:34+08:00 ] 127.0.0.1 /ChildrenPlatform/Public/ImgCropping/css/cropper.min.css.map
INFO: [ app_init ] --START--
INFO: Run Behavior\BuildLiteBehavior [ RunTime:0.000034s ]
INFO: [ app_init ] --END-- [ RunTime:0.000494s ]
ERR: 无法加载模块:Public

[ 2018-05-03T12:59:34+08:00 ] 127.0.0.1 /ChildrenPlatform/Public/frontdesk/css/responsive.css.map
INFO: [ app_init ] --START--
INFO: Run Behavior\BuildLiteBehavior [ RunTime:0.000040s ]
INFO: [ app_init ] --END-- [ RunTime:0.000629s ]
ERR: 无法加载模块:Public

[ 2018-05-03T12:59:35+08:00 ] 127.0.0.1 /ChildrenPlatform/Public/frontdesk/css/theme.css.map
INFO: [ app_init ] --START--
INFO: Run Behavior\BuildLiteBehavior [ RunTime:0.000050s ]
INFO: [ app_init ] --END-- [ RunTime:0.000628s ]
ERR: 无法加载模块:Public

[ 2018-05-03T13:00:12+08:00 ] 127.0.0.1 /ChildrenPlatform/Public/ImgCropping/css/cropper.min.css.map
INFO: [ app_init ] --START--
INFO: Run Behavior\BuildLiteBehavior [ RunTime:0.000027s ]
INFO: [ app_init ] --END-- [ RunTime:0.000527s ]
ERR: 无法加载模块:Public

[ 2018-05-03T13:00:13+08:00 ] 127.0.0.1 /ChildrenPlatform/Public/frontdesk/css/responsive.css.map
INFO: [ app_init ] --START--
INFO: Run Behavior\BuildLiteBehavior [ RunTime:0.000030s ]
INFO: [ app_init ] --END-- [ RunTime:0.000425s ]
ERR: 无法加载模块:Public

[ 2018-05-03T13:00:13+08:00 ] 127.0.0.1 /ChildrenPlatform/Public/frontdesk/css/theme.css.map
INFO: [ app_init ] --START--
INFO: Run Behavior\BuildLiteBehavior [ RunTime:0.000031s ]
INFO: [ app_init ] --END-- [ RunTime:0.000361s ]
ERR: 无法加载模块:Public

[ 2018-05-03T13:00:26+08:00 ] 127.0.0.1 /ChildrenPlatform/Public/ImgCropping/css/cropper.min.css.map
INFO: [ app_init ] --START--
INFO: Run Behavior\BuildLiteBehavior [ RunTime:0.000034s ]
INFO: [ app_init ] --END-- [ RunTime:0.000540s ]
ERR: 无法加载模块:Public

[ 2018-05-03T13:00:26+08:00 ] 127.0.0.1 /ChildrenPlatform/Public/frontdesk/css/responsive.css.map
INFO: [ app_init ] --START--
INFO: Run Behavior\BuildLiteBehavior [ RunTime:0.000028s ]
INFO: [ app_init ] --END-- [ RunTime:0.000404s ]
ERR: 无法加载模块:Public

[ 2018-05-03T13:00:27+08:00 ] 127.0.0.1 /ChildrenPlatform/Public/frontdesk/css/theme.css.map
INFO: [ app_init ] --START--
INFO: Run Behavior\BuildLiteBehavior [ RunTime:0.000025s ]
INFO: [ app_init ] --END-- [ RunTime:0.000423s ]
ERR: 无法加载模块:Public

[ 2018-05-03T13:02:16+08:00 ] 127.0.0.1 /ChildrenPlatform/Public/ImgCropping/css/cropper.min.css.map
INFO: [ app_init ] --START--
INFO: Run Behavior\BuildLiteBehavior [ RunTime:0.000036s ]
INFO: [ app_init ] --END-- [ RunTime:0.000478s ]
ERR: 无法加载模块:Public

[ 2018-05-03T13:02:16+08:00 ] 127.0.0.1 /ChildrenPlatform/Public/frontdesk/css/responsive.css.map
INFO: [ app_init ] --START--
INFO: Run Behavior\BuildLiteBehavior [ RunTime:0.000032s ]
INFO: [ app_init ] --END-- [ RunTime:0.000472s ]
ERR: 无法加载模块:Public

[ 2018-05-03T13:02:17+08:00 ] 127.0.0.1 /ChildrenPlatform/Public/frontdesk/css/theme.css.map
INFO: [ app_init ] --START--
INFO: Run Behavior\BuildLiteBehavior [ RunTime:0.000039s ]
INFO: [ app_init ] --END-- [ RunTime:0.000581s ]
ERR: 无法加载模块:Public

[ 2018-05-03T13:03:00+08:00 ] 127.0.0.1 /ChildrenPlatform/Public/ImgCropping/css/cropper.min.css.map
INFO: [ app_init ] --START--
INFO: Run Behavior\BuildLiteBehavior [ RunTime:0.000020s ]
INFO: [ app_init ] --END-- [ RunTime:0.000397s ]
ERR: 无法加载模块:Public

[ 2018-05-03T13:03:00+08:00 ] 127.0.0.1 /ChildrenPlatform/Public/frontdesk/css/responsive.css.map
INFO: [ app_init ] --START--
INFO: Run Behavior\BuildLiteBehavior [ RunTime:0.000037s ]
INFO: [ app_init ] --END-- [ RunTime:0.000395s ]
ERR: 无法加载模块:Public

[ 2018-05-03T13:03:00+08:00 ] 127.0.0.1 /ChildrenPlatform/Public/frontdesk/css/theme.css.map
INFO: [ app_init ] --START--
INFO: Run Behavior\BuildLiteBehavior [ RunTime:0.000031s ]
INFO: [ app_init ] --END-- [ RunTime:0.000418s ]
ERR: 无法加载模块:Public

[ 2018-05-03T13:03:39+08:00 ] 127.0.0.1 /ChildrenPlatform/Public/ImgCropping/css/cropper.min.css.map
INFO: [ app_init ] --START--
INFO: Run Behavior\BuildLiteBehavior [ RunTime:0.000024s ]
INFO: [ app_init ] --END-- [ RunTime:0.000354s ]
ERR: 无法加载模块:Public

[ 2018-05-03T13:03:39+08:00 ] 127.0.0.1 /ChildrenPlatform/Public/frontdesk/css/responsive.css.map
INFO: [ app_init ] --START--
INFO: Run Behavior\BuildLiteBehavior [ RunTime:0.000046s ]
INFO: [ app_init ] --END-- [ RunTime:0.000343s ]
ERR: 无法加载模块:Public

[ 2018-05-03T13:03:40+08:00 ] 127.0.0.1 /ChildrenPlatform/Public/frontdesk/css/theme.css.map
INFO: [ app_init ] --START--
INFO: Run Behavior\BuildLiteBehavior [ RunTime:0.000025s ]
INFO: [ app_init ] --END-- [ RunTime:0.000487s ]
ERR: 无法加载模块:Public

[ 2018-05-03T13:04:01+08:00 ] 127.0.0.1 /ChildrenPlatform/Public/ImgCropping/css/cropper.min.css.map
INFO: [ app_init ] --START--
INFO: Run Behavior\BuildLiteBehavior [ RunTime:0.000021s ]
INFO: [ app_init ] --END-- [ RunTime:0.000305s ]
ERR: 无法加载模块:Public

[ 2018-05-03T13:04:01+08:00 ] 127.0.0.1 /ChildrenPlatform/Public/frontdesk/css/responsive.css.map
INFO: [ app_init ] --START--
INFO: Run Behavior\BuildLiteBehavior [ RunTime:0.000034s ]
INFO: [ app_init ] --END-- [ RunTime:0.000525s ]
ERR: 无法加载模块:Public

[ 2018-05-03T13:04:01+08:00 ] 127.0.0.1 /ChildrenPlatform/Public/frontdesk/css/theme.css.map
INFO: [ app_init ] --START--
INFO: Run Behavior\BuildLiteBehavior [ RunTime:0.000021s ]
INFO: [ app_init ] --END-- [ RunTime:0.000330s ]
ERR: 无法加载模块:Public

[ 2018-05-03T13:04:35+08:00 ] 127.0.0.1 /ChildrenPlatform/Public/ImgCropping/css/cropper.min.css.map
INFO: [ app_init ] --START--
INFO: Run Behavior\BuildLiteBehavior [ RunTime:0.000022s ]
INFO: [ app_init ] --END-- [ RunTime:0.000382s ]
ERR: 无法加载模块:Public

[ 2018-05-03T13:04:35+08:00 ] 127.0.0.1 /ChildrenPlatform/Public/frontdesk/css/responsive.css.map
INFO: [ app_init ] --START--
INFO: Run Behavior\BuildLiteBehavior [ RunTime:0.000035s ]
INFO: [ app_init ] --END-- [ RunTime:0.000483s ]
ERR: 无法加载模块:Public

[ 2018-05-03T13:04:35+08:00 ] 127.0.0.1 /ChildrenPlatform/Public/frontdesk/css/theme.css.map
INFO: [ app_init ] --START--
INFO: Run Behavior\BuildLiteBehavior [ RunTime:0.000028s ]
INFO: [ app_init ] --END-- [ RunTime:0.000393s ]
ERR: 无法加载模块:Public

[ 2018-05-03T13:06:23+08:00 ] 127.0.0.1 /ChildrenPlatform/Public/ImgCropping/css/cropper.min.css.map
INFO: [ app_init ] --START--
INFO: Run Behavior\BuildLiteBehavior [ RunTime:0.000022s ]
INFO: [ app_init ] --END-- [ RunTime:0.000349s ]
ERR: 无法加载模块:Public

[ 2018-05-03T13:06:23+08:00 ] 127.0.0.1 /ChildrenPlatform/Public/frontdesk/css/responsive.css.map
INFO: [ app_init ] --START--
INFO: Run Behavior\BuildLiteBehavior [ RunTime:0.000033s ]
INFO: [ app_init ] --END-- [ RunTime:0.000571s ]
ERR: 无法加载模块:Public

[ 2018-05-03T13:06:23+08:00 ] 127.0.0.1 /ChildrenPlatform/Public/frontdesk/css/theme.css.map
INFO: [ app_init ] --START--
INFO: Run Behavior\BuildLiteBehavior [ RunTime:0.000020s ]
INFO: [ app_init ] --END-- [ RunTime:0.000300s ]
ERR: 无法加载模块:Public

[ 2018-05-03T13:06:44+08:00 ] 127.0.0.1 /ChildrenPlatform/Public/ImgCropping/css/cropper.min.css.map
INFO: [ app_init ] --START--
INFO: Run Behavior\BuildLiteBehavior [ RunTime:0.000051s ]
INFO: [ app_init ] --END-- [ RunTime:0.000407s ]
ERR: 无法加载模块:Public

[ 2018-05-03T13:06:44+08:00 ] 127.0.0.1 /ChildrenPlatform/Public/frontdesk/css/responsive.css.map
INFO: [ app_init ] --START--
INFO: Run Behavior\BuildLiteBehavior [ RunTime:0.000023s ]
INFO: [ app_init ] --END-- [ RunTime:0.000350s ]
ERR: 无法加载模块:Public

[ 2018-05-03T13:06:44+08:00 ] 127.0.0.1 /ChildrenPlatform/Public/frontdesk/css/theme.css.map
INFO: [ app_init ] --START--
INFO: Run Behavior\BuildLiteBehavior [ RunTime:0.000026s ]
INFO: [ app_init ] --END-- [ RunTime:0.000439s ]
ERR: 无法加载模块:Public

[ 2018-05-03T13:07:07+08:00 ] 127.0.0.1 /ChildrenPlatform/Public/ImgCropping/css/cropper.min.css.map
INFO: [ app_init ] --START--
INFO: Run Behavior\BuildLiteBehavior [ RunTime:0.000035s ]
INFO: [ app_init ] --END-- [ RunTime:0.000540s ]
ERR: 无法加载模块:Public

[ 2018-05-03T13:07:07+08:00 ] 127.0.0.1 /ChildrenPlatform/Public/frontdesk/css/responsive.css.map
INFO: [ app_init ] --START--
INFO: Run Behavior\BuildLiteBehavior [ RunTime:0.000032s ]
INFO: [ app_init ] --END-- [ RunTime:0.000403s ]
ERR: 无法加载模块:Public

[ 2018-05-03T13:07:08+08:00 ] 127.0.0.1 /ChildrenPlatform/Public/frontdesk/css/theme.css.map
INFO: [ app_init ] --START--
INFO: Run Behavior\BuildLiteBehavior [ RunTime:0.000030s ]
INFO: [ app_init ] --END-- [ RunTime:0.000496s ]
ERR: 无法加载模块:Public

[ 2018-05-03T13:11:11+08:00 ] 127.0.0.1 /ChildrenPlatform/Public/ImgCropping/css/cropper.min.css.map
INFO: [ app_init ] --START--
INFO: Run Behavior\BuildLiteBehavior [ RunTime:0.000032s ]
INFO: [ app_init ] --END-- [ RunTime:0.000541s ]
ERR: 无法加载模块:Public

[ 2018-05-03T13:11:11+08:00 ] 127.0.0.1 /ChildrenPlatform/Public/frontdesk/css/responsive.css.map
INFO: [ app_init ] --START--
INFO: Run Behavior\BuildLiteBehavior [ RunTime:0.000039s ]
INFO: [ app_init ] --END-- [ RunTime:0.000533s ]
ERR: 无法加载模块:Public

[ 2018-05-03T13:11:11+08:00 ] 127.0.0.1 /ChildrenPlatform/Public/frontdesk/css/theme.css.map
INFO: [ app_init ] --START--
INFO: Run Behavior\BuildLiteBehavior [ RunTime:0.000021s ]
INFO: [ app_init ] --END-- [ RunTime:0.000302s ]
ERR: 无法加载模块:Public

[ 2018-05-03T13:15:29+08:00 ] 127.0.0.1 /ChildrenPlatform/Public/ImgCropping/css/cropper.min.css.map
INFO: [ app_init ] --START--
INFO: Run Behavior\BuildLiteBehavior [ RunTime:0.000022s ]
INFO: [ app_init ] --END-- [ RunTime:0.000330s ]
ERR: 无法加载模块:Public

[ 2018-05-03T13:15:29+08:00 ] 127.0.0.1 /ChildrenPlatform/Public/frontdesk/css/responsive.css.map
INFO: [ app_init ] --START--
INFO: Run Behavior\BuildLiteBehavior [ RunTime:0.000033s ]
INFO: [ app_init ] --END-- [ RunTime:0.000557s ]
ERR: 无法加载模块:Public

[ 2018-05-03T13:15:29+08:00 ] 127.0.0.1 /ChildrenPlatform/Public/frontdesk/css/theme.css.map
INFO: [ app_init ] --START--
INFO: Run Behavior\BuildLiteBehavior [ RunTime:0.000032s ]
INFO: [ app_init ] --END-- [ RunTime:0.000438s ]
ERR: 无法加载模块:Public

[ 2018-05-03T13:16:00+08:00 ] 127.0.0.1 /ChildrenPlatform/Public/ImgCropping/css/cropper.min.css.map
INFO: [ app_init ] --START--
INFO: Run Behavior\BuildLiteBehavior [ RunTime:0.000022s ]
INFO: [ app_init ] --END-- [ RunTime:0.000343s ]
ERR: 无法加载模块:Public

[ 2018-05-03T13:16:00+08:00 ] 127.0.0.1 /ChildrenPlatform/Public/frontdesk/css/responsive.css.map
INFO: [ app_init ] --START--
INFO: Run Behavior\BuildLiteBehavior [ RunTime:0.000024s ]
INFO: [ app_init ] --END-- [ RunTime:0.000376s ]
ERR: 无法加载模块:Public

[ 2018-05-03T13:16:01+08:00 ] 127.0.0.1 /ChildrenPlatform/Public/frontdesk/css/theme.css.map
INFO: [ app_init ] --START--
INFO: Run Behavior\BuildLiteBehavior [ RunTime:0.000021s ]
INFO: [ app_init ] --END-- [ RunTime:0.000306s ]
ERR: 无法加载模块:Public

[ 2018-05-03T13:20:07+08:00 ] 127.0.0.1 /ChildrenPlatform/Public/ImgCropping/css/cropper.min.css.map
INFO: [ app_init ] --START--
INFO: Run Behavior\BuildLiteBehavior [ RunTime:0.000031s ]
INFO: [ app_init ] --END-- [ RunTime:0.000481s ]
ERR: 无法加载模块:Public

[ 2018-05-03T13:20:07+08:00 ] 127.0.0.1 /ChildrenPlatform/Public/frontdesk/css/responsive.css.map
INFO: [ app_init ] --START--
INFO: Run Behavior\BuildLiteBehavior [ RunTime:0.000036s ]
INFO: [ app_init ] --END-- [ RunTime:0.000626s ]
ERR: 无法加载模块:Public

[ 2018-05-03T13:20:07+08:00 ] 127.0.0.1 /ChildrenPlatform/Public/frontdesk/css/theme.css.map
INFO: [ app_init ] --START--
INFO: Run Behavior\BuildLiteBehavior [ RunTime:0.000029s ]
INFO: [ app_init ] --END-- [ RunTime:0.000509s ]
ERR: 无法加载模块:Public

[ 2018-05-03T13:20:19+08:00 ] 127.0.0.1 /ChildrenPlatform/Public/ImgCropping/css/cropper.min.css.map
INFO: [ app_init ] --START--
INFO: Run Behavior\BuildLiteBehavior [ RunTime:0.000034s ]
INFO: [ app_init ] --END-- [ RunTime:0.000477s ]
ERR: 无法加载模块:Public

[ 2018-05-03T13:20:20+08:00 ] 127.0.0.1 /ChildrenPlatform/Public/frontdesk/css/responsive.css.map
INFO: [ app_init ] --START--
INFO: Run Behavior\BuildLiteBehavior [ RunTime:0.000030s ]
INFO: [ app_init ] --END-- [ RunTime:0.000373s ]
ERR: 无法加载模块:Public

[ 2018-05-03T13:20:20+08:00 ] 127.0.0.1 /ChildrenPlatform/Public/frontdesk/css/theme.css.map
INFO: [ app_init ] --START--
INFO: Run Behavior\BuildLiteBehavior [ RunTime:0.000023s ]
INFO: [ app_init ] --END-- [ RunTime:0.000358s ]
ERR: 无法加载模块:Public

[ 2018-05-03T13:20:38+08:00 ] 127.0.0.1 /ChildrenPlatform/Public/ImgCropping/css/cropper.min.css.map
INFO: [ app_init ] --START--
INFO: Run Behavior\BuildLiteBehavior [ RunTime:0.000022s ]
INFO: [ app_init ] --END-- [ RunTime:0.000344s ]
ERR: 无法加载模块:Public

[ 2018-05-03T13:20:38+08:00 ] 127.0.0.1 /ChildrenPlatform/Public/frontdesk/css/responsive.css.map
INFO: [ app_init ] --START--
INFO: Run Behavior\BuildLiteBehavior [ RunTime:0.000034s ]
INFO: [ app_init ] --END-- [ RunTime:0.000539s ]
ERR: 无法加载模块:Public

[ 2018-05-03T13:20:39+08:00 ] 127.0.0.1 /ChildrenPlatform/Public/frontdesk/css/theme.css.map
INFO: [ app_init ] --START--
INFO: Run Behavior\BuildLiteBehavior [ RunTime:0.000032s ]
INFO: [ app_init ] --END-- [ RunTime:0.000490s ]
ERR: 无法加载模块:Public

[ 2018-05-03T13:20:55+08:00 ] 127.0.0.1 /ChildrenPlatform/Public/ImgCropping/css/cropper.min.css.map
INFO: [ app_init ] --START--
INFO: Run Behavior\BuildLiteBehavior [ RunTime:0.000040s ]
INFO: [ app_init ] --END-- [ RunTime:0.000513s ]
ERR: 无法加载模块:Public

[ 2018-05-03T13:20:55+08:00 ] 127.0.0.1 /ChildrenPlatform/Public/frontdesk/css/responsive.css.map
INFO: [ app_init ] --START--
INFO: Run Behavior\BuildLiteBehavior [ RunTime:0.000030s ]
INFO: [ app_init ] --END-- [ RunTime:0.000547s ]
ERR: 无法加载模块:Public

[ 2018-05-03T13:20:55+08:00 ] 127.0.0.1 /ChildrenPlatform/Public/frontdesk/css/theme.css.map
INFO: [ app_init ] --START--
INFO: Run Behavior\BuildLiteBehavior [ RunTime:0.000020s ]
INFO: [ app_init ] --END-- [ RunTime:0.000344s ]
ERR: 无法加载模块:Public

[ 2018-05-03T13:22:27+08:00 ] 127.0.0.1 /ChildrenPlatform/Public/ImgCropping/css/cropper.min.css.map
INFO: [ app_init ] --START--
INFO: Run Behavior\BuildLiteBehavior [ RunTime:0.000036s ]
INFO: [ app_init ] --END-- [ RunTime:0.000584s ]
ERR: 无法加载模块:Public

[ 2018-05-03T13:22:27+08:00 ] 127.0.0.1 /ChildrenPlatform/Public/frontdesk/css/responsive.css.map
INFO: [ app_init ] --START--
INFO: Run Behavior\BuildLiteBehavior [ RunTime:0.000033s ]
INFO: [ app_init ] --END-- [ RunTime:0.000504s ]
ERR: 无法加载模块:Public

[ 2018-05-03T13:22:28+08:00 ] 127.0.0.1 /ChildrenPlatform/Public/frontdesk/css/theme.css.map
INFO: [ app_init ] --START--
INFO: Run Behavior\BuildLiteBehavior [ RunTime:0.000027s ]
INFO: [ app_init ] --END-- [ RunTime:0.000431s ]
ERR: 无法加载模块:Public

[ 2018-05-03T13:23:00+08:00 ] 127.0.0.1 /ChildrenPlatform/Public/ImgCropping/css/cropper.min.css.map
INFO: [ app_init ] --START--
INFO: Run Behavior\BuildLiteBehavior [ RunTime:0.000033s ]
INFO: [ app_init ] --END-- [ RunTime:0.000348s ]
ERR: 无法加载模块:Public

[ 2018-05-03T13:23:00+08:00 ] 127.0.0.1 /ChildrenPlatform/Public/frontdesk/css/responsive.css.map
INFO: [ app_init ] --START--
INFO: Run Behavior\BuildLiteBehavior [ RunTime:0.000045s ]
INFO: [ app_init ] --END-- [ RunTime:0.000395s ]
ERR: 无法加载模块:Public

[ 2018-05-03T13:23:00+08:00 ] 127.0.0.1 /ChildrenPlatform/Public/frontdesk/css/theme.css.map
INFO: [ app_init ] --START--
INFO: Run Behavior\BuildLiteBehavior [ RunTime:0.000026s ]
INFO: [ app_init ] --END-- [ RunTime:0.000537s ]
ERR: 无法加载模块:Public

[ 2018-05-03T13:26:30+08:00 ] 127.0.0.1 /ChildrenPlatform/Public/ImgCropping/css/cropper.min.css.map
INFO: [ app_init ] --START--
INFO: Run Behavior\BuildLiteBehavior [ RunTime:0.000023s ]
INFO: [ app_init ] --END-- [ RunTime:0.000321s ]
ERR: 无法加载模块:Public

[ 2018-05-03T13:26:30+08:00 ] 127.0.0.1 /ChildrenPlatform/Public/frontdesk/css/responsive.css.map
INFO: [ app_init ] --START--
INFO: Run Behavior\BuildLiteBehavior [ RunTime:0.000021s ]
INFO: [ app_init ] --END-- [ RunTime:0.000398s ]
ERR: 无法加载模块:Public

[ 2018-05-03T13:26:30+08:00 ] 127.0.0.1 /ChildrenPlatform/Public/frontdesk/css/theme.css.map
INFO: [ app_init ] --START--
INFO: Run Behavior\BuildLiteBehavior [ RunTime:0.000021s ]
INFO: [ app_init ] --END-- [ RunTime:0.000336s ]
ERR: 无法加载模块:Public

[ 2018-05-03T13:26:52+08:00 ] 127.0.0.1 /ChildrenPlatform/Public/ImgCropping/css/cropper.min.css.map
INFO: [ app_init ] --START--
INFO: Run Behavior\BuildLiteBehavior [ RunTime:0.000024s ]
INFO: [ app_init ] --END-- [ RunTime:0.000360s ]
ERR: 无法加载模块:Public

[ 2018-05-03T13:26:52+08:00 ] 127.0.0.1 /ChildrenPlatform/Public/frontdesk/css/responsive.css.map
INFO: [ app_init ] --START--
INFO: Run Behavior\BuildLiteBehavior [ RunTime:0.000028s ]
INFO: [ app_init ] --END-- [ RunTime:0.000441s ]
ERR: 无法加载模块:Public

[ 2018-05-03T13:26:52+08:00 ] 127.0.0.1 /ChildrenPlatform/Public/frontdesk/css/theme.css.map
INFO: [ app_init ] --START--
INFO: Run Behavior\BuildLiteBehavior [ RunTime:0.000046s ]
INFO: [ app_init ] --END-- [ RunTime:0.001292s ]
ERR: 无法加载模块:Public

[ 2018-05-03T13:27:07+08:00 ] 127.0.0.1 /ChildrenPlatform/Public/ImgCropping/css/cropper.min.css.map
INFO: [ app_init ] --START--
INFO: Run Behavior\BuildLiteBehavior [ RunTime:0.000042s ]
INFO: [ app_init ] --END-- [ RunTime:0.000467s ]
ERR: 无法加载模块:Public

[ 2018-05-03T13:27:07+08:00 ] 127.0.0.1 /ChildrenPlatform/Public/frontdesk/css/responsive.css.map
INFO: [ app_init ] --START--
INFO: Run Behavior\BuildLiteBehavior [ RunTime:0.000033s ]
INFO: [ app_init ] --END-- [ RunTime:0.000500s ]
ERR: 无法加载模块:Public

[ 2018-05-03T13:27:07+08:00 ] 127.0.0.1 /ChildrenPlatform/Public/frontdesk/css/theme.css.map
INFO: [ app_init ] --START--
INFO: Run Behavior\BuildLiteBehavior [ RunTime:0.000021s ]
INFO: [ app_init ] --END-- [ RunTime:0.000365s ]
ERR: 无法加载模块:Public

[ 2018-05-03T13:44:40+08:00 ] 127.0.0.1 /ChildrenPlatform/Public/ImgCropping/css/cropper.min.css.map
INFO: [ app_init ] --START--
INFO: Run Behavior\BuildLiteBehavior [ RunTime:0.000034s ]
INFO: [ app_init ] --END-- [ RunTime:0.000602s ]
ERR: 无法加载模块:Public

[ 2018-05-03T13:44:40+08:00 ] 127.0.0.1 /ChildrenPlatform/Public/frontdesk/css/responsive.css.map
INFO: [ app_init ] --START--
INFO: Run Behavior\BuildLiteBehavior [ RunTime:0.000033s ]
INFO: [ app_init ] --END-- [ RunTime:0.000421s ]
ERR: 无法加载模块:Public

[ 2018-05-03T13:44:40+08:00 ] 127.0.0.1 /ChildrenPlatform/Public/frontdesk/css/theme.css.map
INFO: [ app_init ] --START--
INFO: Run Behavior\BuildLiteBehavior [ RunTime:0.000021s ]
INFO: [ app_init ] --END-- [ RunTime:0.000351s ]
ERR: 无法加载模块:Public

[ 2018-05-03T13:45:07+08:00 ] 127.0.0.1 /ChildrenPlatform/Public/ImgCropping/css/cropper.min.css.map
INFO: [ app_init ] --START--
INFO: Run Behavior\BuildLiteBehavior [ RunTime:0.000026s ]
INFO: [ app_init ] --END-- [ RunTime:0.000413s ]
ERR: 无法加载模块:Public

[ 2018-05-03T13:45:07+08:00 ] 127.0.0.1 /ChildrenPlatform/Public/frontdesk/css/responsive.css.map
INFO: [ app_init ] --START--
INFO: Run Behavior\BuildLiteBehavior [ RunTime:0.000033s ]
INFO: [ app_init ] --END-- [ RunTime:0.000507s ]
ERR: 无法加载模块:Public

[ 2018-05-03T13:45:07+08:00 ] 127.0.0.1 /ChildrenPlatform/Public/frontdesk/css/theme.css.map
INFO: [ app_init ] --START--
INFO: Run Behavior\BuildLiteBehavior [ RunTime:0.000021s ]
INFO: [ app_init ] --END-- [ RunTime:0.000326s ]
ERR: 无法加载模块:Public

[ 2018-05-03T13:47:08+08:00 ] 127.0.0.1 /ChildrenPlatform/Public/ImgCropping/css/cropper.min.css.map
INFO: [ app_init ] --START--
INFO: Run Behavior\BuildLiteBehavior [ RunTime:0.000036s ]
INFO: [ app_init ] --END-- [ RunTime:0.000503s ]
ERR: 无法加载模块:Public

[ 2018-05-03T13:47:08+08:00 ] 127.0.0.1 /ChildrenPlatform/Public/frontdesk/css/responsive.css.map
INFO: [ app_init ] --START--
INFO: Run Behavior\BuildLiteBehavior [ RunTime:0.000033s ]
INFO: [ app_init ] --END-- [ RunTime:0.000540s ]
ERR: 无法加载模块:Public

[ 2018-05-03T13:47:09+08:00 ] 127.0.0.1 /ChildrenPlatform/Public/frontdesk/css/theme.css.map
INFO: [ app_init ] --START--
INFO: Run Behavior\BuildLiteBehavior [ RunTime:0.000020s ]
INFO: [ app_init ] --END-- [ RunTime:0.000454s ]
ERR: 无法加载模块:Public

[ 2018-05-03T13:47:13+08:00 ] 127.0.0.1 /ChildrenPlatform/Public/frontdesk/css/responsive.css.map
INFO: [ app_init ] --START--
INFO: Run Behavior\BuildLiteBehavior [ RunTime:0.000034s ]
INFO: [ app_init ] --END-- [ RunTime:0.000567s ]
ERR: 无法加载模块:Public

