[ 2018-03-28T19:05:53+08:00 ] 127.0.0.1 /ChildrenPlatform/Public/uploads/carousel_image/5a090f2e844bb.jpg
INFO: [ app_init ] --START--
INFO: Run Behavior\BuildLiteBehavior [ RunTime:0.000042s ]
INFO: [ app_init ] --END-- [ RunTime:0.000612s ]
ERR: 无法加载模块:Public

[ 2018-03-28T19:05:53+08:00 ] 127.0.0.1 /ChildrenPlatform/Public/uploads/carousel_image/59ffcade90e8e.jpg
INFO: [ app_init ] --START--
INFO: Run Behavior\BuildLiteBehavior [ RunTime:0.000021s ]
INFO: [ app_init ] --END-- [ RunTime:0.000458s ]
ERR: 无法加载模块:Public

[ 2018-03-28T19:05:53+08:00 ] 127.0.0.1 /ChildrenPlatform/Public/uploads/carousel_image/59fad49d1d655.jpg
INFO: [ app_init ] --START--
INFO: Run Behavior\BuildLiteBehavior [ RunTime:0.000072s ]
INFO: [ app_init ] --END-- [ RunTime:0.000488s ]
ERR: 无法加载模块:Public

[ 2018-03-28T19:08:31+08:00 ] 127.0.0.1 /ChildrenPlatform/Public/Uploads/itempic/
INFO: [ app_init ] --START--
INFO: Run Behavior\BuildLiteBehavior [ RunTime:0.000025s ]
INFO: [ app_init ] --END-- [ RunTime:0.000445s ]
ERR: 无法加载模块:Public

[ 2018-03-28T19:09:42+08:00 ] 127.0.0.1 /ChildrenPlatform/Public/Uploads/itempic/
INFO: [ app_init ] --START--
INFO: Run Behavior\BuildLiteBehavior [ RunTime:0.000021s ]
INFO: [ app_init ] --END-- [ RunTime:0.000446s ]
ERR: 无法加载模块:Public

[ 2018-03-28T19:09:44+08:00 ] 127.0.0.1 /ChildrenPlatform/Public/Uploads/itempic/
INFO: [ app_init ] --START--
INFO: Run Behavior\BuildLiteBehavior [ RunTime:0.000021s ]
INFO: [ app_init ] --END-- [ RunTime:0.000443s ]
ERR: 无法加载模块:Public

[ 2018-03-28T19:10:49+08:00 ] 127.0.0.1 /ChildrenPlatform/Public/Uploads/itempic/
INFO: [ app_init ] --START--
INFO: Run Behavior\BuildLiteBehavior [ RunTime:0.000034s ]
INFO: [ app_init ] --END-- [ RunTime:0.000589s ]
ERR: 无法加载模块:Public

[ 2018-03-28T19:13:52+08:00 ] 127.0.0.1 /ChildrenPlatform/Public/Uploads/itempic/
INFO: [ app_init ] --START--
INFO: Run Behavior\BuildLiteBehavior [ RunTime:0.000022s ]
INFO: [ app_init ] --END-- [ RunTime:0.000528s ]
ERR: 无法加载模块:Public

[ 2018-03-28T19:15:04+08:00 ] 127.0.0.1 /ChildrenPlatform/Public/Uploads/itempic/
INFO: [ app_init ] --START--
INFO: Run Behavior\BuildLiteBehavior [ RunTime:0.000022s ]
INFO: [ app_init ] --END-- [ RunTime:0.000434s ]
ERR: 无法加载模块:Public

[ 2018-03-28T19:16:22+08:00 ] 127.0.0.1 /ChildrenPlatform/Public/Uploads/itempic/
INFO: [ app_init ] --START--
INFO: Run Behavior\BuildLiteBehavior [ RunTime:0.000024s ]
INFO: [ app_init ] --END-- [ RunTime:0.000425s ]
ERR: 无法加载模块:Public

[ 2018-03-28T19:17:04+08:00 ] 127.0.0.1 /ChildrenPlatform/Public/Uploads/itempic/
INFO: [ app_init ] --START--
INFO: Run Behavior\BuildLiteBehavior [ RunTime:0.000026s ]
INFO: [ app_init ] --END-- [ RunTime:0.000469s ]
ERR: 无法加载模块:Public

[ 2018-03-28T22:05:20+08:00 ] 127.0.0.1 /ChildrenPlatform/Public/Uploads/itempic/
INFO: [ app_init ] --START--
INFO: Run Behavior\BuildLiteBehavior [ RunTime:0.000028s ]
INFO: [ app_init ] --END-- [ RunTime:0.000433s ]
ERR: 无法加载模块:Public

[ 2018-03-28T22:10:50+08:00 ] 127.0.0.1 /ChildrenPlatform/Public/Uploads/itempic/
INFO: [ app_init ] --START--
INFO: Run Behavior\BuildLiteBehavior [ RunTime:0.000033s ]
INFO: [ app_init ] --END-- [ RunTime:0.000602s ]
ERR: 无法加载模块:Public

[ 2018-03-28T22:11:15+08:00 ] 127.0.0.1 /ChildrenPlatform/Public/Uploads/itempic/
INFO: [ app_init ] --START--
INFO: Run Behavior\BuildLiteBehavior [ RunTime:0.000039s ]
INFO: [ app_init ] --END-- [ RunTime:0.000650s ]
ERR: 无法加载模块:Public

