[ 2018-04-02T19:43:11+08:00 ] 192.168.191.1 /ChildrenPlatform/Public/uploads/userpic/null
INFO: [ app_init ] --START--
INFO: Run Behavior\BuildLiteBehavior [ RunTime:0.000021s ]
INFO: [ app_init ] --END-- [ RunTime:0.000372s ]
ERR: 无法加载模块:Public

[ 2018-04-02T20:11:14+08:00 ] 192.168.191.1 /ChildrenPlatform/Public/uploads/userpic/10.jpg
INFO: [ app_init ] --START--
INFO: Run Behavior\BuildLiteBehavior [ RunTime:0.000021s ]
INFO: [ app_init ] --END-- [ RunTime:0.000429s ]
ERR: 无法加载模块:Public

[ 2018-04-02T20:11:14+08:00 ] 192.168.191.1 /ChildrenPlatform/Public/uploads/userpic/10.jpg
INFO: [ app_init ] --START--
INFO: Run Behavior\BuildLiteBehavior [ RunTime:0.000019s ]
INFO: [ app_init ] --END-- [ RunTime:0.000352s ]
ERR: 无法加载模块:Public

[ 2018-04-02T20:11:25+08:00 ] 192.168.191.1 /ChildrenPlatform/Public/uploads/userpic/10.jpg
INFO: [ app_init ] --START--
INFO: Run Behavior\BuildLiteBehavior [ RunTime:0.000043s ]
INFO: [ app_init ] --END-- [ RunTime:0.000437s ]
ERR: 无法加载模块:Public

[ 2018-04-02T20:11:26+08:00 ] 192.168.191.1 /ChildrenPlatform/Public/uploads/userpic/10.jpg
INFO: [ app_init ] --START--
INFO: Run Behavior\BuildLiteBehavior [ RunTime:0.000027s ]
INFO: [ app_init ] --END-- [ RunTime:0.000439s ]
ERR: 无法加载模块:Public

[ 2018-04-02T20:13:27+08:00 ] 192.168.191.1 /ChildrenPlatform/Public/uploads/userpic/10.jpg
INFO: [ app_init ] --START--
INFO: Run Behavior\BuildLiteBehavior [ RunTime:0.000026s ]
INFO: [ app_init ] --END-- [ RunTime:0.000379s ]
ERR: 无法加载模块:Public

[ 2018-04-02T20:30:23+08:00 ] 192.168.191.1 /ChildrenPlatform/Public/uploads/itempic/null
INFO: [ app_init ] --START--
INFO: Run Behavior\BuildLiteBehavior [ RunTime:0.000028s ]
INFO: [ app_init ] --END-- [ RunTime:0.000480s ]
ERR: 无法加载模块:Public

[ 2018-04-02T20:30:23+08:00 ] 192.168.191.1 /ChildrenPlatform/Public/uploads/itempic/null
INFO: [ app_init ] --START--
INFO: Run Behavior\BuildLiteBehavior [ RunTime:0.000020s ]
INFO: [ app_init ] --END-- [ RunTime:0.000339s ]
ERR: 无法加载模块:Public

[ 2018-04-02T20:30:27+08:00 ] 192.168.191.1 /ChildrenPlatform/Public/uploads/itempic/null
INFO: [ app_init ] --START--
INFO: Run Behavior\BuildLiteBehavior [ RunTime:0.000030s ]
INFO: [ app_init ] --END-- [ RunTime:0.000532s ]
ERR: 无法加载模块:Public

[ 2018-04-02T20:30:27+08:00 ] 192.168.191.1 /ChildrenPlatform/Public/uploads/itempic/null
INFO: [ app_init ] --START--
INFO: Run Behavior\BuildLiteBehavior [ RunTime:0.000021s ]
INFO: [ app_init ] --END-- [ RunTime:0.000362s ]
ERR: 无法加载模块:Public

