[ 2018-04-01T19:13:23+08:00 ] 127.0.0.1 /ChildrenPlatform/Public/uploads/itempic/
INFO: [ app_init ] --START--
INFO: Run Behavior\BuildLiteBehavior [ RunTime:0.000024s ]
INFO: [ app_init ] --END-- [ RunTime:0.000386s ]
ERR: 无法加载模块:Public

[ 2018-04-01T19:14:56+08:00 ] 127.0.0.1 /ChildrenPlatform/Public/uploads/itempic/
INFO: [ app_init ] --START--
INFO: Run Behavior\BuildLiteBehavior [ RunTime:0.000039s ]
INFO: [ app_init ] --END-- [ RunTime:0.000727s ]
ERR: 无法加载模块:Public

[ 2018-04-01T19:15:21+08:00 ] 127.0.0.1 /ChildrenPlatform/Public/uploads/itempic/5a090c95aa67e.jpg
INFO: [ app_init ] --START--
INFO: Run Behavior\BuildLiteBehavior [ RunTime:0.000038s ]
INFO: [ app_init ] --END-- [ RunTime:0.000583s ]
ERR: 无法加载模块:Public

[ 2018-04-01T19:15:21+08:00 ] 127.0.0.1 /ChildrenPlatform/Public/uploads/itempic/5a090ba9c0b72.jpg
INFO: [ app_init ] --START--
INFO: Run Behavior\BuildLiteBehavior [ RunTime:0.000031s ]
INFO: [ app_init ] --END-- [ RunTime:0.000533s ]
ERR: 无法加载模块:Public

[ 2018-04-01T19:15:21+08:00 ] 127.0.0.1 /ChildrenPlatform/Public/uploads/itempic/5a0908e0cede7.jpg
INFO: [ app_init ] --START--
INFO: Run Behavior\BuildLiteBehavior [ RunTime:0.000045s ]
INFO: [ app_init ] --END-- [ RunTime:0.000762s ]
ERR: 无法加载模块:Public

[ 2018-04-01T19:15:21+08:00 ] 127.0.0.1 /ChildrenPlatform/Public/uploads/itempic/
INFO: [ app_init ] --START--
INFO: Run Behavior\BuildLiteBehavior [ RunTime:0.000020s ]
INFO: [ app_init ] --END-- [ RunTime:0.000362s ]
ERR: 无法加载模块:Public

[ 2018-04-01T19:15:39+08:00 ] 127.0.0.1 /ChildrenPlatform/Public/uploads/itempic/
INFO: [ app_init ] --START--
INFO: Run Behavior\BuildLiteBehavior [ RunTime:0.000032s ]
INFO: [ app_init ] --END-- [ RunTime:0.000490s ]
ERR: 无法加载模块:Public

[ 2018-04-01T19:15:53+08:00 ] 127.0.0.1 /ChildrenPlatform/Public/uploads/itempic/
INFO: [ app_init ] --START--
INFO: Run Behavior\BuildLiteBehavior [ RunTime:0.000036s ]
INFO: [ app_init ] --END-- [ RunTime:0.000603s ]
ERR: 无法加载模块:Public

[ 2018-04-01T19:16:11+08:00 ] 127.0.0.1 /ChildrenPlatform/Public/uploads/itempic/
INFO: [ app_init ] --START--
INFO: Run Behavior\BuildLiteBehavior [ RunTime:0.000021s ]
INFO: [ app_init ] --END-- [ RunTime:0.000371s ]
ERR: 无法加载模块:Public

[ 2018-04-01T19:32:20+08:00 ] 127.0.0.1 /ChildrenPlatform/Public/uploads/itempic/
INFO: [ app_init ] --START--
INFO: Run Behavior\BuildLiteBehavior [ RunTime:0.000053s ]
INFO: [ app_init ] --END-- [ RunTime:0.000752s ]
ERR: 无法加载模块:Public

[ 2018-04-01T20:09:19+08:00 ] 127.0.0.1 /ChildrenPlatform/Public/Uploads/itempic/
INFO: [ app_init ] --START--
INFO: Run Behavior\BuildLiteBehavior [ RunTime:0.000021s ]
INFO: [ app_init ] --END-- [ RunTime:0.000404s ]
ERR: 无法加载模块:Public

