[ 2018-05-02T12:43:10+08:00 ] 127.0.0.1 /ChildrenPlatform/Public/frontdesk/css/responsive.css.map
INFO: [ app_init ] --START--
INFO: Run Behavior\BuildLiteBehavior [ RunTime:0.000030s ]
INFO: [ app_init ] --END-- [ RunTime:0.000447s ]
ERR: 无法加载模块:Public

[ 2018-05-02T12:43:10+08:00 ] 127.0.0.1 /ChildrenPlatform/Public/ImgCropping/css/cropper.min.css.map
INFO: [ app_init ] --START--
INFO: Run Behavior\BuildLiteBehavior [ RunTime:0.000023s ]
INFO: [ app_init ] --END-- [ RunTime:0.000452s ]
ERR: 无法加载模块:Public

[ 2018-05-02T12:57:33+08:00 ] 127.0.0.1 /ChildrenPlatform/Public/frontdesk/css/theme.css.map
INFO: [ app_init ] --START--
INFO: Run Behavior\BuildLiteBehavior [ RunTime:0.000019s ]
INFO: [ app_init ] --END-- [ RunTime:0.000329s ]
ERR: 无法加载模块:Public

[ 2018-05-02T12:57:33+08:00 ] 127.0.0.1 /ChildrenPlatform/Public/frontdesk/css/responsive.css.map
INFO: [ app_init ] --START--
INFO: Run Behavior\BuildLiteBehavior [ RunTime:0.000029s ]
INFO: [ app_init ] --END-- [ RunTime:0.000464s ]
ERR: 无法加载模块:Public

[ 2018-05-02T12:57:33+08:00 ] 127.0.0.1 /ChildrenPlatform/Public/ImgCropping/css/cropper.min.css.map
INFO: [ app_init ] --START--
INFO: Run Behavior\BuildLiteBehavior [ RunTime:0.000027s ]
INFO: [ app_init ] --END-- [ RunTime:0.000493s ]
ERR: 无法加载模块:Public

[ 2018-05-02T13:05:16+08:00 ] 127.0.0.1 /ChildrenPlatform/Public/ImgCropping/css/cropper.min.css.map
INFO: [ app_init ] --START--
INFO: Run Behavior\BuildLiteBehavior [ RunTime:0.000026s ]
INFO: [ app_init ] --END-- [ RunTime:0.000465s ]
ERR: 无法加载模块:Public

[ 2018-05-02T13:05:16+08:00 ] 127.0.0.1 /ChildrenPlatform/Public/frontdesk/css/responsive.css.map
INFO: [ app_init ] --START--
INFO: Run Behavior\BuildLiteBehavior [ RunTime:0.000028s ]
INFO: [ app_init ] --END-- [ RunTime:0.000513s ]
ERR: 无法加载模块:Public

[ 2018-05-02T13:05:16+08:00 ] 127.0.0.1 /ChildrenPlatform/Public/frontdesk/css/theme.css.map
INFO: [ app_init ] --START--
INFO: Run Behavior\BuildLiteBehavior [ RunTime:0.000017s ]
INFO: [ app_init ] --END-- [ RunTime:0.000483s ]
ERR: 无法加载模块:Public

