[ 2017-11-14T08:41:27+08:00 ] 127.0.0.1 /ChildrenPlatform/Admin/Project/prodetail/id/19
INFO: [ app_init ] --START--
INFO: Run Behavior\BuildLiteBehavior [ RunTime:0.000092s ]
INFO: [ app_init ] --END-- [ RunTime:0.002141s ]
INFO: [ app_begin ] --START--
INFO: Run Behavior\ReadHtmlCacheBehavior [ RunTime:0.022718s ]
INFO: [ app_begin ] --END-- [ RunTime:0.022998s ]

[ 2017-11-14T08:41:27+08:00 ] 127.0.0.1 /ChildrenPlatform/Admin/Index/login.html
INFO: [ app_init ] --START--
INFO: Run Behavior\BuildLiteBehavior [ RunTime:0.000032s ]
INFO: [ app_init ] --END-- [ RunTime:0.000551s ]
INFO: [ app_begin ] --START--
INFO: Run Behavior\ReadHtmlCacheBehavior [ RunTime:0.000938s ]
INFO: [ app_begin ] --END-- [ RunTime:0.001175s ]
INFO: [ view_parse ] --START--
INFO: [ template_filter ] --START--
INFO: Run Behavior\ContentReplaceBehavior [ RunTime:0.000377s ]
INFO: [ template_filter ] --END-- [ RunTime:0.000730s ]
INFO: Run Behavior\ParseTemplateBehavior [ RunTime:0.183449s ]
INFO: [ view_parse ] --END-- [ RunTime:0.183769s ]
INFO: [ view_filter ] --START--
INFO: Run Behavior\WriteHtmlCacheBehavior [ RunTime:0.012632s ]
INFO: [ view_filter ] --END-- [ RunTime:0.013009s ]
INFO: [ app_end ] --START--
INFO: Run Behavior\ShowPageTraceBehavior [ RunTime:0.013215s ]
INFO: [ app_end ] --END-- [ RunTime:0.013571s ]

[ 2017-11-14T09:28:44+08:00 ] 127.0.0.1 /ChildrenPlatform/Admin/Project/prolist
INFO: [ app_init ] --START--
INFO: Run Behavior\BuildLiteBehavior [ RunTime:0.000035s ]
INFO: [ app_init ] --END-- [ RunTime:0.000644s ]
INFO: [ app_begin ] --START--
INFO: Run Behavior\ReadHtmlCacheBehavior [ RunTime:0.000816s ]
INFO: [ app_begin ] --END-- [ RunTime:0.000969s ]

[ 2017-11-14T09:28:44+08:00 ] 127.0.0.1 /ChildrenPlatform/Admin/Index/login.html
INFO: [ app_init ] --START--
INFO: Run Behavior\BuildLiteBehavior [ RunTime:0.000019s ]
INFO: [ app_init ] --END-- [ RunTime:0.000330s ]
INFO: [ app_begin ] --START--
INFO: Run Behavior\ReadHtmlCacheBehavior [ RunTime:0.000378s ]
INFO: [ app_begin ] --END-- [ RunTime:0.000465s ]
INFO: [ view_parse ] --START--
INFO: [ template_filter ] --START--
INFO: Run Behavior\ContentReplaceBehavior [ RunTime:0.000088s ]
INFO: [ template_filter ] --END-- [ RunTime:0.000206s ]
INFO: Run Behavior\ParseTemplateBehavior [ RunTime:0.006241s ]
INFO: [ view_parse ] --END-- [ RunTime:0.006330s ]
INFO: [ view_filter ] --START--
INFO: Run Behavior\WriteHtmlCacheBehavior [ RunTime:0.000278s ]
INFO: [ view_filter ] --END-- [ RunTime:0.000352s ]
INFO: [ app_end ] --START--
INFO: Run Behavior\ShowPageTraceBehavior [ RunTime:0.000548s ]
INFO: [ app_end ] --END-- [ RunTime:0.000627s ]

[ 2017-11-14T09:28:53+08:00 ] 127.0.0.1 /ChildrenPlatform/Admin/Index/checkLogin
INFO: [ app_init ] --START--
INFO: Run Behavior\BuildLiteBehavior [ RunTime:0.000026s ]
INFO: [ app_init ] --END-- [ RunTime:0.000493s ]
INFO: [ app_begin ] --START--
INFO: Run Behavior\ReadHtmlCacheBehavior [ RunTime:0.000631s ]
INFO: [ app_begin ] --END-- [ RunTime:0.000737s ]
SQL: SHOW COLUMNS FROM `admin` [ RunTime:0.0933s ]
SQL: SELECT * FROM `admin` WHERE `username` = 'root' AND `password` = '675e192c556ac6a22abdcc8e57c25935'  [ RunTime:0.0008s ]
NOTIC: [8] Use of undefined constant json - assumed 'json' E:\wamp\www\ChildrenPlatform\Application\Admin\Controller\IndexController.class.php 第 37 行.

[ 2017-11-14T09:28:57+08:00 ] 127.0.0.1 /ChildrenPlatform/Admin/Index/index.html
INFO: [ app_init ] --START--
INFO: Run Behavior\BuildLiteBehavior [ RunTime:0.000034s ]
INFO: [ app_init ] --END-- [ RunTime:0.000426s ]
INFO: [ app_begin ] --START--
INFO: Run Behavior\ReadHtmlCacheBehavior [ RunTime:0.000518s ]
INFO: [ app_begin ] --END-- [ RunTime:0.000631s ]
SQL: SHOW COLUMNS FROM `index` [ RunTime:0.0509s ]
SQL: SELECT `pageview` FROM `index` WHERE ( id = 1 ) LIMIT 1   [ RunTime:0.0006s ]
SQL: SHOW COLUMNS FROM `items` [ RunTime:0.0165s ]
SQL: SELECT COUNT(*) AS tp_count FROM `items` LIMIT 1   [ RunTime:0.0005s ]
SQL: SHOW COLUMNS FROM `comment` [ RunTime:0.0549s ]
SQL: SELECT COUNT(*) AS tp_count FROM `comment` LIMIT 1   [ RunTime:0.0008s ]
SQL: SHOW COLUMNS FROM `user` [ RunTime:0.0686s ]
SQL: SELECT COUNT(*) AS tp_count FROM `user` LIMIT 1   [ RunTime:0.0015s ]
INFO: [ view_parse ] --START--
INFO: [ template_filter ] --START--
INFO: Run Behavior\ContentReplaceBehavior [ RunTime:0.000195s ]
INFO: [ template_filter ] --END-- [ RunTime:0.000341s ]
INFO: Run Behavior\ParseTemplateBehavior [ RunTime:0.016995s ]
INFO: [ view_parse ] --END-- [ RunTime:0.017149s ]
INFO: [ view_filter ] --START--
INFO: Run Behavior\WriteHtmlCacheBehavior [ RunTime:0.000493s ]
INFO: [ view_filter ] --END-- [ RunTime:0.000626s ]
INFO: [ app_end ] --START--
INFO: Run Behavior\ShowPageTraceBehavior [ RunTime:0.000901s ]
INFO: [ app_end ] --END-- [ RunTime:0.001036s ]

[ 2017-11-14T09:29:00+08:00 ] 127.0.0.1 /ChildrenPlatform/Admin/Comment/commentlist.html
INFO: [ app_init ] --START--
INFO: Run Behavior\BuildLiteBehavior [ RunTime:0.000028s ]
INFO: [ app_init ] --END-- [ RunTime:0.000485s ]
INFO: [ app_begin ] --START--
INFO: Run Behavior\ReadHtmlCacheBehavior [ RunTime:0.000521s ]
INFO: [ app_begin ] --END-- [ RunTime:0.000641s ]
INFO: [ view_parse ] --START--
INFO: [ template_filter ] --START--
INFO: Run Behavior\ContentReplaceBehavior [ RunTime:0.000140s ]
INFO: [ template_filter ] --END-- [ RunTime:0.000243s ]
NOTIC: [8] Undefined variable: carousel E:\wamp\www\ChildrenPlatform\Application\Runtime\Cache\Admin\73f46d9eab9f56d6a04097b5b23b9b30.php 第 321 行.
INFO: Run Behavior\ParseTemplateBehavior [ RunTime:0.012943s ]
INFO: [ view_parse ] --END-- [ RunTime:0.013035s ]
INFO: [ view_filter ] --START--
INFO: Run Behavior\WriteHtmlCacheBehavior [ RunTime:0.000313s ]
INFO: [ view_filter ] --END-- [ RunTime:0.000386s ]
INFO: [ app_end ] --START--
INFO: Run Behavior\ShowPageTraceBehavior [ RunTime:0.000558s ]
INFO: [ app_end ] --END-- [ RunTime:0.000639s ]

[ 2017-11-14T09:29:04+08:00 ] 127.0.0.1 /ChildrenPlatform/Admin/Comment/commentlist.html
INFO: [ app_init ] --START--
INFO: Run Behavior\BuildLiteBehavior [ RunTime:0.000042s ]
INFO: [ app_init ] --END-- [ RunTime:0.000717s ]
INFO: [ app_begin ] --START--
INFO: Run Behavior\ReadHtmlCacheBehavior [ RunTime:0.000679s ]
INFO: [ app_begin ] --END-- [ RunTime:0.000800s ]
INFO: [ view_parse ] --START--
INFO: [ template_filter ] --START--
INFO: Run Behavior\ContentReplaceBehavior [ RunTime:0.000128s ]
INFO: [ template_filter ] --END-- [ RunTime:0.000232s ]
NOTIC: [8] Undefined variable: carousel E:\wamp\www\ChildrenPlatform\Application\Runtime\Cache\Admin\73f46d9eab9f56d6a04097b5b23b9b30.php 第 321 行.
INFO: Run Behavior\ParseTemplateBehavior [ RunTime:0.019819s ]
INFO: [ view_parse ] --END-- [ RunTime:0.019912s ]
INFO: [ view_filter ] --START--
INFO: Run Behavior\WriteHtmlCacheBehavior [ RunTime:0.000297s ]
INFO: [ view_filter ] --END-- [ RunTime:0.000370s ]
INFO: [ app_end ] --START--
INFO: Run Behavior\ShowPageTraceBehavior [ RunTime:0.000513s ]
INFO: [ app_end ] --END-- [ RunTime:0.000593s ]

[ 2017-11-14T09:29:40+08:00 ] 127.0.0.1 /ChildrenPlatform/Admin/Comment/commentlist.html
INFO: [ app_init ] --START--
INFO: Run Behavior\BuildLiteBehavior [ RunTime:0.000035s ]
INFO: [ app_init ] --END-- [ RunTime:0.000546s ]
INFO: [ app_begin ] --START--
INFO: Run Behavior\ReadHtmlCacheBehavior [ RunTime:0.000522s ]
INFO: [ app_begin ] --END-- [ RunTime:0.000641s ]
INFO: [ view_parse ] --START--
INFO: [ template_filter ] --START--
INFO: Run Behavior\ContentReplaceBehavior [ RunTime:0.000141s ]
INFO: [ template_filter ] --END-- [ RunTime:0.000262s ]
NOTIC: [8] Undefined variable: carousel E:\wamp\www\ChildrenPlatform\Application\Runtime\Cache\Admin\73f46d9eab9f56d6a04097b5b23b9b30.php 第 321 行.
INFO: Run Behavior\ParseTemplateBehavior [ RunTime:0.015936s ]
INFO: [ view_parse ] --END-- [ RunTime:0.016077s ]
INFO: [ view_filter ] --START--
INFO: Run Behavior\WriteHtmlCacheBehavior [ RunTime:0.000424s ]
INFO: [ view_filter ] --END-- [ RunTime:0.000560s ]
INFO: [ app_end ] --START--
INFO: Run Behavior\ShowPageTraceBehavior [ RunTime:0.000677s ]
INFO: [ app_end ] --END-- [ RunTime:0.000779s ]

[ 2017-11-14T09:29:44+08:00 ] 127.0.0.1 /ChildrenPlatform/Admin/Comment/commentlist.html
INFO: [ app_init ] --START--
INFO: Run Behavior\BuildLiteBehavior [ RunTime:0.000023s ]
INFO: [ app_init ] --END-- [ RunTime:0.000351s ]
INFO: [ app_begin ] --START--
INFO: Run Behavior\ReadHtmlCacheBehavior [ RunTime:0.000536s ]
INFO: [ app_begin ] --END-- [ RunTime:0.000686s ]
INFO: [ view_parse ] --START--
INFO: [ template_filter ] --START--
INFO: Run Behavior\ContentReplaceBehavior [ RunTime:0.000130s ]
INFO: [ template_filter ] --END-- [ RunTime:0.000240s ]
NOTIC: [8] Undefined variable: carousel E:\wamp\www\ChildrenPlatform\Application\Runtime\Cache\Admin\73f46d9eab9f56d6a04097b5b23b9b30.php 第 321 行.
INFO: Run Behavior\ParseTemplateBehavior [ RunTime:0.015586s ]
INFO: [ view_parse ] --END-- [ RunTime:0.015698s ]
INFO: [ view_filter ] --START--
INFO: Run Behavior\WriteHtmlCacheBehavior [ RunTime:0.000342s ]
INFO: [ view_filter ] --END-- [ RunTime:0.000435s ]
INFO: [ app_end ] --START--
INFO: Run Behavior\ShowPageTraceBehavior [ RunTime:0.000571s ]
INFO: [ app_end ] --END-- [ RunTime:0.000664s ]

[ 2017-11-14T09:29:57+08:00 ] 127.0.0.1 /ChildrenPlatform/Admin/Comment/commentlist.html
INFO: [ app_init ] --START--
INFO: Run Behavior\BuildLiteBehavior [ RunTime:0.000051s ]
INFO: [ app_init ] --END-- [ RunTime:0.000503s ]
INFO: [ app_begin ] --START--
INFO: Run Behavior\ReadHtmlCacheBehavior [ RunTime:0.000401s ]
INFO: [ app_begin ] --END-- [ RunTime:0.000495s ]
INFO: [ view_parse ] --START--
INFO: [ template_filter ] --START--
INFO: Run Behavior\ContentReplaceBehavior [ RunTime:0.000132s ]
INFO: [ template_filter ] --END-- [ RunTime:0.000247s ]
NOTIC: [8] Undefined variable: carousel E:\wamp\www\ChildrenPlatform\Application\Runtime\Cache\Admin\73f46d9eab9f56d6a04097b5b23b9b30.php 第 321 行.
INFO: Run Behavior\ParseTemplateBehavior [ RunTime:0.013253s ]
INFO: [ view_parse ] --END-- [ RunTime:0.013352s ]
INFO: [ view_filter ] --START--
INFO: Run Behavior\WriteHtmlCacheBehavior [ RunTime:0.000270s ]
INFO: [ view_filter ] --END-- [ RunTime:0.000360s ]
INFO: [ app_end ] --START--
INFO: Run Behavior\ShowPageTraceBehavior [ RunTime:0.000535s ]
INFO: [ app_end ] --END-- [ RunTime:0.000616s ]

[ 2017-11-14T09:33:04+08:00 ] 127.0.0.1 /ChildrenPlatform/Admin/Comment/commentlist.html
INFO: [ app_init ] --START--
INFO: Run Behavior\BuildLiteBehavior [ RunTime:0.000041s ]
INFO: [ app_init ] --END-- [ RunTime:0.000806s ]
INFO: [ app_begin ] --START--
INFO: Run Behavior\ReadHtmlCacheBehavior [ RunTime:0.001012s ]
INFO: [ app_begin ] --END-- [ RunTime:0.001191s ]
INFO: [ view_parse ] --START--
INFO: [ template_filter ] --START--
INFO: Run Behavior\ContentReplaceBehavior [ RunTime:0.000132s ]
INFO: [ template_filter ] --END-- [ RunTime:0.000227s ]
NOTIC: [8] Undefined variable: carousel E:\wamp\www\ChildrenPlatform\Application\Runtime\Cache\Admin\73f46d9eab9f56d6a04097b5b23b9b30.php 第 320 行.
INFO: Run Behavior\ParseTemplateBehavior [ RunTime:0.017539s ]
INFO: [ view_parse ] --END-- [ RunTime:0.017672s ]
INFO: [ view_filter ] --START--
INFO: Run Behavior\WriteHtmlCacheBehavior [ RunTime:0.000306s ]
INFO: [ view_filter ] --END-- [ RunTime:0.000382s ]
INFO: [ app_end ] --START--
INFO: Run Behavior\ShowPageTraceBehavior [ RunTime:0.000524s ]
INFO: [ app_end ] --END-- [ RunTime:0.000606s ]

[ 2017-11-14T09:35:09+08:00 ] 127.0.0.1 /ChildrenPlatform/Admin/Comment/commentlist.html
INFO: [ app_init ] --START--
INFO: Run Behavior\BuildLiteBehavior [ RunTime:0.000032s ]
INFO: [ app_init ] --END-- [ RunTime:0.000528s ]
INFO: [ app_begin ] --START--
INFO: Run Behavior\ReadHtmlCacheBehavior [ RunTime:0.000660s ]
INFO: [ app_begin ] --END-- [ RunTime:0.000777s ]
INFO: [ view_parse ] --START--
INFO: [ template_filter ] --START--
INFO: Run Behavior\ContentReplaceBehavior [ RunTime:0.000164s ]
INFO: [ template_filter ] --END-- [ RunTime:0.000291s ]
NOTIC: [8] Undefined variable: carousel E:\wamp\www\ChildrenPlatform\Application\Runtime\Cache\Admin\73f46d9eab9f56d6a04097b5b23b9b30.php 第 320 行.
INFO: Run Behavior\ParseTemplateBehavior [ RunTime:0.015194s ]
INFO: [ view_parse ] --END-- [ RunTime:0.015358s ]
INFO: [ view_filter ] --START--
INFO: Run Behavior\WriteHtmlCacheBehavior [ RunTime:0.000571s ]
INFO: [ view_filter ] --END-- [ RunTime:0.000761s ]
INFO: [ app_end ] --START--
INFO: Run Behavior\ShowPageTraceBehavior [ RunTime:0.000754s ]
INFO: [ app_end ] --END-- [ RunTime:0.000901s ]

[ 2017-11-14T09:35:25+08:00 ] 127.0.0.1 /ChildrenPlatform/Admin/Comment/commentlist.html
INFO: [ app_init ] --START--
INFO: Run Behavior\BuildLiteBehavior [ RunTime:0.000028s ]
INFO: [ app_init ] --END-- [ RunTime:0.000462s ]
INFO: [ app_begin ] --START--
INFO: Run Behavior\ReadHtmlCacheBehavior [ RunTime:0.000659s ]
INFO: [ app_begin ] --END-- [ RunTime:0.000778s ]
INFO: [ view_parse ] --START--
INFO: [ template_filter ] --START--
INFO: Run Behavior\ContentReplaceBehavior [ RunTime:0.000112s ]
INFO: [ template_filter ] --END-- [ RunTime:0.000202s ]
NOTIC: [8] Undefined variable: carousel E:\wamp\www\ChildrenPlatform\Application\Runtime\Cache\Admin\73f46d9eab9f56d6a04097b5b23b9b30.php 第 320 行.
INFO: Run Behavior\ParseTemplateBehavior [ RunTime:0.012845s ]
INFO: [ view_parse ] --END-- [ RunTime:0.012973s ]
INFO: [ view_filter ] --START--
INFO: Run Behavior\WriteHtmlCacheBehavior [ RunTime:0.000307s ]
INFO: [ view_filter ] --END-- [ RunTime:0.000386s ]
INFO: [ app_end ] --START--
INFO: Run Behavior\ShowPageTraceBehavior [ RunTime:0.000465s ]
INFO: [ app_end ] --END-- [ RunTime:0.000548s ]

[ 2017-11-14T09:39:56+08:00 ] 127.0.0.1 /ChildrenPlatform/Admin/Comment/commentlist.html
INFO: [ app_init ] --START--
INFO: Run Behavior\BuildLiteBehavior [ RunTime:0.000097s ]
INFO: [ app_init ] --END-- [ RunTime:0.001383s ]
INFO: [ app_begin ] --START--
INFO: Run Behavior\ReadHtmlCacheBehavior [ RunTime:0.001145s ]
INFO: [ app_begin ] --END-- [ RunTime:0.001358s ]
SQL: SHOW COLUMNS FROM `items` [ RunTime:0.0904s ]
SQL: SELECT * FROM `items` ORDER BY hint desc  [ RunTime:0.0020s ]
INFO: [ view_parse ] --START--
INFO: [ template_filter ] --START--
INFO: Run Behavior\ContentReplaceBehavior [ RunTime:0.000253s ]
INFO: [ template_filter ] --END-- [ RunTime:0.000452s ]
NOTIC: [8] Undefined variable: ca E:\wamp\www\ChildrenPlatform\Application\Runtime\Cache\Admin\73f46d9eab9f56d6a04097b5b23b9b30.php 第 323 行.
NOTIC: [8] Undefined index: c_id E:\wamp\www\ChildrenPlatform\Application\Runtime\Cache\Admin\73f46d9eab9f56d6a04097b5b23b9b30.php 第 326 行.
NOTIC: [8] Undefined variable: ca E:\wamp\www\ChildrenPlatform\Application\Runtime\Cache\Admin\73f46d9eab9f56d6a04097b5b23b9b30.php 第 323 行.
NOTIC: [8] Undefined index: c_id E:\wamp\www\ChildrenPlatform\Application\Runtime\Cache\Admin\73f46d9eab9f56d6a04097b5b23b9b30.php 第 326 行.
NOTIC: [8] Undefined variable: ca E:\wamp\www\ChildrenPlatform\Application\Runtime\Cache\Admin\73f46d9eab9f56d6a04097b5b23b9b30.php 第 323 行.
NOTIC: [8] Undefined index: c_id E:\wamp\www\ChildrenPlatform\Application\Runtime\Cache\Admin\73f46d9eab9f56d6a04097b5b23b9b30.php 第 328 行.
NOTIC: [8] Undefined variable: ca E:\wamp\www\ChildrenPlatform\Application\Runtime\Cache\Admin\73f46d9eab9f56d6a04097b5b23b9b30.php 第 323 行.
NOTIC: [8] Undefined index: c_id E:\wamp\www\ChildrenPlatform\Application\Runtime\Cache\Admin\73f46d9eab9f56d6a04097b5b23b9b30.php 第 326 行.
NOTIC: [8] Undefined variable: ca E:\wamp\www\ChildrenPlatform\Application\Runtime\Cache\Admin\73f46d9eab9f56d6a04097b5b23b9b30.php 第 323 行.
NOTIC: [8] Undefined index: c_id E:\wamp\www\ChildrenPlatform\Application\Runtime\Cache\Admin\73f46d9eab9f56d6a04097b5b23b9b30.php 第 328 行.
NOTIC: [8] Undefined variable: ca E:\wamp\www\ChildrenPlatform\Application\Runtime\Cache\Admin\73f46d9eab9f56d6a04097b5b23b9b30.php 第 323 行.
NOTIC: [8] Undefined index: c_id E:\wamp\www\ChildrenPlatform\Application\Runtime\Cache\Admin\73f46d9eab9f56d6a04097b5b23b9b30.php 第 326 行.
NOTIC: [8] Undefined variable: ca E:\wamp\www\ChildrenPlatform\Application\Runtime\Cache\Admin\73f46d9eab9f56d6a04097b5b23b9b30.php 第 323 行.
NOTIC: [8] Undefined index: c_id E:\wamp\www\ChildrenPlatform\Application\Runtime\Cache\Admin\73f46d9eab9f56d6a04097b5b23b9b30.php 第 326 行.
NOTIC: [8] Undefined variable: ca E:\wamp\www\ChildrenPlatform\Application\Runtime\Cache\Admin\73f46d9eab9f56d6a04097b5b23b9b30.php 第 323 行.
NOTIC: [8] Undefined index: c_id E:\wamp\www\ChildrenPlatform\Application\Runtime\Cache\Admin\73f46d9eab9f56d6a04097b5b23b9b30.php 第 326 行.
NOTIC: [8] Undefined variable: ca E:\wamp\www\ChildrenPlatform\Application\Runtime\Cache\Admin\73f46d9eab9f56d6a04097b5b23b9b30.php 第 323 行.
NOTIC: [8] Undefined index: c_id E:\wamp\www\ChildrenPlatform\Application\Runtime\Cache\Admin\73f46d9eab9f56d6a04097b5b23b9b30.php 第 326 行.
NOTIC: [8] Undefined variable: ca E:\wamp\www\ChildrenPlatform\Application\Runtime\Cache\Admin\73f46d9eab9f56d6a04097b5b23b9b30.php 第 323 行.
NOTIC: [8] Undefined index: c_id E:\wamp\www\ChildrenPlatform\Application\Runtime\Cache\Admin\73f46d9eab9f56d6a04097b5b23b9b30.php 第 326 行.
NOTIC: [8] Undefined variable: ca E:\wamp\www\ChildrenPlatform\Application\Runtime\Cache\Admin\73f46d9eab9f56d6a04097b5b23b9b30.php 第 323 行.
NOTIC: [8] Undefined index: c_id E:\wamp\www\ChildrenPlatform\Application\Runtime\Cache\Admin\73f46d9eab9f56d6a04097b5b23b9b30.php 第 326 行.
NOTIC: [8] Undefined variable: ca E:\wamp\www\ChildrenPlatform\Application\Runtime\Cache\Admin\73f46d9eab9f56d6a04097b5b23b9b30.php 第 323 行.
NOTIC: [8] Undefined index: c_id E:\wamp\www\ChildrenPlatform\Application\Runtime\Cache\Admin\73f46d9eab9f56d6a04097b5b23b9b30.php 第 328 行.
INFO: Run Behavior\ParseTemplateBehavior [ RunTime:0.027125s ]
INFO: [ view_parse ] --END-- [ RunTime:0.027401s ]
INFO: [ view_filter ] --START--
INFO: Run Behavior\WriteHtmlCacheBehavior [ RunTime:0.000665s ]
INFO: [ view_filter ] --END-- [ RunTime:0.000829s ]
INFO: [ app_end ] --START--
INFO: Run Behavior\ShowPageTraceBehavior [ RunTime:0.001139s ]
INFO: [ app_end ] --END-- [ RunTime:0.001375s ]

[ 2017-11-14T09:40:08+08:00 ] 127.0.0.1 /ChildrenPlatform/Admin/Comment/commentlist.html
INFO: [ app_init ] --START--
INFO: Run Behavior\BuildLiteBehavior [ RunTime:0.000030s ]
INFO: [ app_init ] --END-- [ RunTime:0.000466s ]
INFO: [ app_begin ] --START--
INFO: Run Behavior\ReadHtmlCacheBehavior [ RunTime:0.000652s ]
INFO: [ app_begin ] --END-- [ RunTime:0.000768s ]
SQL: SHOW COLUMNS FROM `items` [ RunTime:0.0292s ]
SQL: SELECT * FROM `items` ORDER BY hint desc  [ RunTime:0.0011s ]
INFO: [ view_parse ] --START--
INFO: [ template_filter ] --START--
INFO: Run Behavior\ContentReplaceBehavior [ RunTime:0.000175s ]
INFO: [ template_filter ] --END-- [ RunTime:0.000303s ]
NOTIC: [8] Undefined variable: ca E:\wamp\www\ChildrenPlatform\Application\Runtime\Cache\Admin\73f46d9eab9f56d6a04097b5b23b9b30.php 第 323 行.
NOTIC: [8] Undefined index: c_id E:\wamp\www\ChildrenPlatform\Application\Runtime\Cache\Admin\73f46d9eab9f56d6a04097b5b23b9b30.php 第 326 行.
NOTIC: [8] Undefined variable: ca E:\wamp\www\ChildrenPlatform\Application\Runtime\Cache\Admin\73f46d9eab9f56d6a04097b5b23b9b30.php 第 323 行.
NOTIC: [8] Undefined index: c_id E:\wamp\www\ChildrenPlatform\Application\Runtime\Cache\Admin\73f46d9eab9f56d6a04097b5b23b9b30.php 第 326 行.
NOTIC: [8] Undefined variable: ca E:\wamp\www\ChildrenPlatform\Application\Runtime\Cache\Admin\73f46d9eab9f56d6a04097b5b23b9b30.php 第 323 行.
NOTIC: [8] Undefined index: c_id E:\wamp\www\ChildrenPlatform\Application\Runtime\Cache\Admin\73f46d9eab9f56d6a04097b5b23b9b30.php 第 328 行.
NOTIC: [8] Undefined variable: ca E:\wamp\www\ChildrenPlatform\Application\Runtime\Cache\Admin\73f46d9eab9f56d6a04097b5b23b9b30.php 第 323 行.
NOTIC: [8] Undefined index: c_id E:\wamp\www\ChildrenPlatform\Application\Runtime\Cache\Admin\73f46d9eab9f56d6a04097b5b23b9b30.php 第 326 行.
NOTIC: [8] Undefined variable: ca E:\wamp\www\ChildrenPlatform\Application\Runtime\Cache\Admin\73f46d9eab9f56d6a04097b5b23b9b30.php 第 323 行.
NOTIC: [8] Undefined index: c_id E:\wamp\www\ChildrenPlatform\Application\Runtime\Cache\Admin\73f46d9eab9f56d6a04097b5b23b9b30.php 第 328 行.
NOTIC: [8] Undefined variable: ca E:\wamp\www\ChildrenPlatform\Application\Runtime\Cache\Admin\73f46d9eab9f56d6a04097b5b23b9b30.php 第 323 行.
NOTIC: [8] Undefined index: c_id E:\wamp\www\ChildrenPlatform\Application\Runtime\Cache\Admin\73f46d9eab9f56d6a04097b5b23b9b30.php 第 326 行.
NOTIC: [8] Undefined variable: ca E:\wamp\www\ChildrenPlatform\Application\Runtime\Cache\Admin\73f46d9eab9f56d6a04097b5b23b9b30.php 第 323 行.
NOTIC: [8] Undefined index: c_id E:\wamp\www\ChildrenPlatform\Application\Runtime\Cache\Admin\73f46d9eab9f56d6a04097b5b23b9b30.php 第 326 行.
NOTIC: [8] Undefined variable: ca E:\wamp\www\ChildrenPlatform\Application\Runtime\Cache\Admin\73f46d9eab9f56d6a04097b5b23b9b30.php 第 323 行.
NOTIC: [8] Undefined index: c_id E:\wamp\www\ChildrenPlatform\Application\Runtime\Cache\Admin\73f46d9eab9f56d6a04097b5b23b9b30.php 第 326 行.
NOTIC: [8] Undefined variable: ca E:\wamp\www\ChildrenPlatform\Application\Runtime\Cache\Admin\73f46d9eab9f56d6a04097b5b23b9b30.php 第 323 行.
NOTIC: [8] Undefined index: c_id E:\wamp\www\ChildrenPlatform\Application\Runtime\Cache\Admin\73f46d9eab9f56d6a04097b5b23b9b30.php 第 326 行.
NOTIC: [8] Undefined variable: ca E:\wamp\www\ChildrenPlatform\Application\Runtime\Cache\Admin\73f46d9eab9f56d6a04097b5b23b9b30.php 第 323 行.
NOTIC: [8] Undefined index: c_id E:\wamp\www\ChildrenPlatform\Application\Runtime\Cache\Admin\73f46d9eab9f56d6a04097b5b23b9b30.php 第 326 行.
NOTIC: [8] Undefined variable: ca E:\wamp\www\ChildrenPlatform\Application\Runtime\Cache\Admin\73f46d9eab9f56d6a04097b5b23b9b30.php 第 323 行.
NOTIC: [8] Undefined index: c_id E:\wamp\www\ChildrenPlatform\Application\Runtime\Cache\Admin\73f46d9eab9f56d6a04097b5b23b9b30.php 第 326 行.
NOTIC: [8] Undefined variable: ca E:\wamp\www\ChildrenPlatform\Application\Runtime\Cache\Admin\73f46d9eab9f56d6a04097b5b23b9b30.php 第 323 行.
NOTIC: [8] Undefined index: c_id E:\wamp\www\ChildrenPlatform\Application\Runtime\Cache\Admin\73f46d9eab9f56d6a04097b5b23b9b30.php 第 328 行.
INFO: Run Behavior\ParseTemplateBehavior [ RunTime:0.022422s ]
INFO: [ view_parse ] --END-- [ RunTime:0.022578s ]
INFO: [ view_filter ] --START--
INFO: Run Behavior\WriteHtmlCacheBehavior [ RunTime:0.000418s ]
INFO: [ view_filter ] --END-- [ RunTime:0.000524s ]
INFO: [ app_end ] --START--
INFO: Run Behavior\ShowPageTraceBehavior [ RunTime:0.000651s ]
INFO: [ app_end ] --END-- [ RunTime:0.000765s ]

[ 2017-11-14T09:40:15+08:00 ] 127.0.0.1 /ChildrenPlatform/Admin/Comment/commentlist.html
INFO: [ app_init ] --START--
INFO: Run Behavior\BuildLiteBehavior [ RunTime:0.000036s ]
INFO: [ app_init ] --END-- [ RunTime:0.000558s ]
INFO: [ app_begin ] --START--
INFO: Run Behavior\ReadHtmlCacheBehavior [ RunTime:0.000546s ]
INFO: [ app_begin ] --END-- [ RunTime:0.000678s ]
SQL: SHOW COLUMNS FROM `items` [ RunTime:0.0371s ]
SQL: SELECT * FROM `items` ORDER BY hint desc  [ RunTime:0.0010s ]
INFO: [ view_parse ] --START--
INFO: [ template_filter ] --START--
INFO: Run Behavior\ContentReplaceBehavior [ RunTime:0.000271s ]
INFO: [ template_filter ] --END-- [ RunTime:0.000490s ]
NOTIC: [8] Undefined variable: ca E:\wamp\www\ChildrenPlatform\Application\Runtime\Cache\Admin\73f46d9eab9f56d6a04097b5b23b9b30.php 第 323 行.
NOTIC: [8] Undefined index: c_id E:\wamp\www\ChildrenPlatform\Application\Runtime\Cache\Admin\73f46d9eab9f56d6a04097b5b23b9b30.php 第 326 行.
NOTIC: [8] Undefined variable: ca E:\wamp\www\ChildrenPlatform\Application\Runtime\Cache\Admin\73f46d9eab9f56d6a04097b5b23b9b30.php 第 323 行.
NOTIC: [8] Undefined index: c_id E:\wamp\www\ChildrenPlatform\Application\Runtime\Cache\Admin\73f46d9eab9f56d6a04097b5b23b9b30.php 第 326 行.
NOTIC: [8] Undefined variable: ca E:\wamp\www\ChildrenPlatform\Application\Runtime\Cache\Admin\73f46d9eab9f56d6a04097b5b23b9b30.php 第 323 行.
NOTIC: [8] Undefined index: c_id E:\wamp\www\ChildrenPlatform\Application\Runtime\Cache\Admin\73f46d9eab9f56d6a04097b5b23b9b30.php 第 328 行.
NOTIC: [8] Undefined variable: ca E:\wamp\www\ChildrenPlatform\Application\Runtime\Cache\Admin\73f46d9eab9f56d6a04097b5b23b9b30.php 第 323 行.
NOTIC: [8] Undefined index: c_id E:\wamp\www\ChildrenPlatform\Application\Runtime\Cache\Admin\73f46d9eab9f56d6a04097b5b23b9b30.php 第 326 行.
NOTIC: [8] Undefined variable: ca E:\wamp\www\ChildrenPlatform\Application\Runtime\Cache\Admin\73f46d9eab9f56d6a04097b5b23b9b30.php 第 323 行.
NOTIC: [8] Undefined index: c_id E:\wamp\www\ChildrenPlatform\Application\Runtime\Cache\Admin\73f46d9eab9f56d6a04097b5b23b9b30.php 第 328 行.
NOTIC: [8] Undefined variable: ca E:\wamp\www\ChildrenPlatform\Application\Runtime\Cache\Admin\73f46d9eab9f56d6a04097b5b23b9b30.php 第 323 行.
NOTIC: [8] Undefined index: c_id E:\wamp\www\ChildrenPlatform\Application\Runtime\Cache\Admin\73f46d9eab9f56d6a04097b5b23b9b30.php 第 326 行.
NOTIC: [8] Undefined variable: ca E:\wamp\www\ChildrenPlatform\Application\Runtime\Cache\Admin\73f46d9eab9f56d6a04097b5b23b9b30.php 第 323 行.
NOTIC: [8] Undefined index: c_id E:\wamp\www\ChildrenPlatform\Application\Runtime\Cache\Admin\73f46d9eab9f56d6a04097b5b23b9b30.php 第 326 行.
NOTIC: [8] Undefined variable: ca E:\wamp\www\ChildrenPlatform\Application\Runtime\Cache\Admin\73f46d9eab9f56d6a04097b5b23b9b30.php 第 323 行.
NOTIC: [8] Undefined index: c_id E:\wamp\www\ChildrenPlatform\Application\Runtime\Cache\Admin\73f46d9eab9f56d6a04097b5b23b9b30.php 第 326 行.
NOTIC: [8] Undefined variable: ca E:\wamp\www\ChildrenPlatform\Application\Runtime\Cache\Admin\73f46d9eab9f56d6a04097b5b23b9b30.php 第 323 行.
NOTIC: [8] Undefined index: c_id E:\wamp\www\ChildrenPlatform\Application\Runtime\Cache\Admin\73f46d9eab9f56d6a04097b5b23b9b30.php 第 326 行.
NOTIC: [8] Undefined variable: ca E:\wamp\www\ChildrenPlatform\Application\Runtime\Cache\Admin\73f46d9eab9f56d6a04097b5b23b9b30.php 第 323 行.
NOTIC: [8] Undefined index: c_id E:\wamp\www\ChildrenPlatform\Application\Runtime\Cache\Admin\73f46d9eab9f56d6a04097b5b23b9b30.php 第 326 行.
NOTIC: [8] Undefined variable: ca E:\wamp\www\ChildrenPlatform\Application\Runtime\Cache\Admin\73f46d9eab9f56d6a04097b5b23b9b30.php 第 323 行.
NOTIC: [8] Undefined index: c_id E:\wamp\www\ChildrenPlatform\Application\Runtime\Cache\Admin\73f46d9eab9f56d6a04097b5b23b9b30.php 第 326 行.
NOTIC: [8] Undefined variable: ca E:\wamp\www\ChildrenPlatform\Application\Runtime\Cache\Admin\73f46d9eab9f56d6a04097b5b23b9b30.php 第 323 行.
NOTIC: [8] Undefined index: c_id E:\wamp\www\ChildrenPlatform\Application\Runtime\Cache\Admin\73f46d9eab9f56d6a04097b5b23b9b30.php 第 328 行.
INFO: Run Behavior\ParseTemplateBehavior [ RunTime:0.024612s ]
INFO: [ view_parse ] --END-- [ RunTime:0.024795s ]
INFO: [ view_filter ] --START--
INFO: Run Behavior\WriteHtmlCacheBehavior [ RunTime:0.000213s ]
INFO: [ view_filter ] --END-- [ RunTime:0.000285s ]
INFO: [ app_end ] --START--
INFO: Run Behavior\ShowPageTraceBehavior [ RunTime:0.000425s ]
INFO: [ app_end ] --END-- [ RunTime:0.000517s ]

[ 2017-11-14T09:40:28+08:00 ] 127.0.0.1 /ChildrenPlatform/Admin/Comment/commentlist.html
INFO: [ app_init ] --START--
INFO: Run Behavior\BuildLiteBehavior [ RunTime:0.000027s ]
INFO: [ app_init ] --END-- [ RunTime:0.000452s ]
INFO: [ app_begin ] --START--
INFO: Run Behavior\ReadHtmlCacheBehavior [ RunTime:0.000653s ]
INFO: [ app_begin ] --END-- [ RunTime:0.000772s ]
SQL: SHOW COLUMNS FROM `items` [ RunTime:0.0256s ]
SQL: SELECT * FROM `items` ORDER BY hint desc  [ RunTime:0.0012s ]
INFO: [ view_parse ] --START--
INFO: [ template_filter ] --START--
INFO: Run Behavior\ContentReplaceBehavior [ RunTime:0.000175s ]
INFO: [ template_filter ] --END-- [ RunTime:0.000311s ]
NOTIC: [8] Undefined variable: ca E:\wamp\www\ChildrenPlatform\Application\Runtime\Cache\Admin\73f46d9eab9f56d6a04097b5b23b9b30.php 第 323 行.
NOTIC: [8] Undefined index: c_id E:\wamp\www\ChildrenPlatform\Application\Runtime\Cache\Admin\73f46d9eab9f56d6a04097b5b23b9b30.php 第 326 行.
NOTIC: [8] Undefined variable: ca E:\wamp\www\ChildrenPlatform\Application\Runtime\Cache\Admin\73f46d9eab9f56d6a04097b5b23b9b30.php 第 323 行.
NOTIC: [8] Undefined index: c_id E:\wamp\www\ChildrenPlatform\Application\Runtime\Cache\Admin\73f46d9eab9f56d6a04097b5b23b9b30.php 第 326 行.
NOTIC: [8] Undefined variable: ca E:\wamp\www\ChildrenPlatform\Application\Runtime\Cache\Admin\73f46d9eab9f56d6a04097b5b23b9b30.php 第 323 行.
NOTIC: [8] Undefined index: c_id E:\wamp\www\ChildrenPlatform\Application\Runtime\Cache\Admin\73f46d9eab9f56d6a04097b5b23b9b30.php 第 328 行.
NOTIC: [8] Undefined variable: ca E:\wamp\www\ChildrenPlatform\Application\Runtime\Cache\Admin\73f46d9eab9f56d6a04097b5b23b9b30.php 第 323 行.
NOTIC: [8] Undefined index: c_id E:\wamp\www\ChildrenPlatform\Application\Runtime\Cache\Admin\73f46d9eab9f56d6a04097b5b23b9b30.php 第 326 行.
NOTIC: [8] Undefined variable: ca E:\wamp\www\ChildrenPlatform\Application\Runtime\Cache\Admin\73f46d9eab9f56d6a04097b5b23b9b30.php 第 323 行.
NOTIC: [8] Undefined index: c_id E:\wamp\www\ChildrenPlatform\Application\Runtime\Cache\Admin\73f46d9eab9f56d6a04097b5b23b9b30.php 第 328 行.
NOTIC: [8] Undefined variable: ca E:\wamp\www\ChildrenPlatform\Application\Runtime\Cache\Admin\73f46d9eab9f56d6a04097b5b23b9b30.php 第 323 行.
NOTIC: [8] Undefined index: c_id E:\wamp\www\ChildrenPlatform\Application\Runtime\Cache\Admin\73f46d9eab9f56d6a04097b5b23b9b30.php 第 326 行.
NOTIC: [8] Undefined variable: ca E:\wamp\www\ChildrenPlatform\Application\Runtime\Cache\Admin\73f46d9eab9f56d6a04097b5b23b9b30.php 第 323 行.
NOTIC: [8] Undefined index: c_id E:\wamp\www\ChildrenPlatform\Application\Runtime\Cache\Admin\73f46d9eab9f56d6a04097b5b23b9b30.php 第 326 行.
NOTIC: [8] Undefined variable: ca E:\wamp\www\ChildrenPlatform\Application\Runtime\Cache\Admin\73f46d9eab9f56d6a04097b5b23b9b30.php 第 323 行.
NOTIC: [8] Undefined index: c_id E:\wamp\www\ChildrenPlatform\Application\Runtime\Cache\Admin\73f46d9eab9f56d6a04097b5b23b9b30.php 第 326 行.
NOTIC: [8] Undefined variable: ca E:\wamp\www\ChildrenPlatform\Application\Runtime\Cache\Admin\73f46d9eab9f56d6a04097b5b23b9b30.php 第 323 行.
NOTIC: [8] Undefined index: c_id E:\wamp\www\ChildrenPlatform\Application\Runtime\Cache\Admin\73f46d9eab9f56d6a04097b5b23b9b30.php 第 326 行.
NOTIC: [8] Undefined variable: ca E:\wamp\www\ChildrenPlatform\Application\Runtime\Cache\Admin\73f46d9eab9f56d6a04097b5b23b9b30.php 第 323 行.
NOTIC: [8] Undefined index: c_id E:\wamp\www\ChildrenPlatform\Application\Runtime\Cache\Admin\73f46d9eab9f56d6a04097b5b23b9b30.php 第 326 行.
NOTIC: [8] Undefined variable: ca E:\wamp\www\ChildrenPlatform\Application\Runtime\Cache\Admin\73f46d9eab9f56d6a04097b5b23b9b30.php 第 323 行.
NOTIC: [8] Undefined index: c_id E:\wamp\www\ChildrenPlatform\Application\Runtime\Cache\Admin\73f46d9eab9f56d6a04097b5b23b9b30.php 第 326 行.
NOTIC: [8] Undefined variable: ca E:\wamp\www\ChildrenPlatform\Application\Runtime\Cache\Admin\73f46d9eab9f56d6a04097b5b23b9b30.php 第 323 行.
NOTIC: [8] Undefined index: c_id E:\wamp\www\ChildrenPlatform\Application\Runtime\Cache\Admin\73f46d9eab9f56d6a04097b5b23b9b30.php 第 328 行.
INFO: Run Behavior\ParseTemplateBehavior [ RunTime:0.024525s ]
INFO: [ view_parse ] --END-- [ RunTime:0.024734s ]
INFO: [ view_filter ] --START--
INFO: Run Behavior\WriteHtmlCacheBehavior [ RunTime:0.000470s ]
INFO: [ view_filter ] --END-- [ RunTime:0.000581s ]
INFO: [ app_end ] --START--
INFO: Run Behavior\ShowPageTraceBehavior [ RunTime:0.000689s ]
INFO: [ app_end ] --END-- [ RunTime:0.000812s ]

[ 2017-11-14T09:41:06+08:00 ] 127.0.0.1 /ChildrenPlatform/Admin/Comment/commentlist.html
INFO: [ app_init ] --START--
INFO: Run Behavior\BuildLiteBehavior [ RunTime:0.000031s ]
INFO: [ app_init ] --END-- [ RunTime:0.000490s ]
INFO: [ app_begin ] --START--
INFO: Run Behavior\ReadHtmlCacheBehavior [ RunTime:0.000534s ]
INFO: [ app_begin ] --END-- [ RunTime:0.000651s ]
SQL: SHOW COLUMNS FROM `items` [ RunTime:0.0416s ]
SQL: SELECT * FROM `items` ORDER BY hint desc  [ RunTime:0.0011s ]
INFO: [ view_parse ] --START--
INFO: [ template_filter ] --START--
INFO: Run Behavior\ContentReplaceBehavior [ RunTime:0.000255s ]
INFO: [ template_filter ] --END-- [ RunTime:0.000450s ]
NOTIC: [8] Undefined variable: ca E:\wamp\www\ChildrenPlatform\Application\Runtime\Cache\Admin\73f46d9eab9f56d6a04097b5b23b9b30.php 第 323 行.
NOTIC: [8] Undefined variable: ca E:\wamp\www\ChildrenPlatform\Application\Runtime\Cache\Admin\73f46d9eab9f56d6a04097b5b23b9b30.php 第 323 行.
NOTIC: [8] Undefined variable: ca E:\wamp\www\ChildrenPlatform\Application\Runtime\Cache\Admin\73f46d9eab9f56d6a04097b5b23b9b30.php 第 323 行.
NOTIC: [8] Undefined variable: ca E:\wamp\www\ChildrenPlatform\Application\Runtime\Cache\Admin\73f46d9eab9f56d6a04097b5b23b9b30.php 第 323 行.
NOTIC: [8] Undefined variable: ca E:\wamp\www\ChildrenPlatform\Application\Runtime\Cache\Admin\73f46d9eab9f56d6a04097b5b23b9b30.php 第 323 行.
NOTIC: [8] Undefined variable: ca E:\wamp\www\ChildrenPlatform\Application\Runtime\Cache\Admin\73f46d9eab9f56d6a04097b5b23b9b30.php 第 323 行.
NOTIC: [8] Undefined variable: ca E:\wamp\www\ChildrenPlatform\Application\Runtime\Cache\Admin\73f46d9eab9f56d6a04097b5b23b9b30.php 第 323 行.
NOTIC: [8] Undefined variable: ca E:\wamp\www\ChildrenPlatform\Application\Runtime\Cache\Admin\73f46d9eab9f56d6a04097b5b23b9b30.php 第 323 行.
NOTIC: [8] Undefined variable: ca E:\wamp\www\ChildrenPlatform\Application\Runtime\Cache\Admin\73f46d9eab9f56d6a04097b5b23b9b30.php 第 323 行.
NOTIC: [8] Undefined variable: ca E:\wamp\www\ChildrenPlatform\Application\Runtime\Cache\Admin\73f46d9eab9f56d6a04097b5b23b9b30.php 第 323 行.
NOTIC: [8] Undefined variable: ca E:\wamp\www\ChildrenPlatform\Application\Runtime\Cache\Admin\73f46d9eab9f56d6a04097b5b23b9b30.php 第 323 行.
NOTIC: [8] Undefined variable: ca E:\wamp\www\ChildrenPlatform\Application\Runtime\Cache\Admin\73f46d9eab9f56d6a04097b5b23b9b30.php 第 323 行.
INFO: Run Behavior\ParseTemplateBehavior [ RunTime:0.024435s ]
INFO: [ view_parse ] --END-- [ RunTime:0.024572s ]
INFO: [ view_filter ] --START--
INFO: Run Behavior\WriteHtmlCacheBehavior [ RunTime:0.000244s ]
INFO: [ view_filter ] --END-- [ RunTime:0.000319s ]
INFO: [ app_end ] --START--
INFO: Run Behavior\ShowPageTraceBehavior [ RunTime:0.000444s ]
INFO: [ app_end ] --END-- [ RunTime:0.000525s ]

[ 2017-11-14T09:41:19+08:00 ] 127.0.0.1 /ChildrenPlatform/Admin/Comment/commentlist.html
INFO: [ app_init ] --START--
INFO: Run Behavior\BuildLiteBehavior [ RunTime:0.000025s ]
INFO: [ app_init ] --END-- [ RunTime:0.000438s ]
INFO: [ app_begin ] --START--
INFO: Run Behavior\ReadHtmlCacheBehavior [ RunTime:0.000507s ]
INFO: [ app_begin ] --END-- [ RunTime:0.000625s ]
SQL: SHOW COLUMNS FROM `items` [ RunTime:0.0418s ]
SQL: SELECT * FROM `items` ORDER BY hint desc  [ RunTime:0.0015s ]
INFO: [ view_parse ] --START--
INFO: [ template_filter ] --START--
INFO: Run Behavior\ContentReplaceBehavior [ RunTime:0.000202s ]
INFO: [ template_filter ] --END-- [ RunTime:0.000363s ]
INFO: Run Behavior\ParseTemplateBehavior [ RunTime:0.019431s ]
INFO: [ view_parse ] --END-- [ RunTime:0.019596s ]
INFO: [ view_filter ] --START--
INFO: Run Behavior\WriteHtmlCacheBehavior [ RunTime:0.000390s ]
INFO: [ view_filter ] --END-- [ RunTime:0.000527s ]
INFO: [ app_end ] --START--
INFO: Run Behavior\ShowPageTraceBehavior [ RunTime:0.000678s ]
INFO: [ app_end ] --END-- [ RunTime:0.000822s ]

[ 2017-11-14T09:41:40+08:00 ] 127.0.0.1 /ChildrenPlatform/Admin/Comment/commentlist.html
INFO: [ app_init ] --START--
INFO: Run Behavior\BuildLiteBehavior [ RunTime:0.000029s ]
INFO: [ app_init ] --END-- [ RunTime:0.000467s ]
INFO: [ app_begin ] --START--
INFO: Run Behavior\ReadHtmlCacheBehavior [ RunTime:0.000519s ]
INFO: [ app_begin ] --END-- [ RunTime:0.000635s ]
SQL: SHOW COLUMNS FROM `items` [ RunTime:0.0411s ]
SQL: SELECT * FROM `items` ORDER BY hint desc  [ RunTime:0.0012s ]
INFO: [ view_parse ] --START--
INFO: [ template_filter ] --START--
INFO: Run Behavior\ContentReplaceBehavior [ RunTime:0.000289s ]
INFO: [ template_filter ] --END-- [ RunTime:0.000526s ]
INFO: Run Behavior\ParseTemplateBehavior [ RunTime:0.027780s ]
INFO: [ view_parse ] --END-- [ RunTime:0.027941s ]
INFO: [ view_filter ] --START--
INFO: Run Behavior\WriteHtmlCacheBehavior [ RunTime:0.000220s ]
INFO: [ view_filter ] --END-- [ RunTime:0.000296s ]
INFO: [ app_end ] --START--
INFO: Run Behavior\ShowPageTraceBehavior [ RunTime:0.000448s ]
INFO: [ app_end ] --END-- [ RunTime:0.000528s ]

[ 2017-11-14T09:46:07+08:00 ] 127.0.0.1 /ChildrenPlatform/Admin/Comment/commentlist.html
INFO: [ app_init ] --START--
INFO: Run Behavior\BuildLiteBehavior [ RunTime:0.000034s ]
INFO: [ app_init ] --END-- [ RunTime:0.000627s ]
INFO: [ app_begin ] --START--
INFO: Run Behavior\ReadHtmlCacheBehavior [ RunTime:0.000826s ]
INFO: [ app_begin ] --END-- [ RunTime:0.000979s ]
SQL: SHOW COLUMNS FROM `items` [ RunTime:0.0620s ]
SQL: SELECT * FROM `items` ORDER BY hint desc  [ RunTime:0.0013s ]
SQL: SHOW COLUMNS FROM `comment` [ RunTime:0.0323s ]
SQL: SELECT COUNT(*) AS tp_count FROM `comment` WHERE ( f_id = 22 ) LIMIT 1   [ RunTime:0.0007s ]
SQL: SELECT COUNT(*) AS tp_count FROM `comment` WHERE ( f_id = 21 ) LIMIT 1   [ RunTime:0.0006s ]
SQL: SELECT COUNT(*) AS tp_count FROM `comment` WHERE ( f_id = 12 ) LIMIT 1   [ RunTime:0.0006s ]
SQL: SELECT COUNT(*) AS tp_count FROM `comment` WHERE ( f_id = 9 ) LIMIT 1   [ RunTime:0.0006s ]
SQL: SELECT COUNT(*) AS tp_count FROM `comment` WHERE ( f_id = 24 ) LIMIT 1   [ RunTime:0.0006s ]
SQL: SELECT COUNT(*) AS tp_count FROM `comment` WHERE ( f_id = 23 ) LIMIT 1   [ RunTime:0.0006s ]
SQL: SELECT COUNT(*) AS tp_count FROM `comment` WHERE ( f_id = 19 ) LIMIT 1   [ RunTime:0.0006s ]
SQL: SELECT COUNT(*) AS tp_count FROM `comment` WHERE ( f_id = 20 ) LIMIT 1   [ RunTime:0.0006s ]
SQL: SELECT COUNT(*) AS tp_count FROM `comment` WHERE ( f_id = 18 ) LIMIT 1   [ RunTime:0.0006s ]
SQL: SELECT COUNT(*) AS tp_count FROM `comment` WHERE ( f_id = 13 ) LIMIT 1   [ RunTime:0.0006s ]
SQL: SELECT COUNT(*) AS tp_count FROM `comment` WHERE ( f_id = 15 ) LIMIT 1   [ RunTime:0.0006s ]
SQL: SELECT COUNT(*) AS tp_count FROM `comment` WHERE ( f_id = 14 ) LIMIT 1   [ RunTime:0.0006s ]
INFO: [ view_parse ] --START--
INFO: [ template_filter ] --START--
INFO: Run Behavior\ContentReplaceBehavior [ RunTime:0.000170s ]
INFO: [ template_filter ] --END-- [ RunTime:0.000295s ]
INFO: Run Behavior\ParseTemplateBehavior [ RunTime:0.017232s ]
INFO: [ view_parse ] --END-- [ RunTime:0.017400s ]
INFO: [ view_filter ] --START--
INFO: Run Behavior\WriteHtmlCacheBehavior [ RunTime:0.000450s ]
INFO: [ view_filter ] --END-- [ RunTime:0.000564s ]
INFO: [ app_end ] --START--
INFO: Run Behavior\ShowPageTraceBehavior [ RunTime:0.000666s ]
INFO: [ app_end ] --END-- [ RunTime:0.000784s ]

[ 2017-11-14T09:48:05+08:00 ] 127.0.0.1 /ChildrenPlatform/Admin/Comment/commentlist.html
INFO: [ app_init ] --START--
INFO: Run Behavior\BuildLiteBehavior [ RunTime:0.000026s ]
INFO: [ app_init ] --END-- [ RunTime:0.000497s ]
INFO: [ app_begin ] --START--
INFO: Run Behavior\ReadHtmlCacheBehavior [ RunTime:0.000566s ]
INFO: [ app_begin ] --END-- [ RunTime:0.000683s ]
SQL: SHOW COLUMNS FROM `items` [ RunTime:0.0228s ]
SQL: SELECT * FROM `items` ORDER BY hint desc  [ RunTime:0.0012s ]
SQL: SHOW COLUMNS FROM `comment` [ RunTime:0.0234s ]
SQL: SELECT COUNT(*) AS tp_count FROM `comment` WHERE ( f_id = 22 ) LIMIT 1   [ RunTime:0.0008s ]
SQL: SELECT COUNT(*) AS tp_count FROM `comment` WHERE ( f_id = 21 ) LIMIT 1   [ RunTime:0.0006s ]
SQL: SELECT COUNT(*) AS tp_count FROM `comment` WHERE ( f_id = 12 ) LIMIT 1   [ RunTime:0.0006s ]
SQL: SELECT COUNT(*) AS tp_count FROM `comment` WHERE ( f_id = 9 ) LIMIT 1   [ RunTime:0.0006s ]
SQL: SELECT COUNT(*) AS tp_count FROM `comment` WHERE ( f_id = 24 ) LIMIT 1   [ RunTime:0.0006s ]
SQL: SELECT COUNT(*) AS tp_count FROM `comment` WHERE ( f_id = 23 ) LIMIT 1   [ RunTime:0.0006s ]
SQL: SELECT COUNT(*) AS tp_count FROM `comment` WHERE ( f_id = 19 ) LIMIT 1   [ RunTime:0.0007s ]
SQL: SELECT COUNT(*) AS tp_count FROM `comment` WHERE ( f_id = 20 ) LIMIT 1   [ RunTime:0.0006s ]
SQL: SELECT COUNT(*) AS tp_count FROM `comment` WHERE ( f_id = 18 ) LIMIT 1   [ RunTime:0.0005s ]
SQL: SELECT COUNT(*) AS tp_count FROM `comment` WHERE ( f_id = 13 ) LIMIT 1   [ RunTime:0.0006s ]
SQL: SELECT COUNT(*) AS tp_count FROM `comment` WHERE ( f_id = 15 ) LIMIT 1   [ RunTime:0.0007s ]
SQL: SELECT COUNT(*) AS tp_count FROM `comment` WHERE ( f_id = 14 ) LIMIT 1   [ RunTime:0.0006s ]

[ 2017-11-14T09:48:53+08:00 ] 127.0.0.1 /ChildrenPlatform/Admin/Comment/commentlist.html
INFO: [ app_init ] --START--
INFO: Run Behavior\BuildLiteBehavior [ RunTime:0.000025s ]
INFO: [ app_init ] --END-- [ RunTime:0.000485s ]
INFO: [ app_begin ] --START--
INFO: Run Behavior\ReadHtmlCacheBehavior [ RunTime:0.000642s ]
INFO: [ app_begin ] --END-- [ RunTime:0.000760s ]
SQL: SHOW COLUMNS FROM `items` [ RunTime:0.0445s ]
SQL: SELECT * FROM `items` ORDER BY hint desc  [ RunTime:0.0018s ]
SQL: SHOW COLUMNS FROM `comment` [ RunTime:0.0187s ]
SQL: SELECT COUNT(*) AS tp_count FROM `comment` WHERE ( f_id = 22 ) LIMIT 1   [ RunTime:0.0006s ]
SQL: SELECT COUNT(*) AS tp_count FROM `comment` WHERE ( f_id = 21 ) LIMIT 1   [ RunTime:0.0005s ]
SQL: SELECT COUNT(*) AS tp_count FROM `comment` WHERE ( f_id = 12 ) LIMIT 1   [ RunTime:0.0005s ]
SQL: SELECT COUNT(*) AS tp_count FROM `comment` WHERE ( f_id = 9 ) LIMIT 1   [ RunTime:0.0005s ]
SQL: SELECT COUNT(*) AS tp_count FROM `comment` WHERE ( f_id = 24 ) LIMIT 1   [ RunTime:0.0005s ]
SQL: SELECT COUNT(*) AS tp_count FROM `comment` WHERE ( f_id = 23 ) LIMIT 1   [ RunTime:0.0004s ]
SQL: SELECT COUNT(*) AS tp_count FROM `comment` WHERE ( f_id = 19 ) LIMIT 1   [ RunTime:0.0004s ]
SQL: SELECT COUNT(*) AS tp_count FROM `comment` WHERE ( f_id = 20 ) LIMIT 1   [ RunTime:0.0004s ]
SQL: SELECT COUNT(*) AS tp_count FROM `comment` WHERE ( f_id = 18 ) LIMIT 1   [ RunTime:0.0004s ]
SQL: SELECT COUNT(*) AS tp_count FROM `comment` WHERE ( f_id = 13 ) LIMIT 1   [ RunTime:0.0004s ]
SQL: SELECT COUNT(*) AS tp_count FROM `comment` WHERE ( f_id = 15 ) LIMIT 1   [ RunTime:0.0004s ]
SQL: SELECT COUNT(*) AS tp_count FROM `comment` WHERE ( f_id = 14 ) LIMIT 1   [ RunTime:0.0003s ]
INFO: [ view_parse ] --START--
INFO: [ template_filter ] --START--
INFO: Run Behavior\ContentReplaceBehavior [ RunTime:0.000117s ]
INFO: [ template_filter ] --END-- [ RunTime:0.000209s ]
INFO: Run Behavior\ParseTemplateBehavior [ RunTime:0.011448s ]
INFO: [ view_parse ] --END-- [ RunTime:0.011556s ]
INFO: [ view_filter ] --START--
INFO: Run Behavior\WriteHtmlCacheBehavior [ RunTime:0.000302s ]
INFO: [ view_filter ] --END-- [ RunTime:0.000377s ]
INFO: [ app_end ] --START--
INFO: Run Behavior\ShowPageTraceBehavior [ RunTime:0.000457s ]
INFO: [ app_end ] --END-- [ RunTime:0.000538s ]

[ 2017-11-14T09:49:09+08:00 ] 127.0.0.1 /ChildrenPlatform/Admin/Comment/commentlist.html
INFO: [ app_init ] --START--
INFO: Run Behavior\BuildLiteBehavior [ RunTime:0.000035s ]
INFO: [ app_init ] --END-- [ RunTime:0.000487s ]
INFO: [ app_begin ] --START--
INFO: Run Behavior\ReadHtmlCacheBehavior [ RunTime:0.000613s ]
INFO: [ app_begin ] --END-- [ RunTime:0.000742s ]
SQL: SHOW COLUMNS FROM `items` [ RunTime:0.0214s ]
SQL: SELECT * FROM `items` ORDER BY hint desc  [ RunTime:0.0011s ]
SQL: SHOW COLUMNS FROM `comment` [ RunTime:0.0310s ]
SQL: SELECT COUNT(*) AS tp_count FROM `comment` WHERE ( f_id = 22 ) LIMIT 1   [ RunTime:0.0006s ]
SQL: SELECT COUNT(*) AS tp_count FROM `comment` WHERE ( f_id = 21 ) LIMIT 1   [ RunTime:0.0005s ]
SQL: SELECT COUNT(*) AS tp_count FROM `comment` WHERE ( f_id = 12 ) LIMIT 1   [ RunTime:0.0006s ]
SQL: SELECT COUNT(*) AS tp_count FROM `comment` WHERE ( f_id = 9 ) LIMIT 1   [ RunTime:0.0006s ]
SQL: SELECT COUNT(*) AS tp_count FROM `comment` WHERE ( f_id = 24 ) LIMIT 1   [ RunTime:0.0006s ]
SQL: SELECT COUNT(*) AS tp_count FROM `comment` WHERE ( f_id = 23 ) LIMIT 1   [ RunTime:0.0007s ]
SQL: SELECT COUNT(*) AS tp_count FROM `comment` WHERE ( f_id = 19 ) LIMIT 1   [ RunTime:0.0006s ]
SQL: SELECT COUNT(*) AS tp_count FROM `comment` WHERE ( f_id = 20 ) LIMIT 1   [ RunTime:0.0006s ]
SQL: SELECT COUNT(*) AS tp_count FROM `comment` WHERE ( f_id = 18 ) LIMIT 1   [ RunTime:0.0006s ]
SQL: SELECT COUNT(*) AS tp_count FROM `comment` WHERE ( f_id = 13 ) LIMIT 1   [ RunTime:0.0006s ]
SQL: SELECT COUNT(*) AS tp_count FROM `comment` WHERE ( f_id = 15 ) LIMIT 1   [ RunTime:0.0004s ]
SQL: SELECT COUNT(*) AS tp_count FROM `comment` WHERE ( f_id = 14 ) LIMIT 1   [ RunTime:0.0004s ]
INFO: [ view_parse ] --START--
INFO: [ template_filter ] --START--
INFO: Run Behavior\ContentReplaceBehavior [ RunTime:0.000124s ]
INFO: [ template_filter ] --END-- [ RunTime:0.000232s ]
INFO: Run Behavior\ParseTemplateBehavior [ RunTime:0.011716s ]
INFO: [ view_parse ] --END-- [ RunTime:0.011825s ]
INFO: [ view_filter ] --START--
INFO: Run Behavior\WriteHtmlCacheBehavior [ RunTime:0.000366s ]
INFO: [ view_filter ] --END-- [ RunTime:0.000451s ]
INFO: [ app_end ] --START--
INFO: Run Behavior\ShowPageTraceBehavior [ RunTime:0.000541s ]
INFO: [ app_end ] --END-- [ RunTime:0.000634s ]

[ 2017-11-14T09:49:31+08:00 ] 127.0.0.1 /ChildrenPlatform/Admin/Comment/commentlist.html
INFO: [ app_init ] --START--
INFO: Run Behavior\BuildLiteBehavior [ RunTime:0.000020s ]
INFO: [ app_init ] --END-- [ RunTime:0.000334s ]
INFO: [ app_begin ] --START--
INFO: Run Behavior\ReadHtmlCacheBehavior [ RunTime:0.000384s ]
INFO: [ app_begin ] --END-- [ RunTime:0.000485s ]
SQL: SHOW COLUMNS FROM `items` [ RunTime:0.0417s ]
SQL: SELECT * FROM `items` ORDER BY hint desc  [ RunTime:0.0010s ]
SQL: SHOW COLUMNS FROM `comment` [ RunTime:0.0179s ]
SQL: SELECT COUNT(*) AS tp_count FROM `comment` WHERE ( f_id = 22 ) LIMIT 1   [ RunTime:0.0003s ]
SQL: SELECT COUNT(*) AS tp_count FROM `comment` WHERE ( f_id = 21 ) LIMIT 1   [ RunTime:0.0003s ]
SQL: SELECT COUNT(*) AS tp_count FROM `comment` WHERE ( f_id = 12 ) LIMIT 1   [ RunTime:0.0003s ]
SQL: SELECT COUNT(*) AS tp_count FROM `comment` WHERE ( f_id = 9 ) LIMIT 1   [ RunTime:0.0003s ]
SQL: SELECT COUNT(*) AS tp_count FROM `comment` WHERE ( f_id = 24 ) LIMIT 1   [ RunTime:0.0003s ]
SQL: SELECT COUNT(*) AS tp_count FROM `comment` WHERE ( f_id = 23 ) LIMIT 1   [ RunTime:0.0003s ]
SQL: SELECT COUNT(*) AS tp_count FROM `comment` WHERE ( f_id = 19 ) LIMIT 1   [ RunTime:0.0002s ]
SQL: SELECT COUNT(*) AS tp_count FROM `comment` WHERE ( f_id = 20 ) LIMIT 1   [ RunTime:0.0002s ]
SQL: SELECT COUNT(*) AS tp_count FROM `comment` WHERE ( f_id = 18 ) LIMIT 1   [ RunTime:0.0002s ]
SQL: SELECT COUNT(*) AS tp_count FROM `comment` WHERE ( f_id = 13 ) LIMIT 1   [ RunTime:0.0002s ]
SQL: SELECT COUNT(*) AS tp_count FROM `comment` WHERE ( f_id = 15 ) LIMIT 1   [ RunTime:0.0002s ]
SQL: SELECT COUNT(*) AS tp_count FROM `comment` WHERE ( f_id = 14 ) LIMIT 1   [ RunTime:0.0002s ]
INFO: [ view_parse ] --START--
INFO: [ template_filter ] --START--
INFO: Run Behavior\ContentReplaceBehavior [ RunTime:0.000113s ]
INFO: [ template_filter ] --END-- [ RunTime:0.000202s ]
NOTIC: [8] Undefined index: comment_num E:\wamp\www\ChildrenPlatform\Application\Runtime\Cache\Admin\73f46d9eab9f56d6a04097b5b23b9b30.php 第 324 行.
NOTIC: [8] Undefined index: comment_num E:\wamp\www\ChildrenPlatform\Application\Runtime\Cache\Admin\73f46d9eab9f56d6a04097b5b23b9b30.php 第 324 行.
NOTIC: [8] Undefined index: comment_num E:\wamp\www\ChildrenPlatform\Application\Runtime\Cache\Admin\73f46d9eab9f56d6a04097b5b23b9b30.php 第 324 行.
NOTIC: [8] Undefined index: comment_num E:\wamp\www\ChildrenPlatform\Application\Runtime\Cache\Admin\73f46d9eab9f56d6a04097b5b23b9b30.php 第 324 行.
NOTIC: [8] Undefined index: comment_num E:\wamp\www\ChildrenPlatform\Application\Runtime\Cache\Admin\73f46d9eab9f56d6a04097b5b23b9b30.php 第 324 行.
NOTIC: [8] Undefined index: comment_num E:\wamp\www\ChildrenPlatform\Application\Runtime\Cache\Admin\73f46d9eab9f56d6a04097b5b23b9b30.php 第 324 行.
NOTIC: [8] Undefined index: comment_num E:\wamp\www\ChildrenPlatform\Application\Runtime\Cache\Admin\73f46d9eab9f56d6a04097b5b23b9b30.php 第 324 行.
NOTIC: [8] Undefined index: comment_num E:\wamp\www\ChildrenPlatform\Application\Runtime\Cache\Admin\73f46d9eab9f56d6a04097b5b23b9b30.php 第 324 行.
NOTIC: [8] Undefined index: comment_num E:\wamp\www\ChildrenPlatform\Application\Runtime\Cache\Admin\73f46d9eab9f56d6a04097b5b23b9b30.php 第 324 行.
NOTIC: [8] Undefined index: comment_num E:\wamp\www\ChildrenPlatform\Application\Runtime\Cache\Admin\73f46d9eab9f56d6a04097b5b23b9b30.php 第 324 行.
NOTIC: [8] Undefined index: comment_num E:\wamp\www\ChildrenPlatform\Application\Runtime\Cache\Admin\73f46d9eab9f56d6a04097b5b23b9b30.php 第 324 行.
NOTIC: [8] Undefined index: comment_num E:\wamp\www\ChildrenPlatform\Application\Runtime\Cache\Admin\73f46d9eab9f56d6a04097b5b23b9b30.php 第 324 行.
INFO: Run Behavior\ParseTemplateBehavior [ RunTime:0.011477s ]
INFO: [ view_parse ] --END-- [ RunTime:0.011562s ]
INFO: [ view_filter ] --START--
INFO: Run Behavior\WriteHtmlCacheBehavior [ RunTime:0.000241s ]
INFO: [ view_filter ] --END-- [ RunTime:0.000317s ]
INFO: [ app_end ] --START--
INFO: Run Behavior\ShowPageTraceBehavior [ RunTime:0.000397s ]
INFO: [ app_end ] --END-- [ RunTime:0.000486s ]

[ 2017-11-14T09:49:50+08:00 ] 127.0.0.1 /ChildrenPlatform/Admin/Comment/commentlist.html
INFO: [ app_init ] --START--
INFO: Run Behavior\BuildLiteBehavior [ RunTime:0.000025s ]
INFO: [ app_init ] --END-- [ RunTime:0.000447s ]
INFO: [ app_begin ] --START--
INFO: Run Behavior\ReadHtmlCacheBehavior [ RunTime:0.000513s ]
INFO: [ app_begin ] --END-- [ RunTime:0.000634s ]
SQL: SHOW COLUMNS FROM `items` [ RunTime:0.0325s ]
SQL: SELECT * FROM `items` ORDER BY hint desc  [ RunTime:0.0010s ]
SQL: SHOW COLUMNS FROM `comment` [ RunTime:0.0182s ]
SQL: SELECT COUNT(*) AS tp_count FROM `comment` WHERE ( f_id = 22 ) LIMIT 1   [ RunTime:0.0004s ]
SQL: SELECT COUNT(*) AS tp_count FROM `comment` WHERE ( f_id = 21 ) LIMIT 1   [ RunTime:0.0003s ]
SQL: SELECT COUNT(*) AS tp_count FROM `comment` WHERE ( f_id = 12 ) LIMIT 1   [ RunTime:0.0003s ]
SQL: SELECT COUNT(*) AS tp_count FROM `comment` WHERE ( f_id = 9 ) LIMIT 1   [ RunTime:0.0003s ]
SQL: SELECT COUNT(*) AS tp_count FROM `comment` WHERE ( f_id = 24 ) LIMIT 1   [ RunTime:0.0002s ]
SQL: SELECT COUNT(*) AS tp_count FROM `comment` WHERE ( f_id = 23 ) LIMIT 1   [ RunTime:0.0002s ]
SQL: SELECT COUNT(*) AS tp_count FROM `comment` WHERE ( f_id = 19 ) LIMIT 1   [ RunTime:0.0002s ]
SQL: SELECT COUNT(*) AS tp_count FROM `comment` WHERE ( f_id = 20 ) LIMIT 1   [ RunTime:0.0002s ]
SQL: SELECT COUNT(*) AS tp_count FROM `comment` WHERE ( f_id = 18 ) LIMIT 1   [ RunTime:0.0002s ]
SQL: SELECT COUNT(*) AS tp_count FROM `comment` WHERE ( f_id = 13 ) LIMIT 1   [ RunTime:0.0003s ]
SQL: SELECT COUNT(*) AS tp_count FROM `comment` WHERE ( f_id = 15 ) LIMIT 1   [ RunTime:0.0003s ]
SQL: SELECT COUNT(*) AS tp_count FROM `comment` WHERE ( f_id = 14 ) LIMIT 1   [ RunTime:0.0002s ]
INFO: [ view_parse ] --START--
INFO: [ template_filter ] --START--
INFO: Run Behavior\ContentReplaceBehavior [ RunTime:0.000117s ]
INFO: [ template_filter ] --END-- [ RunTime:0.000216s ]
INFO: Run Behavior\ParseTemplateBehavior [ RunTime:0.011497s ]
INFO: [ view_parse ] --END-- [ RunTime:0.011607s ]
INFO: [ view_filter ] --START--
INFO: Run Behavior\WriteHtmlCacheBehavior [ RunTime:0.000226s ]
INFO: [ view_filter ] --END-- [ RunTime:0.000304s ]
INFO: [ app_end ] --START--
INFO: Run Behavior\ShowPageTraceBehavior [ RunTime:0.000382s ]
INFO: [ app_end ] --END-- [ RunTime:0.000462s ]

[ 2017-11-14T09:50:45+08:00 ] 127.0.0.1 /ChildrenPlatform/Admin/Comment/commentlist.html
INFO: [ app_init ] --START--
INFO: Run Behavior\BuildLiteBehavior [ RunTime:0.000027s ]
INFO: [ app_init ] --END-- [ RunTime:0.000403s ]
INFO: [ app_begin ] --START--
INFO: Run Behavior\ReadHtmlCacheBehavior [ RunTime:0.000430s ]
INFO: [ app_begin ] --END-- [ RunTime:0.000522s ]
SQL: SHOW COLUMNS FROM `items` [ RunTime:0.0471s ]
SQL: SELECT * FROM `items` ORDER BY hint desc  [ RunTime:0.0012s ]
SQL: SHOW COLUMNS FROM `comment` [ RunTime:0.0196s ]
SQL: SELECT COUNT(*) AS tp_count FROM `comment` WHERE ( f_id = 22 ) LIMIT 1   [ RunTime:0.0004s ]
SQL: SELECT COUNT(*) AS tp_count FROM `comment` WHERE ( f_id = 21 ) LIMIT 1   [ RunTime:0.0003s ]
SQL: SELECT COUNT(*) AS tp_count FROM `comment` WHERE ( f_id = 12 ) LIMIT 1   [ RunTime:0.0003s ]
SQL: SELECT COUNT(*) AS tp_count FROM `comment` WHERE ( f_id = 9 ) LIMIT 1   [ RunTime:0.0003s ]
SQL: SELECT COUNT(*) AS tp_count FROM `comment` WHERE ( f_id = 24 ) LIMIT 1   [ RunTime:0.0002s ]
SQL: SELECT COUNT(*) AS tp_count FROM `comment` WHERE ( f_id = 23 ) LIMIT 1   [ RunTime:0.0002s ]
SQL: SELECT COUNT(*) AS tp_count FROM `comment` WHERE ( f_id = 19 ) LIMIT 1   [ RunTime:0.0003s ]
SQL: SELECT COUNT(*) AS tp_count FROM `comment` WHERE ( f_id = 20 ) LIMIT 1   [ RunTime:0.0002s ]
SQL: SELECT COUNT(*) AS tp_count FROM `comment` WHERE ( f_id = 18 ) LIMIT 1   [ RunTime:0.0002s ]
SQL: SELECT COUNT(*) AS tp_count FROM `comment` WHERE ( f_id = 13 ) LIMIT 1   [ RunTime:0.0002s ]
SQL: SELECT COUNT(*) AS tp_count FROM `comment` WHERE ( f_id = 15 ) LIMIT 1   [ RunTime:0.0003s ]
SQL: SELECT COUNT(*) AS tp_count FROM `comment` WHERE ( f_id = 14 ) LIMIT 1   [ RunTime:0.0002s ]
INFO: [ view_parse ] --START--
INFO: [ template_filter ] --START--
INFO: Run Behavior\ContentReplaceBehavior [ RunTime:0.000122s ]
INFO: [ template_filter ] --END-- [ RunTime:0.000217s ]
INFO: Run Behavior\ParseTemplateBehavior [ RunTime:0.011326s ]
INFO: [ view_parse ] --END-- [ RunTime:0.011434s ]
INFO: [ view_filter ] --START--
INFO: Run Behavior\WriteHtmlCacheBehavior [ RunTime:0.000218s ]
INFO: [ view_filter ] --END-- [ RunTime:0.000295s ]
INFO: [ app_end ] --START--
INFO: Run Behavior\ShowPageTraceBehavior [ RunTime:0.000378s ]
INFO: [ app_end ] --END-- [ RunTime:0.000460s ]

[ 2017-11-14T10:01:30+08:00 ] 127.0.0.1 /ChildrenPlatform/Admin/Comment/commentlist.html
INFO: [ app_init ] --START--
INFO: Run Behavior\BuildLiteBehavior [ RunTime:0.000043s ]
INFO: [ app_init ] --END-- [ RunTime:0.000958s ]
INFO: [ app_begin ] --START--
INFO: Run Behavior\ReadHtmlCacheBehavior [ RunTime:0.001143s ]
INFO: [ app_begin ] --END-- [ RunTime:0.001377s ]
SQL: SHOW COLUMNS FROM `items` [ RunTime:0.0323s ]
SQL: SELECT * FROM `items` ORDER BY hint desc  [ RunTime:0.0009s ]
SQL: SHOW COLUMNS FROM `comment` [ RunTime:0.0162s ]
SQL: SELECT COUNT(*) AS tp_count FROM `comment` WHERE ( f_id = 22 ) LIMIT 1   [ RunTime:0.0006s ]
SQL: SELECT COUNT(*) AS tp_count FROM `comment` WHERE ( f_id = 21 ) LIMIT 1   [ RunTime:0.0005s ]
SQL: SELECT COUNT(*) AS tp_count FROM `comment` WHERE ( f_id = 12 ) LIMIT 1   [ RunTime:0.0005s ]
SQL: SELECT COUNT(*) AS tp_count FROM `comment` WHERE ( f_id = 9 ) LIMIT 1   [ RunTime:0.0005s ]
SQL: SELECT COUNT(*) AS tp_count FROM `comment` WHERE ( f_id = 24 ) LIMIT 1   [ RunTime:0.0005s ]
SQL: SELECT COUNT(*) AS tp_count FROM `comment` WHERE ( f_id = 23 ) LIMIT 1   [ RunTime:0.0005s ]
SQL: SELECT COUNT(*) AS tp_count FROM `comment` WHERE ( f_id = 19 ) LIMIT 1   [ RunTime:0.0005s ]
SQL: SELECT COUNT(*) AS tp_count FROM `comment` WHERE ( f_id = 20 ) LIMIT 1   [ RunTime:0.0005s ]
SQL: SELECT COUNT(*) AS tp_count FROM `comment` WHERE ( f_id = 18 ) LIMIT 1   [ RunTime:0.0005s ]
SQL: SELECT COUNT(*) AS tp_count FROM `comment` WHERE ( f_id = 13 ) LIMIT 1   [ RunTime:0.0005s ]
SQL: SELECT COUNT(*) AS tp_count FROM `comment` WHERE ( f_id = 15 ) LIMIT 1   [ RunTime:0.0005s ]
SQL: SELECT COUNT(*) AS tp_count FROM `comment` WHERE ( f_id = 14 ) LIMIT 1   [ RunTime:0.0005s ]
INFO: [ view_parse ] --START--
INFO: [ template_filter ] --START--
INFO: Run Behavior\ContentReplaceBehavior [ RunTime:0.000209s ]
INFO: [ template_filter ] --END-- [ RunTime:0.000376s ]
INFO: Run Behavior\ParseTemplateBehavior [ RunTime:0.022429s ]
INFO: [ view_parse ] --END-- [ RunTime:0.022618s ]
INFO: [ view_filter ] --START--
INFO: Run Behavior\WriteHtmlCacheBehavior [ RunTime:0.000592s ]
INFO: [ view_filter ] --END-- [ RunTime:0.000740s ]
INFO: [ app_end ] --START--
INFO: Run Behavior\ShowPageTraceBehavior [ RunTime:0.000666s ]
INFO: [ app_end ] --END-- [ RunTime:0.000789s ]

[ 2017-11-14T10:02:04+08:00 ] 127.0.0.1 /ChildrenPlatform/Admin/Comment/commentlist.html
INFO: [ app_init ] --START--
INFO: Run Behavior\BuildLiteBehavior [ RunTime:0.000030s ]
INFO: [ app_init ] --END-- [ RunTime:0.000445s ]
INFO: [ app_begin ] --START--
INFO: Run Behavior\ReadHtmlCacheBehavior [ RunTime:0.000662s ]
INFO: [ app_begin ] --END-- [ RunTime:0.000778s ]
SQL: SHOW COLUMNS FROM `items` [ RunTime:0.0316s ]
SQL: SELECT * FROM `items` ORDER BY hint desc  [ RunTime:0.0010s ]
SQL: SHOW COLUMNS FROM `comment` [ RunTime:0.0298s ]
SQL: SELECT COUNT(*) AS tp_count FROM `comment` WHERE ( f_id = 22 ) LIMIT 1   [ RunTime:0.0006s ]
SQL: SELECT COUNT(*) AS tp_count FROM `comment` WHERE ( f_id = 21 ) LIMIT 1   [ RunTime:0.0005s ]
SQL: SELECT COUNT(*) AS tp_count FROM `comment` WHERE ( f_id = 12 ) LIMIT 1   [ RunTime:0.0006s ]
SQL: SELECT COUNT(*) AS tp_count FROM `comment` WHERE ( f_id = 9 ) LIMIT 1   [ RunTime:0.0005s ]
SQL: SELECT COUNT(*) AS tp_count FROM `comment` WHERE ( f_id = 24 ) LIMIT 1   [ RunTime:0.0005s ]
SQL: SELECT COUNT(*) AS tp_count FROM `comment` WHERE ( f_id = 23 ) LIMIT 1   [ RunTime:0.0005s ]
SQL: SELECT COUNT(*) AS tp_count FROM `comment` WHERE ( f_id = 19 ) LIMIT 1   [ RunTime:0.0005s ]
SQL: SELECT COUNT(*) AS tp_count FROM `comment` WHERE ( f_id = 20 ) LIMIT 1   [ RunTime:0.0005s ]
SQL: SELECT COUNT(*) AS tp_count FROM `comment` WHERE ( f_id = 18 ) LIMIT 1   [ RunTime:0.0004s ]
SQL: SELECT COUNT(*) AS tp_count FROM `comment` WHERE ( f_id = 13 ) LIMIT 1   [ RunTime:0.0005s ]
SQL: SELECT COUNT(*) AS tp_count FROM `comment` WHERE ( f_id = 15 ) LIMIT 1   [ RunTime:0.0004s ]
SQL: SELECT COUNT(*) AS tp_count FROM `comment` WHERE ( f_id = 14 ) LIMIT 1   [ RunTime:0.0004s ]
INFO: [ view_parse ] --START--
INFO: [ template_filter ] --START--
INFO: Run Behavior\ContentReplaceBehavior [ RunTime:0.000124s ]
INFO: [ template_filter ] --END-- [ RunTime:0.000225s ]
INFO: Run Behavior\ParseTemplateBehavior [ RunTime:0.017241s ]
INFO: [ view_parse ] --END-- [ RunTime:0.017373s ]
INFO: [ view_filter ] --START--
INFO: Run Behavior\WriteHtmlCacheBehavior [ RunTime:0.000309s ]
INFO: [ view_filter ] --END-- [ RunTime:0.000388s ]
INFO: [ app_end ] --START--
INFO: Run Behavior\ShowPageTraceBehavior [ RunTime:0.000464s ]
INFO: [ app_end ] --END-- [ RunTime:0.000544s ]

[ 2017-11-14T10:02:06+08:00 ] 127.0.0.1 /ChildrenPlatform/Admin/Comment/commentdetail/id/22.html
INFO: [ app_init ] --START--
INFO: Run Behavior\BuildLiteBehavior [ RunTime:0.000038s ]
INFO: [ app_init ] --END-- [ RunTime:0.000579s ]
INFO: [ app_begin ] --START--
INFO: Run Behavior\ReadHtmlCacheBehavior [ RunTime:0.000786s ]
INFO: [ app_begin ] --END-- [ RunTime:0.000939s ]
SQL: SHOW COLUMNS FROM `comment` [ RunTime:0.0750s ]
SQL: SELECT * FROM `comment` WHERE ( f_id = 22 )  [ RunTime:0.0015s ]
SQL: SHOW COLUMNS FROM `u_information` [ RunTime:0.0432s ]
SQL: SELECT `username` FROM `u_information` WHERE ( u_id = 963 ) LIMIT 1   [ RunTime:0.0007s ]
SQL: SELECT `username` FROM `u_information` WHERE ( u_id = 963 ) LIMIT 1   [ RunTime:0.0006s ]
SQL: SELECT `username` FROM `u_information` WHERE ( u_id = 963 ) LIMIT 1   [ RunTime:0.0006s ]
SQL: SELECT `username` FROM `u_information` WHERE ( u_id = 963 ) LIMIT 1   [ RunTime:0.0006s ]
SQL: SELECT `username` FROM `u_information` WHERE ( u_id = 963 ) LIMIT 1   [ RunTime:0.0006s ]
SQL: SELECT `username` FROM `u_information` WHERE ( u_id = 963 ) LIMIT 1   [ RunTime:0.0006s ]
SQL: SELECT `username` FROM `u_information` WHERE ( u_id = 963 ) LIMIT 1   [ RunTime:0.0006s ]
SQL: SELECT `username` FROM `u_information` WHERE ( u_id = 963 ) LIMIT 1   [ RunTime:0.0006s ]
INFO: [ view_parse ] --START--
INFO: [ template_filter ] --START--
INFO: Run Behavior\ContentReplaceBehavior [ RunTime:0.000257s ]
INFO: [ template_filter ] --END-- [ RunTime:0.000480s ]
NOTIC: [8] Undefined variable: item_name E:\wamp\www\ChildrenPlatform\Application\Runtime\Cache\Admin\f3df2348b3e61277734fe7ae9f469488.php 第 9 行.
NOTIC: [8] Undefined variable: item_name E:\wamp\www\ChildrenPlatform\Application\Runtime\Cache\Admin\f3df2348b3e61277734fe7ae9f469488.php 第 298 行.
NOTIC: [8] Undefined variable: it E:\wamp\www\ChildrenPlatform\Application\Runtime\Cache\Admin\f3df2348b3e61277734fe7ae9f469488.php 第 325 行.
NOTIC: [8] Undefined variable: it E:\wamp\www\ChildrenPlatform\Application\Runtime\Cache\Admin\f3df2348b3e61277734fe7ae9f469488.php 第 325 行.
NOTIC: [8] Undefined variable: it E:\wamp\www\ChildrenPlatform\Application\Runtime\Cache\Admin\f3df2348b3e61277734fe7ae9f469488.php 第 325 行.
NOTIC: [8] Undefined variable: it E:\wamp\www\ChildrenPlatform\Application\Runtime\Cache\Admin\f3df2348b3e61277734fe7ae9f469488.php 第 325 行.
NOTIC: [8] Undefined variable: it E:\wamp\www\ChildrenPlatform\Application\Runtime\Cache\Admin\f3df2348b3e61277734fe7ae9f469488.php 第 325 行.
NOTIC: [8] Undefined variable: it E:\wamp\www\ChildrenPlatform\Application\Runtime\Cache\Admin\f3df2348b3e61277734fe7ae9f469488.php 第 325 行.
NOTIC: [8] Undefined variable: it E:\wamp\www\ChildrenPlatform\Application\Runtime\Cache\Admin\f3df2348b3e61277734fe7ae9f469488.php 第 325 行.
NOTIC: [8] Undefined variable: it E:\wamp\www\ChildrenPlatform\Application\Runtime\Cache\Admin\f3df2348b3e61277734fe7ae9f469488.php 第 325 行.
INFO: Run Behavior\ParseTemplateBehavior [ RunTime:0.028875s ]
INFO: [ view_parse ] --END-- [ RunTime:0.029070s ]
INFO: [ view_filter ] --START--
INFO: Run Behavior\WriteHtmlCacheBehavior [ RunTime:0.000546s ]
INFO: [ view_filter ] --END-- [ RunTime:0.000716s ]
INFO: [ app_end ] --START--
INFO: Run Behavior\ShowPageTraceBehavior [ RunTime:0.000881s ]
INFO: [ app_end ] --END-- [ RunTime:0.001062s ]

[ 2017-11-14T10:03:59+08:00 ] 127.0.0.1 /ChildrenPlatform/Admin/Comment/commentdetail/id/22.html
INFO: [ app_init ] --START--
INFO: Run Behavior\BuildLiteBehavior [ RunTime:0.000044s ]
INFO: [ app_init ] --END-- [ RunTime:0.000738s ]
INFO: [ app_begin ] --START--
INFO: Run Behavior\ReadHtmlCacheBehavior [ RunTime:0.000488s ]
INFO: [ app_begin ] --END-- [ RunTime:0.000595s ]
SQL: SHOW COLUMNS FROM `comment` [ RunTime:0.0312s ]
SQL: SELECT * FROM `comment` WHERE ( f_id = 22 )  [ RunTime:0.0007s ]
SQL: SHOW COLUMNS FROM `u_information` [ RunTime:0.0550s ]
SQL: SELECT `username` FROM `u_information` WHERE ( u_id = 963 ) LIMIT 1   [ RunTime:0.0005s ]
SQL: SELECT `pic` FROM `u_information` WHERE ( u_id = 963 ) LIMIT 1   [ RunTime:0.0005s ]
SQL: SELECT `username` FROM `u_information` WHERE ( u_id = 963 ) LIMIT 1   [ RunTime:0.0005s ]
SQL: SELECT `pic` FROM `u_information` WHERE ( u_id = 963 ) LIMIT 1   [ RunTime:0.0005s ]
SQL: SELECT `username` FROM `u_information` WHERE ( u_id = 963 ) LIMIT 1   [ RunTime:0.0005s ]
SQL: SELECT `pic` FROM `u_information` WHERE ( u_id = 963 ) LIMIT 1   [ RunTime:0.0004s ]
SQL: SELECT `username` FROM `u_information` WHERE ( u_id = 963 ) LIMIT 1   [ RunTime:0.0004s ]
SQL: SELECT `pic` FROM `u_information` WHERE ( u_id = 963 ) LIMIT 1   [ RunTime:0.0004s ]
SQL: SELECT `username` FROM `u_information` WHERE ( u_id = 963 ) LIMIT 1   [ RunTime:0.0004s ]
SQL: SELECT `pic` FROM `u_information` WHERE ( u_id = 963 ) LIMIT 1   [ RunTime:0.0004s ]
SQL: SELECT `username` FROM `u_information` WHERE ( u_id = 963 ) LIMIT 1   [ RunTime:0.0004s ]
SQL: SELECT `pic` FROM `u_information` WHERE ( u_id = 963 ) LIMIT 1   [ RunTime:0.0004s ]
SQL: SELECT `username` FROM `u_information` WHERE ( u_id = 963 ) LIMIT 1   [ RunTime:0.0004s ]
SQL: SELECT `pic` FROM `u_information` WHERE ( u_id = 963 ) LIMIT 1   [ RunTime:0.0004s ]
SQL: SELECT `username` FROM `u_information` WHERE ( u_id = 963 ) LIMIT 1   [ RunTime:0.0004s ]
SQL: SELECT `pic` FROM `u_information` WHERE ( u_id = 963 ) LIMIT 1   [ RunTime:0.0004s ]
INFO: [ view_parse ] --START--
INFO: [ template_filter ] --START--
INFO: Run Behavior\ContentReplaceBehavior [ RunTime:0.000193s ]
INFO: [ template_filter ] --END-- [ RunTime:0.000346s ]
NOTIC: [8] Undefined variable: item_name E:\wamp\www\ChildrenPlatform\Application\Runtime\Cache\Admin\f3df2348b3e61277734fe7ae9f469488.php 第 9 行.
NOTIC: [8] Undefined variable: item_name E:\wamp\www\ChildrenPlatform\Application\Runtime\Cache\Admin\f3df2348b3e61277734fe7ae9f469488.php 第 298 行.
NOTIC: [8] Undefined variable: it E:\wamp\www\ChildrenPlatform\Application\Runtime\Cache\Admin\f3df2348b3e61277734fe7ae9f469488.php 第 327 行.
NOTIC: [8] Undefined variable: it E:\wamp\www\ChildrenPlatform\Application\Runtime\Cache\Admin\f3df2348b3e61277734fe7ae9f469488.php 第 327 行.
NOTIC: [8] Undefined variable: it E:\wamp\www\ChildrenPlatform\Application\Runtime\Cache\Admin\f3df2348b3e61277734fe7ae9f469488.php 第 327 行.
NOTIC: [8] Undefined variable: it E:\wamp\www\ChildrenPlatform\Application\Runtime\Cache\Admin\f3df2348b3e61277734fe7ae9f469488.php 第 327 行.
NOTIC: [8] Undefined variable: it E:\wamp\www\ChildrenPlatform\Application\Runtime\Cache\Admin\f3df2348b3e61277734fe7ae9f469488.php 第 327 行.
NOTIC: [8] Undefined variable: it E:\wamp\www\ChildrenPlatform\Application\Runtime\Cache\Admin\f3df2348b3e61277734fe7ae9f469488.php 第 327 行.
NOTIC: [8] Undefined variable: it E:\wamp\www\ChildrenPlatform\Application\Runtime\Cache\Admin\f3df2348b3e61277734fe7ae9f469488.php 第 327 行.
NOTIC: [8] Undefined variable: it E:\wamp\www\ChildrenPlatform\Application\Runtime\Cache\Admin\f3df2348b3e61277734fe7ae9f469488.php 第 327 行.
INFO: Run Behavior\ParseTemplateBehavior [ RunTime:0.020236s ]
INFO: [ view_parse ] --END-- [ RunTime:0.020378s ]
INFO: [ view_filter ] --START--
INFO: Run Behavior\WriteHtmlCacheBehavior [ RunTime:0.000364s ]
INFO: [ view_filter ] --END-- [ RunTime:0.000489s ]
INFO: [ app_end ] --START--
INFO: Run Behavior\ShowPageTraceBehavior [ RunTime:0.000638s ]
INFO: [ app_end ] --END-- [ RunTime:0.000770s ]

[ 2017-11-14T10:05:19+08:00 ] 127.0.0.1 /ChildrenPlatform/Admin/Comment/commentdetail/id/22.html
INFO: [ app_init ] --START--
INFO: Run Behavior\BuildLiteBehavior [ RunTime:0.000026s ]
INFO: [ app_init ] --END-- [ RunTime:0.000450s ]
INFO: [ app_begin ] --START--
INFO: Run Behavior\ReadHtmlCacheBehavior [ RunTime:0.000654s ]
INFO: [ app_begin ] --END-- [ RunTime:0.000784s ]
SQL: SHOW COLUMNS FROM `comment` [ RunTime:0.0307s ]
SQL: SHOW COLUMNS FROM `items` [ RunTime:0.0199s ]
SQL: SELECT `f_name` FROM `items` WHERE ( f_id = 22 ) LIMIT 1   [ RunTime:0.0006s ]
SQL: SELECT * FROM `comment` WHERE ( f_id = 22 )  [ RunTime:0.0007s ]
SQL: SHOW COLUMNS FROM `u_information` [ RunTime:0.0189s ]
SQL: SELECT `username` FROM `u_information` WHERE ( u_id = 963 ) LIMIT 1   [ RunTime:0.0006s ]
SQL: SELECT `pic` FROM `u_information` WHERE ( u_id = 963 ) LIMIT 1   [ RunTime:0.0005s ]
SQL: SELECT `username` FROM `u_information` WHERE ( u_id = 963 ) LIMIT 1   [ RunTime:0.0005s ]
SQL: SELECT `pic` FROM `u_information` WHERE ( u_id = 963 ) LIMIT 1   [ RunTime:0.0005s ]
SQL: SELECT `username` FROM `u_information` WHERE ( u_id = 963 ) LIMIT 1   [ RunTime:0.0005s ]
SQL: SELECT `pic` FROM `u_information` WHERE ( u_id = 963 ) LIMIT 1   [ RunTime:0.0005s ]
SQL: SELECT `username` FROM `u_information` WHERE ( u_id = 963 ) LIMIT 1   [ RunTime:0.0005s ]
SQL: SELECT `pic` FROM `u_information` WHERE ( u_id = 963 ) LIMIT 1   [ RunTime:0.0006s ]
SQL: SELECT `username` FROM `u_information` WHERE ( u_id = 963 ) LIMIT 1   [ RunTime:0.0005s ]
SQL: SELECT `pic` FROM `u_information` WHERE ( u_id = 963 ) LIMIT 1   [ RunTime:0.0005s ]
SQL: SELECT `username` FROM `u_information` WHERE ( u_id = 963 ) LIMIT 1   [ RunTime:0.0005s ]
SQL: SELECT `pic` FROM `u_information` WHERE ( u_id = 963 ) LIMIT 1   [ RunTime:0.0003s ]
SQL: SELECT `username` FROM `u_information` WHERE ( u_id = 963 ) LIMIT 1   [ RunTime:0.0003s ]
SQL: SELECT `pic` FROM `u_information` WHERE ( u_id = 963 ) LIMIT 1   [ RunTime:0.0003s ]
SQL: SELECT `username` FROM `u_information` WHERE ( u_id = 963 ) LIMIT 1   [ RunTime:0.0003s ]
SQL: SELECT `pic` FROM `u_information` WHERE ( u_id = 963 ) LIMIT 1   [ RunTime:0.0003s ]
INFO: [ view_parse ] --START--
INFO: [ template_filter ] --START--
INFO: Run Behavior\ContentReplaceBehavior [ RunTime:0.000118s ]
INFO: [ template_filter ] --END-- [ RunTime:0.000213s ]
NOTIC: [8] Undefined variable: it E:\wamp\www\ChildrenPlatform\Application\Runtime\Cache\Admin\f3df2348b3e61277734fe7ae9f469488.php 第 327 行.
NOTIC: [8] Undefined variable: it E:\wamp\www\ChildrenPlatform\Application\Runtime\Cache\Admin\f3df2348b3e61277734fe7ae9f469488.php 第 327 行.
NOTIC: [8] Undefined variable: it E:\wamp\www\ChildrenPlatform\Application\Runtime\Cache\Admin\f3df2348b3e61277734fe7ae9f469488.php 第 327 行.
NOTIC: [8] Undefined variable: it E:\wamp\www\ChildrenPlatform\Application\Runtime\Cache\Admin\f3df2348b3e61277734fe7ae9f469488.php 第 327 行.
NOTIC: [8] Undefined variable: it E:\wamp\www\ChildrenPlatform\Application\Runtime\Cache\Admin\f3df2348b3e61277734fe7ae9f469488.php 第 327 行.
NOTIC: [8] Undefined variable: it E:\wamp\www\ChildrenPlatform\Application\Runtime\Cache\Admin\f3df2348b3e61277734fe7ae9f469488.php 第 327 行.
NOTIC: [8] Undefined variable: it E:\wamp\www\ChildrenPlatform\Application\Runtime\Cache\Admin\f3df2348b3e61277734fe7ae9f469488.php 第 327 行.
NOTIC: [8] Undefined variable: it E:\wamp\www\ChildrenPlatform\Application\Runtime\Cache\Admin\f3df2348b3e61277734fe7ae9f469488.php 第 327 行.
INFO: Run Behavior\ParseTemplateBehavior [ RunTime:0.012885s ]
INFO: [ view_parse ] --END-- [ RunTime:0.012981s ]
INFO: [ view_filter ] --START--
INFO: Run Behavior\WriteHtmlCacheBehavior [ RunTime:0.000315s ]
INFO: [ view_filter ] --END-- [ RunTime:0.000392s ]
INFO: [ app_end ] --START--
INFO: Run Behavior\ShowPageTraceBehavior [ RunTime:0.000465s ]
INFO: [ app_end ] --END-- [ RunTime:0.000545s ]

[ 2017-11-14T10:09:24+08:00 ] 127.0.0.1 /ChildrenPlatform/Admin/Comment/commentdetail/id/22.html
INFO: [ app_init ] --START--
INFO: Run Behavior\BuildLiteBehavior [ RunTime:0.000033s ]
INFO: [ app_init ] --END-- [ RunTime:0.000610s ]
INFO: [ app_begin ] --START--
INFO: Run Behavior\ReadHtmlCacheBehavior [ RunTime:0.000789s ]
INFO: [ app_begin ] --END-- [ RunTime:0.000946s ]
SQL: SHOW COLUMNS FROM `comment` [ RunTime:0.0329s ]
SQL: SHOW COLUMNS FROM `items` [ RunTime:0.0168s ]
SQL: SELECT `f_name` FROM `items` WHERE ( f_id = 22 ) LIMIT 1   [ RunTime:0.0005s ]
SQL: SELECT * FROM `comment` WHERE ( f_id = 22 )  [ RunTime:0.0006s ]
SQL: SHOW COLUMNS FROM `u_information` [ RunTime:0.0139s ]
SQL: SELECT `username` FROM `u_information` WHERE ( u_id = 963 ) LIMIT 1   [ RunTime:0.0004s ]
SQL: SELECT `pic` FROM `u_information` WHERE ( u_id = 963 ) LIMIT 1   [ RunTime:0.0004s ]
SQL: SELECT `username` FROM `u_information` WHERE ( u_id = 963 ) LIMIT 1   [ RunTime:0.0004s ]
SQL: SELECT `pic` FROM `u_information` WHERE ( u_id = 963 ) LIMIT 1   [ RunTime:0.0004s ]
SQL: SELECT `username` FROM `u_information` WHERE ( u_id = 963 ) LIMIT 1   [ RunTime:0.0004s ]
SQL: SELECT `pic` FROM `u_information` WHERE ( u_id = 963 ) LIMIT 1   [ RunTime:0.0003s ]
SQL: SELECT `username` FROM `u_information` WHERE ( u_id = 963 ) LIMIT 1   [ RunTime:0.0003s ]
SQL: SELECT `pic` FROM `u_information` WHERE ( u_id = 963 ) LIMIT 1   [ RunTime:0.0003s ]
SQL: SELECT `username` FROM `u_information` WHERE ( u_id = 963 ) LIMIT 1   [ RunTime:0.0003s ]
SQL: SELECT `pic` FROM `u_information` WHERE ( u_id = 963 ) LIMIT 1   [ RunTime:0.0002s ]
SQL: SELECT `username` FROM `u_information` WHERE ( u_id = 963 ) LIMIT 1   [ RunTime:0.0002s ]
SQL: SELECT `pic` FROM `u_information` WHERE ( u_id = 963 ) LIMIT 1   [ RunTime:0.0002s ]
SQL: SELECT `username` FROM `u_information` WHERE ( u_id = 963 ) LIMIT 1   [ RunTime:0.0002s ]
SQL: SELECT `pic` FROM `u_information` WHERE ( u_id = 963 ) LIMIT 1   [ RunTime:0.0002s ]
SQL: SELECT `username` FROM `u_information` WHERE ( u_id = 963 ) LIMIT 1   [ RunTime:0.0002s ]
SQL: SELECT `pic` FROM `u_information` WHERE ( u_id = 963 ) LIMIT 1   [ RunTime:0.0002s ]
INFO: [ view_parse ] --START--
INFO: [ template_filter ] --START--
INFO: Run Behavior\ContentReplaceBehavior [ RunTime:0.000116s ]
INFO: [ template_filter ] --END-- [ RunTime:0.000243s ]
INFO: Run Behavior\ParseTemplateBehavior [ RunTime:0.012225s ]
INFO: [ view_parse ] --END-- [ RunTime:0.012315s ]
INFO: [ view_filter ] --START--
INFO: Run Behavior\WriteHtmlCacheBehavior [ RunTime:0.000317s ]
INFO: [ view_filter ] --END-- [ RunTime:0.000391s ]
INFO: [ app_end ] --START--
INFO: Run Behavior\ShowPageTraceBehavior [ RunTime:0.000476s ]
INFO: [ app_end ] --END-- [ RunTime:0.000555s ]

[ 2017-11-14T10:10:52+08:00 ] 127.0.0.1 /ChildrenPlatform/Admin/Comment/commentdetail/id/22.html
INFO: [ app_init ] --START--
INFO: Run Behavior\BuildLiteBehavior [ RunTime:0.000031s ]
INFO: [ app_init ] --END-- [ RunTime:0.000481s ]
INFO: [ app_begin ] --START--
INFO: Run Behavior\ReadHtmlCacheBehavior [ RunTime:0.000515s ]
INFO: [ app_begin ] --END-- [ RunTime:0.000658s ]
SQL: SHOW COLUMNS FROM `comment` [ RunTime:0.0540s ]
SQL: SHOW COLUMNS FROM `items` [ RunTime:0.0384s ]
SQL: SELECT `f_name` FROM `items` WHERE ( f_id = 22 ) LIMIT 1   [ RunTime:0.0012s ]
SQL: SELECT * FROM `comment` WHERE ( f_id = 22 )  [ RunTime:0.0014s ]
SQL: SHOW COLUMNS FROM `u_information` [ RunTime:0.0237s ]
SQL: SELECT `username` FROM `u_information` WHERE ( u_id = 963 ) LIMIT 1   [ RunTime:0.0008s ]
SQL: SELECT `pic` FROM `u_information` WHERE ( u_id = 963 ) LIMIT 1   [ RunTime:0.0006s ]
SQL: SELECT `username` FROM `u_information` WHERE ( u_id = 963 ) LIMIT 1   [ RunTime:0.0005s ]
SQL: SELECT `pic` FROM `u_information` WHERE ( u_id = 963 ) LIMIT 1   [ RunTime:0.0006s ]
SQL: SELECT `username` FROM `u_information` WHERE ( u_id = 963 ) LIMIT 1   [ RunTime:0.0004s ]
SQL: SELECT `pic` FROM `u_information` WHERE ( u_id = 963 ) LIMIT 1   [ RunTime:0.0004s ]
SQL: SELECT `username` FROM `u_information` WHERE ( u_id = 963 ) LIMIT 1   [ RunTime:0.0003s ]
SQL: SELECT `pic` FROM `u_information` WHERE ( u_id = 963 ) LIMIT 1   [ RunTime:0.0003s ]
SQL: SELECT `username` FROM `u_information` WHERE ( u_id = 963 ) LIMIT 1   [ RunTime:0.0003s ]
SQL: SELECT `pic` FROM `u_information` WHERE ( u_id = 963 ) LIMIT 1   [ RunTime:0.0003s ]
SQL: SELECT `username` FROM `u_information` WHERE ( u_id = 963 ) LIMIT 1   [ RunTime:0.0003s ]
SQL: SELECT `pic` FROM `u_information` WHERE ( u_id = 963 ) LIMIT 1   [ RunTime:0.0003s ]
SQL: SELECT `username` FROM `u_information` WHERE ( u_id = 963 ) LIMIT 1   [ RunTime:0.0004s ]
SQL: SELECT `pic` FROM `u_information` WHERE ( u_id = 963 ) LIMIT 1   [ RunTime:0.0003s ]
SQL: SELECT `username` FROM `u_information` WHERE ( u_id = 963 ) LIMIT 1   [ RunTime:0.0003s ]
SQL: SELECT `pic` FROM `u_information` WHERE ( u_id = 963 ) LIMIT 1   [ RunTime:0.0003s ]
INFO: [ view_parse ] --START--
INFO: [ template_filter ] --START--
INFO: Run Behavior\ContentReplaceBehavior [ RunTime:0.000180s ]
INFO: [ template_filter ] --END-- [ RunTime:0.000328s ]
INFO: Run Behavior\ParseTemplateBehavior [ RunTime:0.016388s ]
INFO: [ view_parse ] --END-- [ RunTime:0.016516s ]
INFO: [ view_filter ] --START--
INFO: Run Behavior\WriteHtmlCacheBehavior [ RunTime:0.000313s ]
INFO: [ view_filter ] --END-- [ RunTime:0.000428s ]
INFO: [ app_end ] --START--
INFO: Run Behavior\ShowPageTraceBehavior [ RunTime:0.000556s ]
INFO: [ app_end ] --END-- [ RunTime:0.000675s ]

[ 2017-11-14T10:10:56+08:00 ] 127.0.0.1 /ChildrenPlatform/Admin/Comment/commentdetail/id/del_comment?r_id=43
INFO: [ app_init ] --START--
INFO: Run Behavior\BuildLiteBehavior [ RunTime:0.000029s ]
INFO: [ app_init ] --END-- [ RunTime:0.000451s ]
INFO: [ app_begin ] --START--
INFO: Run Behavior\ReadHtmlCacheBehavior [ RunTime:0.000510s ]
INFO: [ app_begin ] --END-- [ RunTime:0.000614s ]
SQL: SHOW COLUMNS FROM `comment` [ RunTime:0.0381s ]
SQL: SHOW COLUMNS FROM `items` [ RunTime:0.0187s ]
ERR: SQLSTATE[42S22]: Column not found: 1054 Unknown column 'del_comment' in 'where clause'

[ 2017-11-14T10:12:59+08:00 ] 127.0.0.1 /ChildrenPlatform/Admin/Comment/commentdetail/id/22.html
INFO: [ app_init ] --START--
INFO: Run Behavior\BuildLiteBehavior [ RunTime:0.000043s ]
INFO: [ app_init ] --END-- [ RunTime:0.000783s ]
INFO: [ app_begin ] --START--
INFO: Run Behavior\ReadHtmlCacheBehavior [ RunTime:0.000506s ]
INFO: [ app_begin ] --END-- [ RunTime:0.000595s ]
SQL: SHOW COLUMNS FROM `comment` [ RunTime:0.0495s ]
SQL: SHOW COLUMNS FROM `items` [ RunTime:0.0191s ]
SQL: SELECT `f_name` FROM `items` WHERE ( f_id = 22 ) LIMIT 1   [ RunTime:0.0005s ]
SQL: SELECT * FROM `comment` WHERE ( f_id = 22 )  [ RunTime:0.0006s ]
SQL: SHOW COLUMNS FROM `u_information` [ RunTime:0.0152s ]
SQL: SELECT `username` FROM `u_information` WHERE ( u_id = 963 ) LIMIT 1   [ RunTime:0.0003s ]
SQL: SELECT `pic` FROM `u_information` WHERE ( u_id = 963 ) LIMIT 1   [ RunTime:0.0003s ]
SQL: SELECT `username` FROM `u_information` WHERE ( u_id = 963 ) LIMIT 1   [ RunTime:0.0003s ]
SQL: SELECT `pic` FROM `u_information` WHERE ( u_id = 963 ) LIMIT 1   [ RunTime:0.0003s ]
SQL: SELECT `username` FROM `u_information` WHERE ( u_id = 963 ) LIMIT 1   [ RunTime:0.0003s ]
SQL: SELECT `pic` FROM `u_information` WHERE ( u_id = 963 ) LIMIT 1   [ RunTime:0.0003s ]
SQL: SELECT `username` FROM `u_information` WHERE ( u_id = 963 ) LIMIT 1   [ RunTime:0.0003s ]
SQL: SELECT `pic` FROM `u_information` WHERE ( u_id = 963 ) LIMIT 1   [ RunTime:0.0003s ]
SQL: SELECT `username` FROM `u_information` WHERE ( u_id = 963 ) LIMIT 1   [ RunTime:0.0003s ]
SQL: SELECT `pic` FROM `u_information` WHERE ( u_id = 963 ) LIMIT 1   [ RunTime:0.0003s ]
SQL: SELECT `username` FROM `u_information` WHERE ( u_id = 963 ) LIMIT 1   [ RunTime:0.0003s ]
SQL: SELECT `pic` FROM `u_information` WHERE ( u_id = 963 ) LIMIT 1   [ RunTime:0.0003s ]
SQL: SELECT `username` FROM `u_information` WHERE ( u_id = 963 ) LIMIT 1   [ RunTime:0.0003s ]
SQL: SELECT `pic` FROM `u_information` WHERE ( u_id = 963 ) LIMIT 1   [ RunTime:0.0003s ]
SQL: SELECT `username` FROM `u_information` WHERE ( u_id = 963 ) LIMIT 1   [ RunTime:0.0002s ]
SQL: SELECT `pic` FROM `u_information` WHERE ( u_id = 963 ) LIMIT 1   [ RunTime:0.0002s ]
INFO: [ view_parse ] --START--
INFO: [ template_filter ] --START--
INFO: Run Behavior\ContentReplaceBehavior [ RunTime:0.000118s ]
INFO: [ template_filter ] --END-- [ RunTime:0.000213s ]
INFO: Run Behavior\ParseTemplateBehavior [ RunTime:0.011579s ]
INFO: [ view_parse ] --END-- [ RunTime:0.011682s ]
INFO: [ view_filter ] --START--
INFO: Run Behavior\WriteHtmlCacheBehavior [ RunTime:0.000379s ]
INFO: [ view_filter ] --END-- [ RunTime:0.000459s ]
INFO: [ app_end ] --START--
INFO: Run Behavior\ShowPageTraceBehavior [ RunTime:0.000482s ]
INFO: [ app_end ] --END-- [ RunTime:0.000566s ]

[ 2017-11-14T10:13:05+08:00 ] 127.0.0.1 /ChildrenPlatform/Admin/Comment/commentdetail/id/del_comment?r_id=59
INFO: [ app_init ] --START--
INFO: Run Behavior\BuildLiteBehavior [ RunTime:0.000031s ]
INFO: [ app_init ] --END-- [ RunTime:0.000467s ]
INFO: [ app_begin ] --START--
INFO: Run Behavior\ReadHtmlCacheBehavior [ RunTime:0.000657s ]
INFO: [ app_begin ] --END-- [ RunTime:0.000762s ]
SQL: SHOW COLUMNS FROM `comment` [ RunTime:0.0341s ]
SQL: SHOW COLUMNS FROM `items` [ RunTime:0.0187s ]
ERR: SQLSTATE[42S22]: Column not found: 1054 Unknown column 'del_comment' in 'where clause'

[ 2017-11-14T10:14:00+08:00 ] 127.0.0.1 /ChildrenPlatform/Admin/Comment/commentdetail/id/22.html
INFO: [ app_init ] --START--
INFO: Run Behavior\BuildLiteBehavior [ RunTime:0.000033s ]
INFO: [ app_init ] --END-- [ RunTime:0.000460s ]
INFO: [ app_begin ] --START--
INFO: Run Behavior\ReadHtmlCacheBehavior [ RunTime:0.000509s ]
INFO: [ app_begin ] --END-- [ RunTime:0.000624s ]
SQL: SHOW COLUMNS FROM `comment` [ RunTime:0.0105s ]
SQL: SHOW COLUMNS FROM `items` [ RunTime:0.0105s ]
SQL: SELECT `f_name` FROM `items` WHERE ( f_id = 22 ) LIMIT 1   [ RunTime:0.0003s ]
SQL: SELECT * FROM `comment` WHERE ( f_id = 22 )  [ RunTime:0.0003s ]
SQL: SHOW COLUMNS FROM `u_information` [ RunTime:0.0109s ]
SQL: SELECT `username` FROM `u_information` WHERE ( u_id = 963 ) LIMIT 1   [ RunTime:0.0003s ]
SQL: SELECT `pic` FROM `u_information` WHERE ( u_id = 963 ) LIMIT 1   [ RunTime:0.0003s ]
SQL: SELECT `username` FROM `u_information` WHERE ( u_id = 963 ) LIMIT 1   [ RunTime:0.0003s ]
SQL: SELECT `pic` FROM `u_information` WHERE ( u_id = 963 ) LIMIT 1   [ RunTime:0.0003s ]
SQL: SELECT `username` FROM `u_information` WHERE ( u_id = 963 ) LIMIT 1   [ RunTime:0.0002s ]
SQL: SELECT `pic` FROM `u_information` WHERE ( u_id = 963 ) LIMIT 1   [ RunTime:0.0002s ]
SQL: SELECT `username` FROM `u_information` WHERE ( u_id = 963 ) LIMIT 1   [ RunTime:0.0002s ]
SQL: SELECT `pic` FROM `u_information` WHERE ( u_id = 963 ) LIMIT 1   [ RunTime:0.0002s ]
SQL: SELECT `username` FROM `u_information` WHERE ( u_id = 963 ) LIMIT 1   [ RunTime:0.0002s ]
SQL: SELECT `pic` FROM `u_information` WHERE ( u_id = 963 ) LIMIT 1   [ RunTime:0.0002s ]
SQL: SELECT `username` FROM `u_information` WHERE ( u_id = 963 ) LIMIT 1   [ RunTime:0.0002s ]
SQL: SELECT `pic` FROM `u_information` WHERE ( u_id = 963 ) LIMIT 1   [ RunTime:0.0002s ]
SQL: SELECT `username` FROM `u_information` WHERE ( u_id = 963 ) LIMIT 1   [ RunTime:0.0002s ]
SQL: SELECT `pic` FROM `u_information` WHERE ( u_id = 963 ) LIMIT 1   [ RunTime:0.0002s ]
SQL: SELECT `username` FROM `u_information` WHERE ( u_id = 963 ) LIMIT 1   [ RunTime:0.0002s ]
SQL: SELECT `pic` FROM `u_information` WHERE ( u_id = 963 ) LIMIT 1   [ RunTime:0.0002s ]
INFO: [ view_parse ] --START--
INFO: [ template_filter ] --START--
INFO: Run Behavior\ContentReplaceBehavior [ RunTime:0.000119s ]
INFO: [ template_filter ] --END-- [ RunTime:0.000215s ]
INFO: Run Behavior\ParseTemplateBehavior [ RunTime:0.012001s ]
INFO: [ view_parse ] --END-- [ RunTime:0.012097s ]
INFO: [ view_filter ] --START--
INFO: Run Behavior\WriteHtmlCacheBehavior [ RunTime:0.000233s ]
INFO: [ view_filter ] --END-- [ RunTime:0.000317s ]
INFO: [ app_end ] --START--
INFO: Run Behavior\ShowPageTraceBehavior [ RunTime:0.000435s ]
INFO: [ app_end ] --END-- [ RunTime:0.000520s ]

[ 2017-11-14T10:14:08+08:00 ] 127.0.0.1 /ChildrenPlatform/Admin/Comment/commentdetail/id/22.html
INFO: [ app_init ] --START--
INFO: Run Behavior\BuildLiteBehavior [ RunTime:0.000027s ]
INFO: [ app_init ] --END-- [ RunTime:0.000447s ]
INFO: [ app_begin ] --START--
INFO: Run Behavior\ReadHtmlCacheBehavior [ RunTime:0.000528s ]
INFO: [ app_begin ] --END-- [ RunTime:0.000643s ]
SQL: SHOW COLUMNS FROM `comment` [ RunTime:0.0282s ]
SQL: SHOW COLUMNS FROM `items` [ RunTime:0.0191s ]
SQL: SELECT `f_name` FROM `items` WHERE ( f_id = 22 ) LIMIT 1   [ RunTime:0.0005s ]
SQL: SELECT * FROM `comment` WHERE ( f_id = 22 )  [ RunTime:0.0006s ]
SQL: SHOW COLUMNS FROM `u_information` [ RunTime:0.0298s ]
SQL: SELECT `username` FROM `u_information` WHERE ( u_id = 963 ) LIMIT 1   [ RunTime:0.0005s ]
SQL: SELECT `pic` FROM `u_information` WHERE ( u_id = 963 ) LIMIT 1   [ RunTime:0.0004s ]
SQL: SELECT `username` FROM `u_information` WHERE ( u_id = 963 ) LIMIT 1   [ RunTime:0.0005s ]
SQL: SELECT `pic` FROM `u_information` WHERE ( u_id = 963 ) LIMIT 1   [ RunTime:0.0005s ]
SQL: SELECT `username` FROM `u_information` WHERE ( u_id = 963 ) LIMIT 1   [ RunTime:0.0005s ]
SQL: SELECT `pic` FROM `u_information` WHERE ( u_id = 963 ) LIMIT 1   [ RunTime:0.0005s ]
SQL: SELECT `username` FROM `u_information` WHERE ( u_id = 963 ) LIMIT 1   [ RunTime:0.0005s ]
SQL: SELECT `pic` FROM `u_information` WHERE ( u_id = 963 ) LIMIT 1   [ RunTime:0.0005s ]
SQL: SELECT `username` FROM `u_information` WHERE ( u_id = 963 ) LIMIT 1   [ RunTime:0.0004s ]
SQL: SELECT `pic` FROM `u_information` WHERE ( u_id = 963 ) LIMIT 1   [ RunTime:0.0004s ]
SQL: SELECT `username` FROM `u_information` WHERE ( u_id = 963 ) LIMIT 1   [ RunTime:0.0004s ]
SQL: SELECT `pic` FROM `u_information` WHERE ( u_id = 963 ) LIMIT 1   [ RunTime:0.0004s ]
SQL: SELECT `username` FROM `u_information` WHERE ( u_id = 963 ) LIMIT 1   [ RunTime:0.0004s ]
SQL: SELECT `pic` FROM `u_information` WHERE ( u_id = 963 ) LIMIT 1   [ RunTime:0.0004s ]
SQL: SELECT `username` FROM `u_information` WHERE ( u_id = 963 ) LIMIT 1   [ RunTime:0.0003s ]
SQL: SELECT `pic` FROM `u_information` WHERE ( u_id = 963 ) LIMIT 1   [ RunTime:0.0003s ]
INFO: [ view_parse ] --START--
INFO: [ template_filter ] --START--
INFO: Run Behavior\ContentReplaceBehavior [ RunTime:0.000120s ]
INFO: [ template_filter ] --END-- [ RunTime:0.000216s ]
INFO: Run Behavior\ParseTemplateBehavior [ RunTime:0.011596s ]
INFO: [ view_parse ] --END-- [ RunTime:0.011699s ]
INFO: [ view_filter ] --START--
INFO: Run Behavior\WriteHtmlCacheBehavior [ RunTime:0.000304s ]
INFO: [ view_filter ] --END-- [ RunTime:0.000381s ]
INFO: [ app_end ] --START--
INFO: Run Behavior\ShowPageTraceBehavior [ RunTime:0.000464s ]
INFO: [ app_end ] --END-- [ RunTime:0.000545s ]

[ 2017-11-14T10:14:42+08:00 ] 127.0.0.1 /ChildrenPlatform/Admin/Comment/commentdetail/id/22.html
INFO: [ app_init ] --START--
INFO: Run Behavior\BuildLiteBehavior [ RunTime:0.000022s ]
INFO: [ app_init ] --END-- [ RunTime:0.000354s ]
INFO: [ app_begin ] --START--
INFO: Run Behavior\ReadHtmlCacheBehavior [ RunTime:0.000381s ]
INFO: [ app_begin ] --END-- [ RunTime:0.000466s ]
SQL: SHOW COLUMNS FROM `comment` [ RunTime:0.0338s ]
SQL: SHOW COLUMNS FROM `items` [ RunTime:0.0287s ]
SQL: SELECT `f_name` FROM `items` WHERE ( f_id = 22 ) LIMIT 1   [ RunTime:0.0004s ]
SQL: SELECT * FROM `comment` WHERE ( f_id = 22 )  [ RunTime:0.0004s ]
SQL: SHOW COLUMNS FROM `u_information` [ RunTime:0.0150s ]
SQL: SELECT `username` FROM `u_information` WHERE ( u_id = 963 ) LIMIT 1   [ RunTime:0.0004s ]
SQL: SELECT `pic` FROM `u_information` WHERE ( u_id = 963 ) LIMIT 1   [ RunTime:0.0003s ]
SQL: SELECT `username` FROM `u_information` WHERE ( u_id = 963 ) LIMIT 1   [ RunTime:0.0003s ]
SQL: SELECT `pic` FROM `u_information` WHERE ( u_id = 963 ) LIMIT 1   [ RunTime:0.0003s ]
SQL: SELECT `username` FROM `u_information` WHERE ( u_id = 963 ) LIMIT 1   [ RunTime:0.0003s ]
SQL: SELECT `pic` FROM `u_information` WHERE ( u_id = 963 ) LIMIT 1   [ RunTime:0.0003s ]
SQL: SELECT `username` FROM `u_information` WHERE ( u_id = 963 ) LIMIT 1   [ RunTime:0.0003s ]
SQL: SELECT `pic` FROM `u_information` WHERE ( u_id = 963 ) LIMIT 1   [ RunTime:0.0003s ]
SQL: SELECT `username` FROM `u_information` WHERE ( u_id = 963 ) LIMIT 1   [ RunTime:0.0003s ]
SQL: SELECT `pic` FROM `u_information` WHERE ( u_id = 963 ) LIMIT 1   [ RunTime:0.0003s ]
SQL: SELECT `username` FROM `u_information` WHERE ( u_id = 963 ) LIMIT 1   [ RunTime:0.0003s ]
SQL: SELECT `pic` FROM `u_information` WHERE ( u_id = 963 ) LIMIT 1   [ RunTime:0.0003s ]
SQL: SELECT `username` FROM `u_information` WHERE ( u_id = 963 ) LIMIT 1   [ RunTime:0.0003s ]
SQL: SELECT `pic` FROM `u_information` WHERE ( u_id = 963 ) LIMIT 1   [ RunTime:0.0003s ]
SQL: SELECT `username` FROM `u_information` WHERE ( u_id = 963 ) LIMIT 1   [ RunTime:0.0003s ]
SQL: SELECT `pic` FROM `u_information` WHERE ( u_id = 963 ) LIMIT 1   [ RunTime:0.0002s ]
INFO: [ view_parse ] --START--
INFO: [ template_filter ] --START--
INFO: Run Behavior\ContentReplaceBehavior [ RunTime:0.000122s ]
INFO: [ template_filter ] --END-- [ RunTime:0.000220s ]
INFO: Run Behavior\ParseTemplateBehavior [ RunTime:0.011616s ]
INFO: [ view_parse ] --END-- [ RunTime:0.011713s ]
INFO: [ view_filter ] --START--
INFO: Run Behavior\WriteHtmlCacheBehavior [ RunTime:0.000224s ]
INFO: [ view_filter ] --END-- [ RunTime:0.000298s ]
INFO: [ app_end ] --START--
INFO: Run Behavior\ShowPageTraceBehavior [ RunTime:0.000387s ]
INFO: [ app_end ] --END-- [ RunTime:0.000466s ]

[ 2017-11-14T10:15:21+08:00 ] 127.0.0.1 /ChildrenPlatform/Admin/Comment/commentdetail/id/22.html
INFO: [ app_init ] --START--
INFO: Run Behavior\BuildLiteBehavior [ RunTime:0.000033s ]
INFO: [ app_init ] --END-- [ RunTime:0.000612s ]
INFO: [ app_begin ] --START--
INFO: Run Behavior\ReadHtmlCacheBehavior [ RunTime:0.000676s ]
INFO: [ app_begin ] --END-- [ RunTime:0.000801s ]
SQL: SHOW COLUMNS FROM `comment` [ RunTime:0.0254s ]
SQL: SHOW COLUMNS FROM `items` [ RunTime:0.0191s ]
SQL: SELECT `f_name` FROM `items` WHERE ( f_id = 22 ) LIMIT 1   [ RunTime:0.0006s ]
SQL: SELECT * FROM `comment` WHERE ( f_id = 22 )  [ RunTime:0.0006s ]
SQL: SHOW COLUMNS FROM `u_information` [ RunTime:0.0111s ]
SQL: SELECT `username` FROM `u_information` WHERE ( u_id = 963 ) LIMIT 1   [ RunTime:0.0003s ]
SQL: SELECT `pic` FROM `u_information` WHERE ( u_id = 963 ) LIMIT 1   [ RunTime:0.0003s ]
SQL: SELECT `username` FROM `u_information` WHERE ( u_id = 963 ) LIMIT 1   [ RunTime:0.0003s ]
SQL: SELECT `pic` FROM `u_information` WHERE ( u_id = 963 ) LIMIT 1   [ RunTime:0.0003s ]
SQL: SELECT `username` FROM `u_information` WHERE ( u_id = 963 ) LIMIT 1   [ RunTime:0.0003s ]
SQL: SELECT `pic` FROM `u_information` WHERE ( u_id = 963 ) LIMIT 1   [ RunTime:0.0003s ]
SQL: SELECT `username` FROM `u_information` WHERE ( u_id = 963 ) LIMIT 1   [ RunTime:0.0002s ]
SQL: SELECT `pic` FROM `u_information` WHERE ( u_id = 963 ) LIMIT 1   [ RunTime:0.0003s ]
SQL: SELECT `username` FROM `u_information` WHERE ( u_id = 963 ) LIMIT 1   [ RunTime:0.0002s ]
SQL: SELECT `pic` FROM `u_information` WHERE ( u_id = 963 ) LIMIT 1   [ RunTime:0.0003s ]
SQL: SELECT `username` FROM `u_information` WHERE ( u_id = 963 ) LIMIT 1   [ RunTime:0.0002s ]
SQL: SELECT `pic` FROM `u_information` WHERE ( u_id = 963 ) LIMIT 1   [ RunTime:0.0002s ]
SQL: SELECT `username` FROM `u_information` WHERE ( u_id = 963 ) LIMIT 1   [ RunTime:0.0003s ]
SQL: SELECT `pic` FROM `u_information` WHERE ( u_id = 963 ) LIMIT 1   [ RunTime:0.0003s ]
SQL: SELECT `username` FROM `u_information` WHERE ( u_id = 963 ) LIMIT 1   [ RunTime:0.0003s ]
SQL: SELECT `pic` FROM `u_information` WHERE ( u_id = 963 ) LIMIT 1   [ RunTime:0.0003s ]
INFO: [ view_parse ] --START--
INFO: [ template_filter ] --START--
INFO: Run Behavior\ContentReplaceBehavior [ RunTime:0.000128s ]
INFO: [ template_filter ] --END-- [ RunTime:0.000227s ]
INFO: Run Behavior\ParseTemplateBehavior [ RunTime:0.011702s ]
INFO: [ view_parse ] --END-- [ RunTime:0.011800s ]
INFO: [ view_filter ] --START--
INFO: Run Behavior\WriteHtmlCacheBehavior [ RunTime:0.000217s ]
INFO: [ view_filter ] --END-- [ RunTime:0.000292s ]
INFO: [ app_end ] --START--
INFO: Run Behavior\ShowPageTraceBehavior [ RunTime:0.000473s ]
INFO: [ app_end ] --END-- [ RunTime:0.000580s ]

[ 2017-11-14T10:15:24+08:00 ] 127.0.0.1 /ChildrenPlatform/Admin/Comment/del_comment?r_id=59
INFO: [ app_init ] --START--
INFO: Run Behavior\BuildLiteBehavior [ RunTime:0.000029s ]
INFO: [ app_init ] --END-- [ RunTime:0.000448s ]
INFO: [ app_begin ] --START--
INFO: Run Behavior\ReadHtmlCacheBehavior [ RunTime:0.000691s ]
INFO: [ app_begin ] --END-- [ RunTime:0.000805s ]
SQL: SHOW COLUMNS FROM `comment` [ RunTime:0.0208s ]
SQL: DELETE FROM `comment` WHERE ( r_id = 59 ) [ RunTime:0.1070s ]
INFO: [ app_end ] --START--
INFO: Run Behavior\ShowPageTraceBehavior [ RunTime:0.002104s ]
INFO: [ app_end ] --END-- [ RunTime:0.002412s ]

[ 2017-11-14T10:15:37+08:00 ] 127.0.0.1 /ChildrenPlatform/Admin/Comment/del_comment?r_id=53
INFO: [ app_init ] --START--
INFO: Run Behavior\BuildLiteBehavior [ RunTime:0.000024s ]
INFO: [ app_init ] --END-- [ RunTime:0.000354s ]
INFO: [ app_begin ] --START--
INFO: Run Behavior\ReadHtmlCacheBehavior [ RunTime:0.000382s ]
INFO: [ app_begin ] --END-- [ RunTime:0.000458s ]
SQL: SHOW COLUMNS FROM `comment` [ RunTime:0.0520s ]
SQL: DELETE FROM `comment` WHERE ( r_id = 53 ) [ RunTime:0.0784s ]
INFO: [ app_end ] --START--
INFO: Run Behavior\ShowPageTraceBehavior [ RunTime:0.001818s ]
INFO: [ app_end ] --END-- [ RunTime:0.002150s ]

[ 2017-11-14T10:15:40+08:00 ] 127.0.0.1 /ChildrenPlatform/Admin/Comment/commentdetail/id/22.html
INFO: [ app_init ] --START--
INFO: Run Behavior\BuildLiteBehavior [ RunTime:0.000028s ]
INFO: [ app_init ] --END-- [ RunTime:0.000368s ]
INFO: [ app_begin ] --START--
INFO: Run Behavior\ReadHtmlCacheBehavior [ RunTime:0.000398s ]
INFO: [ app_begin ] --END-- [ RunTime:0.000494s ]
SQL: SHOW COLUMNS FROM `comment` [ RunTime:0.0344s ]
SQL: SHOW COLUMNS FROM `items` [ RunTime:0.0167s ]
SQL: SELECT `f_name` FROM `items` WHERE ( f_id = 22 ) LIMIT 1   [ RunTime:0.0005s ]
SQL: SELECT * FROM `comment` WHERE ( f_id = 22 )  [ RunTime:0.0006s ]
SQL: SHOW COLUMNS FROM `u_information` [ RunTime:0.0218s ]
SQL: SELECT `username` FROM `u_information` WHERE ( u_id = 963 ) LIMIT 1   [ RunTime:0.0003s ]
SQL: SELECT `pic` FROM `u_information` WHERE ( u_id = 963 ) LIMIT 1   [ RunTime:0.0002s ]
SQL: SELECT `username` FROM `u_information` WHERE ( u_id = 963 ) LIMIT 1   [ RunTime:0.0002s ]
SQL: SELECT `pic` FROM `u_information` WHERE ( u_id = 963 ) LIMIT 1   [ RunTime:0.0003s ]
SQL: SELECT `username` FROM `u_information` WHERE ( u_id = 963 ) LIMIT 1   [ RunTime:0.0002s ]
SQL: SELECT `pic` FROM `u_information` WHERE ( u_id = 963 ) LIMIT 1   [ RunTime:0.0002s ]
SQL: SELECT `username` FROM `u_information` WHERE ( u_id = 963 ) LIMIT 1   [ RunTime:0.0002s ]
SQL: SELECT `pic` FROM `u_information` WHERE ( u_id = 963 ) LIMIT 1   [ RunTime:0.0002s ]
SQL: SELECT `username` FROM `u_information` WHERE ( u_id = 963 ) LIMIT 1   [ RunTime:0.0002s ]
SQL: SELECT `pic` FROM `u_information` WHERE ( u_id = 963 ) LIMIT 1   [ RunTime:0.0002s ]
SQL: SELECT `username` FROM `u_information` WHERE ( u_id = 963 ) LIMIT 1   [ RunTime:0.0002s ]
SQL: SELECT `pic` FROM `u_information` WHERE ( u_id = 963 ) LIMIT 1   [ RunTime:0.0002s ]
INFO: [ view_parse ] --START--
INFO: [ template_filter ] --START--
INFO: Run Behavior\ContentReplaceBehavior [ RunTime:0.000137s ]
INFO: [ template_filter ] --END-- [ RunTime:0.000237s ]
INFO: Run Behavior\ParseTemplateBehavior [ RunTime:0.011752s ]
INFO: [ view_parse ] --END-- [ RunTime:0.011848s ]
INFO: [ view_filter ] --START--
INFO: Run Behavior\WriteHtmlCacheBehavior [ RunTime:0.000327s ]
INFO: [ view_filter ] --END-- [ RunTime:0.000416s ]
INFO: [ app_end ] --START--
INFO: Run Behavior\ShowPageTraceBehavior [ RunTime:0.000377s ]
INFO: [ app_end ] --END-- [ RunTime:0.000461s ]

[ 2017-11-14T10:15:47+08:00 ] 127.0.0.1 /ChildrenPlatform/Admin/Comment/commentlist.html
INFO: [ app_init ] --START--
INFO: Run Behavior\BuildLiteBehavior [ RunTime:0.000033s ]
INFO: [ app_init ] --END-- [ RunTime:0.000510s ]
INFO: [ app_begin ] --START--
INFO: Run Behavior\ReadHtmlCacheBehavior [ RunTime:0.000536s ]
INFO: [ app_begin ] --END-- [ RunTime:0.000656s ]
SQL: SHOW COLUMNS FROM `items` [ RunTime:0.0366s ]
SQL: SELECT * FROM `items` ORDER BY hint desc  [ RunTime:0.0018s ]
SQL: SHOW COLUMNS FROM `comment` [ RunTime:0.0258s ]
SQL: SELECT COUNT(*) AS tp_count FROM `comment` WHERE ( f_id = 22 ) LIMIT 1   [ RunTime:0.0007s ]
SQL: SELECT COUNT(*) AS tp_count FROM `comment` WHERE ( f_id = 21 ) LIMIT 1   [ RunTime:0.0006s ]
SQL: SELECT COUNT(*) AS tp_count FROM `comment` WHERE ( f_id = 12 ) LIMIT 1   [ RunTime:0.0005s ]
SQL: SELECT COUNT(*) AS tp_count FROM `comment` WHERE ( f_id = 9 ) LIMIT 1   [ RunTime:0.0005s ]
SQL: SELECT COUNT(*) AS tp_count FROM `comment` WHERE ( f_id = 24 ) LIMIT 1   [ RunTime:0.0006s ]
SQL: SELECT COUNT(*) AS tp_count FROM `comment` WHERE ( f_id = 23 ) LIMIT 1   [ RunTime:0.0006s ]
SQL: SELECT COUNT(*) AS tp_count FROM `comment` WHERE ( f_id = 19 ) LIMIT 1   [ RunTime:0.0005s ]
SQL: SELECT COUNT(*) AS tp_count FROM `comment` WHERE ( f_id = 20 ) LIMIT 1   [ RunTime:0.0006s ]
SQL: SELECT COUNT(*) AS tp_count FROM `comment` WHERE ( f_id = 18 ) LIMIT 1   [ RunTime:0.0005s ]
SQL: SELECT COUNT(*) AS tp_count FROM `comment` WHERE ( f_id = 13 ) LIMIT 1   [ RunTime:0.0005s ]
SQL: SELECT COUNT(*) AS tp_count FROM `comment` WHERE ( f_id = 15 ) LIMIT 1   [ RunTime:0.0005s ]
SQL: SELECT COUNT(*) AS tp_count FROM `comment` WHERE ( f_id = 14 ) LIMIT 1   [ RunTime:0.0005s ]
INFO: [ view_parse ] --START--
INFO: [ template_filter ] --START--
INFO: Run Behavior\ContentReplaceBehavior [ RunTime:0.000177s ]
INFO: [ template_filter ] --END-- [ RunTime:0.000314s ]
INFO: Run Behavior\ParseTemplateBehavior [ RunTime:0.017540s ]
INFO: [ view_parse ] --END-- [ RunTime:0.017673s ]
INFO: [ view_filter ] --START--
INFO: Run Behavior\WriteHtmlCacheBehavior [ RunTime:0.000329s ]
INFO: [ view_filter ] --END-- [ RunTime:0.000440s ]
INFO: [ app_end ] --START--
INFO: Run Behavior\ShowPageTraceBehavior [ RunTime:0.000559s ]
INFO: [ app_end ] --END-- [ RunTime:0.000682s ]

[ 2017-11-14T10:15:51+08:00 ] 127.0.0.1 /ChildrenPlatform/Admin/Comment/commentdetail/id/12.html
INFO: [ app_init ] --START--
INFO: Run Behavior\BuildLiteBehavior [ RunTime:0.000046s ]
INFO: [ app_init ] --END-- [ RunTime:0.000831s ]
INFO: [ app_begin ] --START--
INFO: Run Behavior\ReadHtmlCacheBehavior [ RunTime:0.000682s ]
INFO: [ app_begin ] --END-- [ RunTime:0.000841s ]
SQL: SHOW COLUMNS FROM `comment` [ RunTime:0.0336s ]
SQL: SHOW COLUMNS FROM `items` [ RunTime:0.0206s ]
SQL: SELECT `f_name` FROM `items` WHERE ( f_id = 12 ) LIMIT 1   [ RunTime:0.0007s ]
SQL: SELECT * FROM `comment` WHERE ( f_id = 12 )  [ RunTime:0.0007s ]
SQL: SHOW COLUMNS FROM `u_information` [ RunTime:0.0119s ]
SQL: SELECT `username` FROM `u_information` WHERE ( u_id = 963 ) LIMIT 1   [ RunTime:0.0003s ]
SQL: SELECT `pic` FROM `u_information` WHERE ( u_id = 963 ) LIMIT 1   [ RunTime:0.0003s ]
SQL: SELECT `username` FROM `u_information` WHERE ( u_id = 963 ) LIMIT 1   [ RunTime:0.0003s ]
SQL: SELECT `pic` FROM `u_information` WHERE ( u_id = 963 ) LIMIT 1   [ RunTime:0.0002s ]
SQL: SELECT `username` FROM `u_information` WHERE ( u_id = 963 ) LIMIT 1   [ RunTime:0.0002s ]
SQL: SELECT `pic` FROM `u_information` WHERE ( u_id = 963 ) LIMIT 1   [ RunTime:0.0003s ]
SQL: SELECT `username` FROM `u_information` WHERE ( u_id = 963 ) LIMIT 1   [ RunTime:0.0003s ]
SQL: SELECT `pic` FROM `u_information` WHERE ( u_id = 963 ) LIMIT 1   [ RunTime:0.0003s ]
INFO: [ view_parse ] --START--
INFO: [ template_filter ] --START--
INFO: Run Behavior\ContentReplaceBehavior [ RunTime:0.000133s ]
INFO: [ template_filter ] --END-- [ RunTime:0.000237s ]
INFO: Run Behavior\ParseTemplateBehavior [ RunTime:0.011376s ]
INFO: [ view_parse ] --END-- [ RunTime:0.011480s ]
INFO: [ view_filter ] --START--
INFO: Run Behavior\WriteHtmlCacheBehavior [ RunTime:0.000224s ]
INFO: [ view_filter ] --END-- [ RunTime:0.000302s ]
INFO: [ app_end ] --START--
INFO: Run Behavior\ShowPageTraceBehavior [ RunTime:0.000398s ]
INFO: [ app_end ] --END-- [ RunTime:0.000478s ]

[ 2017-11-14T10:15:58+08:00 ] 127.0.0.1 /ChildrenPlatform/Admin/Comment/del_comment?r_id=41
INFO: [ app_init ] --START--
INFO: Run Behavior\BuildLiteBehavior [ RunTime:0.000033s ]
INFO: [ app_init ] --END-- [ RunTime:0.000482s ]
INFO: [ app_begin ] --START--
INFO: Run Behavior\ReadHtmlCacheBehavior [ RunTime:0.000504s ]
INFO: [ app_begin ] --END-- [ RunTime:0.000620s ]
SQL: SHOW COLUMNS FROM `comment` [ RunTime:0.0344s ]
SQL: DELETE FROM `comment` WHERE ( r_id = 41 ) [ RunTime:0.0759s ]
INFO: [ app_end ] --START--
INFO: Run Behavior\ShowPageTraceBehavior [ RunTime:0.000853s ]
INFO: [ app_end ] --END-- [ RunTime:0.001016s ]

