[ 2017-10-23T12:00:55+08:00 ] 127.0.0.1 /ChildrenPlatform/Admin/Project/uploadpro.html
INFO: [ app_init ] --START--
INFO: Run Behavior\BuildLiteBehavior [ RunTime:0.000046s ]
INFO: [ app_init ] --END-- [ RunTime:0.000910s ]
INFO: [ app_begin ] --START--
INFO: Run Behavior\ReadHtmlCacheBehavior [ RunTime:0.001204s ]
INFO: [ app_begin ] --END-- [ RunTime:0.001407s ]
SQL: SHOW COLUMNS FROM `maintype` [ RunTime:0.0258s ]
SQL: SHOW COLUMNS FROM `2lvtype` [ RunTime:0.0464s ]
SQL: SELECT * FROM `maintype`  [ RunTime:0.0004s ]
NOTIC: [8] Undefined offset: 0 E:\wamp\www\ChildrenPlatform\ThinkPHP\Library\Think\Model.class.php 第 222 行.
SQL: SELECT * FROM `2lvtype` WHERE ( m_id = 1 )  [ RunTime:0.0004s ]
NOTIC: [8] Undefined offset: 0 E:\wamp\www\ChildrenPlatform\ThinkPHP\Library\Think\Model.class.php 第 222 行.
SQL: SELECT * FROM `2lvtype` WHERE ( m_id = 2 )  [ RunTime:0.0004s ]
NOTIC: [8] Undefined offset: 0 E:\wamp\www\ChildrenPlatform\ThinkPHP\Library\Think\Model.class.php 第 222 行.
SQL: SELECT * FROM `2lvtype` WHERE ( m_id = 3 )  [ RunTime:0.0005s ]
NOTIC: [8] Undefined offset: 0 E:\wamp\www\ChildrenPlatform\ThinkPHP\Library\Think\Model.class.php 第 222 行.
SQL: SELECT * FROM `2lvtype` WHERE ( m_id = 4 )  [ RunTime:0.0005s ]
INFO: [ view_parse ] --START--
INFO: [ template_filter ] --START--
INFO: Run Behavior\ContentReplaceBehavior [ RunTime:0.000156s ]
INFO: [ template_filter ] --END-- [ RunTime:0.000247s ]
NOTIC: [8] Use of undefined constant voo - assumed 'voo' E:\wamp\www\ChildrenPlatform\Application\Runtime\Cache\Admin\6322342fece5b1ecdf4c3e38eb46275b.php 第 331 行.
NOTIC: [8] Use of undefined constant voo - assumed 'voo' E:\wamp\www\ChildrenPlatform\Application\Runtime\Cache\Admin\6322342fece5b1ecdf4c3e38eb46275b.php 第 331 行.
NOTIC: [8] Use of undefined constant voo - assumed 'voo' E:\wamp\www\ChildrenPlatform\Application\Runtime\Cache\Admin\6322342fece5b1ecdf4c3e38eb46275b.php 第 331 行.
NOTIC: [8] Use of undefined constant voo - assumed 'voo' E:\wamp\www\ChildrenPlatform\Application\Runtime\Cache\Admin\6322342fece5b1ecdf4c3e38eb46275b.php 第 331 行.
NOTIC: [8] Use of undefined constant voo - assumed 'voo' E:\wamp\www\ChildrenPlatform\Application\Runtime\Cache\Admin\6322342fece5b1ecdf4c3e38eb46275b.php 第 331 行.
NOTIC: [8] Use of undefined constant voo - assumed 'voo' E:\wamp\www\ChildrenPlatform\Application\Runtime\Cache\Admin\6322342fece5b1ecdf4c3e38eb46275b.php 第 331 行.
NOTIC: [8] Use of undefined constant voo - assumed 'voo' E:\wamp\www\ChildrenPlatform\Application\Runtime\Cache\Admin\6322342fece5b1ecdf4c3e38eb46275b.php 第 331 行.
NOTIC: [8] Use of undefined constant voo - assumed 'voo' E:\wamp\www\ChildrenPlatform\Application\Runtime\Cache\Admin\6322342fece5b1ecdf4c3e38eb46275b.php 第 331 行.
INFO: Run Behavior\ParseTemplateBehavior [ RunTime:0.048508s ]
INFO: [ view_parse ] --END-- [ RunTime:0.048735s ]
INFO: [ view_filter ] --START--
INFO: Run Behavior\WriteHtmlCacheBehavior [ RunTime:0.001911s ]
INFO: [ view_filter ] --END-- [ RunTime:0.002376s ]
INFO: [ app_end ] --START--
INFO: Run Behavior\ShowPageTraceBehavior [ RunTime:0.002276s ]
INFO: [ app_end ] --END-- [ RunTime:0.002608s ]

[ 2017-10-23T12:00:59+08:00 ] 127.0.0.1 /ChildrenPlatform/Admin/Users/userlist.html
INFO: [ app_init ] --START--
INFO: Run Behavior\BuildLiteBehavior [ RunTime:0.000019s ]
INFO: [ app_init ] --END-- [ RunTime:0.000400s ]
INFO: [ app_begin ] --START--
INFO: Run Behavior\ReadHtmlCacheBehavior [ RunTime:0.000442s ]
INFO: [ app_begin ] --END-- [ RunTime:0.000526s ]
SQL: SHOW COLUMNS FROM `u_information` [ RunTime:0.0796s ]
SQL: SELECT * FROM `u_information` ORDER BY i_id desc  [ RunTime:0.0010s ]
INFO: [ view_parse ] --START--
INFO: [ template_filter ] --START--
INFO: Run Behavior\ContentReplaceBehavior [ RunTime:0.000283s ]
INFO: [ template_filter ] --END-- [ RunTime:0.000467s ]
INFO: Run Behavior\ParseTemplateBehavior [ RunTime:0.038145s ]
INFO: [ view_parse ] --END-- [ RunTime:0.038350s ]
INFO: [ view_filter ] --START--
INFO: Run Behavior\WriteHtmlCacheBehavior [ RunTime:0.000745s ]
INFO: [ view_filter ] --END-- [ RunTime:0.000909s ]
INFO: [ app_end ] --START--
INFO: Run Behavior\ShowPageTraceBehavior [ RunTime:0.001157s ]
INFO: [ app_end ] --END-- [ RunTime:0.001327s ]

