[ 2018-03-27T18:46:50+08:00 ] 127.0.0.1 /ChildrenPlatform/Admin
INFO: [ app_init ] --START--
INFO: Run Behavior\BuildLiteBehavior [ RunTime:0.000031s ]
INFO: [ app_init ] --END-- [ RunTime:0.000419s ]
INFO: [ app_begin ] --START--
INFO: Run Behavior\ReadHtmlCacheBehavior [ RunTime:0.000464s ]
INFO: [ app_begin ] --END-- [ RunTime:0.000582s ]

[ 2018-03-27T18:46:50+08:00 ] 127.0.0.1 /ChildrenPlatform/Admin/Index/login.html
INFO: [ app_init ] --START--
INFO: Run Behavior\BuildLiteBehavior [ RunTime:0.000033s ]
INFO: [ app_init ] --END-- [ RunTime:0.000603s ]
INFO: [ app_begin ] --START--
INFO: Run Behavior\ReadHtmlCacheBehavior [ RunTime:0.000696s ]
INFO: [ app_begin ] --END-- [ RunTime:0.000852s ]
INFO: [ view_parse ] --START--
INFO: [ template_filter ] --START--
INFO: Run Behavior\ContentReplaceBehavior [ RunTime:0.000157s ]
INFO: [ template_filter ] --END-- [ RunTime:0.000324s ]
INFO: Run Behavior\ParseTemplateBehavior [ RunTime:0.060529s ]
INFO: [ view_parse ] --END-- [ RunTime:0.060783s ]
INFO: [ view_filter ] --START--
INFO: Run Behavior\WriteHtmlCacheBehavior [ RunTime:0.000924s ]
INFO: [ view_filter ] --END-- [ RunTime:0.001082s ]
INFO: [ app_end ] --START--
INFO: Run Behavior\ShowPageTraceBehavior [ RunTime:0.000721s ]
INFO: [ app_end ] --END-- [ RunTime:0.000859s ]

[ 2018-03-27T18:46:59+08:00 ] 127.0.0.1 /ChildrenPlatform/Admin/Index/checkLogin
INFO: [ app_init ] --START--
INFO: Run Behavior\BuildLiteBehavior [ RunTime:0.000025s ]
INFO: [ app_init ] --END-- [ RunTime:0.000454s ]
INFO: [ app_begin ] --START--
INFO: Run Behavior\ReadHtmlCacheBehavior [ RunTime:0.000511s ]
INFO: [ app_begin ] --END-- [ RunTime:0.000615s ]
SQL: SHOW COLUMNS FROM `admin` [ RunTime:0.0578s ]
SQL: SELECT * FROM `admin` WHERE `username` = 'root' AND `password` = '675e192c556ac6a22abdcc8e57c25935'  [ RunTime:0.0009s ]
NOTIC: [8] Use of undefined constant json - assumed 'json' E:\wamp\www\ChildrenPlatform\Application\Admin\Controller\IndexController.class.php 第 37 行.

[ 2018-03-27T18:47:02+08:00 ] 127.0.0.1 /ChildrenPlatform/Admin/Index/index.html
INFO: [ app_init ] --START--
INFO: Run Behavior\BuildLiteBehavior [ RunTime:0.000040s ]
INFO: [ app_init ] --END-- [ RunTime:0.000527s ]
INFO: [ app_begin ] --START--
INFO: Run Behavior\ReadHtmlCacheBehavior [ RunTime:0.000550s ]
INFO: [ app_begin ] --END-- [ RunTime:0.000671s ]
SQL: SHOW COLUMNS FROM `index` [ RunTime:0.0458s ]
SQL: SELECT `pageview` FROM `index` WHERE ( id = 1 ) LIMIT 1   [ RunTime:0.0011s ]
SQL: SHOW COLUMNS FROM `items` [ RunTime:0.0228s ]
SQL: SELECT COUNT(*) AS tp_count FROM `items` LIMIT 1   [ RunTime:0.0012s ]
SQL: SHOW COLUMNS FROM `comment` [ RunTime:0.0208s ]
SQL: SELECT COUNT(*) AS tp_count FROM `comment` LIMIT 1   [ RunTime:0.0006s ]
SQL: SHOW COLUMNS FROM `user` [ RunTime:0.0126s ]
SQL: SELECT COUNT(*) AS tp_count FROM `user` LIMIT 1   [ RunTime:0.0006s ]
INFO: [ view_parse ] --START--
INFO: [ template_filter ] --START--
INFO: Run Behavior\ContentReplaceBehavior [ RunTime:0.000286s ]
INFO: [ template_filter ] --END-- [ RunTime:0.000511s ]
INFO: Run Behavior\ParseTemplateBehavior [ RunTime:0.060225s ]
INFO: [ view_parse ] --END-- [ RunTime:0.060446s ]
INFO: [ view_filter ] --START--
INFO: Run Behavior\WriteHtmlCacheBehavior [ RunTime:0.000960s ]
INFO: [ view_filter ] --END-- [ RunTime:0.001157s ]
INFO: [ app_end ] --START--
INFO: Run Behavior\ShowPageTraceBehavior [ RunTime:0.001431s ]
INFO: [ app_end ] --END-- [ RunTime:0.001634s ]

[ 2018-03-27T18:47:15+08:00 ] 127.0.0.1 /ChildrenPlatform/Admin/Users/userlist.html
INFO: [ app_init ] --START--
INFO: Run Behavior\BuildLiteBehavior [ RunTime:0.000027s ]
INFO: [ app_init ] --END-- [ RunTime:0.000395s ]
INFO: [ app_begin ] --START--
INFO: Run Behavior\ReadHtmlCacheBehavior [ RunTime:0.000463s ]
INFO: [ app_begin ] --END-- [ RunTime:0.000596s ]
SQL: SHOW COLUMNS FROM `u_information` [ RunTime:0.0058s ]
SQL: SELECT * FROM `u_information` ORDER BY i_id desc  [ RunTime:0.0007s ]
INFO: [ view_parse ] --START--
INFO: [ template_filter ] --START--
INFO: Run Behavior\ContentReplaceBehavior [ RunTime:0.000198s ]
INFO: [ template_filter ] --END-- [ RunTime:0.000379s ]
INFO: Run Behavior\ParseTemplateBehavior [ RunTime:0.022721s ]
INFO: [ view_parse ] --END-- [ RunTime:0.022852s ]
INFO: [ view_filter ] --START--
INFO: Run Behavior\WriteHtmlCacheBehavior [ RunTime:0.000469s ]
INFO: [ view_filter ] --END-- [ RunTime:0.000552s ]
INFO: [ app_end ] --START--
INFO: Run Behavior\ShowPageTraceBehavior [ RunTime:0.000552s ]
INFO: [ app_end ] --END-- [ RunTime:0.000634s ]

[ 2018-03-27T18:47:24+08:00 ] 127.0.0.1 /ChildrenPlatform/Admin/Project/prolist.html
INFO: [ app_init ] --START--
INFO: Run Behavior\BuildLiteBehavior [ RunTime:0.000030s ]
INFO: [ app_init ] --END-- [ RunTime:0.000560s ]
INFO: [ app_begin ] --START--
INFO: Run Behavior\ReadHtmlCacheBehavior [ RunTime:0.000741s ]
INFO: [ app_begin ] --END-- [ RunTime:0.000875s ]
SQL: SHOW COLUMNS FROM `items` [ RunTime:0.0079s ]
SQL: SELECT * FROM `items` ORDER BY f_id desc  [ RunTime:0.0007s ]
INFO: [ view_parse ] --START--
INFO: [ template_filter ] --START--
INFO: Run Behavior\ContentReplaceBehavior [ RunTime:0.000176s ]
INFO: [ template_filter ] --END-- [ RunTime:0.000308s ]
INFO: Run Behavior\ParseTemplateBehavior [ RunTime:0.066930s ]
INFO: [ view_parse ] --END-- [ RunTime:0.067076s ]
INFO: [ view_filter ] --START--
INFO: Run Behavior\WriteHtmlCacheBehavior [ RunTime:0.000544s ]
INFO: [ view_filter ] --END-- [ RunTime:0.000657s ]
INFO: [ app_end ] --START--
INFO: Run Behavior\ShowPageTraceBehavior [ RunTime:0.000774s ]
INFO: [ app_end ] --END-- [ RunTime:0.000883s ]

[ 2018-03-27T18:47:28+08:00 ] 127.0.0.1 /ChildrenPlatform/Admin/Project/uploadpro.html
INFO: [ app_init ] --START--
INFO: Run Behavior\BuildLiteBehavior [ RunTime:0.000031s ]
INFO: [ app_init ] --END-- [ RunTime:0.000544s ]
INFO: [ app_begin ] --START--
INFO: Run Behavior\ReadHtmlCacheBehavior [ RunTime:0.000944s ]
INFO: [ app_begin ] --END-- [ RunTime:0.001123s ]
SQL: SHOW COLUMNS FROM `maintype` [ RunTime:0.0277s ]
SQL: SHOW COLUMNS FROM `2lvtype` [ RunTime:0.0124s ]
SQL: SELECT * FROM `maintype`  [ RunTime:0.0008s ]
NOTIC: [8] Undefined offset: 0 E:\wamp\www\ChildrenPlatform\ThinkPHP\Library\Think\Model.class.php 第 222 行.
SQL: SELECT * FROM `2lvtype` WHERE ( m_id = 1 )  [ RunTime:0.0007s ]
NOTIC: [8] Undefined offset: 0 E:\wamp\www\ChildrenPlatform\ThinkPHP\Library\Think\Model.class.php 第 222 行.
SQL: SELECT * FROM `2lvtype` WHERE ( m_id = 2 )  [ RunTime:0.0008s ]
NOTIC: [8] Undefined offset: 0 E:\wamp\www\ChildrenPlatform\ThinkPHP\Library\Think\Model.class.php 第 222 行.
SQL: SELECT * FROM `2lvtype` WHERE ( m_id = 3 )  [ RunTime:0.0007s ]
NOTIC: [8] Undefined offset: 0 E:\wamp\www\ChildrenPlatform\ThinkPHP\Library\Think\Model.class.php 第 222 行.
SQL: SELECT * FROM `2lvtype` WHERE ( m_id = 4 )  [ RunTime:0.0008s ]
INFO: [ view_parse ] --START--
INFO: [ template_filter ] --START--
INFO: Run Behavior\ContentReplaceBehavior [ RunTime:0.000142s ]
INFO: [ template_filter ] --END-- [ RunTime:0.000243s ]
NOTIC: [8] Use of undefined constant voo - assumed 'voo' E:\wamp\www\ChildrenPlatform\Application\Runtime\Cache\Admin\6322342fece5b1ecdf4c3e38eb46275b.php 第 332 行.
NOTIC: [8] Use of undefined constant voo - assumed 'voo' E:\wamp\www\ChildrenPlatform\Application\Runtime\Cache\Admin\6322342fece5b1ecdf4c3e38eb46275b.php 第 332 行.
NOTIC: [8] Use of undefined constant voo - assumed 'voo' E:\wamp\www\ChildrenPlatform\Application\Runtime\Cache\Admin\6322342fece5b1ecdf4c3e38eb46275b.php 第 332 行.
NOTIC: [8] Use of undefined constant voo - assumed 'voo' E:\wamp\www\ChildrenPlatform\Application\Runtime\Cache\Admin\6322342fece5b1ecdf4c3e38eb46275b.php 第 332 行.
NOTIC: [8] Use of undefined constant voo - assumed 'voo' E:\wamp\www\ChildrenPlatform\Application\Runtime\Cache\Admin\6322342fece5b1ecdf4c3e38eb46275b.php 第 332 行.
NOTIC: [8] Use of undefined constant voo - assumed 'voo' E:\wamp\www\ChildrenPlatform\Application\Runtime\Cache\Admin\6322342fece5b1ecdf4c3e38eb46275b.php 第 332 行.
NOTIC: [8] Use of undefined constant voo - assumed 'voo' E:\wamp\www\ChildrenPlatform\Application\Runtime\Cache\Admin\6322342fece5b1ecdf4c3e38eb46275b.php 第 332 行.
NOTIC: [8] Use of undefined constant voo - assumed 'voo' E:\wamp\www\ChildrenPlatform\Application\Runtime\Cache\Admin\6322342fece5b1ecdf4c3e38eb46275b.php 第 332 行.
INFO: Run Behavior\ParseTemplateBehavior [ RunTime:0.045674s ]
INFO: [ view_parse ] --END-- [ RunTime:0.045826s ]
INFO: [ view_filter ] --START--
INFO: Run Behavior\WriteHtmlCacheBehavior [ RunTime:0.000394s ]
INFO: [ view_filter ] --END-- [ RunTime:0.000478s ]
INFO: [ app_end ] --START--
INFO: Run Behavior\ShowPageTraceBehavior [ RunTime:0.000567s ]
INFO: [ app_end ] --END-- [ RunTime:0.000646s ]

[ 2018-03-27T18:47:38+08:00 ] 127.0.0.1 /ChildrenPlatform/Admin/Project/uploadpro.html
INFO: [ app_init ] --START--
INFO: Run Behavior\BuildLiteBehavior [ RunTime:0.000029s ]
INFO: [ app_init ] --END-- [ RunTime:0.000542s ]
INFO: [ app_begin ] --START--
INFO: Run Behavior\ReadHtmlCacheBehavior [ RunTime:0.000547s ]
INFO: [ app_begin ] --END-- [ RunTime:0.000675s ]
SQL: SHOW COLUMNS FROM `maintype` [ RunTime:0.0164s ]
SQL: SHOW COLUMNS FROM `2lvtype` [ RunTime:0.0121s ]
SQL: SELECT * FROM `maintype`  [ RunTime:0.0007s ]
NOTIC: [8] Undefined offset: 0 E:\wamp\www\ChildrenPlatform\ThinkPHP\Library\Think\Model.class.php 第 222 行.
SQL: SELECT * FROM `2lvtype` WHERE ( m_id = 1 )  [ RunTime:0.0007s ]
NOTIC: [8] Undefined offset: 0 E:\wamp\www\ChildrenPlatform\ThinkPHP\Library\Think\Model.class.php 第 222 行.
SQL: SELECT * FROM `2lvtype` WHERE ( m_id = 2 )  [ RunTime:0.0008s ]
NOTIC: [8] Undefined offset: 0 E:\wamp\www\ChildrenPlatform\ThinkPHP\Library\Think\Model.class.php 第 222 行.
SQL: SELECT * FROM `2lvtype` WHERE ( m_id = 3 )  [ RunTime:0.0007s ]
NOTIC: [8] Undefined offset: 0 E:\wamp\www\ChildrenPlatform\ThinkPHP\Library\Think\Model.class.php 第 222 行.
SQL: SELECT * FROM `2lvtype` WHERE ( m_id = 4 )  [ RunTime:0.0007s ]
INFO: [ view_parse ] --START--
INFO: [ template_filter ] --START--
INFO: Run Behavior\ContentReplaceBehavior [ RunTime:0.000213s ]
INFO: [ template_filter ] --END-- [ RunTime:0.000345s ]
NOTIC: [8] Use of undefined constant voo - assumed 'voo' E:\wamp\www\ChildrenPlatform\Application\Runtime\Cache\Admin\6322342fece5b1ecdf4c3e38eb46275b.php 第 332 行.
NOTIC: [8] Use of undefined constant voo - assumed 'voo' E:\wamp\www\ChildrenPlatform\Application\Runtime\Cache\Admin\6322342fece5b1ecdf4c3e38eb46275b.php 第 332 行.
NOTIC: [8] Use of undefined constant voo - assumed 'voo' E:\wamp\www\ChildrenPlatform\Application\Runtime\Cache\Admin\6322342fece5b1ecdf4c3e38eb46275b.php 第 332 行.
NOTIC: [8] Use of undefined constant voo - assumed 'voo' E:\wamp\www\ChildrenPlatform\Application\Runtime\Cache\Admin\6322342fece5b1ecdf4c3e38eb46275b.php 第 332 行.
NOTIC: [8] Use of undefined constant voo - assumed 'voo' E:\wamp\www\ChildrenPlatform\Application\Runtime\Cache\Admin\6322342fece5b1ecdf4c3e38eb46275b.php 第 332 行.
NOTIC: [8] Use of undefined constant voo - assumed 'voo' E:\wamp\www\ChildrenPlatform\Application\Runtime\Cache\Admin\6322342fece5b1ecdf4c3e38eb46275b.php 第 332 行.
NOTIC: [8] Use of undefined constant voo - assumed 'voo' E:\wamp\www\ChildrenPlatform\Application\Runtime\Cache\Admin\6322342fece5b1ecdf4c3e38eb46275b.php 第 332 行.
NOTIC: [8] Use of undefined constant voo - assumed 'voo' E:\wamp\www\ChildrenPlatform\Application\Runtime\Cache\Admin\6322342fece5b1ecdf4c3e38eb46275b.php 第 332 行.
INFO: Run Behavior\ParseTemplateBehavior [ RunTime:0.019150s ]
INFO: [ view_parse ] --END-- [ RunTime:0.019309s ]
INFO: [ view_filter ] --START--
INFO: Run Behavior\WriteHtmlCacheBehavior [ RunTime:0.000576s ]
INFO: [ view_filter ] --END-- [ RunTime:0.000685s ]
INFO: [ app_end ] --START--
INFO: Run Behavior\ShowPageTraceBehavior [ RunTime:0.000586s ]
INFO: [ app_end ] --END-- [ RunTime:0.000710s ]

[ 2018-03-27T18:47:43+08:00 ] 127.0.0.1 /ChildrenPlatform/Admin/Project/uploadpro.html
INFO: [ app_init ] --START--
INFO: Run Behavior\BuildLiteBehavior [ RunTime:0.000025s ]
INFO: [ app_init ] --END-- [ RunTime:0.000407s ]
INFO: [ app_begin ] --START--
INFO: Run Behavior\ReadHtmlCacheBehavior [ RunTime:0.000446s ]
INFO: [ app_begin ] --END-- [ RunTime:0.000563s ]
SQL: SHOW COLUMNS FROM `maintype` [ RunTime:0.0059s ]
SQL: SHOW COLUMNS FROM `2lvtype` [ RunTime:0.0057s ]
SQL: SELECT * FROM `maintype`  [ RunTime:0.0004s ]
NOTIC: [8] Undefined offset: 0 E:\wamp\www\ChildrenPlatform\ThinkPHP\Library\Think\Model.class.php 第 222 行.
SQL: SELECT * FROM `2lvtype` WHERE ( m_id = 1 )  [ RunTime:0.0004s ]
NOTIC: [8] Undefined offset: 0 E:\wamp\www\ChildrenPlatform\ThinkPHP\Library\Think\Model.class.php 第 222 行.
SQL: SELECT * FROM `2lvtype` WHERE ( m_id = 2 )  [ RunTime:0.0004s ]
NOTIC: [8] Undefined offset: 0 E:\wamp\www\ChildrenPlatform\ThinkPHP\Library\Think\Model.class.php 第 222 行.
SQL: SELECT * FROM `2lvtype` WHERE ( m_id = 3 )  [ RunTime:0.0004s ]
NOTIC: [8] Undefined offset: 0 E:\wamp\www\ChildrenPlatform\ThinkPHP\Library\Think\Model.class.php 第 222 行.
SQL: SELECT * FROM `2lvtype` WHERE ( m_id = 4 )  [ RunTime:0.0004s ]
INFO: [ view_parse ] --START--
INFO: [ template_filter ] --START--
INFO: Run Behavior\ContentReplaceBehavior [ RunTime:0.000137s ]
INFO: [ template_filter ] --END-- [ RunTime:0.000222s ]
NOTIC: [8] Use of undefined constant voo - assumed 'voo' E:\wamp\www\ChildrenPlatform\Application\Runtime\Cache\Admin\6322342fece5b1ecdf4c3e38eb46275b.php 第 332 行.
NOTIC: [8] Use of undefined constant voo - assumed 'voo' E:\wamp\www\ChildrenPlatform\Application\Runtime\Cache\Admin\6322342fece5b1ecdf4c3e38eb46275b.php 第 332 行.
NOTIC: [8] Use of undefined constant voo - assumed 'voo' E:\wamp\www\ChildrenPlatform\Application\Runtime\Cache\Admin\6322342fece5b1ecdf4c3e38eb46275b.php 第 332 行.
NOTIC: [8] Use of undefined constant voo - assumed 'voo' E:\wamp\www\ChildrenPlatform\Application\Runtime\Cache\Admin\6322342fece5b1ecdf4c3e38eb46275b.php 第 332 行.
NOTIC: [8] Use of undefined constant voo - assumed 'voo' E:\wamp\www\ChildrenPlatform\Application\Runtime\Cache\Admin\6322342fece5b1ecdf4c3e38eb46275b.php 第 332 行.
NOTIC: [8] Use of undefined constant voo - assumed 'voo' E:\wamp\www\ChildrenPlatform\Application\Runtime\Cache\Admin\6322342fece5b1ecdf4c3e38eb46275b.php 第 332 行.
NOTIC: [8] Use of undefined constant voo - assumed 'voo' E:\wamp\www\ChildrenPlatform\Application\Runtime\Cache\Admin\6322342fece5b1ecdf4c3e38eb46275b.php 第 332 行.
NOTIC: [8] Use of undefined constant voo - assumed 'voo' E:\wamp\www\ChildrenPlatform\Application\Runtime\Cache\Admin\6322342fece5b1ecdf4c3e38eb46275b.php 第 332 行.
INFO: Run Behavior\ParseTemplateBehavior [ RunTime:0.013102s ]
INFO: [ view_parse ] --END-- [ RunTime:0.013194s ]
INFO: [ view_filter ] --START--
INFO: Run Behavior\WriteHtmlCacheBehavior [ RunTime:0.000398s ]
INFO: [ view_filter ] --END-- [ RunTime:0.000478s ]
INFO: [ app_end ] --START--
INFO: Run Behavior\ShowPageTraceBehavior [ RunTime:0.000404s ]
INFO: [ app_end ] --END-- [ RunTime:0.000496s ]

[ 2018-03-27T18:47:46+08:00 ] 127.0.0.1 /ChildrenPlatform/Admin/Project/uploadpro.html
INFO: [ app_init ] --START--
INFO: Run Behavior\BuildLiteBehavior [ RunTime:0.000022s ]
INFO: [ app_init ] --END-- [ RunTime:0.000367s ]
INFO: [ app_begin ] --START--
INFO: Run Behavior\ReadHtmlCacheBehavior [ RunTime:0.000429s ]
INFO: [ app_begin ] --END-- [ RunTime:0.000539s ]
SQL: SHOW COLUMNS FROM `maintype` [ RunTime:0.0148s ]
SQL: SHOW COLUMNS FROM `2lvtype` [ RunTime:0.0128s ]
SQL: SELECT * FROM `maintype`  [ RunTime:0.0007s ]
NOTIC: [8] Undefined offset: 0 E:\wamp\www\ChildrenPlatform\ThinkPHP\Library\Think\Model.class.php 第 222 行.
SQL: SELECT * FROM `2lvtype` WHERE ( m_id = 1 )  [ RunTime:0.0008s ]
NOTIC: [8] Undefined offset: 0 E:\wamp\www\ChildrenPlatform\ThinkPHP\Library\Think\Model.class.php 第 222 行.
SQL: SELECT * FROM `2lvtype` WHERE ( m_id = 2 )  [ RunTime:0.0008s ]
NOTIC: [8] Undefined offset: 0 E:\wamp\www\ChildrenPlatform\ThinkPHP\Library\Think\Model.class.php 第 222 行.
SQL: SELECT * FROM `2lvtype` WHERE ( m_id = 3 )  [ RunTime:0.0008s ]
NOTIC: [8] Undefined offset: 0 E:\wamp\www\ChildrenPlatform\ThinkPHP\Library\Think\Model.class.php 第 222 行.
SQL: SELECT * FROM `2lvtype` WHERE ( m_id = 4 )  [ RunTime:0.0007s ]
INFO: [ view_parse ] --START--
INFO: [ template_filter ] --START--
INFO: Run Behavior\ContentReplaceBehavior [ RunTime:0.000213s ]
INFO: [ template_filter ] --END-- [ RunTime:0.000342s ]
NOTIC: [8] Use of undefined constant voo - assumed 'voo' E:\wamp\www\ChildrenPlatform\Application\Runtime\Cache\Admin\6322342fece5b1ecdf4c3e38eb46275b.php 第 332 行.
NOTIC: [8] Use of undefined constant voo - assumed 'voo' E:\wamp\www\ChildrenPlatform\Application\Runtime\Cache\Admin\6322342fece5b1ecdf4c3e38eb46275b.php 第 332 行.
NOTIC: [8] Use of undefined constant voo - assumed 'voo' E:\wamp\www\ChildrenPlatform\Application\Runtime\Cache\Admin\6322342fece5b1ecdf4c3e38eb46275b.php 第 332 行.
NOTIC: [8] Use of undefined constant voo - assumed 'voo' E:\wamp\www\ChildrenPlatform\Application\Runtime\Cache\Admin\6322342fece5b1ecdf4c3e38eb46275b.php 第 332 行.
NOTIC: [8] Use of undefined constant voo - assumed 'voo' E:\wamp\www\ChildrenPlatform\Application\Runtime\Cache\Admin\6322342fece5b1ecdf4c3e38eb46275b.php 第 332 行.
NOTIC: [8] Use of undefined constant voo - assumed 'voo' E:\wamp\www\ChildrenPlatform\Application\Runtime\Cache\Admin\6322342fece5b1ecdf4c3e38eb46275b.php 第 332 行.
NOTIC: [8] Use of undefined constant voo - assumed 'voo' E:\wamp\www\ChildrenPlatform\Application\Runtime\Cache\Admin\6322342fece5b1ecdf4c3e38eb46275b.php 第 332 行.
NOTIC: [8] Use of undefined constant voo - assumed 'voo' E:\wamp\www\ChildrenPlatform\Application\Runtime\Cache\Admin\6322342fece5b1ecdf4c3e38eb46275b.php 第 332 行.
INFO: Run Behavior\ParseTemplateBehavior [ RunTime:0.023948s ]
INFO: [ view_parse ] --END-- [ RunTime:0.024112s ]
INFO: [ view_filter ] --START--
INFO: Run Behavior\WriteHtmlCacheBehavior [ RunTime:0.000570s ]
INFO: [ view_filter ] --END-- [ RunTime:0.000681s ]
INFO: [ app_end ] --START--
INFO: Run Behavior\ShowPageTraceBehavior [ RunTime:0.000607s ]
INFO: [ app_end ] --END-- [ RunTime:0.000772s ]

[ 2018-03-27T18:47:49+08:00 ] 127.0.0.1 /ChildrenPlatform/Admin/Project/prolist.html
INFO: [ app_init ] --START--
INFO: Run Behavior\BuildLiteBehavior [ RunTime:0.000024s ]
INFO: [ app_init ] --END-- [ RunTime:0.000445s ]
INFO: [ app_begin ] --START--
INFO: Run Behavior\ReadHtmlCacheBehavior [ RunTime:0.000495s ]
INFO: [ app_begin ] --END-- [ RunTime:0.000623s ]
SQL: SHOW COLUMNS FROM `items` [ RunTime:0.0317s ]
SQL: SELECT * FROM `items` ORDER BY f_id desc  [ RunTime:0.0023s ]
INFO: [ view_parse ] --START--
INFO: [ template_filter ] --START--
INFO: Run Behavior\ContentReplaceBehavior [ RunTime:0.000270s ]
INFO: [ template_filter ] --END-- [ RunTime:0.000460s ]
INFO: Run Behavior\ParseTemplateBehavior [ RunTime:0.036836s ]
INFO: [ view_parse ] --END-- [ RunTime:0.037113s ]
INFO: [ view_filter ] --START--
INFO: Run Behavior\WriteHtmlCacheBehavior [ RunTime:0.000865s ]
INFO: [ view_filter ] --END-- [ RunTime:0.001034s ]
INFO: [ app_end ] --START--
INFO: Run Behavior\ShowPageTraceBehavior [ RunTime:0.000862s ]
INFO: [ app_end ] --END-- [ RunTime:0.001083s ]

[ 2018-03-27T18:47:51+08:00 ] 127.0.0.1 /ChildrenPlatform/Admin/Project/prolist.html
INFO: [ app_init ] --START--
INFO: Run Behavior\BuildLiteBehavior [ RunTime:0.000029s ]
INFO: [ app_init ] --END-- [ RunTime:0.000584s ]
INFO: [ app_begin ] --START--
INFO: Run Behavior\ReadHtmlCacheBehavior [ RunTime:0.000778s ]
INFO: [ app_begin ] --END-- [ RunTime:0.000977s ]
SQL: SHOW COLUMNS FROM `items` [ RunTime:0.0476s ]
SQL: SELECT * FROM `items` ORDER BY f_id desc  [ RunTime:0.0007s ]
INFO: [ view_parse ] --START--
INFO: [ template_filter ] --START--
INFO: Run Behavior\ContentReplaceBehavior [ RunTime:0.000193s ]
INFO: [ template_filter ] --END-- [ RunTime:0.000331s ]
INFO: Run Behavior\ParseTemplateBehavior [ RunTime:0.017977s ]
INFO: [ view_parse ] --END-- [ RunTime:0.018113s ]
INFO: [ view_filter ] --START--
INFO: Run Behavior\WriteHtmlCacheBehavior [ RunTime:0.000570s ]
INFO: [ view_filter ] --END-- [ RunTime:0.000678s ]
INFO: [ app_end ] --START--
INFO: Run Behavior\ShowPageTraceBehavior [ RunTime:0.000790s ]
INFO: [ app_end ] --END-- [ RunTime:0.000910s ]

[ 2018-03-27T18:47:56+08:00 ] 127.0.0.1 /ChildrenPlatform/Admin/Users/userlist.html
INFO: [ app_init ] --START--
INFO: Run Behavior\BuildLiteBehavior [ RunTime:0.000022s ]
INFO: [ app_init ] --END-- [ RunTime:0.000361s ]
INFO: [ app_begin ] --START--
INFO: Run Behavior\ReadHtmlCacheBehavior [ RunTime:0.000584s ]
INFO: [ app_begin ] --END-- [ RunTime:0.000701s ]
SQL: SHOW COLUMNS FROM `u_information` [ RunTime:0.0090s ]
SQL: SELECT * FROM `u_information` ORDER BY i_id desc  [ RunTime:0.0008s ]
INFO: [ view_parse ] --START--
INFO: [ template_filter ] --START--
INFO: Run Behavior\ContentReplaceBehavior [ RunTime:0.000175s ]
INFO: [ template_filter ] --END-- [ RunTime:0.000301s ]
INFO: Run Behavior\ParseTemplateBehavior [ RunTime:0.018739s ]
INFO: [ view_parse ] --END-- [ RunTime:0.018864s ]
INFO: [ view_filter ] --START--
INFO: Run Behavior\WriteHtmlCacheBehavior [ RunTime:0.000549s ]
INFO: [ view_filter ] --END-- [ RunTime:0.000656s ]
INFO: [ app_end ] --START--
INFO: Run Behavior\ShowPageTraceBehavior [ RunTime:0.000962s ]
INFO: [ app_end ] --END-- [ RunTime:0.001100s ]

[ 2018-03-27T18:48:04+08:00 ] 127.0.0.1 /ChildrenPlatform/Admin/Users/userlist.html
INFO: [ app_init ] --START--
INFO: Run Behavior\BuildLiteBehavior [ RunTime:0.000026s ]
INFO: [ app_init ] --END-- [ RunTime:0.000512s ]
INFO: [ app_begin ] --START--
INFO: Run Behavior\ReadHtmlCacheBehavior [ RunTime:0.000693s ]
INFO: [ app_begin ] --END-- [ RunTime:0.000810s ]
SQL: SHOW COLUMNS FROM `u_information` [ RunTime:0.0132s ]
SQL: SELECT * FROM `u_information` ORDER BY i_id desc  [ RunTime:0.0014s ]
INFO: [ view_parse ] --START--
INFO: [ template_filter ] --START--
INFO: Run Behavior\ContentReplaceBehavior [ RunTime:0.000313s ]
INFO: [ template_filter ] --END-- [ RunTime:0.000533s ]
INFO: Run Behavior\ParseTemplateBehavior [ RunTime:0.032386s ]
INFO: [ view_parse ] --END-- [ RunTime:0.032674s ]
INFO: [ view_filter ] --START--
INFO: Run Behavior\WriteHtmlCacheBehavior [ RunTime:0.000754s ]
INFO: [ view_filter ] --END-- [ RunTime:0.000949s ]
INFO: [ app_end ] --START--
INFO: Run Behavior\ShowPageTraceBehavior [ RunTime:0.000757s ]
INFO: [ app_end ] --END-- [ RunTime:0.000855s ]

[ 2018-03-27T18:48:20+08:00 ] 127.0.0.1 /ChildrenPlatform/Admin/Index/index.html
INFO: [ app_init ] --START--
INFO: Run Behavior\BuildLiteBehavior [ RunTime:0.000026s ]
INFO: [ app_init ] --END-- [ RunTime:0.000463s ]
INFO: [ app_begin ] --START--
INFO: Run Behavior\ReadHtmlCacheBehavior [ RunTime:0.000529s ]
INFO: [ app_begin ] --END-- [ RunTime:0.000643s ]
SQL: SHOW COLUMNS FROM `index` [ RunTime:0.0214s ]
SQL: SELECT `pageview` FROM `index` WHERE ( id = 1 ) LIMIT 1   [ RunTime:0.0011s ]
SQL: SHOW COLUMNS FROM `items` [ RunTime:0.0142s ]
SQL: SELECT COUNT(*) AS tp_count FROM `items` LIMIT 1   [ RunTime:0.0006s ]
SQL: SHOW COLUMNS FROM `comment` [ RunTime:0.0107s ]
SQL: SELECT COUNT(*) AS tp_count FROM `comment` LIMIT 1   [ RunTime:0.0006s ]
SQL: SHOW COLUMNS FROM `user` [ RunTime:0.0089s ]
SQL: SELECT COUNT(*) AS tp_count FROM `user` LIMIT 1   [ RunTime:0.0004s ]
INFO: [ view_parse ] --START--
INFO: [ template_filter ] --START--
INFO: Run Behavior\ContentReplaceBehavior [ RunTime:0.000121s ]
INFO: [ template_filter ] --END-- [ RunTime:0.000218s ]
INFO: Run Behavior\ParseTemplateBehavior [ RunTime:0.010807s ]
INFO: [ view_parse ] --END-- [ RunTime:0.010910s ]
INFO: [ view_filter ] --START--
INFO: Run Behavior\WriteHtmlCacheBehavior [ RunTime:0.000381s ]
INFO: [ view_filter ] --END-- [ RunTime:0.000459s ]
INFO: [ app_end ] --START--
INFO: Run Behavior\ShowPageTraceBehavior [ RunTime:0.000572s ]
INFO: [ app_end ] --END-- [ RunTime:0.000652s ]

[ 2018-03-27T18:48:24+08:00 ] 127.0.0.1 /ChildrenPlatform/Admin/Users/userlist.html
INFO: [ app_init ] --START--
INFO: Run Behavior\BuildLiteBehavior [ RunTime:0.000026s ]
INFO: [ app_init ] --END-- [ RunTime:0.000484s ]
INFO: [ app_begin ] --START--
INFO: Run Behavior\ReadHtmlCacheBehavior [ RunTime:0.000408s ]
INFO: [ app_begin ] --END-- [ RunTime:0.000500s ]
SQL: SHOW COLUMNS FROM `u_information` [ RunTime:0.0228s ]
SQL: SELECT * FROM `u_information` ORDER BY i_id desc  [ RunTime:0.0024s ]
INFO: [ view_parse ] --START--
INFO: [ template_filter ] --START--
INFO: Run Behavior\ContentReplaceBehavior [ RunTime:0.000270s ]
INFO: [ template_filter ] --END-- [ RunTime:0.000455s ]
INFO: Run Behavior\ParseTemplateBehavior [ RunTime:0.036476s ]
INFO: [ view_parse ] --END-- [ RunTime:0.036770s ]
INFO: [ view_filter ] --START--
INFO: Run Behavior\WriteHtmlCacheBehavior [ RunTime:0.000737s ]
INFO: [ view_filter ] --END-- [ RunTime:0.000886s ]
INFO: [ app_end ] --START--
INFO: Run Behavior\ShowPageTraceBehavior [ RunTime:0.001050s ]
INFO: [ app_end ] --END-- [ RunTime:0.001202s ]

[ 2018-03-27T18:48:30+08:00 ] 127.0.0.1 /ChildrenPlatform/Admin
INFO: [ app_init ] --START--
INFO: Run Behavior\BuildLiteBehavior [ RunTime:0.000020s ]
INFO: [ app_init ] --END-- [ RunTime:0.000366s ]
INFO: [ app_begin ] --START--
INFO: Run Behavior\ReadHtmlCacheBehavior [ RunTime:0.000416s ]
INFO: [ app_begin ] --END-- [ RunTime:0.000506s ]
SQL: SHOW COLUMNS FROM `index` [ RunTime:0.0201s ]
SQL: SELECT `pageview` FROM `index` WHERE ( id = 1 ) LIMIT 1   [ RunTime:0.0010s ]
SQL: SHOW COLUMNS FROM `items` [ RunTime:0.0109s ]
SQL: SELECT COUNT(*) AS tp_count FROM `items` LIMIT 1   [ RunTime:0.0006s ]
SQL: SHOW COLUMNS FROM `comment` [ RunTime:0.0108s ]
SQL: SELECT COUNT(*) AS tp_count FROM `comment` LIMIT 1   [ RunTime:0.0006s ]
SQL: SHOW COLUMNS FROM `user` [ RunTime:0.0074s ]
SQL: SELECT COUNT(*) AS tp_count FROM `user` LIMIT 1   [ RunTime:0.0003s ]
INFO: [ view_parse ] --START--
INFO: [ template_filter ] --START--
INFO: Run Behavior\ContentReplaceBehavior [ RunTime:0.000120s ]
INFO: [ template_filter ] --END-- [ RunTime:0.000219s ]
INFO: Run Behavior\ParseTemplateBehavior [ RunTime:0.010324s ]
INFO: [ view_parse ] --END-- [ RunTime:0.010427s ]
INFO: [ view_filter ] --START--
INFO: Run Behavior\WriteHtmlCacheBehavior [ RunTime:0.000395s ]
INFO: [ view_filter ] --END-- [ RunTime:0.000480s ]
INFO: [ app_end ] --START--
INFO: Run Behavior\ShowPageTraceBehavior [ RunTime:0.000655s ]
INFO: [ app_end ] --END-- [ RunTime:0.000739s ]

[ 2018-03-27T18:48:58+08:00 ] 127.0.0.1 /ChildrenPlatform/Admin
INFO: [ app_init ] --START--
INFO: Run Behavior\BuildLiteBehavior [ RunTime:0.000041s ]
INFO: [ app_init ] --END-- [ RunTime:0.000406s ]
INFO: [ app_begin ] --START--
INFO: Run Behavior\ReadHtmlCacheBehavior [ RunTime:0.000566s ]
INFO: [ app_begin ] --END-- [ RunTime:0.000701s ]

[ 2018-03-27T18:48:58+08:00 ] 127.0.0.1 /ChildrenPlatform/Admin/Index/login.html
INFO: [ app_init ] --START--
INFO: Run Behavior\BuildLiteBehavior [ RunTime:0.000023s ]
INFO: [ app_init ] --END-- [ RunTime:0.000416s ]
INFO: [ app_begin ] --START--
INFO: Run Behavior\ReadHtmlCacheBehavior [ RunTime:0.000408s ]
INFO: [ app_begin ] --END-- [ RunTime:0.000505s ]
INFO: [ view_parse ] --START--
INFO: [ template_filter ] --START--
INFO: Run Behavior\ContentReplaceBehavior [ RunTime:0.000098s ]
INFO: [ template_filter ] --END-- [ RunTime:0.000202s ]
INFO: Run Behavior\ParseTemplateBehavior [ RunTime:0.006587s ]
INFO: [ view_parse ] --END-- [ RunTime:0.006683s ]
INFO: [ view_filter ] --START--
INFO: Run Behavior\WriteHtmlCacheBehavior [ RunTime:0.000440s ]
INFO: [ view_filter ] --END-- [ RunTime:0.000525s ]
INFO: [ app_end ] --START--
INFO: Run Behavior\ShowPageTraceBehavior [ RunTime:0.000588s ]
INFO: [ app_end ] --END-- [ RunTime:0.000669s ]

